This file contains any messages produced by compilers while
running configure, to aid debugging if configure makes a mistake.

It was created by SDL2_ttf configure 2.0.14, which was
generated by GNU Autoconf 2.69.  Invocation command line was

  $ ./configure --target=arm-buildroot-linux-gnueabihf --host=arm-buildroot-linux-gnueabihf --build=x86_64-pc-linux-gnu --prefix=/usr --exec-prefix=/usr --sysconfdir=/etc --localstatedir=/var --program-prefix= --disable-gtk-doc --disable-gtk-doc-html --disable-doc --disable-docs --disable-documentation --with-xmlto=no --with-fop=no --disable-dependency-tracking --enable-ipv6 --disable-nls --disable-static --enable-shared --without-x

## --------- ##
## Platform. ##
## --------- ##

hostname = dean-ThinkPad-X100e
uname -m = x86_64
uname -r = 4.13.0-46-generic
uname -s = Linux
uname -v = #51-Ubuntu SMP Tue Jun 12 12:36:29 UTC 2018

/usr/bin/uname -p = unknown
/bin/uname -X     = unknown

/bin/arch              = unknown
/usr/bin/arch -k       = unknown
/usr/convex/getsysinfo = unknown
/usr/bin/hostinfo      = unknown
/bin/machine           = unknown
/usr/bin/oslevel       = unknown
/bin/universe          = unknown

PATH: /home/dean/sunxi-v3s/buildroot-2017.08/output/host/bin
PATH: /home/dean/sunxi-v3s/buildroot-2017.08/output/host/sbin
PATH: /usr/local/sbin
PATH: /usr/local/bin
PATH: /usr/sbin
PATH: /usr/bin
PATH: /sbin
PATH: /bin
PATH: /usr/games
PATH: /usr/local/games
PATH: /snap/bin
PATH: /opt/gcc-linaro-6.3.1-2017.05-x86_64_arm-linux-gnueabihf/bin


## ----------- ##
## Core tests. ##
## ----------- ##

configure:2322: checking build system type
configure:2336: result: x86_64-pc-linux-gnu
configure:2356: checking host system type
configure:2369: result: arm-buildroot-linux-gnueabihf
configure:2410: checking how to print strings
configure:2437: result: printf
configure:2469: checking for arm-buildroot-linux-gnueabihf-gcc
configure:2496: result: /home/dean/sunxi-v3s/buildroot-2017.08/output/host/bin/arm-linux-gnueabihf-gcc
configure:2765: checking for C compiler version
configure:2774: /home/dean/sunxi-v3s/buildroot-2017.08/output/host/bin/arm-linux-gnueabihf-gcc --version >&5
arm-linux-gnueabihf-gcc (Linaro GCC 6.3-2017.05) 6.3.1 20170404
Copyright (C) 2016 Free Software Foundation, Inc.
This is free software; see the source for copying conditions.  There is NO
warranty; not even for MERCHANTABILITY or FITNESS FOR A PARTICULAR PURPOSE.

configure:2785: $? = 0
configure:2774: /home/dean/sunxi-v3s/buildroot-2017.08/output/host/bin/arm-linux-gnueabihf-gcc -v >&5
Using built-in specs.
COLLECT_GCC=/opt/gcc-linaro-6.3.1-2017.05-x86_64_arm-linux-gnueabihf/bin/arm-linux-gnueabihf-gcc
COLLECT_LTO_WRAPPER=/opt/gcc-linaro-6.3.1-2017.05-x86_64_arm-linux-gnueabihf/bin/../libexec/gcc/arm-linux-gnueabihf/6.3.1/lto-wrapper
Target: arm-linux-gnueabihf
Configured with: '/home/tcwg-buildslave/workspace/tcwg-make-release/builder_arch/amd64/label/tcwg-x86_64-build/target/arm-linux-gnueabihf/snapshots/gcc.git~linaro-6.3-2017.05/configure' SHELL=/bin/bash --with-mpc=/home/tcwg-buildslave/workspace/tcwg-make-release/builder_arch/amd64/label/tcwg-x86_64-build/target/arm-linux-gnueabihf/_build/builds/destdir/x86_64-unknown-linux-gnu --with-mpfr=/home/tcwg-buildslave/workspace/tcwg-make-release/builder_arch/amd64/label/tcwg-x86_64-build/target/arm-linux-gnueabihf/_build/builds/destdir/x86_64-unknown-linux-gnu --with-gmp=/home/tcwg-buildslave/workspace/tcwg-make-release/builder_arch/amd64/label/tcwg-x86_64-build/target/arm-linux-gnueabihf/_build/builds/destdir/x86_64-unknown-linux-gnu --with-gnu-as --with-gnu-ld --disable-libmudflap --enable-lto --enable-shared --without-included-gettext --enable-nls --disable-sjlj-exceptions --enable-gnu-unique-object --enable-linker-build-id --disable-libstdcxx-pch --enable-c99 --enable-clocale=gnu --enable-libstdcxx-debug --enable-long-long --with-cloog=no --with-ppl=no --with-isl=no --disable-multilib --with-float=hard --with-fpu=vfpv3-d16 --with-mode=thumb --with-tune=cortex-a9 --with-arch=armv7-a --enable-threads=posix --enable-multiarch --enable-libstdcxx-time=yes --enable-gnu-indirect-function --with-build-sysroot=/home/tcwg-buildslave/workspace/tcwg-make-release/builder_arch/amd64/label/tcwg-x86_64-build/target/arm-linux-gnueabihf/_build/sysroots/arm-linux-gnueabihf --with-sysroot=/home/tcwg-buildslave/workspace/tcwg-make-release/builder_arch/amd64/label/tcwg-x86_64-build/target/arm-linux-gnueabihf/_build/builds/destdir/x86_64-unknown-linux-gnu/arm-linux-gnueabihf/libc --enable-checking=release --disable-bootstrap --enable-languages=c,c++,fortran,lto --build=x86_64-unknown-linux-gnu --host=x86_64-unknown-linux-gnu --target=arm-linux-gnueabihf --prefix=/home/tcwg-buildslave/workspace/tcwg-make-release/builder_arch/amd64/label/tcwg-x86_64-build/target/arm-linux-gnueabihf/_build/builds/destdir/x86_64-unknown-linux-gnu
Thread model: posix
gcc version 6.3.1 20170404 (Linaro GCC 6.3-2017.05) 
configure:2785: $? = 0
configure:2774: /home/dean/sunxi-v3s/buildroot-2017.08/output/host/bin/arm-linux-gnueabihf-gcc -V >&5
arm-linux-gnueabihf-gcc: error: unrecognized command line option '-V'
arm-linux-gnueabihf-gcc: fatal error: no input files
compilation terminated.
configure:2785: $? = 1
configure:2774: /home/dean/sunxi-v3s/buildroot-2017.08/output/host/bin/arm-linux-gnueabihf-gcc -qversion >&5
arm-linux-gnueabihf-gcc: error: unrecognized command line option '-qversion'; did you mean '--version'?
arm-linux-gnueabihf-gcc: fatal error: no input files
compilation terminated.
configure:2785: $? = 1
configure:2805: checking whether the C compiler works
configure:2827: /home/dean/sunxi-v3s/buildroot-2017.08/output/host/bin/arm-linux-gnueabihf-gcc -D_LARGEFILE_SOURCE -D_LARGEFILE64_SOURCE -D_FILE_OFFSET_BITS=64  -Os  -D_LARGEFILE_SOURCE -D_LARGEFILE64_SOURCE -D_FILE_OFFSET_BITS=64  conftest.c  >&5
configure:2831: $? = 0
configure:2879: result: yes
configure:2882: checking for C compiler default output file name
configure:2884: result: a.out
configure:2890: checking for suffix of executables
configure:2897: /home/dean/sunxi-v3s/buildroot-2017.08/output/host/bin/arm-linux-gnueabihf-gcc -o conftest -D_LARGEFILE_SOURCE -D_LARGEFILE64_SOURCE -D_FILE_OFFSET_BITS=64  -Os  -D_LARGEFILE_SOURCE -D_LARGEFILE64_SOURCE -D_FILE_OFFSET_BITS=64  conftest.c  >&5
configure:2901: $? = 0
configure:2923: result: 
configure:2945: checking whether we are cross compiling
configure:2983: result: yes
configure:2988: checking for suffix of object files
configure:3010: /home/dean/sunxi-v3s/buildroot-2017.08/output/host/bin/arm-linux-gnueabihf-gcc -c -D_LARGEFILE_SOURCE -D_LARGEFILE64_SOURCE -D_FILE_OFFSET_BITS=64  -Os  -D_LARGEFILE_SOURCE -D_LARGEFILE64_SOURCE -D_FILE_OFFSET_BITS=64 conftest.c >&5
configure:3014: $? = 0
configure:3035: result: o
configure:3039: checking whether we are using the GNU C compiler
configure:3058: /home/dean/sunxi-v3s/buildroot-2017.08/output/host/bin/arm-linux-gnueabihf-gcc -c -D_LARGEFILE_SOURCE -D_LARGEFILE64_SOURCE -D_FILE_OFFSET_BITS=64  -Os  -D_LARGEFILE_SOURCE -D_LARGEFILE64_SOURCE -D_FILE_OFFSET_BITS=64 conftest.c >&5
configure:3058: $? = 0
configure:3067: result: yes
configure:3076: checking whether /home/dean/sunxi-v3s/buildroot-2017.08/output/host/bin/arm-linux-gnueabihf-gcc accepts -g
configure:3096: /home/dean/sunxi-v3s/buildroot-2017.08/output/host/bin/arm-linux-gnueabihf-gcc -c -g -D_LARGEFILE_SOURCE -D_LARGEFILE64_SOURCE -D_FILE_OFFSET_BITS=64 conftest.c >&5
configure:3096: $? = 0
configure:3137: result: yes
configure:3154: checking for /home/dean/sunxi-v3s/buildroot-2017.08/output/host/bin/arm-linux-gnueabihf-gcc option to accept ISO C89
configure:3217: /home/dean/sunxi-v3s/buildroot-2017.08/output/host/bin/arm-linux-gnueabihf-gcc  -c -D_LARGEFILE_SOURCE -D_LARGEFILE64_SOURCE -D_FILE_OFFSET_BITS=64  -Os  -D_LARGEFILE_SOURCE -D_LARGEFILE64_SOURCE -D_FILE_OFFSET_BITS=64 conftest.c >&5
configure:3217: $? = 0
configure:3230: result: none needed
configure:3255: checking whether /home/dean/sunxi-v3s/buildroot-2017.08/output/host/bin/arm-linux-gnueabihf-gcc understands -c and -o together
configure:3277: /home/dean/sunxi-v3s/buildroot-2017.08/output/host/bin/arm-linux-gnueabihf-gcc -c conftest.c -o conftest2.o
configure:3280: $? = 0
configure:3277: /home/dean/sunxi-v3s/buildroot-2017.08/output/host/bin/arm-linux-gnueabihf-gcc -c conftest.c -o conftest2.o
configure:3280: $? = 0
configure:3292: result: yes
configure:3309: checking for a sed that does not truncate output
configure:3373: result: /bin/sed
configure:3391: checking for grep that handles long lines and -e
configure:3449: result: /bin/grep
configure:3454: checking for egrep
configure:3516: result: /bin/grep -E
configure:3521: checking for fgrep
configure:3583: result: /bin/grep -F
configure:3618: checking for ld used by /home/dean/sunxi-v3s/buildroot-2017.08/output/host/bin/arm-linux-gnueabihf-gcc
configure:3685: result: /home/dean/sunxi-v3s/buildroot-2017.08/output/host/bin/arm-linux-gnueabihf-ld
configure:3692: checking if the linker (/home/dean/sunxi-v3s/buildroot-2017.08/output/host/bin/arm-linux-gnueabihf-ld) is GNU ld
configure:3707: result: yes
configure:3719: checking for BSD- or MS-compatible name lister (nm)
configure:3773: result: /home/dean/sunxi-v3s/buildroot-2017.08/output/host/bin/arm-linux-gnueabihf-nm
configure:3903: checking the name lister (/home/dean/sunxi-v3s/buildroot-2017.08/output/host/bin/arm-linux-gnueabihf-nm) interface
configure:3910: /home/dean/sunxi-v3s/buildroot-2017.08/output/host/bin/arm-linux-gnueabihf-gcc -c -D_LARGEFILE_SOURCE -D_LARGEFILE64_SOURCE -D_FILE_OFFSET_BITS=64  -Os  -D_LARGEFILE_SOURCE -D_LARGEFILE64_SOURCE -D_FILE_OFFSET_BITS=64 conftest.c >&5
configure:3913: /home/dean/sunxi-v3s/buildroot-2017.08/output/host/bin/arm-linux-gnueabihf-nm "conftest.o"
configure:3916: output
00000000 B some_variable
configure:3923: result: BSD nm
configure:3926: checking whether ln -s works
configure:3930: result: yes
configure:3938: checking the maximum length of command line arguments
configure:4069: result: 1572864
configure:4117: checking how to convert x86_64-pc-linux-gnu file names to arm-buildroot-linux-gnueabihf format
configure:4157: result: func_convert_file_noop
configure:4164: checking how to convert x86_64-pc-linux-gnu file names to toolchain format
configure:4184: result: func_convert_file_noop
configure:4191: checking for /home/dean/sunxi-v3s/buildroot-2017.08/output/host/bin/arm-linux-gnueabihf-ld option to reload object files
configure:4198: result: -r
configure:4232: checking for arm-buildroot-linux-gnueabihf-objdump
configure:4259: result: /home/dean/sunxi-v3s/buildroot-2017.08/output/host/bin/arm-linux-gnueabihf-objdump
configure:4328: checking how to recognize dependent libraries
configure:4528: result: pass_all
configure:4573: checking for arm-buildroot-linux-gnueabihf-dlltool
configure:4603: result: no
configure:4613: checking for dlltool
configure:4643: result: no
configure:4670: checking how to associate runtime and link libraries
configure:4697: result: printf %s\n
configure:4714: checking for arm-buildroot-linux-gnueabihf-ar
configure:4741: result: /home/dean/sunxi-v3s/buildroot-2017.08/output/host/bin/arm-linux-gnueabihf-ar
configure:4822: checking for archiver @FILE support
configure:4839: /home/dean/sunxi-v3s/buildroot-2017.08/output/host/bin/arm-linux-gnueabihf-gcc -c -D_LARGEFILE_SOURCE -D_LARGEFILE64_SOURCE -D_FILE_OFFSET_BITS=64  -Os  -D_LARGEFILE_SOURCE -D_LARGEFILE64_SOURCE -D_FILE_OFFSET_BITS=64 conftest.c >&5
configure:4839: $? = 0
configure:4842: /home/dean/sunxi-v3s/buildroot-2017.08/output/host/bin/arm-linux-gnueabihf-ar cru libconftest.a @conftest.lst >&5
configure:4845: $? = 0
configure:4850: /home/dean/sunxi-v3s/buildroot-2017.08/output/host/bin/arm-linux-gnueabihf-ar cru libconftest.a @conftest.lst >&5
/home/dean/sunxi-v3s/buildroot-2017.08/output/host/bin/arm-linux-gnueabihf-ar: conftest.o: No such file or directory
configure:4853: $? = 1
configure:4865: result: @
configure:4883: checking for arm-buildroot-linux-gnueabihf-strip
configure:4910: result: /home/dean/sunxi-v3s/buildroot-2017.08/output/host/bin/arm-linux-gnueabihf-strip
configure:4982: checking for arm-buildroot-linux-gnueabihf-ranlib
configure:5009: result: /home/dean/sunxi-v3s/buildroot-2017.08/output/host/bin/arm-linux-gnueabihf-ranlib
configure:5126: checking for gawk
configure:5156: result: no
configure:5126: checking for mawk
configure:5142: found /usr/bin/mawk
configure:5153: result: mawk
configure:5193: checking command to parse /home/dean/sunxi-v3s/buildroot-2017.08/output/host/bin/arm-linux-gnueabihf-nm output from /home/dean/sunxi-v3s/buildroot-2017.08/output/host/bin/arm-linux-gnueabihf-gcc object
configure:5346: /home/dean/sunxi-v3s/buildroot-2017.08/output/host/bin/arm-linux-gnueabihf-gcc -c -D_LARGEFILE_SOURCE -D_LARGEFILE64_SOURCE -D_FILE_OFFSET_BITS=64  -Os  -D_LARGEFILE_SOURCE -D_LARGEFILE64_SOURCE -D_FILE_OFFSET_BITS=64 conftest.c >&5
configure:5349: $? = 0
configure:5353: /home/dean/sunxi-v3s/buildroot-2017.08/output/host/bin/arm-linux-gnueabihf-nm conftest.o \| sed -n -e 's/^.*[ ]\([ABCDGIRSTW][ABCDGIRSTW]*\)[ ][ ]*\([_A-Za-z][_A-Za-z0-9]*\)$/\1 \2 \2/p' | sed '/ __gnu_lto/d' \> conftest.nm
configure:5356: $? = 0
configure:5422: /home/dean/sunxi-v3s/buildroot-2017.08/output/host/bin/arm-linux-gnueabihf-gcc -o conftest -D_LARGEFILE_SOURCE -D_LARGEFILE64_SOURCE -D_FILE_OFFSET_BITS=64  -Os  -D_LARGEFILE_SOURCE -D_LARGEFILE64_SOURCE -D_FILE_OFFSET_BITS=64  conftest.c conftstm.o >&5
configure:5425: $? = 0
configure:5463: result: ok
configure:5510: checking for sysroot
configure:5540: result: no
configure:5547: checking for a working dd
configure:5585: result: /bin/dd
configure:5589: checking how to truncate binary pipes
configure:5604: result: /bin/dd bs=4096 count=1
configure:5893: checking for arm-buildroot-linux-gnueabihf-mt
configure:5923: result: no
configure:5933: checking for mt
configure:5949: found /bin/mt
configure:5960: result: mt
configure:5972: WARNING: using cross tools not prefixed with host triplet
configure:5983: checking if mt is a manifest tool
configure:5989: mt '-?'
configure:5997: result: no
configure:6674: checking how to run the C preprocessor
configure:6744: result: /home/dean/sunxi-v3s/buildroot-2017.08/output/host/bin/arm-linux-gnueabihf-cpp
configure:6764: /home/dean/sunxi-v3s/buildroot-2017.08/output/host/bin/arm-linux-gnueabihf-cpp -D_LARGEFILE_SOURCE -D_LARGEFILE64_SOURCE -D_FILE_OFFSET_BITS=64 conftest.c
configure:6764: $? = 0
configure:6778: /home/dean/sunxi-v3s/buildroot-2017.08/output/host/bin/arm-linux-gnueabihf-cpp -D_LARGEFILE_SOURCE -D_LARGEFILE64_SOURCE -D_FILE_OFFSET_BITS=64 conftest.c
conftest.c:9:28: fatal error: ac_nonexistent.h: No such file or directory
 #include <ac_nonexistent.h>
                            ^
compilation terminated.
configure:6778: $? = 1
configure: failed program was:
| /* confdefs.h */
| #define PACKAGE_NAME "SDL2_ttf"
| #define PACKAGE_TARNAME "sdl2_ttf"
| #define PACKAGE_VERSION "2.0.14"
| #define PACKAGE_STRING "SDL2_ttf 2.0.14"
| #define PACKAGE_BUGREPORT ""
| #define PACKAGE_URL ""
| /* end confdefs.h.  */
| #include <ac_nonexistent.h>
configure:6807: checking for ANSI C header files
configure:6827: /home/dean/sunxi-v3s/buildroot-2017.08/output/host/bin/arm-linux-gnueabihf-gcc -c -D_LARGEFILE_SOURCE -D_LARGEFILE64_SOURCE -D_FILE_OFFSET_BITS=64  -Os  -D_LARGEFILE_SOURCE -D_LARGEFILE64_SOURCE -D_FILE_OFFSET_BITS=64 conftest.c >&5
configure:6827: $? = 0
configure:6911: result: yes
configure:6924: checking for sys/types.h
configure:6924: /home/dean/sunxi-v3s/buildroot-2017.08/output/host/bin/arm-linux-gnueabihf-gcc -c -D_LARGEFILE_SOURCE -D_LARGEFILE64_SOURCE -D_FILE_OFFSET_BITS=64  -Os  -D_LARGEFILE_SOURCE -D_LARGEFILE64_SOURCE -D_FILE_OFFSET_BITS=64 conftest.c >&5
configure:6924: $? = 0
configure:6924: result: yes
configure:6924: checking for sys/stat.h
configure:6924: /home/dean/sunxi-v3s/buildroot-2017.08/output/host/bin/arm-linux-gnueabihf-gcc -c -D_LARGEFILE_SOURCE -D_LARGEFILE64_SOURCE -D_FILE_OFFSET_BITS=64  -Os  -D_LARGEFILE_SOURCE -D_LARGEFILE64_SOURCE -D_FILE_OFFSET_BITS=64 conftest.c >&5
configure:6924: $? = 0
configure:6924: result: yes
configure:6924: checking for stdlib.h
configure:6924: /home/dean/sunxi-v3s/buildroot-2017.08/output/host/bin/arm-linux-gnueabihf-gcc -c -D_LARGEFILE_SOURCE -D_LARGEFILE64_SOURCE -D_FILE_OFFSET_BITS=64  -Os  -D_LARGEFILE_SOURCE -D_LARGEFILE64_SOURCE -D_FILE_OFFSET_BITS=64 conftest.c >&5
configure:6924: $? = 0
configure:6924: result: yes
configure:6924: checking for string.h
configure:6924: /home/dean/sunxi-v3s/buildroot-2017.08/output/host/bin/arm-linux-gnueabihf-gcc -c -D_LARGEFILE_SOURCE -D_LARGEFILE64_SOURCE -D_FILE_OFFSET_BITS=64  -Os  -D_LARGEFILE_SOURCE -D_LARGEFILE64_SOURCE -D_FILE_OFFSET_BITS=64 conftest.c >&5
configure:6924: $? = 0
configure:6924: result: yes
configure:6924: checking for memory.h
configure:6924: /home/dean/sunxi-v3s/buildroot-2017.08/output/host/bin/arm-linux-gnueabihf-gcc -c -D_LARGEFILE_SOURCE -D_LARGEFILE64_SOURCE -D_FILE_OFFSET_BITS=64  -Os  -D_LARGEFILE_SOURCE -D_LARGEFILE64_SOURCE -D_FILE_OFFSET_BITS=64 conftest.c >&5
configure:6924: $? = 0
configure:6924: result: yes
configure:6924: checking for strings.h
configure:6924: /home/dean/sunxi-v3s/buildroot-2017.08/output/host/bin/arm-linux-gnueabihf-gcc -c -D_LARGEFILE_SOURCE -D_LARGEFILE64_SOURCE -D_FILE_OFFSET_BITS=64  -Os  -D_LARGEFILE_SOURCE -D_LARGEFILE64_SOURCE -D_FILE_OFFSET_BITS=64 conftest.c >&5
configure:6924: $? = 0
configure:6924: result: yes
configure:6924: checking for inttypes.h
configure:6924: /home/dean/sunxi-v3s/buildroot-2017.08/output/host/bin/arm-linux-gnueabihf-gcc -c -D_LARGEFILE_SOURCE -D_LARGEFILE64_SOURCE -D_FILE_OFFSET_BITS=64  -Os  -D_LARGEFILE_SOURCE -D_LARGEFILE64_SOURCE -D_FILE_OFFSET_BITS=64 conftest.c >&5
configure:6924: $? = 0
configure:6924: result: yes
configure:6924: checking for stdint.h
configure:6924: /home/dean/sunxi-v3s/buildroot-2017.08/output/host/bin/arm-linux-gnueabihf-gcc -c -D_LARGEFILE_SOURCE -D_LARGEFILE64_SOURCE -D_FILE_OFFSET_BITS=64  -Os  -D_LARGEFILE_SOURCE -D_LARGEFILE64_SOURCE -D_FILE_OFFSET_BITS=64 conftest.c >&5
configure:6924: $? = 0
configure:6924: result: yes
configure:6924: checking for unistd.h
configure:6924: /home/dean/sunxi-v3s/buildroot-2017.08/output/host/bin/arm-linux-gnueabihf-gcc -c -D_LARGEFILE_SOURCE -D_LARGEFILE64_SOURCE -D_FILE_OFFSET_BITS=64  -Os  -D_LARGEFILE_SOURCE -D_LARGEFILE64_SOURCE -D_FILE_OFFSET_BITS=64 conftest.c >&5
configure:6924: $? = 0
configure:6924: result: yes
configure:6938: checking for dlfcn.h
configure:6938: /home/dean/sunxi-v3s/buildroot-2017.08/output/host/bin/arm-linux-gnueabihf-gcc -c -D_LARGEFILE_SOURCE -D_LARGEFILE64_SOURCE -D_FILE_OFFSET_BITS=64  -Os  -D_LARGEFILE_SOURCE -D_LARGEFILE64_SOURCE -D_FILE_OFFSET_BITS=64 conftest.c >&5
configure:6938: $? = 0
configure:6938: result: yes
configure:7492: checking for objdir
configure:7507: result: .libs
configure:7767: checking if /home/dean/sunxi-v3s/buildroot-2017.08/output/host/bin/arm-linux-gnueabihf-gcc supports -fno-rtti -fno-exceptions
configure:7785: /home/dean/sunxi-v3s/buildroot-2017.08/output/host/bin/arm-linux-gnueabihf-gcc -c -D_LARGEFILE_SOURCE -D_LARGEFILE64_SOURCE -D_FILE_OFFSET_BITS=64  -Os  -D_LARGEFILE_SOURCE -D_LARGEFILE64_SOURCE -D_FILE_OFFSET_BITS=64 -fno-rtti -fno-exceptions conftest.c >&5
cc1: warning: command line option '-fno-rtti' is valid for C++/ObjC++ but not for C
configure:7789: $? = 0
configure:7802: result: no
configure:8160: checking for /home/dean/sunxi-v3s/buildroot-2017.08/output/host/bin/arm-linux-gnueabihf-gcc option to produce PIC
configure:8167: result: -fPIC -DPIC
configure:8175: checking if /home/dean/sunxi-v3s/buildroot-2017.08/output/host/bin/arm-linux-gnueabihf-gcc PIC flag -fPIC -DPIC works
configure:8193: /home/dean/sunxi-v3s/buildroot-2017.08/output/host/bin/arm-linux-gnueabihf-gcc -c -D_LARGEFILE_SOURCE -D_LARGEFILE64_SOURCE -D_FILE_OFFSET_BITS=64  -Os  -D_LARGEFILE_SOURCE -D_LARGEFILE64_SOURCE -D_FILE_OFFSET_BITS=64 -fPIC -DPIC -DPIC conftest.c >&5
configure:8197: $? = 0
configure:8210: result: yes
configure:8239: checking if /home/dean/sunxi-v3s/buildroot-2017.08/output/host/bin/arm-linux-gnueabihf-gcc static flag -static works
configure:8267: result: yes
configure:8282: checking if /home/dean/sunxi-v3s/buildroot-2017.08/output/host/bin/arm-linux-gnueabihf-gcc supports -c -o file.o
configure:8303: /home/dean/sunxi-v3s/buildroot-2017.08/output/host/bin/arm-linux-gnueabihf-gcc -c -D_LARGEFILE_SOURCE -D_LARGEFILE64_SOURCE -D_FILE_OFFSET_BITS=64  -Os  -D_LARGEFILE_SOURCE -D_LARGEFILE64_SOURCE -D_FILE_OFFSET_BITS=64 -o out/conftest2.o conftest.c >&5
configure:8307: $? = 0
configure:8329: result: yes
configure:8337: checking if /home/dean/sunxi-v3s/buildroot-2017.08/output/host/bin/arm-linux-gnueabihf-gcc supports -c -o file.o
configure:8384: result: yes
configure:8417: checking whether the /home/dean/sunxi-v3s/buildroot-2017.08/output/host/bin/arm-linux-gnueabihf-gcc linker (/home/dean/sunxi-v3s/buildroot-2017.08/output/host/bin/arm-linux-gnueabihf-ld) supports shared libraries
configure:9676: result: yes
configure:9713: checking whether -lc should be explicitly linked in
configure:9721: /home/dean/sunxi-v3s/buildroot-2017.08/output/host/bin/arm-linux-gnueabihf-gcc -c -D_LARGEFILE_SOURCE -D_LARGEFILE64_SOURCE -D_FILE_OFFSET_BITS=64  -Os  -D_LARGEFILE_SOURCE -D_LARGEFILE64_SOURCE -D_FILE_OFFSET_BITS=64 conftest.c >&5
configure:9724: $? = 0
configure:9739: /home/dean/sunxi-v3s/buildroot-2017.08/output/host/bin/arm-linux-gnueabihf-gcc -shared  -fPIC -DPIC conftest.o  -v -Wl,-soname -Wl,conftest -o conftest 2\>\&1 \| /bin/grep  -lc  \>/dev/null 2\>\&1
configure:9742: $? = 0
configure:9756: result: no
configure:9916: checking dynamic linker characteristics
configure:10497: /home/dean/sunxi-v3s/buildroot-2017.08/output/host/bin/arm-linux-gnueabihf-gcc -o conftest -D_LARGEFILE_SOURCE -D_LARGEFILE64_SOURCE -D_FILE_OFFSET_BITS=64  -Os  -D_LARGEFILE_SOURCE -D_LARGEFILE64_SOURCE -D_FILE_OFFSET_BITS=64  -Wl,-rpath -Wl,/foo conftest.c  >&5
configure:10497: $? = 0
configure:10734: result: GNU/Linux ld.so
configure:10856: checking how to hardcode library paths into programs
configure:10881: result: immediate
configure:11429: checking whether stripping libraries is possible
configure:11434: result: yes
configure:11469: checking if libtool supports shared libraries
configure:11471: result: yes
configure:11474: checking whether to build shared libraries
configure:11499: result: yes
configure:11502: checking whether to build static libraries
configure:11506: result: no
configure:11572: checking for a BSD-compatible install
configure:11640: result: /usr/bin/install -c
configure:11651: checking whether build environment is sane
configure:11706: result: yes
configure:11762: checking for arm-buildroot-linux-gnueabihf-strip
configure:11789: result: /home/dean/sunxi-v3s/buildroot-2017.08/output/host/bin/arm-linux-gnueabihf-strip
configure:11854: checking for a thread-safe mkdir -p
configure:11893: result: /bin/mkdir -p
configure:11896: checking whether make sets $(MAKE)
configure:11918: result: yes
configure:11948: checking for style of include used by make
configure:11976: result: GNU
configure:12010: checking whether make supports nested variables
configure:12027: result: yes
configure:12112: checking dependency style of /home/dean/sunxi-v3s/buildroot-2017.08/output/host/bin/arm-linux-gnueabihf-gcc
configure:12223: result: none
configure:12291: checking for arm-buildroot-linux-gnueabihf-gcc
configure:12318: result: /home/dean/sunxi-v3s/buildroot-2017.08/output/host/bin/arm-linux-gnueabihf-gcc
configure:12587: checking for C compiler version
configure:12596: /home/dean/sunxi-v3s/buildroot-2017.08/output/host/bin/arm-linux-gnueabihf-gcc --version >&5
arm-linux-gnueabihf-gcc (Linaro GCC 6.3-2017.05) 6.3.1 20170404
Copyright (C) 2016 Free Software Foundation, Inc.
This is free software; see the source for copying conditions.  There is NO
warranty; not even for MERCHANTABILITY or FITNESS FOR A PARTICULAR PURPOSE.

configure:12607: $? = 0
configure:12596: /home/dean/sunxi-v3s/buildroot-2017.08/output/host/bin/arm-linux-gnueabihf-gcc -v >&5
Using built-in specs.
COLLECT_GCC=/opt/gcc-linaro-6.3.1-2017.05-x86_64_arm-linux-gnueabihf/bin/arm-linux-gnueabihf-gcc
COLLECT_LTO_WRAPPER=/opt/gcc-linaro-6.3.1-2017.05-x86_64_arm-linux-gnueabihf/bin/../libexec/gcc/arm-linux-gnueabihf/6.3.1/lto-wrapper
Target: arm-linux-gnueabihf
Configured with: '/home/tcwg-buildslave/workspace/tcwg-make-release/builder_arch/amd64/label/tcwg-x86_64-build/target/arm-linux-gnueabihf/snapshots/gcc.git~linaro-6.3-2017.05/configure' SHELL=/bin/bash --with-mpc=/home/tcwg-buildslave/workspace/tcwg-make-release/builder_arch/amd64/label/tcwg-x86_64-build/target/arm-linux-gnueabihf/_build/builds/destdir/x86_64-unknown-linux-gnu --with-mpfr=/home/tcwg-buildslave/workspace/tcwg-make-release/builder_arch/amd64/label/tcwg-x86_64-build/target/arm-linux-gnueabihf/_build/builds/destdir/x86_64-unknown-linux-gnu --with-gmp=/home/tcwg-buildslave/workspace/tcwg-make-release/builder_arch/amd64/label/tcwg-x86_64-build/target/arm-linux-gnueabihf/_build/builds/destdir/x86_64-unknown-linux-gnu --with-gnu-as --with-gnu-ld --disable-libmudflap --enable-lto --enable-shared --without-included-gettext --enable-nls --disable-sjlj-exceptions --enable-gnu-unique-object --enable-linker-build-id --disable-libstdcxx-pch --enable-c99 --enable-clocale=gnu --enable-libstdcxx-debug --enable-long-long --with-cloog=no --with-ppl=no --with-isl=no --disable-multilib --with-float=hard --with-fpu=vfpv3-d16 --with-mode=thumb --with-tune=cortex-a9 --with-arch=armv7-a --enable-threads=posix --enable-multiarch --enable-libstdcxx-time=yes --enable-gnu-indirect-function --with-build-sysroot=/home/tcwg-buildslave/workspace/tcwg-make-release/builder_arch/amd64/label/tcwg-x86_64-build/target/arm-linux-gnueabihf/_build/sysroots/arm-linux-gnueabihf --with-sysroot=/home/tcwg-buildslave/workspace/tcwg-make-release/builder_arch/amd64/label/tcwg-x86_64-build/target/arm-linux-gnueabihf/_build/builds/destdir/x86_64-unknown-linux-gnu/arm-linux-gnueabihf/libc --enable-checking=release --disable-bootstrap --enable-languages=c,c++,fortran,lto --build=x86_64-unknown-linux-gnu --host=x86_64-unknown-linux-gnu --target=arm-linux-gnueabihf --prefix=/home/tcwg-buildslave/workspace/tcwg-make-release/builder_arch/amd64/label/tcwg-x86_64-build/target/arm-linux-gnueabihf/_build/builds/destdir/x86_64-unknown-linux-gnu
Thread model: posix
gcc version 6.3.1 20170404 (Linaro GCC 6.3-2017.05) 
configure:12607: $? = 0
configure:12596: /home/dean/sunxi-v3s/buildroot-2017.08/output/host/bin/arm-linux-gnueabihf-gcc -V >&5
arm-linux-gnueabihf-gcc: error: unrecognized command line option '-V'
arm-linux-gnueabihf-gcc: fatal error: no input files
compilation terminated.
configure:12607: $? = 1
configure:12596: /home/dean/sunxi-v3s/buildroot-2017.08/output/host/bin/arm-linux-gnueabihf-gcc -qversion >&5
arm-linux-gnueabihf-gcc: error: unrecognized command line option '-qversion'; did you mean '--version'?
arm-linux-gnueabihf-gcc: fatal error: no input files
compilation terminated.
configure:12607: $? = 1
configure:12611: checking whether we are using the GNU C compiler
configure:12639: result: yes
configure:12648: checking whether /home/dean/sunxi-v3s/buildroot-2017.08/output/host/bin/arm-linux-gnueabihf-gcc accepts -g
configure:12709: result: yes
configure:12726: checking for /home/dean/sunxi-v3s/buildroot-2017.08/output/host/bin/arm-linux-gnueabihf-gcc option to accept ISO C89
configure:12802: result: none needed
configure:12827: checking whether /home/dean/sunxi-v3s/buildroot-2017.08/output/host/bin/arm-linux-gnueabihf-gcc understands -c and -o together
configure:12864: result: yes
configure:12882: checking whether make sets $(MAKE)
configure:12904: result: yes
configure:12922: checking for windres
configure:12952: result: no
configure:12922: checking for arm-buildroot-linux-gnueabihf-windres
configure:12952: result: no
configure:12922: checking for linux-gnueabihf-windres
configure:12952: result: no
configure:12965: checking for size_t
configure:12965: /home/dean/sunxi-v3s/buildroot-2017.08/output/host/bin/arm-linux-gnueabihf-gcc -c -D_LARGEFILE_SOURCE -D_LARGEFILE64_SOURCE -D_FILE_OFFSET_BITS=64  -Os  -D_LARGEFILE_SOURCE -D_LARGEFILE64_SOURCE -D_FILE_OFFSET_BITS=64 conftest.c >&5
configure:12965: $? = 0
configure:12965: /home/dean/sunxi-v3s/buildroot-2017.08/output/host/bin/arm-linux-gnueabihf-gcc -c -D_LARGEFILE_SOURCE -D_LARGEFILE64_SOURCE -D_FILE_OFFSET_BITS=64  -Os  -D_LARGEFILE_SOURCE -D_LARGEFILE64_SOURCE -D_FILE_OFFSET_BITS=64 conftest.c >&5
conftest.c: In function 'main':
conftest.c:59:21: error: expected expression before ')' token
 if (sizeof ((size_t)))
                     ^
configure:12965: $? = 1
configure: failed program was:
| /* confdefs.h */
| #define PACKAGE_NAME "SDL2_ttf"
| #define PACKAGE_TARNAME "sdl2_ttf"
| #define PACKAGE_VERSION "2.0.14"
| #define PACKAGE_STRING "SDL2_ttf 2.0.14"
| #define PACKAGE_BUGREPORT ""
| #define PACKAGE_URL ""
| #define STDC_HEADERS 1
| #define HAVE_SYS_TYPES_H 1
| #define HAVE_SYS_STAT_H 1
| #define HAVE_STDLIB_H 1
| #define HAVE_STRING_H 1
| #define HAVE_MEMORY_H 1
| #define HAVE_STRINGS_H 1
| #define HAVE_INTTYPES_H 1
| #define HAVE_STDINT_H 1
| #define HAVE_UNISTD_H 1
| #define HAVE_DLFCN_H 1
| #define LT_OBJDIR ".libs/"
| #define PACKAGE "sdl2_ttf"
| #define VERSION "2.0.14"
| /* end confdefs.h.  */
| #include <stdio.h>
| #ifdef HAVE_SYS_TYPES_H
| # include <sys/types.h>
| #endif
| #ifdef HAVE_SYS_STAT_H
| # include <sys/stat.h>
| #endif
| #ifdef STDC_HEADERS
| # include <stdlib.h>
| # include <stddef.h>
| #else
| # ifdef HAVE_STDLIB_H
| #  include <stdlib.h>
| # endif
| #endif
| #ifdef HAVE_STRING_H
| # if !defined STDC_HEADERS && defined HAVE_MEMORY_H
| #  include <memory.h>
| # endif
| # include <string.h>
| #endif
| #ifdef HAVE_STRINGS_H
| # include <strings.h>
| #endif
| #ifdef HAVE_INTTYPES_H
| # include <inttypes.h>
| #endif
| #ifdef HAVE_STDINT_H
| # include <stdint.h>
| #endif
| #ifdef HAVE_UNISTD_H
| # include <unistd.h>
| #endif
| int
| main ()
| {
| if (sizeof ((size_t)))
| 	    return 0;
|   ;
|   return 0;
| }
configure:12965: result: yes
configure:12978: checking for working alloca.h
configure:12995: /home/dean/sunxi-v3s/buildroot-2017.08/output/host/bin/arm-linux-gnueabihf-gcc -o conftest -D_LARGEFILE_SOURCE -D_LARGEFILE64_SOURCE -D_FILE_OFFSET_BITS=64  -Os  -D_LARGEFILE_SOURCE -D_LARGEFILE64_SOURCE -D_FILE_OFFSET_BITS=64  conftest.c  >&5
configure:12995: $? = 0
configure:13003: result: yes
configure:13011: checking for alloca
configure:13048: /home/dean/sunxi-v3s/buildroot-2017.08/output/host/bin/arm-linux-gnueabihf-gcc -o conftest -D_LARGEFILE_SOURCE -D_LARGEFILE64_SOURCE -D_FILE_OFFSET_BITS=64  -Os  -D_LARGEFILE_SOURCE -D_LARGEFILE64_SOURCE -D_FILE_OFFSET_BITS=64  conftest.c  >&5
configure:13048: $? = 0
configure:13056: result: yes
configure:13225: checking for freetype-config
configure:13256: result: /home/dean/sunxi-v3s/buildroot-2017.08/output/host/arm-buildroot-linux-gnueabihf/sysroot/usr/bin/freetype-config
configure:13385: checking pkg-config is at least version 0.9.0
configure:13388: result: yes
configure:13434: checking for SDL
configure:13441: $PKG_CONFIG --exists --print-errors "sdl2 >= $min_sdl_version"
configure:13444: $? = 0
configure:13458: $PKG_CONFIG --exists --print-errors "sdl2 >= $min_sdl_version"
configure:13461: $? = 0
configure:13499: result: yes
configure:13797: checking for X
configure:13975: result: disabled
configure:14488: checking for OpenGL support
configure:14508: /home/dean/sunxi-v3s/buildroot-2017.08/output/host/bin/arm-linux-gnueabihf-gcc -o conftest -D_LARGEFILE_SOURCE -D_LARGEFILE64_SOURCE -D_FILE_OFFSET_BITS=64  -Os  -I/home/dean/sunxi-v3s/buildroot-2017.08/output/host/arm-buildroot-linux-gnueabihf/sysroot/usr/include/freetype2 -I/home/dean/sunxi-v3s/buildroot-2017.08/output/host/arm-buildroot-linux-gnueabihf/sysroot/usr/include -I/home/dean/sunxi-v3s/buildroot-2017.08/output/host/arm-buildroot-linux-gnueabihf/sysroot/usr/include/SDL2  -D_REENTRANT   -D_LARGEFILE_SOURCE -D_LARGEFILE64_SOURCE -D_FILE_OFFSET_BITS=64  conftest.c  -L/home/dean/sunxi-v3s/buildroot-2017.08/output/host/arm-buildroot-linux-gnueabihf/sysroot/usr/lib -lfreetype -L/home/dean/sunxi-v3s/buildroot-2017.08/output/host/arm-buildroot-linux-gnueabihf/sysroot/usr/lib  -lSDL2   -lGL >&5
/opt/gcc-linaro-6.3.1-2017.05-x86_64_arm-linux-gnueabihf/bin/../lib/gcc/arm-linux-gnueabihf/6.3.1/../../../../arm-linux-gnueabihf/bin/ld: cannot find -lGL
collect2: error: ld returned 1 exit status
configure:14508: $? = 1
configure: failed program was:
| /* confdefs.h */
| #define PACKAGE_NAME "SDL2_ttf"
| #define PACKAGE_TARNAME "sdl2_ttf"
| #define PACKAGE_VERSION "2.0.14"
| #define PACKAGE_STRING "SDL2_ttf 2.0.14"
| #define PACKAGE_BUGREPORT ""
| #define PACKAGE_URL ""
| #define STDC_HEADERS 1
| #define HAVE_SYS_TYPES_H 1
| #define HAVE_SYS_STAT_H 1
| #define HAVE_STDLIB_H 1
| #define HAVE_STRING_H 1
| #define HAVE_MEMORY_H 1
| #define HAVE_STRINGS_H 1
| #define HAVE_INTTYPES_H 1
| #define HAVE_STDINT_H 1
| #define HAVE_UNISTD_H 1
| #define HAVE_DLFCN_H 1
| #define LT_OBJDIR ".libs/"
| #define PACKAGE "sdl2_ttf"
| #define VERSION "2.0.14"
| #define HAVE_ALLOCA_H 1
| #define HAVE_ALLOCA 1
| #define X_DISPLAY_MISSING 1
| /* end confdefs.h.  */
| 
|  #include "SDL_opengl.h"
| 
| int
| main ()
| {
| 
|  glOrtho( -2.0, 2.0, -2.0, 2.0, -20.0, 20.0 );
| 
|   ;
|   return 0;
| }
configure:14515: result: no
configure:14676: checking that generated files are newer than configure
configure:14682: result: done
configure:14709: creating ./config.status

## ---------------------- ##
## Running config.status. ##
## ---------------------- ##

This file was extended by SDL2_ttf config.status 2.0.14, which was
generated by GNU Autoconf 2.69.  Invocation command line was

  CONFIG_FILES    = 
  CONFIG_HEADERS  = 
  CONFIG_LINKS    = 
  CONFIG_COMMANDS = 
  $ ./config.status 

on dean-ThinkPad-X100e

config.status:1042: creating Makefile
config.status:1042: creating SDL2_ttf.spec
config.status:1042: creating SDL2_ttf.pc
config.status:1214: executing libtool commands
config.status:1214: executing depfiles commands
configure:16668: WARNING: unrecognized options: --disable-gtk-doc, --disable-gtk-doc-html, --disable-doc, --disable-docs, --disable-documentation, --with-xmlto, --with-fop, --enable-ipv6, --disable-nls

## ---------------- ##
## Cache variables. ##
## ---------------- ##

ac_cv_build=x86_64-pc-linux-gnu
ac_cv_c_bigendian=no
ac_cv_c_compiler_gnu=yes
ac_cv_env_CC_set=set
ac_cv_env_CC_value=/home/dean/sunxi-v3s/buildroot-2017.08/output/host/bin/arm-linux-gnueabihf-gcc
ac_cv_env_CFLAGS_set=set
ac_cv_env_CFLAGS_value='-D_LARGEFILE_SOURCE -D_LARGEFILE64_SOURCE -D_FILE_OFFSET_BITS=64  -Os '
ac_cv_env_CPPFLAGS_set=set
ac_cv_env_CPPFLAGS_value='-D_LARGEFILE_SOURCE -D_LARGEFILE64_SOURCE -D_FILE_OFFSET_BITS=64'
ac_cv_env_CPP_set=set
ac_cv_env_CPP_value=/home/dean/sunxi-v3s/buildroot-2017.08/output/host/bin/arm-linux-gnueabihf-cpp
ac_cv_env_LDFLAGS_set=set
ac_cv_env_LDFLAGS_value=
ac_cv_env_LIBS_set=
ac_cv_env_LIBS_value=
ac_cv_env_LT_SYS_LIBRARY_PATH_set=
ac_cv_env_LT_SYS_LIBRARY_PATH_value=
ac_cv_env_PKG_CONFIG_LIBDIR_set=
ac_cv_env_PKG_CONFIG_LIBDIR_value=
ac_cv_env_PKG_CONFIG_PATH_set=
ac_cv_env_PKG_CONFIG_PATH_value=
ac_cv_env_PKG_CONFIG_set=set
ac_cv_env_PKG_CONFIG_value=/home/dean/sunxi-v3s/buildroot-2017.08/output/host/bin/pkg-config
ac_cv_env_SDL2_FRAMEWORK_set=
ac_cv_env_SDL2_FRAMEWORK_value=
ac_cv_env_SDL_CFLAGS_set=
ac_cv_env_SDL_CFLAGS_value=
ac_cv_env_SDL_LIBS_set=
ac_cv_env_SDL_LIBS_value=
ac_cv_env_XMKMF_set=
ac_cv_env_XMKMF_value=
ac_cv_env_build_alias_set=set
ac_cv_env_build_alias_value=x86_64-pc-linux-gnu
ac_cv_env_host_alias_set=set
ac_cv_env_host_alias_value=arm-buildroot-linux-gnueabihf
ac_cv_env_target_alias_set=set
ac_cv_env_target_alias_value=arm-buildroot-linux-gnueabihf
ac_cv_func_alloca_works=yes
ac_cv_func_calloc_0_nonnull=yes
ac_cv_func_malloc_0_nonnull=yes
ac_cv_func_memcmp_working=yes
ac_cv_func_mmap_fixed_mapped=yes
ac_cv_func_realloc_0_nonnull=yes
ac_cv_have_decl_malloc=yes
ac_cv_header_dlfcn_h=yes
ac_cv_header_inttypes_h=yes
ac_cv_header_memory_h=yes
ac_cv_header_stdc=yes
ac_cv_header_stdint_h=yes
ac_cv_header_stdlib_h=yes
ac_cv_header_string_h=yes
ac_cv_header_strings_h=yes
ac_cv_header_sys_stat_h=yes
ac_cv_header_sys_types_h=yes
ac_cv_header_unistd_h=yes
ac_cv_host=arm-buildroot-linux-gnueabihf
ac_cv_lbl_unaligned_fail=yes
ac_cv_objext=o
ac_cv_path_EGREP='/bin/grep -E'
ac_cv_path_FGREP='/bin/grep -F'
ac_cv_path_FREETYPE_CONFIG=/home/dean/sunxi-v3s/buildroot-2017.08/output/host/arm-buildroot-linux-gnueabihf/sysroot/usr/bin/freetype-config
ac_cv_path_GREP=/bin/grep
ac_cv_path_SED=/bin/sed
ac_cv_path_install='/usr/bin/install -c'
ac_cv_path_lt_DD=/bin/dd
ac_cv_path_mkdir=/bin/mkdir
ac_cv_prog_AR=/home/dean/sunxi-v3s/buildroot-2017.08/output/host/bin/arm-linux-gnueabihf-ar
ac_cv_prog_AWK=mawk
ac_cv_prog_CC=/home/dean/sunxi-v3s/buildroot-2017.08/output/host/bin/arm-linux-gnueabihf-gcc
ac_cv_prog_CPP=/home/dean/sunxi-v3s/buildroot-2017.08/output/host/bin/arm-linux-gnueabihf-cpp
ac_cv_prog_OBJDUMP=/home/dean/sunxi-v3s/buildroot-2017.08/output/host/bin/arm-linux-gnueabihf-objdump
ac_cv_prog_RANLIB=/home/dean/sunxi-v3s/buildroot-2017.08/output/host/bin/arm-linux-gnueabihf-ranlib
ac_cv_prog_STRIP=/home/dean/sunxi-v3s/buildroot-2017.08/output/host/bin/arm-linux-gnueabihf-strip
ac_cv_prog_ac_ct_MANIFEST_TOOL=mt
ac_cv_prog_cc_c89=
ac_cv_prog_cc_g=yes
ac_cv_prog_make_make_set=yes
ac_cv_type_size_t=yes
ac_cv_working_alloca_h=yes
am_cv_CC_dependencies_compiler_type=none
am_cv_make_support_nested_variables=yes
am_cv_prog_cc_c_o=yes
gl_cv_func_malloc_0_nonnull=yes
lt_cv_ar_at_file=@
lt_cv_archive_cmds_need_lc=no
lt_cv_deplibs_check_method=pass_all
lt_cv_file_magic_cmd='$MAGIC_CMD'
lt_cv_file_magic_test_file=
lt_cv_ld_reload_flag=-r
lt_cv_nm_interface='BSD nm'
lt_cv_objdir=.libs
lt_cv_path_LD=/home/dean/sunxi-v3s/buildroot-2017.08/output/host/bin/arm-linux-gnueabihf-ld
lt_cv_path_NM=/home/dean/sunxi-v3s/buildroot-2017.08/output/host/bin/arm-linux-gnueabihf-nm
lt_cv_path_mainfest_tool=no
lt_cv_prog_compiler_c_o=yes
lt_cv_prog_compiler_pic='-fPIC -DPIC'
lt_cv_prog_compiler_pic_works=yes
lt_cv_prog_compiler_rtti_exceptions=no
lt_cv_prog_compiler_static_works=yes
lt_cv_prog_gnu_ld=yes
lt_cv_sharedlib_from_linklib_cmd='printf %s\n'
lt_cv_shlibpath_overrides_runpath=no
lt_cv_sys_global_symbol_pipe='sed -n -e '\''s/^.*[	 ]\([ABCDGIRSTW][ABCDGIRSTW]*\)[	 ][	 ]*\([_A-Za-z][_A-Za-z0-9]*\)$/\1 \2 \2/p'\'' | sed '\''/ __gnu_lto/d'\'''
lt_cv_sys_global_symbol_to_c_name_address='sed -n -e '\''s/^: \(.*\) .*$/  {"\1", (void *) 0},/p'\'' -e '\''s/^[ABCDGIRSTW][ABCDGIRSTW]* .* \(.*\)$/  {"\1", (void *) \&\1},/p'\'''
lt_cv_sys_global_symbol_to_c_name_address_lib_prefix='sed -n -e '\''s/^: \(.*\) .*$/  {"\1", (void *) 0},/p'\'' -e '\''s/^[ABCDGIRSTW][ABCDGIRSTW]* .* \(lib.*\)$/  {"\1", (void *) \&\1},/p'\'' -e '\''s/^[ABCDGIRSTW][ABCDGIRSTW]* .* \(.*\)$/  {"lib\1", (void *) \&\1},/p'\'''
lt_cv_sys_global_symbol_to_cdecl='sed -n -e '\''s/^T .* \(.*\)$/extern int \1();/p'\'' -e '\''s/^[ABCDGIRSTW][ABCDGIRSTW]* .* \(.*\)$/extern char \1;/p'\'''
lt_cv_sys_global_symbol_to_import=
lt_cv_sys_lib_search_path_spec=
lt_cv_sys_max_cmd_len=1572864
lt_cv_to_host_file_cmd=func_convert_file_noop
lt_cv_to_tool_file_cmd=func_convert_file_noop
lt_cv_truncate_bin='/bin/dd bs=4096 count=1'
pkg_cv_SDL_CFLAGS='-I/home/dean/sunxi-v3s/buildroot-2017.08/output/host/arm-buildroot-linux-gnueabihf/sysroot/usr/include/SDL2  -D_REENTRANT  '
pkg_cv_SDL_LIBS='-L/home/dean/sunxi-v3s/buildroot-2017.08/output/host/arm-buildroot-linux-gnueabihf/sysroot/usr/lib  -lSDL2  '

## ----------------- ##
## Output variables. ##
## ----------------- ##

ACLOCAL='${SHELL} /home/dean/sunxi-v3s/buildroot-2017.08/output/build/sdl2_ttf-2.0.14/missing aclocal-1.15'
ALLOCA=''
AMDEPBACKSLASH=''
AMDEP_FALSE=''
AMDEP_TRUE='#'
AMTAR='$${TAR-tar}'
AM_BACKSLASH='\'
AM_DEFAULT_V='$(AM_DEFAULT_VERBOSITY)'
AM_DEFAULT_VERBOSITY='1'
AM_V='$(V)'
AR='/home/dean/sunxi-v3s/buildroot-2017.08/output/host/bin/arm-linux-gnueabihf-ar'
AS='/home/dean/sunxi-v3s/buildroot-2017.08/output/host/bin/arm-linux-gnueabihf-as'
AUTOCONF='${SHELL} /home/dean/sunxi-v3s/buildroot-2017.08/output/build/sdl2_ttf-2.0.14/missing autoconf'
AUTOHEADER='${SHELL} /home/dean/sunxi-v3s/buildroot-2017.08/output/build/sdl2_ttf-2.0.14/missing autoheader'
AUTOMAKE='${SHELL} /home/dean/sunxi-v3s/buildroot-2017.08/output/build/sdl2_ttf-2.0.14/missing automake-1.15'
AWK='mawk'
BINARY_AGE='14'
CC='/home/dean/sunxi-v3s/buildroot-2017.08/output/host/bin/arm-linux-gnueabihf-gcc'
CCDEPMODE='depmode=none'
CFLAGS='-D_LARGEFILE_SOURCE -D_LARGEFILE64_SOURCE -D_FILE_OFFSET_BITS=64  -Os  -I/home/dean/sunxi-v3s/buildroot-2017.08/output/host/arm-buildroot-linux-gnueabihf/sysroot/usr/include/freetype2 -I/home/dean/sunxi-v3s/buildroot-2017.08/output/host/arm-buildroot-linux-gnueabihf/sysroot/usr/include -I/home/dean/sunxi-v3s/buildroot-2017.08/output/host/arm-buildroot-linux-gnueabihf/sysroot/usr/include/SDL2  -D_REENTRANT  '
CPP='/home/dean/sunxi-v3s/buildroot-2017.08/output/host/bin/arm-linux-gnueabihf-cpp'
CPPFLAGS='-D_LARGEFILE_SOURCE -D_LARGEFILE64_SOURCE -D_FILE_OFFSET_BITS=64'
CYGPATH_W='echo'
DEFS='-DPACKAGE_NAME=\"SDL2_ttf\" -DPACKAGE_TARNAME=\"sdl2_ttf\" -DPACKAGE_VERSION=\"2.0.14\" -DPACKAGE_STRING=\"SDL2_ttf\ 2.0.14\" -DPACKAGE_BUGREPORT=\"\" -DPACKAGE_URL=\"\" -DSTDC_HEADERS=1 -DHAVE_SYS_TYPES_H=1 -DHAVE_SYS_STAT_H=1 -DHAVE_STDLIB_H=1 -DHAVE_STRING_H=1 -DHAVE_MEMORY_H=1 -DHAVE_STRINGS_H=1 -DHAVE_INTTYPES_H=1 -DHAVE_STDINT_H=1 -DHAVE_UNISTD_H=1 -DHAVE_DLFCN_H=1 -DLT_OBJDIR=\".libs/\" -DPACKAGE=\"sdl2_ttf\" -DVERSION=\"2.0.14\" -DHAVE_ALLOCA_H=1 -DHAVE_ALLOCA=1 -DX_DISPLAY_MISSING=1'
DEPDIR='.deps'
DLLTOOL='false'
DSYMUTIL=''
DUMPBIN=''
ECHO_C=''
ECHO_N='-n'
ECHO_T=''
EGREP='/bin/grep -E'
EXEEXT=''
FGREP='/bin/grep -F'
FREETYPE_CONFIG='/home/dean/sunxi-v3s/buildroot-2017.08/output/host/arm-buildroot-linux-gnueabihf/sysroot/usr/bin/freetype-config'
GL_LIBS=''
GREP='/bin/grep'
INSTALL_DATA='${INSTALL} -m 644'
INSTALL_PROGRAM='${INSTALL}'
INSTALL_SCRIPT='${INSTALL}'
INSTALL_STRIP_PROGRAM='$(install_sh) -c -s'
INTERFACE_AGE='0'
LD='/home/dean/sunxi-v3s/buildroot-2017.08/output/host/bin/arm-linux-gnueabihf-ld'
LDFLAGS=''
LIBOBJS=''
LIBS=' -L/home/dean/sunxi-v3s/buildroot-2017.08/output/host/arm-buildroot-linux-gnueabihf/sysroot/usr/lib -lfreetype -L/home/dean/sunxi-v3s/buildroot-2017.08/output/host/arm-buildroot-linux-gnueabihf/sysroot/usr/lib  -lSDL2  '
LIBTOOL='$(SHELL) $(top_builddir)/libtool'
LIPO=''
LN_S='ln -s'
LTLIBOBJS=''
LT_AGE='14'
LT_CURRENT='14'
LT_RELEASE='2.0'
LT_REVISION='0'
LT_SYS_LIBRARY_PATH=''
MAJOR_VERSION='2'
MAKEINFO='${SHELL} /home/dean/sunxi-v3s/buildroot-2017.08/output/build/sdl2_ttf-2.0.14/missing makeinfo'
MANIFEST_TOOL=':'
MATHLIB='-lm'
MICRO_VERSION='14'
MINOR_VERSION='0'
MKDIR_P='/bin/mkdir -p'
NM='/home/dean/sunxi-v3s/buildroot-2017.08/output/host/bin/arm-linux-gnueabihf-nm'
NMEDIT=''
OBJDUMP='/home/dean/sunxi-v3s/buildroot-2017.08/output/host/bin/arm-linux-gnueabihf-objdump'
OBJEXT='o'
OTOOL64=''
OTOOL=''
PACKAGE='sdl2_ttf'
PACKAGE_BUGREPORT=''
PACKAGE_NAME='SDL2_ttf'
PACKAGE_STRING='SDL2_ttf 2.0.14'
PACKAGE_TARNAME='sdl2_ttf'
PACKAGE_URL=''
PACKAGE_VERSION='2.0.14'
PATH_SEPARATOR=':'
PKG_CONFIG='/home/dean/sunxi-v3s/buildroot-2017.08/output/host/bin/pkg-config'
PKG_CONFIG_LIBDIR=''
PKG_CONFIG_PATH=''
RANLIB='/home/dean/sunxi-v3s/buildroot-2017.08/output/host/bin/arm-linux-gnueabihf-ranlib'
SDL2_CONFIG='pkg-config sdl2'
SDL2_FRAMEWORK=''
SDL_CFLAGS='-I/home/dean/sunxi-v3s/buildroot-2017.08/output/host/arm-buildroot-linux-gnueabihf/sysroot/usr/include/SDL2  -D_REENTRANT  '
SDL_LIBS='-L/home/dean/sunxi-v3s/buildroot-2017.08/output/host/arm-buildroot-linux-gnueabihf/sysroot/usr/lib  -lSDL2  '
SDL_VERSION='2.0.0'
SED='/bin/sed'
SET_MAKE=''
SHELL='/bin/bash'
STRIP='/home/dean/sunxi-v3s/buildroot-2017.08/output/host/bin/arm-linux-gnueabihf-strip'
USE_VERSION_RC_FALSE=''
USE_VERSION_RC_TRUE='#'
VERSION='2.0.14'
WINDRES=''
XMKMF=''
X_CFLAGS=''
X_EXTRA_LIBS=''
X_LIBS=''
X_PRE_LIBS=''
ac_ct_AR=''
ac_ct_CC=''
ac_ct_DUMPBIN=''
am__EXEEXT_FALSE=''
am__EXEEXT_TRUE='#'
am__fastdepCC_FALSE=''
am__fastdepCC_TRUE='#'
am__include='include'
am__isrc=''
am__leading_dot='.'
am__nodep=''
am__quote=''
am__tar='$${TAR-tar} chof - "$$tardir"'
am__untar='$${TAR-tar} xf -'
bindir='${exec_prefix}/bin'
build='x86_64-pc-linux-gnu'
build_alias='x86_64-pc-linux-gnu'
build_cpu='x86_64'
build_os='linux-gnu'
build_vendor='pc'
datadir='${datarootdir}'
datarootdir='${prefix}/share'
docdir='${datarootdir}/doc/${PACKAGE_TARNAME}'
dvidir='${docdir}'
exec_prefix='/usr'
host='arm-buildroot-linux-gnueabihf'
host_alias='arm-buildroot-linux-gnueabihf'
host_cpu='arm'
host_os='linux-gnueabihf'
host_vendor='buildroot'
htmldir='${docdir}'
includedir='${prefix}/include'
infodir='${datarootdir}/info'
install_sh='${SHELL} /home/dean/sunxi-v3s/buildroot-2017.08/output/build/sdl2_ttf-2.0.14/install-sh'
libdir='${exec_prefix}/lib'
libexecdir='${exec_prefix}/libexec'
localedir='${datarootdir}/locale'
localstatedir='/var'
mandir='${datarootdir}/man'
mkdir_p='$(MKDIR_P)'
oldincludedir='/usr/include'
pdfdir='${docdir}'
prefix='/usr'
program_transform_name='s&^&&'
psdir='${docdir}'
sbindir='${exec_prefix}/sbin'
sharedstatedir='${prefix}/com'
sysconfdir='/etc'
target_alias='arm-buildroot-linux-gnueabihf'

## ----------- ##
## confdefs.h. ##
## ----------- ##

/* confdefs.h */
#define PACKAGE_NAME "SDL2_ttf"
#define PACKAGE_TARNAME "sdl2_ttf"
#define PACKAGE_VERSION "2.0.14"
#define PACKAGE_STRING "SDL2_ttf 2.0.14"
#define PACKAGE_BUGREPORT ""
#define PACKAGE_URL ""
#define STDC_HEADERS 1
#define HAVE_SYS_TYPES_H 1
#define HAVE_SYS_STAT_H 1
#define HAVE_STDLIB_H 1
#define HAVE_STRING_H 1
#define HAVE_MEMORY_H 1
#define HAVE_STRINGS_H 1
#define HAVE_INTTYPES_H 1
#define HAVE_STDINT_H 1
#define HAVE_UNISTD_H 1
#define HAVE_DLFCN_H 1
#define LT_OBJDIR ".libs/"
#define PACKAGE "sdl2_ttf"
#define VERSION "2.0.14"
#define HAVE_ALLOCA_H 1
#define HAVE_ALLOCA 1
#define X_DISPLAY_MISSING 1

configure: exit 0
