This file contains any messages produced by compilers while
running configure, to aid debugging if configure makes a mistake.

It was created by tslib configure 1.11, which was
generated by GNU Autoconf 2.69.  Invocation command line was

  $ ./configure --target=arm-buildroot-linux-gnueabihf --host=arm-buildroot-linux-gnueabihf --build=x86_64-pc-linux-gnu --prefix=/usr --exec-prefix=/usr --sysconfdir=/etc --localstatedir=/var --program-prefix= --disable-gtk-doc --disable-gtk-doc-html --disable-doc --disable-docs --disable-documentation --with-xmlto=no --with-fop=no --disable-dependency-tracking --enable-ipv6 --disable-nls --disable-static --enable-shared

## --------- ##
## Platform. ##
## --------- ##

hostname = dean-ThinkPad-X100e
uname -m = x86_64
uname -r = 4.13.0-46-generic
uname -s = Linux
uname -v = #51-Ubuntu SMP Tue Jun 12 12:36:29 UTC 2018

/usr/bin/uname -p = unknown
/bin/uname -X     = unknown

/bin/arch              = unknown
/usr/bin/arch -k       = unknown
/usr/convex/getsysinfo = unknown
/usr/bin/hostinfo      = unknown
/bin/machine           = unknown
/usr/bin/oslevel       = unknown
/bin/universe          = unknown

PATH: /home/dean/sunxi-v3s/buildroot-2017.08/output/host/bin
PATH: /home/dean/sunxi-v3s/buildroot-2017.08/output/host/sbin
PATH: /usr/local/sbin
PATH: /usr/local/bin
PATH: /usr/sbin
PATH: /usr/bin
PATH: /sbin
PATH: /bin
PATH: /usr/games
PATH: /usr/local/games
PATH: /snap/bin
PATH: /opt/gcc-linaro-6.3.1-2017.05-x86_64_arm-linux-gnueabihf/bin


## ----------- ##
## Core tests. ##
## ----------- ##

configure:2601: checking for a BSD-compatible install
configure:2669: result: /usr/bin/install -c
configure:2680: checking whether build environment is sane
configure:2735: result: yes
configure:2794: checking for arm-buildroot-linux-gnueabihf-strip
configure:2821: result: /home/dean/sunxi-v3s/buildroot-2017.08/output/host/bin/arm-linux-gnueabihf-strip
configure:2886: checking for a thread-safe mkdir -p
configure:2925: result: /bin/mkdir -p
configure:2932: checking for gawk
configure:2962: result: no
configure:2932: checking for mawk
configure:2948: found /usr/bin/mawk
configure:2959: result: mawk
configure:2970: checking whether make sets $(MAKE)
configure:2992: result: yes
configure:3021: checking whether make supports nested variables
configure:3038: result: yes
configure:3175: checking whether make supports nested variables
configure:3192: result: yes
configure:3223: checking build system type
configure:3237: result: x86_64-pc-linux-gnu
configure:3257: checking host system type
configure:3270: result: arm-buildroot-linux-gnueabihf
configure:3366: checking for arm-buildroot-linux-gnueabihf-gcc
configure:3393: result: /home/dean/sunxi-v3s/buildroot-2017.08/output/host/bin/arm-linux-gnueabihf-gcc
configure:3662: checking for C compiler version
configure:3671: /home/dean/sunxi-v3s/buildroot-2017.08/output/host/bin/arm-linux-gnueabihf-gcc --version >&5
arm-linux-gnueabihf-gcc (Linaro GCC 6.3-2017.05) 6.3.1 20170404
Copyright (C) 2016 Free Software Foundation, Inc.
This is free software; see the source for copying conditions.  There is NO
warranty; not even for MERCHANTABILITY or FITNESS FOR A PARTICULAR PURPOSE.

configure:3682: $? = 0
configure:3671: /home/dean/sunxi-v3s/buildroot-2017.08/output/host/bin/arm-linux-gnueabihf-gcc -v >&5
Using built-in specs.
COLLECT_GCC=/opt/gcc-linaro-6.3.1-2017.05-x86_64_arm-linux-gnueabihf/bin/arm-linux-gnueabihf-gcc
COLLECT_LTO_WRAPPER=/opt/gcc-linaro-6.3.1-2017.05-x86_64_arm-linux-gnueabihf/bin/../libexec/gcc/arm-linux-gnueabihf/6.3.1/lto-wrapper
Target: arm-linux-gnueabihf
Configured with: '/home/tcwg-buildslave/workspace/tcwg-make-release/builder_arch/amd64/label/tcwg-x86_64-build/target/arm-linux-gnueabihf/snapshots/gcc.git~linaro-6.3-2017.05/configure' SHELL=/bin/bash --with-mpc=/home/tcwg-buildslave/workspace/tcwg-make-release/builder_arch/amd64/label/tcwg-x86_64-build/target/arm-linux-gnueabihf/_build/builds/destdir/x86_64-unknown-linux-gnu --with-mpfr=/home/tcwg-buildslave/workspace/tcwg-make-release/builder_arch/amd64/label/tcwg-x86_64-build/target/arm-linux-gnueabihf/_build/builds/destdir/x86_64-unknown-linux-gnu --with-gmp=/home/tcwg-buildslave/workspace/tcwg-make-release/builder_arch/amd64/label/tcwg-x86_64-build/target/arm-linux-gnueabihf/_build/builds/destdir/x86_64-unknown-linux-gnu --with-gnu-as --with-gnu-ld --disable-libmudflap --enable-lto --enable-shared --without-included-gettext --enable-nls --disable-sjlj-exceptions --enable-gnu-unique-object --enable-linker-build-id --disable-libstdcxx-pch --enable-c99 --enable-clocale=gnu --enable-libstdcxx-debug --enable-long-long --with-cloog=no --with-ppl=no --with-isl=no --disable-multilib --with-float=hard --with-fpu=vfpv3-d16 --with-mode=thumb --with-tune=cortex-a9 --with-arch=armv7-a --enable-threads=posix --enable-multiarch --enable-libstdcxx-time=yes --enable-gnu-indirect-function --with-build-sysroot=/home/tcwg-buildslave/workspace/tcwg-make-release/builder_arch/amd64/label/tcwg-x86_64-build/target/arm-linux-gnueabihf/_build/sysroots/arm-linux-gnueabihf --with-sysroot=/home/tcwg-buildslave/workspace/tcwg-make-release/builder_arch/amd64/label/tcwg-x86_64-build/target/arm-linux-gnueabihf/_build/builds/destdir/x86_64-unknown-linux-gnu/arm-linux-gnueabihf/libc --enable-checking=release --disable-bootstrap --enable-languages=c,c++,fortran,lto --build=x86_64-unknown-linux-gnu --host=x86_64-unknown-linux-gnu --target=arm-linux-gnueabihf --prefix=/home/tcwg-buildslave/workspace/tcwg-make-release/builder_arch/amd64/label/tcwg-x86_64-build/target/arm-linux-gnueabihf/_build/builds/destdir/x86_64-unknown-linux-gnu
Thread model: posix
gcc version 6.3.1 20170404 (Linaro GCC 6.3-2017.05) 
configure:3682: $? = 0
configure:3671: /home/dean/sunxi-v3s/buildroot-2017.08/output/host/bin/arm-linux-gnueabihf-gcc -V >&5
arm-linux-gnueabihf-gcc: error: unrecognized command line option '-V'
arm-linux-gnueabihf-gcc: fatal error: no input files
compilation terminated.
configure:3682: $? = 1
configure:3671: /home/dean/sunxi-v3s/buildroot-2017.08/output/host/bin/arm-linux-gnueabihf-gcc -qversion >&5
arm-linux-gnueabihf-gcc: error: unrecognized command line option '-qversion'; did you mean '--version'?
arm-linux-gnueabihf-gcc: fatal error: no input files
compilation terminated.
configure:3682: $? = 1
configure:3702: checking whether the C compiler works
configure:3724: /home/dean/sunxi-v3s/buildroot-2017.08/output/host/bin/arm-linux-gnueabihf-gcc -D_LARGEFILE_SOURCE -D_LARGEFILE64_SOURCE -D_FILE_OFFSET_BITS=64  -Os  -D_LARGEFILE_SOURCE -D_LARGEFILE64_SOURCE -D_FILE_OFFSET_BITS=64  conftest.c  >&5
configure:3728: $? = 0
configure:3776: result: yes
configure:3779: checking for C compiler default output file name
configure:3781: result: a.out
configure:3787: checking for suffix of executables
configure:3794: /home/dean/sunxi-v3s/buildroot-2017.08/output/host/bin/arm-linux-gnueabihf-gcc -o conftest -D_LARGEFILE_SOURCE -D_LARGEFILE64_SOURCE -D_FILE_OFFSET_BITS=64  -Os  -D_LARGEFILE_SOURCE -D_LARGEFILE64_SOURCE -D_FILE_OFFSET_BITS=64  conftest.c  >&5
configure:3798: $? = 0
configure:3820: result: 
configure:3842: checking whether we are cross compiling
configure:3880: result: yes
configure:3885: checking for suffix of object files
configure:3907: /home/dean/sunxi-v3s/buildroot-2017.08/output/host/bin/arm-linux-gnueabihf-gcc -c -D_LARGEFILE_SOURCE -D_LARGEFILE64_SOURCE -D_FILE_OFFSET_BITS=64  -Os  -D_LARGEFILE_SOURCE -D_LARGEFILE64_SOURCE -D_FILE_OFFSET_BITS=64 conftest.c >&5
configure:3911: $? = 0
configure:3932: result: o
configure:3936: checking whether we are using the GNU C compiler
configure:3955: /home/dean/sunxi-v3s/buildroot-2017.08/output/host/bin/arm-linux-gnueabihf-gcc -c -D_LARGEFILE_SOURCE -D_LARGEFILE64_SOURCE -D_FILE_OFFSET_BITS=64  -Os  -D_LARGEFILE_SOURCE -D_LARGEFILE64_SOURCE -D_FILE_OFFSET_BITS=64 conftest.c >&5
configure:3955: $? = 0
configure:3964: result: yes
configure:3973: checking whether /home/dean/sunxi-v3s/buildroot-2017.08/output/host/bin/arm-linux-gnueabihf-gcc accepts -g
configure:3993: /home/dean/sunxi-v3s/buildroot-2017.08/output/host/bin/arm-linux-gnueabihf-gcc -c -g -D_LARGEFILE_SOURCE -D_LARGEFILE64_SOURCE -D_FILE_OFFSET_BITS=64 conftest.c >&5
configure:3993: $? = 0
configure:4034: result: yes
configure:4051: checking for /home/dean/sunxi-v3s/buildroot-2017.08/output/host/bin/arm-linux-gnueabihf-gcc option to accept ISO C89
configure:4114: /home/dean/sunxi-v3s/buildroot-2017.08/output/host/bin/arm-linux-gnueabihf-gcc  -c -D_LARGEFILE_SOURCE -D_LARGEFILE64_SOURCE -D_FILE_OFFSET_BITS=64  -Os  -D_LARGEFILE_SOURCE -D_LARGEFILE64_SOURCE -D_FILE_OFFSET_BITS=64 conftest.c >&5
configure:4114: $? = 0
configure:4127: result: none needed
configure:4152: checking whether /home/dean/sunxi-v3s/buildroot-2017.08/output/host/bin/arm-linux-gnueabihf-gcc understands -c and -o together
configure:4174: /home/dean/sunxi-v3s/buildroot-2017.08/output/host/bin/arm-linux-gnueabihf-gcc -c conftest.c -o conftest2.o
configure:4177: $? = 0
configure:4174: /home/dean/sunxi-v3s/buildroot-2017.08/output/host/bin/arm-linux-gnueabihf-gcc -c conftest.c -o conftest2.o
configure:4177: $? = 0
configure:4189: result: yes
configure:4217: checking for style of include used by make
configure:4245: result: GNU
configure:4271: checking dependency style of /home/dean/sunxi-v3s/buildroot-2017.08/output/host/bin/arm-linux-gnueabihf-gcc
configure:4382: result: none
configure:4402: checking how to run the C preprocessor
configure:4472: result: /home/dean/sunxi-v3s/buildroot-2017.08/output/host/bin/arm-linux-gnueabihf-cpp
configure:4492: /home/dean/sunxi-v3s/buildroot-2017.08/output/host/bin/arm-linux-gnueabihf-cpp -D_LARGEFILE_SOURCE -D_LARGEFILE64_SOURCE -D_FILE_OFFSET_BITS=64 conftest.c
configure:4492: $? = 0
configure:4506: /home/dean/sunxi-v3s/buildroot-2017.08/output/host/bin/arm-linux-gnueabihf-cpp -D_LARGEFILE_SOURCE -D_LARGEFILE64_SOURCE -D_FILE_OFFSET_BITS=64 conftest.c
conftest.c:11:28: fatal error: ac_nonexistent.h: No such file or directory
 #include <ac_nonexistent.h>
                            ^
compilation terminated.
configure:4506: $? = 1
configure: failed program was:
| /* confdefs.h */
| #define PACKAGE_NAME "tslib"
| #define PACKAGE_TARNAME "tslib"
| #define PACKAGE_VERSION "1.11"
| #define PACKAGE_STRING "tslib 1.11"
| #define PACKAGE_BUGREPORT "tslib@lists.infradead.org"
| #define PACKAGE_URL "http://tslib.org"
| #define PACKAGE "tslib"
| #define VERSION "1.11"
| /* end confdefs.h.  */
| #include <ac_nonexistent.h>
configure:4538: checking whether the C compiler supports -fvisibility=hidden
configure:4555: /home/dean/sunxi-v3s/buildroot-2017.08/output/host/bin/arm-linux-gnueabihf-gcc -c -fvisibility=hidden -D_LARGEFILE_SOURCE -D_LARGEFILE64_SOURCE -D_FILE_OFFSET_BITS=64  -Os  -D_LARGEFILE_SOURCE -D_LARGEFILE64_SOURCE -D_FILE_OFFSET_BITS=64 conftest.c >&5
configure:4555: $? = 0
configure:4563: result: yes
configure:4571: checking whether to use -fvisibility=hidden
configure:4584: result: yes
configure:4594: checking whether ln -s works
configure:4598: result: yes
configure:4605: checking whether make sets $(MAKE)
configure:4627: result: yes
configure:4748: checking how to print strings
configure:4775: result: printf
configure:4796: checking for a sed that does not truncate output
configure:4860: result: /bin/sed
configure:4878: checking for grep that handles long lines and -e
configure:4936: result: /bin/grep
configure:4941: checking for egrep
configure:5003: result: /bin/grep -E
configure:5008: checking for fgrep
configure:5070: result: /bin/grep -F
configure:5105: checking for ld used by /home/dean/sunxi-v3s/buildroot-2017.08/output/host/bin/arm-linux-gnueabihf-gcc
configure:5172: result: /home/dean/sunxi-v3s/buildroot-2017.08/output/host/bin/arm-linux-gnueabihf-ld
configure:5179: checking if the linker (/home/dean/sunxi-v3s/buildroot-2017.08/output/host/bin/arm-linux-gnueabihf-ld) is GNU ld
configure:5194: result: yes
configure:5206: checking for BSD- or MS-compatible name lister (nm)
configure:5260: result: /home/dean/sunxi-v3s/buildroot-2017.08/output/host/bin/arm-linux-gnueabihf-nm
configure:5390: checking the name lister (/home/dean/sunxi-v3s/buildroot-2017.08/output/host/bin/arm-linux-gnueabihf-nm) interface
configure:5397: /home/dean/sunxi-v3s/buildroot-2017.08/output/host/bin/arm-linux-gnueabihf-gcc -c -DGCC_HASCLASSVISIBILITY -D_LARGEFILE_SOURCE -D_LARGEFILE64_SOURCE -D_FILE_OFFSET_BITS=64  -Os  -D_LARGEFILE_SOURCE -D_LARGEFILE64_SOURCE -D_FILE_OFFSET_BITS=64 conftest.c >&5
configure:5400: /home/dean/sunxi-v3s/buildroot-2017.08/output/host/bin/arm-linux-gnueabihf-nm "conftest.o"
configure:5403: output
00000000 B some_variable
configure:5410: result: BSD nm
configure:5414: checking the maximum length of command line arguments
configure:5545: result: 1572864
configure:5593: checking how to convert x86_64-pc-linux-gnu file names to arm-buildroot-linux-gnueabihf format
configure:5633: result: func_convert_file_noop
configure:5640: checking how to convert x86_64-pc-linux-gnu file names to toolchain format
configure:5660: result: func_convert_file_noop
configure:5667: checking for /home/dean/sunxi-v3s/buildroot-2017.08/output/host/bin/arm-linux-gnueabihf-ld option to reload object files
configure:5674: result: -r
configure:5708: checking for arm-buildroot-linux-gnueabihf-objdump
configure:5735: result: /home/dean/sunxi-v3s/buildroot-2017.08/output/host/bin/arm-linux-gnueabihf-objdump
configure:5807: checking how to recognize dependent libraries
configure:6007: result: pass_all
configure:6052: checking for arm-buildroot-linux-gnueabihf-dlltool
configure:6082: result: no
configure:6092: checking for dlltool
configure:6122: result: no
configure:6152: checking how to associate runtime and link libraries
configure:6179: result: printf %s\n
configure:6195: checking for arm-buildroot-linux-gnueabihf-ar
configure:6222: result: /home/dean/sunxi-v3s/buildroot-2017.08/output/host/bin/arm-linux-gnueabihf-ar
configure:6303: checking for archiver @FILE support
configure:6320: /home/dean/sunxi-v3s/buildroot-2017.08/output/host/bin/arm-linux-gnueabihf-gcc -c -DGCC_HASCLASSVISIBILITY -D_LARGEFILE_SOURCE -D_LARGEFILE64_SOURCE -D_FILE_OFFSET_BITS=64  -Os  -D_LARGEFILE_SOURCE -D_LARGEFILE64_SOURCE -D_FILE_OFFSET_BITS=64 conftest.c >&5
configure:6320: $? = 0
configure:6323: /home/dean/sunxi-v3s/buildroot-2017.08/output/host/bin/arm-linux-gnueabihf-ar cru libconftest.a @conftest.lst >&5
configure:6326: $? = 0
configure:6331: /home/dean/sunxi-v3s/buildroot-2017.08/output/host/bin/arm-linux-gnueabihf-ar cru libconftest.a @conftest.lst >&5
/home/dean/sunxi-v3s/buildroot-2017.08/output/host/bin/arm-linux-gnueabihf-ar: conftest.o: No such file or directory
configure:6334: $? = 1
configure:6346: result: @
configure:6364: checking for arm-buildroot-linux-gnueabihf-strip
configure:6391: result: /home/dean/sunxi-v3s/buildroot-2017.08/output/host/bin/arm-linux-gnueabihf-strip
configure:6463: checking for arm-buildroot-linux-gnueabihf-ranlib
configure:6490: result: /home/dean/sunxi-v3s/buildroot-2017.08/output/host/bin/arm-linux-gnueabihf-ranlib
configure:6632: checking command to parse /home/dean/sunxi-v3s/buildroot-2017.08/output/host/bin/arm-linux-gnueabihf-nm output from /home/dean/sunxi-v3s/buildroot-2017.08/output/host/bin/arm-linux-gnueabihf-gcc object
configure:6785: /home/dean/sunxi-v3s/buildroot-2017.08/output/host/bin/arm-linux-gnueabihf-gcc -c -DGCC_HASCLASSVISIBILITY -D_LARGEFILE_SOURCE -D_LARGEFILE64_SOURCE -D_FILE_OFFSET_BITS=64  -Os  -D_LARGEFILE_SOURCE -D_LARGEFILE64_SOURCE -D_FILE_OFFSET_BITS=64 conftest.c >&5
configure:6788: $? = 0
configure:6792: /home/dean/sunxi-v3s/buildroot-2017.08/output/host/bin/arm-linux-gnueabihf-nm conftest.o \| sed -n -e 's/^.*[ ]\([ABCDGIRSTW][ABCDGIRSTW]*\)[ ][ ]*\([_A-Za-z][_A-Za-z0-9]*\)$/\1 \2 \2/p' | sed '/ __gnu_lto/d' \> conftest.nm
configure:6795: $? = 0
configure:6861: /home/dean/sunxi-v3s/buildroot-2017.08/output/host/bin/arm-linux-gnueabihf-gcc -o conftest -DGCC_HASCLASSVISIBILITY -D_LARGEFILE_SOURCE -D_LARGEFILE64_SOURCE -D_FILE_OFFSET_BITS=64  -Os  -D_LARGEFILE_SOURCE -D_LARGEFILE64_SOURCE -D_FILE_OFFSET_BITS=64  conftest.c conftstm.o >&5
configure:6864: $? = 0
configure:6902: result: ok
configure:6949: checking for sysroot
configure:6979: result: no
configure:6986: checking for a working dd
configure:7024: result: /bin/dd
configure:7028: checking how to truncate binary pipes
configure:7043: result: /bin/dd bs=4096 count=1
configure:7332: checking for arm-buildroot-linux-gnueabihf-mt
configure:7362: result: no
configure:7372: checking for mt
configure:7388: found /bin/mt
configure:7399: result: mt
configure:7411: WARNING: using cross tools not prefixed with host triplet
configure:7422: checking if mt is a manifest tool
configure:7428: mt '-?'
configure:7436: result: no
configure:8109: checking for ANSI C header files
configure:8129: /home/dean/sunxi-v3s/buildroot-2017.08/output/host/bin/arm-linux-gnueabihf-gcc -c -DGCC_HASCLASSVISIBILITY -D_LARGEFILE_SOURCE -D_LARGEFILE64_SOURCE -D_FILE_OFFSET_BITS=64  -Os  -D_LARGEFILE_SOURCE -D_LARGEFILE64_SOURCE -D_FILE_OFFSET_BITS=64 conftest.c >&5
configure:8129: $? = 0
configure:8213: result: yes
configure:8226: checking for sys/types.h
configure:8226: /home/dean/sunxi-v3s/buildroot-2017.08/output/host/bin/arm-linux-gnueabihf-gcc -c -DGCC_HASCLASSVISIBILITY -D_LARGEFILE_SOURCE -D_LARGEFILE64_SOURCE -D_FILE_OFFSET_BITS=64  -Os  -D_LARGEFILE_SOURCE -D_LARGEFILE64_SOURCE -D_FILE_OFFSET_BITS=64 conftest.c >&5
configure:8226: $? = 0
configure:8226: result: yes
configure:8226: checking for sys/stat.h
configure:8226: /home/dean/sunxi-v3s/buildroot-2017.08/output/host/bin/arm-linux-gnueabihf-gcc -c -DGCC_HASCLASSVISIBILITY -D_LARGEFILE_SOURCE -D_LARGEFILE64_SOURCE -D_FILE_OFFSET_BITS=64  -Os  -D_LARGEFILE_SOURCE -D_LARGEFILE64_SOURCE -D_FILE_OFFSET_BITS=64 conftest.c >&5
configure:8226: $? = 0
configure:8226: result: yes
configure:8226: checking for stdlib.h
configure:8226: /home/dean/sunxi-v3s/buildroot-2017.08/output/host/bin/arm-linux-gnueabihf-gcc -c -DGCC_HASCLASSVISIBILITY -D_LARGEFILE_SOURCE -D_LARGEFILE64_SOURCE -D_FILE_OFFSET_BITS=64  -Os  -D_LARGEFILE_SOURCE -D_LARGEFILE64_SOURCE -D_FILE_OFFSET_BITS=64 conftest.c >&5
configure:8226: $? = 0
configure:8226: result: yes
configure:8226: checking for string.h
configure:8226: /home/dean/sunxi-v3s/buildroot-2017.08/output/host/bin/arm-linux-gnueabihf-gcc -c -DGCC_HASCLASSVISIBILITY -D_LARGEFILE_SOURCE -D_LARGEFILE64_SOURCE -D_FILE_OFFSET_BITS=64  -Os  -D_LARGEFILE_SOURCE -D_LARGEFILE64_SOURCE -D_FILE_OFFSET_BITS=64 conftest.c >&5
configure:8226: $? = 0
configure:8226: result: yes
configure:8226: checking for memory.h
configure:8226: /home/dean/sunxi-v3s/buildroot-2017.08/output/host/bin/arm-linux-gnueabihf-gcc -c -DGCC_HASCLASSVISIBILITY -D_LARGEFILE_SOURCE -D_LARGEFILE64_SOURCE -D_FILE_OFFSET_BITS=64  -Os  -D_LARGEFILE_SOURCE -D_LARGEFILE64_SOURCE -D_FILE_OFFSET_BITS=64 conftest.c >&5
configure:8226: $? = 0
configure:8226: result: yes
configure:8226: checking for strings.h
configure:8226: /home/dean/sunxi-v3s/buildroot-2017.08/output/host/bin/arm-linux-gnueabihf-gcc -c -DGCC_HASCLASSVISIBILITY -D_LARGEFILE_SOURCE -D_LARGEFILE64_SOURCE -D_FILE_OFFSET_BITS=64  -Os  -D_LARGEFILE_SOURCE -D_LARGEFILE64_SOURCE -D_FILE_OFFSET_BITS=64 conftest.c >&5
configure:8226: $? = 0
configure:8226: result: yes
configure:8226: checking for inttypes.h
configure:8226: /home/dean/sunxi-v3s/buildroot-2017.08/output/host/bin/arm-linux-gnueabihf-gcc -c -DGCC_HASCLASSVISIBILITY -D_LARGEFILE_SOURCE -D_LARGEFILE64_SOURCE -D_FILE_OFFSET_BITS=64  -Os  -D_LARGEFILE_SOURCE -D_LARGEFILE64_SOURCE -D_FILE_OFFSET_BITS=64 conftest.c >&5
configure:8226: $? = 0
configure:8226: result: yes
configure:8226: checking for stdint.h
configure:8226: /home/dean/sunxi-v3s/buildroot-2017.08/output/host/bin/arm-linux-gnueabihf-gcc -c -DGCC_HASCLASSVISIBILITY -D_LARGEFILE_SOURCE -D_LARGEFILE64_SOURCE -D_FILE_OFFSET_BITS=64  -Os  -D_LARGEFILE_SOURCE -D_LARGEFILE64_SOURCE -D_FILE_OFFSET_BITS=64 conftest.c >&5
configure:8226: $? = 0
configure:8226: result: yes
configure:8226: checking for unistd.h
configure:8226: /home/dean/sunxi-v3s/buildroot-2017.08/output/host/bin/arm-linux-gnueabihf-gcc -c -DGCC_HASCLASSVISIBILITY -D_LARGEFILE_SOURCE -D_LARGEFILE64_SOURCE -D_FILE_OFFSET_BITS=64  -Os  -D_LARGEFILE_SOURCE -D_LARGEFILE64_SOURCE -D_FILE_OFFSET_BITS=64 conftest.c >&5
configure:8226: $? = 0
configure:8226: result: yes
configure:8240: checking for dlfcn.h
configure:8240: /home/dean/sunxi-v3s/buildroot-2017.08/output/host/bin/arm-linux-gnueabihf-gcc -c -DGCC_HASCLASSVISIBILITY -D_LARGEFILE_SOURCE -D_LARGEFILE64_SOURCE -D_FILE_OFFSET_BITS=64  -Os  -D_LARGEFILE_SOURCE -D_LARGEFILE64_SOURCE -D_FILE_OFFSET_BITS=64 conftest.c >&5
configure:8240: $? = 0
configure:8240: result: yes
configure:8434: checking for objdir
configure:8449: result: .libs
configure:8713: checking if /home/dean/sunxi-v3s/buildroot-2017.08/output/host/bin/arm-linux-gnueabihf-gcc supports -fno-rtti -fno-exceptions
configure:8731: /home/dean/sunxi-v3s/buildroot-2017.08/output/host/bin/arm-linux-gnueabihf-gcc -c -DGCC_HASCLASSVISIBILITY -D_LARGEFILE_SOURCE -D_LARGEFILE64_SOURCE -D_FILE_OFFSET_BITS=64  -Os  -D_LARGEFILE_SOURCE -D_LARGEFILE64_SOURCE -D_FILE_OFFSET_BITS=64 -fno-rtti -fno-exceptions conftest.c >&5
cc1: warning: command line option '-fno-rtti' is valid for C++/ObjC++ but not for C
configure:8735: $? = 0
configure:8748: result: no
configure:9106: checking for /home/dean/sunxi-v3s/buildroot-2017.08/output/host/bin/arm-linux-gnueabihf-gcc option to produce PIC
configure:9113: result: -fPIC -DPIC
configure:9121: checking if /home/dean/sunxi-v3s/buildroot-2017.08/output/host/bin/arm-linux-gnueabihf-gcc PIC flag -fPIC -DPIC works
configure:9139: /home/dean/sunxi-v3s/buildroot-2017.08/output/host/bin/arm-linux-gnueabihf-gcc -c -DGCC_HASCLASSVISIBILITY -D_LARGEFILE_SOURCE -D_LARGEFILE64_SOURCE -D_FILE_OFFSET_BITS=64  -Os  -D_LARGEFILE_SOURCE -D_LARGEFILE64_SOURCE -D_FILE_OFFSET_BITS=64 -fPIC -DPIC -DPIC conftest.c >&5
configure:9143: $? = 0
configure:9156: result: yes
configure:9185: checking if /home/dean/sunxi-v3s/buildroot-2017.08/output/host/bin/arm-linux-gnueabihf-gcc static flag -static works
configure:9213: result: yes
configure:9228: checking if /home/dean/sunxi-v3s/buildroot-2017.08/output/host/bin/arm-linux-gnueabihf-gcc supports -c -o file.o
configure:9249: /home/dean/sunxi-v3s/buildroot-2017.08/output/host/bin/arm-linux-gnueabihf-gcc -c -DGCC_HASCLASSVISIBILITY -D_LARGEFILE_SOURCE -D_LARGEFILE64_SOURCE -D_FILE_OFFSET_BITS=64  -Os  -D_LARGEFILE_SOURCE -D_LARGEFILE64_SOURCE -D_FILE_OFFSET_BITS=64 -o out/conftest2.o conftest.c >&5
configure:9253: $? = 0
configure:9275: result: yes
configure:9283: checking if /home/dean/sunxi-v3s/buildroot-2017.08/output/host/bin/arm-linux-gnueabihf-gcc supports -c -o file.o
configure:9330: result: yes
configure:9363: checking whether the /home/dean/sunxi-v3s/buildroot-2017.08/output/host/bin/arm-linux-gnueabihf-gcc linker (/home/dean/sunxi-v3s/buildroot-2017.08/output/host/bin/arm-linux-gnueabihf-ld) supports shared libraries
configure:10626: result: yes
configure:10663: checking whether -lc should be explicitly linked in
configure:10671: /home/dean/sunxi-v3s/buildroot-2017.08/output/host/bin/arm-linux-gnueabihf-gcc -c -DGCC_HASCLASSVISIBILITY -D_LARGEFILE_SOURCE -D_LARGEFILE64_SOURCE -D_FILE_OFFSET_BITS=64  -Os  -D_LARGEFILE_SOURCE -D_LARGEFILE64_SOURCE -D_FILE_OFFSET_BITS=64 conftest.c >&5
configure:10674: $? = 0
configure:10689: /home/dean/sunxi-v3s/buildroot-2017.08/output/host/bin/arm-linux-gnueabihf-gcc -shared  -fPIC -DPIC conftest.o  -v -Wl,-soname -Wl,conftest -o conftest 2\>\&1 \| /bin/grep  -lc  \>/dev/null 2\>\&1
configure:10692: $? = 0
configure:10706: result: no
configure:10866: checking dynamic linker characteristics
configure:11447: /home/dean/sunxi-v3s/buildroot-2017.08/output/host/bin/arm-linux-gnueabihf-gcc -o conftest -DGCC_HASCLASSVISIBILITY -D_LARGEFILE_SOURCE -D_LARGEFILE64_SOURCE -D_FILE_OFFSET_BITS=64  -Os  -D_LARGEFILE_SOURCE -D_LARGEFILE64_SOURCE -D_FILE_OFFSET_BITS=64  -Wl,-rpath -Wl,/foo conftest.c  >&5
configure:11447: $? = 0
configure:11696: result: GNU/Linux ld.so
configure:11818: checking how to hardcode library paths into programs
configure:11843: result: immediate
configure:11945: checking for shl_load
configure:11945: /home/dean/sunxi-v3s/buildroot-2017.08/output/host/bin/arm-linux-gnueabihf-gcc -o conftest -DGCC_HASCLASSVISIBILITY -D_LARGEFILE_SOURCE -D_LARGEFILE64_SOURCE -D_FILE_OFFSET_BITS=64  -Os  -D_LARGEFILE_SOURCE -D_LARGEFILE64_SOURCE -D_FILE_OFFSET_BITS=64  conftest.c  >&5
/tmp/ccL64YV6.o: In function `main':
conftest.c:(.text.startup+0x4): undefined reference to `shl_load'
collect2: error: ld returned 1 exit status
configure:11945: $? = 1
configure: failed program was:
| /* confdefs.h */
| #define PACKAGE_NAME "tslib"
| #define PACKAGE_TARNAME "tslib"
| #define PACKAGE_VERSION "1.11"
| #define PACKAGE_STRING "tslib 1.11"
| #define PACKAGE_BUGREPORT "tslib@lists.infradead.org"
| #define PACKAGE_URL "http://tslib.org"
| #define PACKAGE "tslib"
| #define VERSION "1.11"
| #define STDC_HEADERS 1
| #define HAVE_SYS_TYPES_H 1
| #define HAVE_SYS_STAT_H 1
| #define HAVE_STDLIB_H 1
| #define HAVE_STRING_H 1
| #define HAVE_MEMORY_H 1
| #define HAVE_STRINGS_H 1
| #define HAVE_INTTYPES_H 1
| #define HAVE_STDINT_H 1
| #define HAVE_UNISTD_H 1
| #define HAVE_DLFCN_H 1
| #define LT_OBJDIR ".libs/"
| /* end confdefs.h.  */
| /* Define shl_load to an innocuous variant, in case <limits.h> declares shl_load.
|    For example, HP-UX 11i <limits.h> declares gettimeofday.  */
| #define shl_load innocuous_shl_load
| 
| /* System header to define __stub macros and hopefully few prototypes,
|     which can conflict with char shl_load (); below.
|     Prefer <limits.h> to <assert.h> if __STDC__ is defined, since
|     <limits.h> exists even on freestanding compilers.  */
| 
| #ifdef __STDC__
| # include <limits.h>
| #else
| # include <assert.h>
| #endif
| 
| #undef shl_load
| 
| /* Override any GCC internal prototype to avoid an error.
|    Use char because int might match the return type of a GCC
|    builtin and then its argument prototype would still apply.  */
| #ifdef __cplusplus
| extern "C"
| #endif
| char shl_load ();
| /* The GNU C library defines this for functions which it implements
|     to always fail with ENOSYS.  Some functions are actually named
|     something starting with __ and the normal name is an alias.  */
| #if defined __stub_shl_load || defined __stub___shl_load
| choke me
| #endif
| 
| int
| main ()
| {
| return shl_load ();
|   ;
|   return 0;
| }
configure:11945: result: no
configure:11949: checking for shl_load in -ldld
configure:11974: /home/dean/sunxi-v3s/buildroot-2017.08/output/host/bin/arm-linux-gnueabihf-gcc -o conftest -DGCC_HASCLASSVISIBILITY -D_LARGEFILE_SOURCE -D_LARGEFILE64_SOURCE -D_FILE_OFFSET_BITS=64  -Os  -D_LARGEFILE_SOURCE -D_LARGEFILE64_SOURCE -D_FILE_OFFSET_BITS=64  conftest.c -ldld   >&5
/opt/gcc-linaro-6.3.1-2017.05-x86_64_arm-linux-gnueabihf/bin/../lib/gcc/arm-linux-gnueabihf/6.3.1/../../../../arm-linux-gnueabihf/bin/ld: cannot find -ldld
collect2: error: ld returned 1 exit status
configure:11974: $? = 1
configure: failed program was:
| /* confdefs.h */
| #define PACKAGE_NAME "tslib"
| #define PACKAGE_TARNAME "tslib"
| #define PACKAGE_VERSION "1.11"
| #define PACKAGE_STRING "tslib 1.11"
| #define PACKAGE_BUGREPORT "tslib@lists.infradead.org"
| #define PACKAGE_URL "http://tslib.org"
| #define PACKAGE "tslib"
| #define VERSION "1.11"
| #define STDC_HEADERS 1
| #define HAVE_SYS_TYPES_H 1
| #define HAVE_SYS_STAT_H 1
| #define HAVE_STDLIB_H 1
| #define HAVE_STRING_H 1
| #define HAVE_MEMORY_H 1
| #define HAVE_STRINGS_H 1
| #define HAVE_INTTYPES_H 1
| #define HAVE_STDINT_H 1
| #define HAVE_UNISTD_H 1
| #define HAVE_DLFCN_H 1
| #define LT_OBJDIR ".libs/"
| /* end confdefs.h.  */
| 
| /* Override any GCC internal prototype to avoid an error.
|    Use char because int might match the return type of a GCC
|    builtin and then its argument prototype would still apply.  */
| #ifdef __cplusplus
| extern "C"
| #endif
| char shl_load ();
| int
| main ()
| {
| return shl_load ();
|   ;
|   return 0;
| }
configure:11983: result: no
configure:11988: checking for dlopen
configure:11988: /home/dean/sunxi-v3s/buildroot-2017.08/output/host/bin/arm-linux-gnueabihf-gcc -o conftest -DGCC_HASCLASSVISIBILITY -D_LARGEFILE_SOURCE -D_LARGEFILE64_SOURCE -D_FILE_OFFSET_BITS=64  -Os  -D_LARGEFILE_SOURCE -D_LARGEFILE64_SOURCE -D_FILE_OFFSET_BITS=64  conftest.c  >&5
/tmp/ccJVPAoD.o: In function `main':
conftest.c:(.text.startup+0x4): undefined reference to `dlopen'
collect2: error: ld returned 1 exit status
configure:11988: $? = 1
configure: failed program was:
| /* confdefs.h */
| #define PACKAGE_NAME "tslib"
| #define PACKAGE_TARNAME "tslib"
| #define PACKAGE_VERSION "1.11"
| #define PACKAGE_STRING "tslib 1.11"
| #define PACKAGE_BUGREPORT "tslib@lists.infradead.org"
| #define PACKAGE_URL "http://tslib.org"
| #define PACKAGE "tslib"
| #define VERSION "1.11"
| #define STDC_HEADERS 1
| #define HAVE_SYS_TYPES_H 1
| #define HAVE_SYS_STAT_H 1
| #define HAVE_STDLIB_H 1
| #define HAVE_STRING_H 1
| #define HAVE_MEMORY_H 1
| #define HAVE_STRINGS_H 1
| #define HAVE_INTTYPES_H 1
| #define HAVE_STDINT_H 1
| #define HAVE_UNISTD_H 1
| #define HAVE_DLFCN_H 1
| #define LT_OBJDIR ".libs/"
| /* end confdefs.h.  */
| /* Define dlopen to an innocuous variant, in case <limits.h> declares dlopen.
|    For example, HP-UX 11i <limits.h> declares gettimeofday.  */
| #define dlopen innocuous_dlopen
| 
| /* System header to define __stub macros and hopefully few prototypes,
|     which can conflict with char dlopen (); below.
|     Prefer <limits.h> to <assert.h> if __STDC__ is defined, since
|     <limits.h> exists even on freestanding compilers.  */
| 
| #ifdef __STDC__
| # include <limits.h>
| #else
| # include <assert.h>
| #endif
| 
| #undef dlopen
| 
| /* Override any GCC internal prototype to avoid an error.
|    Use char because int might match the return type of a GCC
|    builtin and then its argument prototype would still apply.  */
| #ifdef __cplusplus
| extern "C"
| #endif
| char dlopen ();
| /* The GNU C library defines this for functions which it implements
|     to always fail with ENOSYS.  Some functions are actually named
|     something starting with __ and the normal name is an alias.  */
| #if defined __stub_dlopen || defined __stub___dlopen
| choke me
| #endif
| 
| int
| main ()
| {
| return dlopen ();
|   ;
|   return 0;
| }
configure:11988: result: no
configure:11992: checking for dlopen in -ldl
configure:12017: /home/dean/sunxi-v3s/buildroot-2017.08/output/host/bin/arm-linux-gnueabihf-gcc -o conftest -DGCC_HASCLASSVISIBILITY -D_LARGEFILE_SOURCE -D_LARGEFILE64_SOURCE -D_FILE_OFFSET_BITS=64  -Os  -D_LARGEFILE_SOURCE -D_LARGEFILE64_SOURCE -D_FILE_OFFSET_BITS=64  conftest.c -ldl   >&5
configure:12017: $? = 0
configure:12026: result: yes
configure:12145: checking whether a program can dlopen itself
configure:12246: result: cross
configure:12391: checking whether stripping libraries is possible
configure:12396: result: yes
configure:12431: checking if libtool supports shared libraries
configure:12433: result: yes
configure:12436: checking whether to build shared libraries
configure:12461: result: yes
configure:12464: checking whether to build static libraries
configure:12468: result: no
configure:12507: checking for dlopen in -ldl
configure:12541: result: yes
configure:12554: checking for size_t
configure:12554: /home/dean/sunxi-v3s/buildroot-2017.08/output/host/bin/arm-linux-gnueabihf-gcc -c -DGCC_HASCLASSVISIBILITY -D_LARGEFILE_SOURCE -D_LARGEFILE64_SOURCE -D_FILE_OFFSET_BITS=64  -Os  -D_LARGEFILE_SOURCE -D_LARGEFILE64_SOURCE -D_FILE_OFFSET_BITS=64 conftest.c >&5
configure:12554: $? = 0
configure:12554: /home/dean/sunxi-v3s/buildroot-2017.08/output/host/bin/arm-linux-gnueabihf-gcc -c -DGCC_HASCLASSVISIBILITY -D_LARGEFILE_SOURCE -D_LARGEFILE64_SOURCE -D_FILE_OFFSET_BITS=64  -Os  -D_LARGEFILE_SOURCE -D_LARGEFILE64_SOURCE -D_FILE_OFFSET_BITS=64 conftest.c >&5
conftest.c: In function 'main':
conftest.c:60:21: error: expected expression before ')' token
 if (sizeof ((size_t)))
                     ^
configure:12554: $? = 1
configure: failed program was:
| /* confdefs.h */
| #define PACKAGE_NAME "tslib"
| #define PACKAGE_TARNAME "tslib"
| #define PACKAGE_VERSION "1.11"
| #define PACKAGE_STRING "tslib 1.11"
| #define PACKAGE_BUGREPORT "tslib@lists.infradead.org"
| #define PACKAGE_URL "http://tslib.org"
| #define PACKAGE "tslib"
| #define VERSION "1.11"
| #define STDC_HEADERS 1
| #define HAVE_SYS_TYPES_H 1
| #define HAVE_SYS_STAT_H 1
| #define HAVE_STDLIB_H 1
| #define HAVE_STRING_H 1
| #define HAVE_MEMORY_H 1
| #define HAVE_STRINGS_H 1
| #define HAVE_INTTYPES_H 1
| #define HAVE_STDINT_H 1
| #define HAVE_UNISTD_H 1
| #define HAVE_DLFCN_H 1
| #define LT_OBJDIR ".libs/"
| #define HAVE_LIBDL 1
| /* end confdefs.h.  */
| #include <stdio.h>
| #ifdef HAVE_SYS_TYPES_H
| # include <sys/types.h>
| #endif
| #ifdef HAVE_SYS_STAT_H
| # include <sys/stat.h>
| #endif
| #ifdef STDC_HEADERS
| # include <stdlib.h>
| # include <stddef.h>
| #else
| # ifdef HAVE_STDLIB_H
| #  include <stdlib.h>
| # endif
| #endif
| #ifdef HAVE_STRING_H
| # if !defined STDC_HEADERS && defined HAVE_MEMORY_H
| #  include <memory.h>
| # endif
| # include <string.h>
| #endif
| #ifdef HAVE_STRINGS_H
| # include <strings.h>
| #endif
| #ifdef HAVE_INTTYPES_H
| # include <inttypes.h>
| #endif
| #ifdef HAVE_STDINT_H
| # include <stdint.h>
| #endif
| #ifdef HAVE_UNISTD_H
| # include <unistd.h>
| #endif
| int
| main ()
| {
| if (sizeof ((size_t)))
| 	    return 0;
|   ;
|   return 0;
| }
configure:12554: result: yes
configure:12567: checking for working alloca.h
configure:12584: /home/dean/sunxi-v3s/buildroot-2017.08/output/host/bin/arm-linux-gnueabihf-gcc -o conftest -DGCC_HASCLASSVISIBILITY -D_LARGEFILE_SOURCE -D_LARGEFILE64_SOURCE -D_FILE_OFFSET_BITS=64  -Os  -D_LARGEFILE_SOURCE -D_LARGEFILE64_SOURCE -D_FILE_OFFSET_BITS=64  conftest.c -ldl  >&5
configure:12584: $? = 0
configure:12592: result: yes
configure:12600: checking for alloca
configure:12637: /home/dean/sunxi-v3s/buildroot-2017.08/output/host/bin/arm-linux-gnueabihf-gcc -o conftest -DGCC_HASCLASSVISIBILITY -D_LARGEFILE_SOURCE -D_LARGEFILE64_SOURCE -D_FILE_OFFSET_BITS=64  -Os  -D_LARGEFILE_SOURCE -D_LARGEFILE64_SOURCE -D_FILE_OFFSET_BITS=64  conftest.c -ldl  >&5
configure:12637: $? = 0
configure:12645: result: yes
configure:12751: checking for ANSI C header files
configure:12855: result: yes
configure:12866: checking fcntl.h usability
configure:12866: /home/dean/sunxi-v3s/buildroot-2017.08/output/host/bin/arm-linux-gnueabihf-gcc -c -DGCC_HASCLASSVISIBILITY -D_LARGEFILE_SOURCE -D_LARGEFILE64_SOURCE -D_FILE_OFFSET_BITS=64  -Os  -D_LARGEFILE_SOURCE -D_LARGEFILE64_SOURCE -D_FILE_OFFSET_BITS=64 conftest.c >&5
configure:12866: $? = 0
configure:12866: result: yes
configure:12866: checking fcntl.h presence
configure:12866: /home/dean/sunxi-v3s/buildroot-2017.08/output/host/bin/arm-linux-gnueabihf-cpp -D_LARGEFILE_SOURCE -D_LARGEFILE64_SOURCE -D_FILE_OFFSET_BITS=64 conftest.c
configure:12866: $? = 0
configure:12866: result: yes
configure:12866: checking for fcntl.h
configure:12866: result: yes
configure:12866: checking limits.h usability
configure:12866: /home/dean/sunxi-v3s/buildroot-2017.08/output/host/bin/arm-linux-gnueabihf-gcc -c -DGCC_HASCLASSVISIBILITY -D_LARGEFILE_SOURCE -D_LARGEFILE64_SOURCE -D_FILE_OFFSET_BITS=64  -Os  -D_LARGEFILE_SOURCE -D_LARGEFILE64_SOURCE -D_FILE_OFFSET_BITS=64 conftest.c >&5
configure:12866: $? = 0
configure:12866: result: yes
configure:12866: checking limits.h presence
configure:12866: /home/dean/sunxi-v3s/buildroot-2017.08/output/host/bin/arm-linux-gnueabihf-cpp -D_LARGEFILE_SOURCE -D_LARGEFILE64_SOURCE -D_FILE_OFFSET_BITS=64 conftest.c
configure:12866: $? = 0
configure:12866: result: yes
configure:12866: checking for limits.h
configure:12866: result: yes
configure:12866: checking for stdlib.h
configure:12866: result: yes
configure:12866: checking for string.h
configure:12866: result: yes
configure:12866: checking sys/ioctl.h usability
configure:12866: /home/dean/sunxi-v3s/buildroot-2017.08/output/host/bin/arm-linux-gnueabihf-gcc -c -DGCC_HASCLASSVISIBILITY -D_LARGEFILE_SOURCE -D_LARGEFILE64_SOURCE -D_FILE_OFFSET_BITS=64  -Os  -D_LARGEFILE_SOURCE -D_LARGEFILE64_SOURCE -D_FILE_OFFSET_BITS=64 conftest.c >&5
configure:12866: $? = 0
configure:12866: result: yes
configure:12866: checking sys/ioctl.h presence
configure:12866: /home/dean/sunxi-v3s/buildroot-2017.08/output/host/bin/arm-linux-gnueabihf-cpp -D_LARGEFILE_SOURCE -D_LARGEFILE64_SOURCE -D_FILE_OFFSET_BITS=64 conftest.c
configure:12866: $? = 0
configure:12866: result: yes
configure:12866: checking for sys/ioctl.h
configure:12866: result: yes
configure:12866: checking sys/time.h usability
configure:12866: /home/dean/sunxi-v3s/buildroot-2017.08/output/host/bin/arm-linux-gnueabihf-gcc -c -DGCC_HASCLASSVISIBILITY -D_LARGEFILE_SOURCE -D_LARGEFILE64_SOURCE -D_FILE_OFFSET_BITS=64  -Os  -D_LARGEFILE_SOURCE -D_LARGEFILE64_SOURCE -D_FILE_OFFSET_BITS=64 conftest.c >&5
configure:12866: $? = 0
configure:12866: result: yes
configure:12866: checking sys/time.h presence
configure:12866: /home/dean/sunxi-v3s/buildroot-2017.08/output/host/bin/arm-linux-gnueabihf-cpp -D_LARGEFILE_SOURCE -D_LARGEFILE64_SOURCE -D_FILE_OFFSET_BITS=64 conftest.c
configure:12866: $? = 0
configure:12866: result: yes
configure:12866: checking for sys/time.h
configure:12866: result: yes
configure:12866: checking for unistd.h
configure:12866: result: yes
configure:12866: checking for stdint.h
configure:12866: result: yes
configure:12866: checking for sys/types.h
configure:12866: result: yes
configure:12866: checking errno.h usability
configure:12866: /home/dean/sunxi-v3s/buildroot-2017.08/output/host/bin/arm-linux-gnueabihf-gcc -c -DGCC_HASCLASSVISIBILITY -D_LARGEFILE_SOURCE -D_LARGEFILE64_SOURCE -D_FILE_OFFSET_BITS=64  -Os  -D_LARGEFILE_SOURCE -D_LARGEFILE64_SOURCE -D_FILE_OFFSET_BITS=64 conftest.c >&5
configure:12866: $? = 0
configure:12866: result: yes
configure:12866: checking errno.h presence
configure:12866: /home/dean/sunxi-v3s/buildroot-2017.08/output/host/bin/arm-linux-gnueabihf-cpp -D_LARGEFILE_SOURCE -D_LARGEFILE64_SOURCE -D_FILE_OFFSET_BITS=64 conftest.c
configure:12866: $? = 0
configure:12866: result: yes
configure:12866: checking for errno.h
configure:12866: result: yes
configure:12878: checking linux/spi/cy8mrln.h usability
configure:12878: /home/dean/sunxi-v3s/buildroot-2017.08/output/host/bin/arm-linux-gnueabihf-gcc -c -DGCC_HASCLASSVISIBILITY -D_LARGEFILE_SOURCE -D_LARGEFILE64_SOURCE -D_FILE_OFFSET_BITS=64  -Os  -D_LARGEFILE_SOURCE -D_LARGEFILE64_SOURCE -D_FILE_OFFSET_BITS=64 conftest.c >&5
conftest.c:70:31: fatal error: linux/spi/cy8mrln.h: No such file or directory
 #include <linux/spi/cy8mrln.h>
                               ^
compilation terminated.
configure:12878: $? = 1
configure: failed program was:
| /* confdefs.h */
| #define PACKAGE_NAME "tslib"
| #define PACKAGE_TARNAME "tslib"
| #define PACKAGE_VERSION "1.11"
| #define PACKAGE_STRING "tslib 1.11"
| #define PACKAGE_BUGREPORT "tslib@lists.infradead.org"
| #define PACKAGE_URL "http://tslib.org"
| #define PACKAGE "tslib"
| #define VERSION "1.11"
| #define STDC_HEADERS 1
| #define HAVE_SYS_TYPES_H 1
| #define HAVE_SYS_STAT_H 1
| #define HAVE_STDLIB_H 1
| #define HAVE_STRING_H 1
| #define HAVE_MEMORY_H 1
| #define HAVE_STRINGS_H 1
| #define HAVE_INTTYPES_H 1
| #define HAVE_STDINT_H 1
| #define HAVE_UNISTD_H 1
| #define HAVE_DLFCN_H 1
| #define LT_OBJDIR ".libs/"
| #define HAVE_LIBDL 1
| #define HAVE_ALLOCA_H 1
| #define HAVE_ALLOCA 1
| #define STDC_HEADERS 1
| #define HAVE_FCNTL_H 1
| #define HAVE_LIMITS_H 1
| #define HAVE_STDLIB_H 1
| #define HAVE_STRING_H 1
| #define HAVE_SYS_IOCTL_H 1
| #define HAVE_SYS_TIME_H 1
| #define HAVE_UNISTD_H 1
| #define HAVE_STDINT_H 1
| #define HAVE_SYS_TYPES_H 1
| #define HAVE_ERRNO_H 1
| /* end confdefs.h.  */
| #include <stdio.h>
| #ifdef HAVE_SYS_TYPES_H
| # include <sys/types.h>
| #endif
| #ifdef HAVE_SYS_STAT_H
| # include <sys/stat.h>
| #endif
| #ifdef STDC_HEADERS
| # include <stdlib.h>
| # include <stddef.h>
| #else
| # ifdef HAVE_STDLIB_H
| #  include <stdlib.h>
| # endif
| #endif
| #ifdef HAVE_STRING_H
| # if !defined STDC_HEADERS && defined HAVE_MEMORY_H
| #  include <memory.h>
| # endif
| # include <string.h>
| #endif
| #ifdef HAVE_STRINGS_H
| # include <strings.h>
| #endif
| #ifdef HAVE_INTTYPES_H
| # include <inttypes.h>
| #endif
| #ifdef HAVE_STDINT_H
| # include <stdint.h>
| #endif
| #ifdef HAVE_UNISTD_H
| # include <unistd.h>
| #endif
| #include <linux/spi/cy8mrln.h>
configure:12878: result: no
configure:12878: checking linux/spi/cy8mrln.h presence
configure:12878: /home/dean/sunxi-v3s/buildroot-2017.08/output/host/bin/arm-linux-gnueabihf-cpp -D_LARGEFILE_SOURCE -D_LARGEFILE64_SOURCE -D_FILE_OFFSET_BITS=64 conftest.c
conftest.c:37:31: fatal error: linux/spi/cy8mrln.h: No such file or directory
 #include <linux/spi/cy8mrln.h>
                               ^
compilation terminated.
configure:12878: $? = 1
configure: failed program was:
| /* confdefs.h */
| #define PACKAGE_NAME "tslib"
| #define PACKAGE_TARNAME "tslib"
| #define PACKAGE_VERSION "1.11"
| #define PACKAGE_STRING "tslib 1.11"
| #define PACKAGE_BUGREPORT "tslib@lists.infradead.org"
| #define PACKAGE_URL "http://tslib.org"
| #define PACKAGE "tslib"
| #define VERSION "1.11"
| #define STDC_HEADERS 1
| #define HAVE_SYS_TYPES_H 1
| #define HAVE_SYS_STAT_H 1
| #define HAVE_STDLIB_H 1
| #define HAVE_STRING_H 1
| #define HAVE_MEMORY_H 1
| #define HAVE_STRINGS_H 1
| #define HAVE_INTTYPES_H 1
| #define HAVE_STDINT_H 1
| #define HAVE_UNISTD_H 1
| #define HAVE_DLFCN_H 1
| #define LT_OBJDIR ".libs/"
| #define HAVE_LIBDL 1
| #define HAVE_ALLOCA_H 1
| #define HAVE_ALLOCA 1
| #define STDC_HEADERS 1
| #define HAVE_FCNTL_H 1
| #define HAVE_LIMITS_H 1
| #define HAVE_STDLIB_H 1
| #define HAVE_STRING_H 1
| #define HAVE_SYS_IOCTL_H 1
| #define HAVE_SYS_TIME_H 1
| #define HAVE_UNISTD_H 1
| #define HAVE_STDINT_H 1
| #define HAVE_SYS_TYPES_H 1
| #define HAVE_ERRNO_H 1
| /* end confdefs.h.  */
| #include <linux/spi/cy8mrln.h>
configure:12878: result: no
configure:12878: checking for linux/spi/cy8mrln.h
configure:12878: result: no
configure:12890: checking for an ANSI C-conforming const
configure:12956: /home/dean/sunxi-v3s/buildroot-2017.08/output/host/bin/arm-linux-gnueabihf-gcc -c -DGCC_HASCLASSVISIBILITY -D_LARGEFILE_SOURCE -D_LARGEFILE64_SOURCE -D_FILE_OFFSET_BITS=64  -Os  -D_LARGEFILE_SOURCE -D_LARGEFILE64_SOURCE -D_FILE_OFFSET_BITS=64 conftest.c >&5
configure:12956: $? = 0
configure:12963: result: yes
configure:12971: checking for inline
configure:12987: /home/dean/sunxi-v3s/buildroot-2017.08/output/host/bin/arm-linux-gnueabihf-gcc -c -DGCC_HASCLASSVISIBILITY -D_LARGEFILE_SOURCE -D_LARGEFILE64_SOURCE -D_FILE_OFFSET_BITS=64  -Os  -D_LARGEFILE_SOURCE -D_LARGEFILE64_SOURCE -D_FILE_OFFSET_BITS=64 conftest.c >&5
configure:12987: $? = 0
configure:12995: result: inline
configure:13013: checking for size_t
configure:13013: result: yes
configure:13024: checking for uint16_t
configure:13024: /home/dean/sunxi-v3s/buildroot-2017.08/output/host/bin/arm-linux-gnueabihf-gcc -c -DGCC_HASCLASSVISIBILITY -D_LARGEFILE_SOURCE -D_LARGEFILE64_SOURCE -D_FILE_OFFSET_BITS=64  -Os  -D_LARGEFILE_SOURCE -D_LARGEFILE64_SOURCE -D_FILE_OFFSET_BITS=64 conftest.c >&5
configure:13024: $? = 0
configure:13024: result: yes
configure:13036: checking for uint8_t
configure:13036: /home/dean/sunxi-v3s/buildroot-2017.08/output/host/bin/arm-linux-gnueabihf-gcc -c -DGCC_HASCLASSVISIBILITY -D_LARGEFILE_SOURCE -D_LARGEFILE64_SOURCE -D_FILE_OFFSET_BITS=64  -Os  -D_LARGEFILE_SOURCE -D_LARGEFILE64_SOURCE -D_FILE_OFFSET_BITS=64 conftest.c >&5
configure:13036: $? = 0
configure:13036: result: yes
configure:13050: checking whether time.h and sys/time.h may both be included
configure:13070: /home/dean/sunxi-v3s/buildroot-2017.08/output/host/bin/arm-linux-gnueabihf-gcc -c -DGCC_HASCLASSVISIBILITY -D_LARGEFILE_SOURCE -D_LARGEFILE64_SOURCE -D_FILE_OFFSET_BITS=64  -Os  -D_LARGEFILE_SOURCE -D_LARGEFILE64_SOURCE -D_FILE_OFFSET_BITS=64 conftest.c >&5
configure:13070: $? = 0
configure:13077: result: yes
configure:13088: checking whether /home/dean/sunxi-v3s/buildroot-2017.08/output/host/bin/arm-linux-gnueabihf-gcc needs -traditional
configure:13122: result: no
configure:13135: checking for stdlib.h
configure:13135: result: yes
configure:13135: checking for unistd.h
configure:13135: result: yes
configure:13135: checking for sys/param.h
configure:13135: /home/dean/sunxi-v3s/buildroot-2017.08/output/host/bin/arm-linux-gnueabihf-gcc -c -DGCC_HASCLASSVISIBILITY -D_LARGEFILE_SOURCE -D_LARGEFILE64_SOURCE -D_FILE_OFFSET_BITS=64  -Os  -D_LARGEFILE_SOURCE -D_LARGEFILE64_SOURCE -D_FILE_OFFSET_BITS=64 conftest.c >&5
configure:13135: $? = 0
configure:13135: result: yes
configure:13155: checking for getpagesize
configure:13155: /home/dean/sunxi-v3s/buildroot-2017.08/output/host/bin/arm-linux-gnueabihf-gcc -o conftest -DGCC_HASCLASSVISIBILITY -D_LARGEFILE_SOURCE -D_LARGEFILE64_SOURCE -D_FILE_OFFSET_BITS=64  -Os  -D_LARGEFILE_SOURCE -D_LARGEFILE64_SOURCE -D_FILE_OFFSET_BITS=64  conftest.c -ldl  >&5
configure:13155: $? = 0
configure:13155: result: yes
configure:13164: checking for working mmap
configure:13321: result: yes
configure:13333: checking sys/select.h usability
configure:13333: /home/dean/sunxi-v3s/buildroot-2017.08/output/host/bin/arm-linux-gnueabihf-gcc -c -DGCC_HASCLASSVISIBILITY -D_LARGEFILE_SOURCE -D_LARGEFILE64_SOURCE -D_FILE_OFFSET_BITS=64  -Os  -D_LARGEFILE_SOURCE -D_LARGEFILE64_SOURCE -D_FILE_OFFSET_BITS=64 conftest.c >&5
configure:13333: $? = 0
configure:13333: result: yes
configure:13333: checking sys/select.h presence
configure:13333: /home/dean/sunxi-v3s/buildroot-2017.08/output/host/bin/arm-linux-gnueabihf-cpp -D_LARGEFILE_SOURCE -D_LARGEFILE64_SOURCE -D_FILE_OFFSET_BITS=64 conftest.c
configure:13333: $? = 0
configure:13333: result: yes
configure:13333: checking for sys/select.h
configure:13333: result: yes
configure:13333: checking sys/socket.h usability
configure:13333: /home/dean/sunxi-v3s/buildroot-2017.08/output/host/bin/arm-linux-gnueabihf-gcc -c -DGCC_HASCLASSVISIBILITY -D_LARGEFILE_SOURCE -D_LARGEFILE64_SOURCE -D_FILE_OFFSET_BITS=64  -Os  -D_LARGEFILE_SOURCE -D_LARGEFILE64_SOURCE -D_FILE_OFFSET_BITS=64 conftest.c >&5
configure:13333: $? = 0
configure:13333: result: yes
configure:13333: checking sys/socket.h presence
configure:13333: /home/dean/sunxi-v3s/buildroot-2017.08/output/host/bin/arm-linux-gnueabihf-cpp -D_LARGEFILE_SOURCE -D_LARGEFILE64_SOURCE -D_FILE_OFFSET_BITS=64 conftest.c
configure:13333: $? = 0
configure:13333: result: yes
configure:13333: checking for sys/socket.h
configure:13333: result: yes
configure:13343: checking types of arguments for select
configure:13371: /home/dean/sunxi-v3s/buildroot-2017.08/output/host/bin/arm-linux-gnueabihf-gcc -c -DGCC_HASCLASSVISIBILITY -D_LARGEFILE_SOURCE -D_LARGEFILE64_SOURCE -D_FILE_OFFSET_BITS=64  -Os  -D_LARGEFILE_SOURCE -D_LARGEFILE64_SOURCE -D_FILE_OFFSET_BITS=64 conftest.c >&5
configure:13371: $? = 0
configure:13382: result: int,fd_set *,struct timeval *
configure:13405: checking return type of signal handlers
configure:13423: /home/dean/sunxi-v3s/buildroot-2017.08/output/host/bin/arm-linux-gnueabihf-gcc -c -DGCC_HASCLASSVISIBILITY -D_LARGEFILE_SOURCE -D_LARGEFILE64_SOURCE -D_FILE_OFFSET_BITS=64  -Os  -D_LARGEFILE_SOURCE -D_LARGEFILE64_SOURCE -D_FILE_OFFSET_BITS=64 conftest.c >&5
conftest.c: In function 'main':
conftest.c:54:10: error: void value not ignored as it ought to be
 return *(signal (0, 0)) (0) == 1;
         ~^~~~~~~~~~~~~~~~~~
configure:13423: $? = 1
configure: failed program was:
| /* confdefs.h */
| #define PACKAGE_NAME "tslib"
| #define PACKAGE_TARNAME "tslib"
| #define PACKAGE_VERSION "1.11"
| #define PACKAGE_STRING "tslib 1.11"
| #define PACKAGE_BUGREPORT "tslib@lists.infradead.org"
| #define PACKAGE_URL "http://tslib.org"
| #define PACKAGE "tslib"
| #define VERSION "1.11"
| #define STDC_HEADERS 1
| #define HAVE_SYS_TYPES_H 1
| #define HAVE_SYS_STAT_H 1
| #define HAVE_STDLIB_H 1
| #define HAVE_STRING_H 1
| #define HAVE_MEMORY_H 1
| #define HAVE_STRINGS_H 1
| #define HAVE_INTTYPES_H 1
| #define HAVE_STDINT_H 1
| #define HAVE_UNISTD_H 1
| #define HAVE_DLFCN_H 1
| #define LT_OBJDIR ".libs/"
| #define HAVE_LIBDL 1
| #define HAVE_ALLOCA_H 1
| #define HAVE_ALLOCA 1
| #define STDC_HEADERS 1
| #define HAVE_FCNTL_H 1
| #define HAVE_LIMITS_H 1
| #define HAVE_STDLIB_H 1
| #define HAVE_STRING_H 1
| #define HAVE_SYS_IOCTL_H 1
| #define HAVE_SYS_TIME_H 1
| #define HAVE_UNISTD_H 1
| #define HAVE_STDINT_H 1
| #define HAVE_SYS_TYPES_H 1
| #define HAVE_ERRNO_H 1
| #define TIME_WITH_SYS_TIME 1
| #define HAVE_STDLIB_H 1
| #define HAVE_UNISTD_H 1
| #define HAVE_SYS_PARAM_H 1
| #define HAVE_GETPAGESIZE 1
| #define HAVE_MMAP 1
| #define HAVE_SYS_SELECT_H 1
| #define HAVE_SYS_SOCKET_H 1
| #define SELECT_TYPE_ARG1 int
| #define SELECT_TYPE_ARG234 (fd_set *)
| #define SELECT_TYPE_ARG5 (struct timeval *)
| /* end confdefs.h.  */
| #include <sys/types.h>
| #include <signal.h>
| 
| int
| main ()
| {
| return *(signal (0, 0)) (0) == 1;
|   ;
|   return 0;
| }
configure:13430: result: void
configure:13438: checking whether lstat correctly handles trailing slash
configure:13481: result: no
configure:13500: checking whether stat accepts an empty string
configure:13530: result: yes
configure:13548: checking for vprintf
configure:13548: /home/dean/sunxi-v3s/buildroot-2017.08/output/host/bin/arm-linux-gnueabihf-gcc -o conftest -DGCC_HASCLASSVISIBILITY -D_LARGEFILE_SOURCE -D_LARGEFILE64_SOURCE -D_FILE_OFFSET_BITS=64  -Os  -D_LARGEFILE_SOURCE -D_LARGEFILE64_SOURCE -D_FILE_OFFSET_BITS=64  conftest.c -ldl  >&5
conftest.c:73:6: warning: conflicting types for built-in function 'vprintf'
 char vprintf ();
      ^~~~~~~
configure:13548: $? = 0
configure:13548: result: yes
configure:13554: checking for _doprnt
configure:13554: /home/dean/sunxi-v3s/buildroot-2017.08/output/host/bin/arm-linux-gnueabihf-gcc -o conftest -DGCC_HASCLASSVISIBILITY -D_LARGEFILE_SOURCE -D_LARGEFILE64_SOURCE -D_FILE_OFFSET_BITS=64  -Os  -D_LARGEFILE_SOURCE -D_LARGEFILE64_SOURCE -D_FILE_OFFSET_BITS=64  conftest.c -ldl  >&5
/tmp/cckAegnX.o: In function `main':
conftest.c:(.text.startup+0x4): undefined reference to `_doprnt'
collect2: error: ld returned 1 exit status
configure:13554: $? = 1
configure: failed program was:
| /* confdefs.h */
| #define PACKAGE_NAME "tslib"
| #define PACKAGE_TARNAME "tslib"
| #define PACKAGE_VERSION "1.11"
| #define PACKAGE_STRING "tslib 1.11"
| #define PACKAGE_BUGREPORT "tslib@lists.infradead.org"
| #define PACKAGE_URL "http://tslib.org"
| #define PACKAGE "tslib"
| #define VERSION "1.11"
| #define STDC_HEADERS 1
| #define HAVE_SYS_TYPES_H 1
| #define HAVE_SYS_STAT_H 1
| #define HAVE_STDLIB_H 1
| #define HAVE_STRING_H 1
| #define HAVE_MEMORY_H 1
| #define HAVE_STRINGS_H 1
| #define HAVE_INTTYPES_H 1
| #define HAVE_STDINT_H 1
| #define HAVE_UNISTD_H 1
| #define HAVE_DLFCN_H 1
| #define LT_OBJDIR ".libs/"
| #define HAVE_LIBDL 1
| #define HAVE_ALLOCA_H 1
| #define HAVE_ALLOCA 1
| #define STDC_HEADERS 1
| #define HAVE_FCNTL_H 1
| #define HAVE_LIMITS_H 1
| #define HAVE_STDLIB_H 1
| #define HAVE_STRING_H 1
| #define HAVE_SYS_IOCTL_H 1
| #define HAVE_SYS_TIME_H 1
| #define HAVE_UNISTD_H 1
| #define HAVE_STDINT_H 1
| #define HAVE_SYS_TYPES_H 1
| #define HAVE_ERRNO_H 1
| #define TIME_WITH_SYS_TIME 1
| #define HAVE_STDLIB_H 1
| #define HAVE_UNISTD_H 1
| #define HAVE_SYS_PARAM_H 1
| #define HAVE_GETPAGESIZE 1
| #define HAVE_MMAP 1
| #define HAVE_SYS_SELECT_H 1
| #define HAVE_SYS_SOCKET_H 1
| #define SELECT_TYPE_ARG1 int
| #define SELECT_TYPE_ARG234 (fd_set *)
| #define SELECT_TYPE_ARG5 (struct timeval *)
| #define RETSIGTYPE void
| #define HAVE_STAT_EMPTY_STRING_BUG 1
| #define HAVE_VPRINTF 1
| /* end confdefs.h.  */
| /* Define _doprnt to an innocuous variant, in case <limits.h> declares _doprnt.
|    For example, HP-UX 11i <limits.h> declares gettimeofday.  */
| #define _doprnt innocuous__doprnt
| 
| /* System header to define __stub macros and hopefully few prototypes,
|     which can conflict with char _doprnt (); below.
|     Prefer <limits.h> to <assert.h> if __STDC__ is defined, since
|     <limits.h> exists even on freestanding compilers.  */
| 
| #ifdef __STDC__
| # include <limits.h>
| #else
| # include <assert.h>
| #endif
| 
| #undef _doprnt
| 
| /* Override any GCC internal prototype to avoid an error.
|    Use char because int might match the return type of a GCC
|    builtin and then its argument prototype would still apply.  */
| #ifdef __cplusplus
| extern "C"
| #endif
| char _doprnt ();
| /* The GNU C library defines this for functions which it implements
|     to always fail with ENOSYS.  Some functions are actually named
|     something starting with __ and the normal name is an alias.  */
| #if defined __stub__doprnt || defined __stub____doprnt
| choke me
| #endif
| 
| int
| main ()
| {
| return _doprnt ();
|   ;
|   return 0;
| }
configure:13554: result: no
configure:13567: checking for stdlib.h
configure:13567: result: yes
configure:13577: checking for GNU libc compatible malloc
configure:13611: result: yes
configure:13634: checking for stdlib.h
configure:13634: result: yes
configure:13644: checking for GNU libc compatible realloc
configure:13678: result: yes
configure:13702: checking for gettimeofday
configure:13702: /home/dean/sunxi-v3s/buildroot-2017.08/output/host/bin/arm-linux-gnueabihf-gcc -o conftest -DGCC_HASCLASSVISIBILITY -D_LARGEFILE_SOURCE -D_LARGEFILE64_SOURCE -D_FILE_OFFSET_BITS=64  -Os  -D_LARGEFILE_SOURCE -D_LARGEFILE64_SOURCE -D_FILE_OFFSET_BITS=64  conftest.c -ldl  >&5
configure:13702: $? = 0
configure:13702: result: yes
configure:13702: checking for memmove
configure:13702: /home/dean/sunxi-v3s/buildroot-2017.08/output/host/bin/arm-linux-gnueabihf-gcc -o conftest -DGCC_HASCLASSVISIBILITY -D_LARGEFILE_SOURCE -D_LARGEFILE64_SOURCE -D_FILE_OFFSET_BITS=64  -Os  -D_LARGEFILE_SOURCE -D_LARGEFILE64_SOURCE -D_FILE_OFFSET_BITS=64  conftest.c -ldl  >&5
conftest.c:79:6: warning: conflicting types for built-in function 'memmove'
 char memmove ();
      ^~~~~~~
configure:13702: $? = 0
configure:13702: result: yes
configure:13702: checking for memset
configure:13702: /home/dean/sunxi-v3s/buildroot-2017.08/output/host/bin/arm-linux-gnueabihf-gcc -o conftest -DGCC_HASCLASSVISIBILITY -D_LARGEFILE_SOURCE -D_LARGEFILE64_SOURCE -D_FILE_OFFSET_BITS=64  -Os  -D_LARGEFILE_SOURCE -D_LARGEFILE64_SOURCE -D_FILE_OFFSET_BITS=64  conftest.c -ldl  >&5
conftest.c:80:6: warning: conflicting types for built-in function 'memset'
 char memset ();
      ^~~~~~
configure:13702: $? = 0
configure:13702: result: yes
configure:13702: checking for munmap
configure:13702: /home/dean/sunxi-v3s/buildroot-2017.08/output/host/bin/arm-linux-gnueabihf-gcc -o conftest -DGCC_HASCLASSVISIBILITY -D_LARGEFILE_SOURCE -D_LARGEFILE64_SOURCE -D_FILE_OFFSET_BITS=64  -Os  -D_LARGEFILE_SOURCE -D_LARGEFILE64_SOURCE -D_FILE_OFFSET_BITS=64  conftest.c -ldl  >&5
configure:13702: $? = 0
configure:13702: result: yes
configure:13702: checking for select
configure:13702: /home/dean/sunxi-v3s/buildroot-2017.08/output/host/bin/arm-linux-gnueabihf-gcc -o conftest -DGCC_HASCLASSVISIBILITY -D_LARGEFILE_SOURCE -D_LARGEFILE64_SOURCE -D_FILE_OFFSET_BITS=64  -Os  -D_LARGEFILE_SOURCE -D_LARGEFILE64_SOURCE -D_FILE_OFFSET_BITS=64  conftest.c -ldl  >&5
configure:13702: $? = 0
configure:13702: result: yes
configure:13702: checking for strcasecmp
configure:13702: /home/dean/sunxi-v3s/buildroot-2017.08/output/host/bin/arm-linux-gnueabihf-gcc -o conftest -DGCC_HASCLASSVISIBILITY -D_LARGEFILE_SOURCE -D_LARGEFILE64_SOURCE -D_FILE_OFFSET_BITS=64  -Os  -D_LARGEFILE_SOURCE -D_LARGEFILE64_SOURCE -D_FILE_OFFSET_BITS=64  conftest.c -ldl  >&5
conftest.c:83:6: warning: conflicting types for built-in function 'strcasecmp'
 char strcasecmp ();
      ^~~~~~~~~~
configure:13702: $? = 0
configure:13702: result: yes
configure:13702: checking for strchr
configure:13702: /home/dean/sunxi-v3s/buildroot-2017.08/output/host/bin/arm-linux-gnueabihf-gcc -o conftest -DGCC_HASCLASSVISIBILITY -D_LARGEFILE_SOURCE -D_LARGEFILE64_SOURCE -D_FILE_OFFSET_BITS=64  -Os  -D_LARGEFILE_SOURCE -D_LARGEFILE64_SOURCE -D_FILE_OFFSET_BITS=64  conftest.c -ldl  >&5
conftest.c:84:6: warning: conflicting types for built-in function 'strchr'
 char strchr ();
      ^~~~~~
configure:13702: $? = 0
configure:13702: result: yes
configure:13702: checking for strdup
configure:13702: /home/dean/sunxi-v3s/buildroot-2017.08/output/host/bin/arm-linux-gnueabihf-gcc -o conftest -DGCC_HASCLASSVISIBILITY -D_LARGEFILE_SOURCE -D_LARGEFILE64_SOURCE -D_FILE_OFFSET_BITS=64  -Os  -D_LARGEFILE_SOURCE -D_LARGEFILE64_SOURCE -D_FILE_OFFSET_BITS=64  conftest.c -ldl  >&5
conftest.c:85:6: warning: conflicting types for built-in function 'strdup'
 char strdup ();
      ^~~~~~
configure:13702: $? = 0
configure:13702: result: yes
configure:13702: checking for strtoul
configure:13702: /home/dean/sunxi-v3s/buildroot-2017.08/output/host/bin/arm-linux-gnueabihf-gcc -o conftest -DGCC_HASCLASSVISIBILITY -D_LARGEFILE_SOURCE -D_LARGEFILE64_SOURCE -D_FILE_OFFSET_BITS=64  -Os  -D_LARGEFILE_SOURCE -D_LARGEFILE64_SOURCE -D_FILE_OFFSET_BITS=64  conftest.c -ldl  >&5
configure:13702: $? = 0
configure:13702: result: yes
configure:13702: checking for strtol
configure:13702: /home/dean/sunxi-v3s/buildroot-2017.08/output/host/bin/arm-linux-gnueabihf-gcc -o conftest -DGCC_HASCLASSVISIBILITY -D_LARGEFILE_SOURCE -D_LARGEFILE64_SOURCE -D_FILE_OFFSET_BITS=64  -Os  -D_LARGEFILE_SOURCE -D_LARGEFILE64_SOURCE -D_FILE_OFFSET_BITS=64  conftest.c -ldl  >&5
configure:13702: $? = 0
configure:13702: result: yes
configure:13702: checking for strsep
configure:13702: /home/dean/sunxi-v3s/buildroot-2017.08/output/host/bin/arm-linux-gnueabihf-gcc -o conftest -DGCC_HASCLASSVISIBILITY -D_LARGEFILE_SOURCE -D_LARGEFILE64_SOURCE -D_FILE_OFFSET_BITS=64  -Os  -D_LARGEFILE_SOURCE -D_LARGEFILE64_SOURCE -D_FILE_OFFSET_BITS=64  conftest.c -ldl  >&5
configure:13702: $? = 0
configure:13702: result: yes
configure:13723: checking whether linear module is requested
configure:13733: result: yes
configure:13762: checking whether dejitter module is requested
configure:13772: result: yes
configure:13801: checking whether linear-h2200 module is requested
configure:13811: result: yes
configure:13840: checking whether variance module is requested
configure:13850: result: yes
configure:13879: checking whether median module is requested
configure:13889: result: yes
configure:13918: checking whether pthres module is requested
configure:13928: result: yes
configure:13957: checking whether debounce module is requested
configure:13967: result: yes
configure:13996: checking whether skip module is requested
configure:14006: result: yes
configure:14035: checking whether iir module is requested
configure:14045: result: yes
configure:14077: checking whether ucb1x00 module is requested
configure:14087: result: yes
configure:14116: checking whether cy8mrln-palmpre module is requested
configure:14126: result: no
configure:14155: checking whether corgi module is requested
configure:14165: result: yes
configure:14194: checking whether collie module is requested
configure:14204: result: yes
configure:14233: checking whether h3600 module is requested
configure:14243: result: yes
configure:14272: checking whether mk712 module is requested
configure:14282: result: yes
configure:14311: checking whether arctic2 module is requested
configure:14321: result: yes
configure:14350: checking whether tatung module is requested
configure:14360: result: yes
configure:14389: checking whether dmc module is requested
configure:14399: result: yes
configure:14428: checking whether dmc_dus3000 module is requested
configure:14438: result: no
configure:14467: checking whether input module is requested
configure:14477: result: yes
configure:14506: checking whether touchkit module is requested
configure:14516: result: yes
configure:14545: checking whether galax module is requested
configure:14555: result: yes
configure:14584: checking whether waveshare module is requested
configure:14594: result: yes
configure:17368: checking where to place modules
configure:17378: result: ${libdir}/ts
configure:17382: checking whether to enable debugging
configure:17391: result: no
configure:17409: checking whether to enable tools
configure:17426: result: yes
configure:17580: checking that generated files are newer than configure
configure:17586: result: done
configure:18381: creating ./config.status

## ---------------------- ##
## Running config.status. ##
## ---------------------- ##

This file was extended by tslib config.status 1.11, which was
generated by GNU Autoconf 2.69.  Invocation command line was

  CONFIG_FILES    = 
  CONFIG_HEADERS  = 
  CONFIG_LINKS    = 
  CONFIG_COMMANDS = 
  $ ./config.status 

on dean-ThinkPad-X100e

config.status:1258: creating Makefile
config.status:1258: creating etc/Makefile
config.status:1258: creating plugins/Makefile
config.status:1258: creating src/Makefile
config.status:1258: creating tests/Makefile
config.status:1258: creating tools/Makefile
config.status:1258: creating doc/Makefile
config.status:1258: creating tslib.pc
config.status:1258: creating config.h
config.status:1487: executing depfiles commands
config.status:1487: executing libtool commands
configure:20527: WARNING: unrecognized options: --disable-gtk-doc, --disable-gtk-doc-html, --disable-doc, --disable-docs, --disable-documentation, --with-xmlto, --with-fop, --enable-ipv6, --disable-nls

## ---------------- ##
## Cache variables. ##
## ---------------- ##

ac_cv_build=x86_64-pc-linux-gnu
ac_cv_c_bigendian=no
ac_cv_c_compiler_gnu=yes
ac_cv_c_const=yes
ac_cv_c_inline=inline
ac_cv_c_uint16_t=yes
ac_cv_c_uint8_t=yes
ac_cv_env_CC_set=set
ac_cv_env_CC_value=/home/dean/sunxi-v3s/buildroot-2017.08/output/host/bin/arm-linux-gnueabihf-gcc
ac_cv_env_CFLAGS_set=set
ac_cv_env_CFLAGS_value='-D_LARGEFILE_SOURCE -D_LARGEFILE64_SOURCE -D_FILE_OFFSET_BITS=64  -Os '
ac_cv_env_CPPFLAGS_set=set
ac_cv_env_CPPFLAGS_value='-D_LARGEFILE_SOURCE -D_LARGEFILE64_SOURCE -D_FILE_OFFSET_BITS=64'
ac_cv_env_CPP_set=set
ac_cv_env_CPP_value=/home/dean/sunxi-v3s/buildroot-2017.08/output/host/bin/arm-linux-gnueabihf-cpp
ac_cv_env_LDFLAGS_set=set
ac_cv_env_LDFLAGS_value=
ac_cv_env_LIBS_set=
ac_cv_env_LIBS_value=
ac_cv_env_LT_SYS_LIBRARY_PATH_set=
ac_cv_env_LT_SYS_LIBRARY_PATH_value=
ac_cv_env_build_alias_set=set
ac_cv_env_build_alias_value=x86_64-pc-linux-gnu
ac_cv_env_host_alias_set=set
ac_cv_env_host_alias_value=arm-buildroot-linux-gnueabihf
ac_cv_env_target_alias_set=set
ac_cv_env_target_alias_value=arm-buildroot-linux-gnueabihf
ac_cv_func__doprnt=no
ac_cv_func_alloca_works=yes
ac_cv_func_calloc_0_nonnull=yes
ac_cv_func_dlopen=no
ac_cv_func_getpagesize=yes
ac_cv_func_gettimeofday=yes
ac_cv_func_lstat_dereferences_slashed_symlink=no
ac_cv_func_malloc_0_nonnull=yes
ac_cv_func_memcmp_working=yes
ac_cv_func_memmove=yes
ac_cv_func_memset=yes
ac_cv_func_mmap_fixed_mapped=yes
ac_cv_func_munmap=yes
ac_cv_func_realloc_0_nonnull=yes
ac_cv_func_select=yes
ac_cv_func_select_args='int,fd_set *,struct timeval *'
ac_cv_func_shl_load=no
ac_cv_func_stat_empty_string_bug=yes
ac_cv_func_strcasecmp=yes
ac_cv_func_strchr=yes
ac_cv_func_strdup=yes
ac_cv_func_strsep=yes
ac_cv_func_strtol=yes
ac_cv_func_strtoul=yes
ac_cv_func_vprintf=yes
ac_cv_have_decl_malloc=yes
ac_cv_header_dlfcn_h=yes
ac_cv_header_errno_h=yes
ac_cv_header_fcntl_h=yes
ac_cv_header_inttypes_h=yes
ac_cv_header_limits_h=yes
ac_cv_header_linux_spi_cy8mrln_h=no
ac_cv_header_memory_h=yes
ac_cv_header_stdc=yes
ac_cv_header_stdint_h=yes
ac_cv_header_stdlib_h=yes
ac_cv_header_string_h=yes
ac_cv_header_strings_h=yes
ac_cv_header_sys_ioctl_h=yes
ac_cv_header_sys_param_h=yes
ac_cv_header_sys_select_h=yes
ac_cv_header_sys_socket_h=yes
ac_cv_header_sys_stat_h=yes
ac_cv_header_sys_time_h=yes
ac_cv_header_sys_types_h=yes
ac_cv_header_time=yes
ac_cv_header_unistd_h=yes
ac_cv_host=arm-buildroot-linux-gnueabihf
ac_cv_lbl_unaligned_fail=yes
ac_cv_lib_dl_dlopen=yes
ac_cv_lib_dld_shl_load=no
ac_cv_objext=o
ac_cv_path_EGREP='/bin/grep -E'
ac_cv_path_FGREP='/bin/grep -F'
ac_cv_path_GREP=/bin/grep
ac_cv_path_SED=/bin/sed
ac_cv_path_install='/usr/bin/install -c'
ac_cv_path_lt_DD=/bin/dd
ac_cv_path_mkdir=/bin/mkdir
ac_cv_prog_AR=/home/dean/sunxi-v3s/buildroot-2017.08/output/host/bin/arm-linux-gnueabihf-ar
ac_cv_prog_AWK=mawk
ac_cv_prog_CC=/home/dean/sunxi-v3s/buildroot-2017.08/output/host/bin/arm-linux-gnueabihf-gcc
ac_cv_prog_CPP=/home/dean/sunxi-v3s/buildroot-2017.08/output/host/bin/arm-linux-gnueabihf-cpp
ac_cv_prog_OBJDUMP=/home/dean/sunxi-v3s/buildroot-2017.08/output/host/bin/arm-linux-gnueabihf-objdump
ac_cv_prog_RANLIB=/home/dean/sunxi-v3s/buildroot-2017.08/output/host/bin/arm-linux-gnueabihf-ranlib
ac_cv_prog_STRIP=/home/dean/sunxi-v3s/buildroot-2017.08/output/host/bin/arm-linux-gnueabihf-strip
ac_cv_prog_ac_ct_MANIFEST_TOOL=mt
ac_cv_prog_cc_c89=
ac_cv_prog_cc_g=yes
ac_cv_prog_gcc_traditional=no
ac_cv_prog_make_make_set=yes
ac_cv_type_signal=void
ac_cv_type_size_t=yes
ac_cv_working_alloca_h=yes
am_cv_CC_dependencies_compiler_type=none
am_cv_make_support_nested_variables=yes
am_cv_prog_cc_c_o=yes
bb_cv_cc_supports_hidden_visibility=yes
gl_cv_func_malloc_0_nonnull=yes
lt_cv_ar_at_file=@
lt_cv_archive_cmds_need_lc=no
lt_cv_deplibs_check_method=pass_all
lt_cv_dlopen=dlopen
lt_cv_dlopen_libs=-ldl
lt_cv_dlopen_self=cross
lt_cv_file_magic_cmd='$MAGIC_CMD'
lt_cv_file_magic_test_file=
lt_cv_ld_reload_flag=-r
lt_cv_nm_interface='BSD nm'
lt_cv_objdir=.libs
lt_cv_path_LD=/home/dean/sunxi-v3s/buildroot-2017.08/output/host/bin/arm-linux-gnueabihf-ld
lt_cv_path_NM=/home/dean/sunxi-v3s/buildroot-2017.08/output/host/bin/arm-linux-gnueabihf-nm
lt_cv_path_mainfest_tool=no
lt_cv_prog_compiler_c_o=yes
lt_cv_prog_compiler_pic='-fPIC -DPIC'
lt_cv_prog_compiler_pic_works=yes
lt_cv_prog_compiler_rtti_exceptions=no
lt_cv_prog_compiler_static_works=yes
lt_cv_prog_gnu_ld=yes
lt_cv_sharedlib_from_linklib_cmd='printf %s\n'
lt_cv_shlibpath_overrides_runpath=no
lt_cv_sys_global_symbol_pipe='sed -n -e '\''s/^.*[	 ]\([ABCDGIRSTW][ABCDGIRSTW]*\)[	 ][	 ]*\([_A-Za-z][_A-Za-z0-9]*\)$/\1 \2 \2/p'\'' | sed '\''/ __gnu_lto/d'\'''
lt_cv_sys_global_symbol_to_c_name_address='sed -n -e '\''s/^: \(.*\) .*$/  {"\1", (void *) 0},/p'\'' -e '\''s/^[ABCDGIRSTW][ABCDGIRSTW]* .* \(.*\)$/  {"\1", (void *) \&\1},/p'\'''
lt_cv_sys_global_symbol_to_c_name_address_lib_prefix='sed -n -e '\''s/^: \(.*\) .*$/  {"\1", (void *) 0},/p'\'' -e '\''s/^[ABCDGIRSTW][ABCDGIRSTW]* .* \(lib.*\)$/  {"\1", (void *) \&\1},/p'\'' -e '\''s/^[ABCDGIRSTW][ABCDGIRSTW]* .* \(.*\)$/  {"lib\1", (void *) \&\1},/p'\'''
lt_cv_sys_global_symbol_to_cdecl='sed -n -e '\''s/^T .* \(.*\)$/extern int \1();/p'\'' -e '\''s/^[ABCDGIRSTW][ABCDGIRSTW]* .* \(.*\)$/extern char \1;/p'\'''
lt_cv_sys_global_symbol_to_import=
lt_cv_sys_lib_search_path_spec=
lt_cv_sys_max_cmd_len=1572864
lt_cv_to_host_file_cmd=func_convert_file_noop
lt_cv_to_tool_file_cmd=func_convert_file_noop
lt_cv_truncate_bin='/bin/dd bs=4096 count=1'

## ----------------- ##
## Output variables. ##
## ----------------- ##

ACLOCAL='${SHELL} /home/dean/sunxi-v3s/buildroot-2017.08/output/build/tslib-1.11/missing aclocal-1.15'
ALLOCA=''
AMDEPBACKSLASH=''
AMDEP_FALSE=''
AMDEP_TRUE='#'
AMTAR='$${TAR-tar}'
AM_BACKSLASH='\'
AM_DEFAULT_V='$(AM_DEFAULT_VERBOSITY)'
AM_DEFAULT_VERBOSITY='0'
AM_V='$(V)'
AR='/home/dean/sunxi-v3s/buildroot-2017.08/output/host/bin/arm-linux-gnueabihf-ar'
AUTOCONF='${SHELL} /home/dean/sunxi-v3s/buildroot-2017.08/output/build/tslib-1.11/missing autoconf'
AUTOHEADER='${SHELL} /home/dean/sunxi-v3s/buildroot-2017.08/output/build/tslib-1.11/missing autoheader'
AUTOMAKE='${SHELL} /home/dean/sunxi-v3s/buildroot-2017.08/output/build/tslib-1.11/missing automake-1.15'
AWK='mawk'
CC='/home/dean/sunxi-v3s/buildroot-2017.08/output/host/bin/arm-linux-gnueabihf-gcc'
CCDEPMODE='depmode=none'
CFLAGS='-DGCC_HASCLASSVISIBILITY -D_LARGEFILE_SOURCE -D_LARGEFILE64_SOURCE -D_FILE_OFFSET_BITS=64  -Os '
CPP='/home/dean/sunxi-v3s/buildroot-2017.08/output/host/bin/arm-linux-gnueabihf-cpp'
CPPFLAGS='-D_LARGEFILE_SOURCE -D_LARGEFILE64_SOURCE -D_FILE_OFFSET_BITS=64'
CYGPATH_W='echo'
DEBUGFLAGS=''
DEFS='-DHAVE_CONFIG_H'
DEPDIR='.deps'
DLLTOOL='false'
DSYMUTIL=''
DUMPBIN=''
ECHO_C=''
ECHO_N='-n'
ECHO_T=''
EGREP='/bin/grep -E'
ENABLE_ARCTIC2_MODULE_FALSE='#'
ENABLE_ARCTIC2_MODULE_TRUE=''
ENABLE_COLLIE_MODULE_FALSE='#'
ENABLE_COLLIE_MODULE_TRUE=''
ENABLE_CORGI_MODULE_FALSE='#'
ENABLE_CORGI_MODULE_TRUE=''
ENABLE_CY8MRLN_PALMPRE_MODULE_FALSE=''
ENABLE_CY8MRLN_PALMPRE_MODULE_TRUE='#'
ENABLE_DEBOUNCE_MODULE_FALSE='#'
ENABLE_DEBOUNCE_MODULE_TRUE=''
ENABLE_DEJITTER_MODULE_FALSE='#'
ENABLE_DEJITTER_MODULE_TRUE=''
ENABLE_DMC_DUS3000_MODULE_FALSE=''
ENABLE_DMC_DUS3000_MODULE_TRUE='#'
ENABLE_DMC_MODULE_FALSE='#'
ENABLE_DMC_MODULE_TRUE=''
ENABLE_GALAX_MODULE_FALSE='#'
ENABLE_GALAX_MODULE_TRUE=''
ENABLE_H3600_MODULE_FALSE='#'
ENABLE_H3600_MODULE_TRUE=''
ENABLE_IIR_MODULE_FALSE='#'
ENABLE_IIR_MODULE_TRUE=''
ENABLE_INPUT_MODULE_FALSE='#'
ENABLE_INPUT_MODULE_TRUE=''
ENABLE_LINEAR_H2200_MODULE_FALSE='#'
ENABLE_LINEAR_H2200_MODULE_TRUE=''
ENABLE_LINEAR_MODULE_FALSE='#'
ENABLE_LINEAR_MODULE_TRUE=''
ENABLE_MEDIAN_MODULE_FALSE='#'
ENABLE_MEDIAN_MODULE_TRUE=''
ENABLE_MK712_MODULE_FALSE='#'
ENABLE_MK712_MODULE_TRUE=''
ENABLE_PTHRES_MODULE_FALSE='#'
ENABLE_PTHRES_MODULE_TRUE=''
ENABLE_SKIP_MODULE_FALSE='#'
ENABLE_SKIP_MODULE_TRUE=''
ENABLE_STATIC_ARCTIC2_MODULE_FALSE=''
ENABLE_STATIC_ARCTIC2_MODULE_TRUE='#'
ENABLE_STATIC_COLLIE_MODULE_FALSE=''
ENABLE_STATIC_COLLIE_MODULE_TRUE='#'
ENABLE_STATIC_CORGI_MODULE_FALSE=''
ENABLE_STATIC_CORGI_MODULE_TRUE='#'
ENABLE_STATIC_CY8MRLN_PALMPRE_MODULE_FALSE=''
ENABLE_STATIC_CY8MRLN_PALMPRE_MODULE_TRUE='#'
ENABLE_STATIC_DEBOUNCE_MODULE_FALSE=''
ENABLE_STATIC_DEBOUNCE_MODULE_TRUE='#'
ENABLE_STATIC_DEJITTER_MODULE_FALSE=''
ENABLE_STATIC_DEJITTER_MODULE_TRUE='#'
ENABLE_STATIC_DMC_DUS3000_MODULE_FALSE=''
ENABLE_STATIC_DMC_DUS3000_MODULE_TRUE='#'
ENABLE_STATIC_DMC_MODULE_FALSE=''
ENABLE_STATIC_DMC_MODULE_TRUE='#'
ENABLE_STATIC_GALAX_MODULE_FALSE=''
ENABLE_STATIC_GALAX_MODULE_TRUE='#'
ENABLE_STATIC_H3600_MODULE_FALSE=''
ENABLE_STATIC_H3600_MODULE_TRUE='#'
ENABLE_STATIC_IIR_MODULE_FALSE=''
ENABLE_STATIC_IIR_MODULE_TRUE='#'
ENABLE_STATIC_INPUT_MODULE_FALSE=''
ENABLE_STATIC_INPUT_MODULE_TRUE='#'
ENABLE_STATIC_LINEAR_H2200_MODULE_FALSE=''
ENABLE_STATIC_LINEAR_H2200_MODULE_TRUE='#'
ENABLE_STATIC_LINEAR_MODULE_FALSE=''
ENABLE_STATIC_LINEAR_MODULE_TRUE='#'
ENABLE_STATIC_MEDIAN_MODULE_FALSE=''
ENABLE_STATIC_MEDIAN_MODULE_TRUE='#'
ENABLE_STATIC_MK712_MODULE_FALSE=''
ENABLE_STATIC_MK712_MODULE_TRUE='#'
ENABLE_STATIC_PTHRES_MODULE_FALSE=''
ENABLE_STATIC_PTHRES_MODULE_TRUE='#'
ENABLE_STATIC_SKIP_MODULE_FALSE=''
ENABLE_STATIC_SKIP_MODULE_TRUE='#'
ENABLE_STATIC_TATUNG_MODULE_FALSE=''
ENABLE_STATIC_TATUNG_MODULE_TRUE='#'
ENABLE_STATIC_TOUCHKIT_MODULE_FALSE=''
ENABLE_STATIC_TOUCHKIT_MODULE_TRUE='#'
ENABLE_STATIC_UCB1X00_MODULE_FALSE=''
ENABLE_STATIC_UCB1X00_MODULE_TRUE='#'
ENABLE_STATIC_VARIANCE_MODULE_FALSE=''
ENABLE_STATIC_VARIANCE_MODULE_TRUE='#'
ENABLE_STATIC_WAVESHARE_MODULE_FALSE=''
ENABLE_STATIC_WAVESHARE_MODULE_TRUE='#'
ENABLE_TATUNG_MODULE_FALSE='#'
ENABLE_TATUNG_MODULE_TRUE=''
ENABLE_TOOLS_FALSE='#'
ENABLE_TOOLS_TRUE=''
ENABLE_TOUCHKIT_MODULE_FALSE='#'
ENABLE_TOUCHKIT_MODULE_TRUE=''
ENABLE_UCB1X00_MODULE_FALSE='#'
ENABLE_UCB1X00_MODULE_TRUE=''
ENABLE_VARIANCE_MODULE_FALSE='#'
ENABLE_VARIANCE_MODULE_TRUE=''
ENABLE_WAVESHARE_MODULE_FALSE='#'
ENABLE_WAVESHARE_MODULE_TRUE=''
EXEEXT=''
FGREP='/bin/grep -F'
FREEBSD_FALSE=''
FREEBSD_TRUE='#'
GREP='/bin/grep'
HAIKU_FALSE=''
HAIKU_TRUE='#'
HAVE_STRSEP_FALSE=''
HAVE_STRSEP_TRUE='#'
HURD_FALSE=''
HURD_TRUE='#'
INSTALL_DATA='${INSTALL} -m 644'
INSTALL_PROGRAM='${INSTALL}'
INSTALL_SCRIPT='${INSTALL}'
INSTALL_STRIP_PROGRAM='$(install_sh) -c -s'
LD='/home/dean/sunxi-v3s/buildroot-2017.08/output/host/bin/arm-linux-gnueabihf-ld'
LDFLAGS=''
LIBFLAGS='-DTSLIB_INTERNAL'
LIBOBJS=' ${LIBOBJDIR}lstat$U.o ${LIBOBJDIR}stat$U.o'
LIBS='-ldl '
LIBTOOL='$(SHELL) $(top_builddir)/libtool'
LIBTS_VERSION_AGE='$LT_AGE'
LIBTS_VERSION_CURRENT='$LT_CURRENT'
LIBTS_VERSION_REVISION='$LT_REVISION'
LINUX_FALSE='#'
LINUX_TRUE=''
LIPO=''
LN_S='ln -s'
LTLIBOBJS=' ${LIBOBJDIR}lstat$U.lo ${LIBOBJDIR}stat$U.lo'
LT_AGE='7'
LT_CURRENT='7'
LT_REVISION='1'
LT_SYS_LIBRARY_PATH=''
MAKEINFO='${SHELL} /home/dean/sunxi-v3s/buildroot-2017.08/output/build/tslib-1.11/missing makeinfo'
MANIFEST_TOOL=':'
MKDIR_P='/bin/mkdir -p'
NM='/home/dean/sunxi-v3s/buildroot-2017.08/output/host/bin/arm-linux-gnueabihf-nm'
NMEDIT=''
OBJDUMP='/home/dean/sunxi-v3s/buildroot-2017.08/output/host/bin/arm-linux-gnueabihf-objdump'
OBJEXT='o'
OTOOL64=''
OTOOL=''
PACKAGE='tslib'
PACKAGE_BUGREPORT='tslib@lists.infradead.org'
PACKAGE_DESCRIPTION='Touchscreen Access Library'
PACKAGE_NAME='tslib'
PACKAGE_STRING='tslib 1.11'
PACKAGE_TARNAME='tslib'
PACKAGE_URL='http://tslib.org'
PACKAGE_VERSION='1.11'
PATH_SEPARATOR=':'
PLUGIN_DIR='${libdir}/ts'
RANLIB='/home/dean/sunxi-v3s/buildroot-2017.08/output/host/bin/arm-linux-gnueabihf-ranlib'
SED='/bin/sed'
SET_MAKE=''
SHELL='/bin/bash'
STRIP='/home/dean/sunxi-v3s/buildroot-2017.08/output/host/bin/arm-linux-gnueabihf-strip'
TS_CONF='${sysconfdir}/ts.conf'
TS_POINTERCAL='${sysconfdir}/pointercal'
VERSION='1.11'
VIS_CFLAGS='-fvisibility=hidden'
WINDOWS_FALSE=''
WINDOWS_TRUE='#'
ac_ct_AR=''
ac_ct_CC=''
ac_ct_DUMPBIN=''
am__EXEEXT_FALSE=''
am__EXEEXT_TRUE='#'
am__fastdepCC_FALSE=''
am__fastdepCC_TRUE='#'
am__include='include'
am__isrc=''
am__leading_dot='.'
am__nodep=''
am__quote=''
am__tar='$${TAR-tar} chof - "$$tardir"'
am__untar='$${TAR-tar} xf -'
bindir='${exec_prefix}/bin'
build='x86_64-pc-linux-gnu'
build_alias='x86_64-pc-linux-gnu'
build_cpu='x86_64'
build_os='linux-gnu'
build_vendor='pc'
datadir='${datarootdir}'
datarootdir='${prefix}/share'
docdir='${datarootdir}/doc/${PACKAGE_TARNAME}'
dvidir='${docdir}'
exec_prefix='/usr'
host='arm-buildroot-linux-gnueabihf'
host_alias='arm-buildroot-linux-gnueabihf'
host_cpu='arm'
host_os='linux-gnueabihf'
host_vendor='buildroot'
htmldir='${docdir}'
includedir='${prefix}/include'
infodir='${datarootdir}/info'
install_sh='${SHELL} /home/dean/sunxi-v3s/buildroot-2017.08/output/build/tslib-1.11/install-sh'
libdir='${exec_prefix}/lib'
libexecdir='${exec_prefix}/libexec'
localedir='${datarootdir}/locale'
localstatedir='/var'
mandir='${datarootdir}/man'
mkdir_p='$(MKDIR_P)'
oldincludedir='/usr/include'
pdfdir='${docdir}'
prefix='/usr'
program_transform_name='s&^&&'
psdir='${docdir}'
runstatedir='${localstatedir}/run'
sbindir='${exec_prefix}/sbin'
sharedstatedir='${prefix}/com'
sysconfdir='/etc'
target_alias='arm-buildroot-linux-gnueabihf'

## ----------- ##
## confdefs.h. ##
## ----------- ##

/* confdefs.h */
#define PACKAGE_NAME "tslib"
#define PACKAGE_TARNAME "tslib"
#define PACKAGE_VERSION "1.11"
#define PACKAGE_STRING "tslib 1.11"
#define PACKAGE_BUGREPORT "tslib@lists.infradead.org"
#define PACKAGE_URL "http://tslib.org"
#define PACKAGE "tslib"
#define VERSION "1.11"
#define STDC_HEADERS 1
#define HAVE_SYS_TYPES_H 1
#define HAVE_SYS_STAT_H 1
#define HAVE_STDLIB_H 1
#define HAVE_STRING_H 1
#define HAVE_MEMORY_H 1
#define HAVE_STRINGS_H 1
#define HAVE_INTTYPES_H 1
#define HAVE_STDINT_H 1
#define HAVE_UNISTD_H 1
#define HAVE_DLFCN_H 1
#define LT_OBJDIR ".libs/"
#define HAVE_LIBDL 1
#define HAVE_ALLOCA_H 1
#define HAVE_ALLOCA 1
#define STDC_HEADERS 1
#define HAVE_FCNTL_H 1
#define HAVE_LIMITS_H 1
#define HAVE_STDLIB_H 1
#define HAVE_STRING_H 1
#define HAVE_SYS_IOCTL_H 1
#define HAVE_SYS_TIME_H 1
#define HAVE_UNISTD_H 1
#define HAVE_STDINT_H 1
#define HAVE_SYS_TYPES_H 1
#define HAVE_ERRNO_H 1
#define TIME_WITH_SYS_TIME 1
#define HAVE_STDLIB_H 1
#define HAVE_UNISTD_H 1
#define HAVE_SYS_PARAM_H 1
#define HAVE_GETPAGESIZE 1
#define HAVE_MMAP 1
#define HAVE_SYS_SELECT_H 1
#define HAVE_SYS_SOCKET_H 1
#define SELECT_TYPE_ARG1 int
#define SELECT_TYPE_ARG234 (fd_set *)
#define SELECT_TYPE_ARG5 (struct timeval *)
#define RETSIGTYPE void
#define HAVE_STAT_EMPTY_STRING_BUG 1
#define HAVE_VPRINTF 1
#define HAVE_STDLIB_H 1
#define HAVE_MALLOC 1
#define HAVE_STDLIB_H 1
#define HAVE_REALLOC 1
#define HAVE_GETTIMEOFDAY 1
#define HAVE_MEMMOVE 1
#define HAVE_MEMSET 1
#define HAVE_MUNMAP 1
#define HAVE_SELECT 1
#define HAVE_STRCASECMP 1
#define HAVE_STRCHR 1
#define HAVE_STRDUP 1
#define HAVE_STRTOUL 1
#define HAVE_STRTOL 1
#define HAVE_STRSEP 1
#define LIBTS_VERSION_CURRENT 7
#define LIBTS_VERSION_REVISION 1
#define LIBTS_VERSION_AGE 7

configure: exit 0
