This file contains any messages produced by compilers while
running configure, to aid debugging if configure makes a mistake.

It was created by configure, which was
generated by GNU Autoconf 2.69.  Invocation command line was

  $ ./configure --prefix=/home/dean/sunxi-v3s/buildroot-2017.08/output/host --sysconfdir=/home/dean/sunxi-v3s/buildroot-2017.08/output/host/etc --localstatedir=/home/dean/sunxi-v3s/buildroot-2017.08/output/host/var --enable-shared --disable-static --disable-gtk-doc --disable-gtk-doc-html --disable-doc --disable-docs --disable-documentation --disable-debug --with-xmlto=no --with-fop=no --disable-dependency-tracking --enable-gettext=no

## --------- ##
## Platform. ##
## --------- ##

hostname = dean-ThinkPad-X100e
uname -m = x86_64
uname -r = 4.13.0-46-generic
uname -s = Linux
uname -v = #51-Ubuntu SMP Tue Jun 12 12:36:29 UTC 2018

/usr/bin/uname -p = unknown
/bin/uname -X     = unknown

/bin/arch              = unknown
/usr/bin/arch -k       = unknown
/usr/convex/getsysinfo = unknown
/usr/bin/hostinfo      = unknown
/bin/machine           = unknown
/usr/bin/oslevel       = unknown
/bin/universe          = unknown

PATH: /home/dean/sunxi-v3s/buildroot-2017.08/output/host/bin
PATH: /home/dean/sunxi-v3s/buildroot-2017.08/output/host/sbin
PATH: /usr/local/sbin
PATH: /usr/local/bin
PATH: /usr/sbin
PATH: /usr/bin
PATH: /sbin
PATH: /bin
PATH: /usr/games
PATH: /usr/local/games
PATH: /snap/bin
PATH: /opt/gcc-linaro-6.3.1-2017.05-x86_64_arm-linux-gnueabihf/bin


## ----------- ##
## Core tests. ##
## ----------- ##

configure:2224: checking build system type
configure:2238: result: x86_64-pc-linux-gnu
configure:2258: checking host system type
configure:2271: result: x86_64-pc-linux-gnu
configure:2312: checking how to print strings
configure:2339: result: printf
configure:2408: checking for gcc
configure:2435: result: /usr/bin/gcc
configure:2664: checking for C compiler version
configure:2673: /usr/bin/gcc --version >&5
gcc (Ubuntu 7.2.0-8ubuntu3.2) 7.2.0
Copyright (C) 2017 Free Software Foundation, Inc.
This is free software; see the source for copying conditions.  There is NO
warranty; not even for MERCHANTABILITY or FITNESS FOR A PARTICULAR PURPOSE.

configure:2684: $? = 0
configure:2673: /usr/bin/gcc -v >&5
Using built-in specs.
COLLECT_GCC=/usr/bin/gcc
COLLECT_LTO_WRAPPER=/usr/lib/gcc/x86_64-linux-gnu/7/lto-wrapper
OFFLOAD_TARGET_NAMES=nvptx-none
OFFLOAD_TARGET_DEFAULT=1
Target: x86_64-linux-gnu
Configured with: ../src/configure -v --with-pkgversion='Ubuntu 7.2.0-8ubuntu3.2' --with-bugurl=file:///usr/share/doc/gcc-7/README.Bugs --enable-languages=c,ada,c++,go,brig,d,fortran,objc,obj-c++ --prefix=/usr --with-gcc-major-version-only --program-suffix=-7 --program-prefix=x86_64-linux-gnu- --enable-shared --enable-linker-build-id --libexecdir=/usr/lib --without-included-gettext --enable-threads=posix --libdir=/usr/lib --enable-nls --with-sysroot=/ --enable-clocale=gnu --enable-libstdcxx-debug --enable-libstdcxx-time=yes --with-default-libstdcxx-abi=new --enable-gnu-unique-object --disable-vtable-verify --enable-libmpx --enable-plugin --enable-default-pie --with-system-zlib --with-target-system-zlib --enable-objc-gc=auto --enable-multiarch --disable-werror --with-arch-32=i686 --with-abi=m64 --with-multilib-list=m32,m64,mx32 --enable-multilib --with-tune=generic --enable-offload-targets=nvptx-none --without-cuda-driver --enable-checking=release --build=x86_64-linux-gnu --host=x86_64-linux-gnu --target=x86_64-linux-gnu
Thread model: posix
gcc version 7.2.0 (Ubuntu 7.2.0-8ubuntu3.2) 
configure:2684: $? = 0
configure:2673: /usr/bin/gcc -V >&5
gcc: error: unrecognized command line option '-V'
gcc: fatal error: no input files
compilation terminated.
configure:2684: $? = 1
configure:2673: /usr/bin/gcc -qversion >&5
gcc: error: unrecognized command line option '-qversion'; did you mean '--version'?
gcc: fatal error: no input files
compilation terminated.
configure:2684: $? = 1
configure:2704: checking whether the C compiler works
configure:2726: /usr/bin/gcc -O2 -I/home/dean/sunxi-v3s/buildroot-2017.08/output/host/include -I/home/dean/sunxi-v3s/buildroot-2017.08/output/host/include -L/home/dean/sunxi-v3s/buildroot-2017.08/output/host/lib -Wl,-rpath,/home/dean/sunxi-v3s/buildroot-2017.08/output/host/lib conftest.c  >&5
configure:2730: $? = 0
configure:2778: result: yes
configure:2781: checking for C compiler default output file name
configure:2783: result: a.out
configure:2789: checking for suffix of executables
configure:2796: /usr/bin/gcc -o conftest -O2 -I/home/dean/sunxi-v3s/buildroot-2017.08/output/host/include -I/home/dean/sunxi-v3s/buildroot-2017.08/output/host/include -L/home/dean/sunxi-v3s/buildroot-2017.08/output/host/lib -Wl,-rpath,/home/dean/sunxi-v3s/buildroot-2017.08/output/host/lib conftest.c  >&5
configure:2800: $? = 0
configure:2822: result: 
configure:2844: checking whether we are cross compiling
configure:2852: /usr/bin/gcc -o conftest -O2 -I/home/dean/sunxi-v3s/buildroot-2017.08/output/host/include -I/home/dean/sunxi-v3s/buildroot-2017.08/output/host/include -L/home/dean/sunxi-v3s/buildroot-2017.08/output/host/lib -Wl,-rpath,/home/dean/sunxi-v3s/buildroot-2017.08/output/host/lib conftest.c  >&5
configure:2856: $? = 0
configure:2863: ./conftest
configure:2867: $? = 0
configure:2882: result: no
configure:2887: checking for suffix of object files
configure:2909: /usr/bin/gcc -c -O2 -I/home/dean/sunxi-v3s/buildroot-2017.08/output/host/include -I/home/dean/sunxi-v3s/buildroot-2017.08/output/host/include conftest.c >&5
configure:2913: $? = 0
configure:2934: result: o
configure:2938: checking whether we are using the GNU C compiler
configure:2957: /usr/bin/gcc -c -O2 -I/home/dean/sunxi-v3s/buildroot-2017.08/output/host/include -I/home/dean/sunxi-v3s/buildroot-2017.08/output/host/include conftest.c >&5
configure:2957: $? = 0
configure:2966: result: yes
configure:2975: checking whether /usr/bin/gcc accepts -g
configure:2995: /usr/bin/gcc -c -g -I/home/dean/sunxi-v3s/buildroot-2017.08/output/host/include conftest.c >&5
configure:2995: $? = 0
configure:3036: result: yes
configure:3053: checking for /usr/bin/gcc option to accept ISO C89
configure:3116: /usr/bin/gcc  -c -O2 -I/home/dean/sunxi-v3s/buildroot-2017.08/output/host/include -I/home/dean/sunxi-v3s/buildroot-2017.08/output/host/include conftest.c >&5
configure:3116: $? = 0
configure:3129: result: none needed
configure:3149: checking for a sed that does not truncate output
configure:3213: result: /bin/sed
configure:3231: checking for grep that handles long lines and -e
configure:3289: result: /bin/grep
configure:3294: checking for egrep
configure:3356: result: /bin/grep -E
configure:3361: checking for fgrep
configure:3423: result: /bin/grep -F
configure:3458: checking for ld used by /usr/bin/gcc
configure:3525: result: /usr/bin/ld
configure:3532: checking if the linker (/usr/bin/ld) is GNU ld
configure:3547: result: yes
configure:3559: checking for BSD- or MS-compatible name lister (nm)
configure:3608: result: /usr/bin/nm
configure:3738: checking the name lister (/usr/bin/nm) interface
configure:3745: /usr/bin/gcc -c -O2 -I/home/dean/sunxi-v3s/buildroot-2017.08/output/host/include -I/home/dean/sunxi-v3s/buildroot-2017.08/output/host/include conftest.c >&5
configure:3748: /usr/bin/nm "conftest.o"
configure:3751: output
0000000000000000 B some_variable
configure:3758: result: BSD nm
configure:3761: checking whether ln -s works
configure:3765: result: yes
configure:3773: checking the maximum length of command line arguments
configure:3903: result: 1572864
configure:3920: checking whether the shell understands some XSI constructs
configure:3930: result: yes
configure:3934: checking whether the shell understands "+="
configure:3940: result: yes
configure:3975: checking how to convert x86_64-pc-linux-gnu file names to x86_64-pc-linux-gnu format
configure:4015: result: func_convert_file_noop
configure:4022: checking how to convert x86_64-pc-linux-gnu file names to toolchain format
configure:4042: result: func_convert_file_noop
configure:4049: checking for /usr/bin/ld option to reload object files
configure:4056: result: -r
configure:4130: checking for objdump
configure:4146: found /usr/bin/objdump
configure:4157: result: objdump
configure:4189: checking how to recognize dependent libraries
configure:4391: result: pass_all
configure:4476: checking for dlltool
configure:4506: result: no
configure:4536: checking how to associate runtime and link libraries
configure:4563: result: printf %s\n
configure:4688: checking for archiver @FILE support
configure:4705: /usr/bin/gcc -c -O2 -I/home/dean/sunxi-v3s/buildroot-2017.08/output/host/include -I/home/dean/sunxi-v3s/buildroot-2017.08/output/host/include conftest.c >&5
configure:4705: $? = 0
configure:4708: /usr/bin/ar cru libconftest.a @conftest.lst >&5
/usr/bin/ar: `u' modifier ignored since `D' is the default (see `U')
configure:4711: $? = 0
configure:4716: /usr/bin/ar cru libconftest.a @conftest.lst >&5
/usr/bin/ar: `u' modifier ignored since `D' is the default (see `U')
/usr/bin/ar: conftest.o: No such file or directory
configure:4719: $? = 1
configure:4731: result: @
configure:4789: checking for strip
configure:4805: found /usr/bin/strip
configure:4816: result: strip
configure:4888: checking for ranlib
configure:4915: result: /usr/bin/ranlib
configure:4992: checking for gawk
configure:5022: result: no
configure:4992: checking for mawk
configure:5008: found /usr/bin/mawk
configure:5019: result: mawk
configure:5059: checking command to parse /usr/bin/nm output from /usr/bin/gcc object
configure:5179: /usr/bin/gcc -c -O2 -I/home/dean/sunxi-v3s/buildroot-2017.08/output/host/include -I/home/dean/sunxi-v3s/buildroot-2017.08/output/host/include conftest.c >&5
configure:5182: $? = 0
configure:5186: /usr/bin/nm conftest.o \| sed -n -e 's/^.*[ ]\([ABCDGIRSTW][ABCDGIRSTW]*\)[ ][ ]*\([_A-Za-z][_A-Za-z0-9]*\)$/\1 \2 \2/p' | sed '/ __gnu_lto/d' \> conftest.nm
configure:5189: $? = 0
configure:5255: /usr/bin/gcc -o conftest -O2 -I/home/dean/sunxi-v3s/buildroot-2017.08/output/host/include -I/home/dean/sunxi-v3s/buildroot-2017.08/output/host/include -L/home/dean/sunxi-v3s/buildroot-2017.08/output/host/lib -Wl,-rpath,/home/dean/sunxi-v3s/buildroot-2017.08/output/host/lib conftest.c conftstm.o >&5
configure:5258: $? = 0
configure:5296: result: ok
configure:5333: checking for sysroot
configure:5363: result: no
configure:5440: /usr/bin/gcc -c -O2 -I/home/dean/sunxi-v3s/buildroot-2017.08/output/host/include -I/home/dean/sunxi-v3s/buildroot-2017.08/output/host/include conftest.c >&5
configure:5443: $? = 0
configure:5619: checking for mt
configure:5635: found /bin/mt
configure:5646: result: mt
configure:5669: checking if mt is a manifest tool
configure:5675: mt '-?'
configure:5683: result: no
configure:6325: checking how to run the C preprocessor
configure:6395: result: /usr/bin/cpp
configure:6415: /usr/bin/cpp -I/home/dean/sunxi-v3s/buildroot-2017.08/output/host/include conftest.c
configure:6415: $? = 0
configure:6429: /usr/bin/cpp -I/home/dean/sunxi-v3s/buildroot-2017.08/output/host/include conftest.c
conftest.c:9:10: fatal error: ac_nonexistent.h: No such file or directory
 #include <ac_nonexistent.h>
          ^~~~~~~~~~~~~~~~~~
compilation terminated.
configure:6429: $? = 1
configure: failed program was:
| /* confdefs.h */
| #define PACKAGE_NAME ""
| #define PACKAGE_TARNAME ""
| #define PACKAGE_VERSION ""
| #define PACKAGE_STRING ""
| #define PACKAGE_BUGREPORT ""
| #define PACKAGE_URL ""
| /* end confdefs.h.  */
| #include <ac_nonexistent.h>
configure:6458: checking for ANSI C header files
configure:6478: /usr/bin/gcc -c -O2 -I/home/dean/sunxi-v3s/buildroot-2017.08/output/host/include -I/home/dean/sunxi-v3s/buildroot-2017.08/output/host/include conftest.c >&5
configure:6478: $? = 0
configure:6551: /usr/bin/gcc -o conftest -O2 -I/home/dean/sunxi-v3s/buildroot-2017.08/output/host/include -I/home/dean/sunxi-v3s/buildroot-2017.08/output/host/include -L/home/dean/sunxi-v3s/buildroot-2017.08/output/host/lib -Wl,-rpath,/home/dean/sunxi-v3s/buildroot-2017.08/output/host/lib conftest.c  >&5
configure:6551: $? = 0
configure:6551: ./conftest
configure:6551: $? = 0
configure:6562: result: yes
configure:6575: checking for sys/types.h
configure:6575: /usr/bin/gcc -c -O2 -I/home/dean/sunxi-v3s/buildroot-2017.08/output/host/include -I/home/dean/sunxi-v3s/buildroot-2017.08/output/host/include conftest.c >&5
configure:6575: $? = 0
configure:6575: result: yes
configure:6575: checking for sys/stat.h
configure:6575: /usr/bin/gcc -c -O2 -I/home/dean/sunxi-v3s/buildroot-2017.08/output/host/include -I/home/dean/sunxi-v3s/buildroot-2017.08/output/host/include conftest.c >&5
configure:6575: $? = 0
configure:6575: result: yes
configure:6575: checking for stdlib.h
configure:6575: /usr/bin/gcc -c -O2 -I/home/dean/sunxi-v3s/buildroot-2017.08/output/host/include -I/home/dean/sunxi-v3s/buildroot-2017.08/output/host/include conftest.c >&5
configure:6575: $? = 0
configure:6575: result: yes
configure:6575: checking for string.h
configure:6575: /usr/bin/gcc -c -O2 -I/home/dean/sunxi-v3s/buildroot-2017.08/output/host/include -I/home/dean/sunxi-v3s/buildroot-2017.08/output/host/include conftest.c >&5
configure:6575: $? = 0
configure:6575: result: yes
configure:6575: checking for memory.h
configure:6575: /usr/bin/gcc -c -O2 -I/home/dean/sunxi-v3s/buildroot-2017.08/output/host/include -I/home/dean/sunxi-v3s/buildroot-2017.08/output/host/include conftest.c >&5
configure:6575: $? = 0
configure:6575: result: yes
configure:6575: checking for strings.h
configure:6575: /usr/bin/gcc -c -O2 -I/home/dean/sunxi-v3s/buildroot-2017.08/output/host/include -I/home/dean/sunxi-v3s/buildroot-2017.08/output/host/include conftest.c >&5
configure:6575: $? = 0
configure:6575: result: yes
configure:6575: checking for inttypes.h
configure:6575: /usr/bin/gcc -c -O2 -I/home/dean/sunxi-v3s/buildroot-2017.08/output/host/include -I/home/dean/sunxi-v3s/buildroot-2017.08/output/host/include conftest.c >&5
configure:6575: $? = 0
configure:6575: result: yes
configure:6575: checking for stdint.h
configure:6575: /usr/bin/gcc -c -O2 -I/home/dean/sunxi-v3s/buildroot-2017.08/output/host/include -I/home/dean/sunxi-v3s/buildroot-2017.08/output/host/include conftest.c >&5
configure:6575: $? = 0
configure:6575: result: yes
configure:6575: checking for unistd.h
configure:6575: /usr/bin/gcc -c -O2 -I/home/dean/sunxi-v3s/buildroot-2017.08/output/host/include -I/home/dean/sunxi-v3s/buildroot-2017.08/output/host/include conftest.c >&5
configure:6575: $? = 0
configure:6575: result: yes
configure:6589: checking for dlfcn.h
configure:6589: /usr/bin/gcc -c -O2 -I/home/dean/sunxi-v3s/buildroot-2017.08/output/host/include -I/home/dean/sunxi-v3s/buildroot-2017.08/output/host/include conftest.c >&5
configure:6589: $? = 0
configure:6589: result: yes
configure:6795: checking for objdir
configure:6810: result: .libs
configure:7081: checking if /usr/bin/gcc supports -fno-rtti -fno-exceptions
configure:7099: /usr/bin/gcc -c -O2 -I/home/dean/sunxi-v3s/buildroot-2017.08/output/host/include -I/home/dean/sunxi-v3s/buildroot-2017.08/output/host/include -fno-rtti -fno-exceptions conftest.c >&5
cc1: warning: command line option '-fno-rtti' is valid for C++/ObjC++ but not for C
configure:7103: $? = 0
configure:7116: result: no
configure:7443: checking for /usr/bin/gcc option to produce PIC
configure:7450: result: -fPIC -DPIC
configure:7458: checking if /usr/bin/gcc PIC flag -fPIC -DPIC works
configure:7476: /usr/bin/gcc -c -O2 -I/home/dean/sunxi-v3s/buildroot-2017.08/output/host/include -I/home/dean/sunxi-v3s/buildroot-2017.08/output/host/include -fPIC -DPIC -DPIC conftest.c >&5
configure:7480: $? = 0
configure:7493: result: yes
configure:7522: checking if /usr/bin/gcc static flag -static works
configure:7550: result: yes
configure:7565: checking if /usr/bin/gcc supports -c -o file.o
configure:7586: /usr/bin/gcc -c -O2 -I/home/dean/sunxi-v3s/buildroot-2017.08/output/host/include -I/home/dean/sunxi-v3s/buildroot-2017.08/output/host/include -o out/conftest2.o conftest.c >&5
configure:7590: $? = 0
configure:7612: result: yes
configure:7620: checking if /usr/bin/gcc supports -c -o file.o
configure:7667: result: yes
configure:7700: checking whether the /usr/bin/gcc linker (/usr/bin/ld -m elf_x86_64) supports shared libraries
configure:8853: result: yes
configure:8890: checking whether -lc should be explicitly linked in
configure:8898: /usr/bin/gcc -c -O2 -I/home/dean/sunxi-v3s/buildroot-2017.08/output/host/include -I/home/dean/sunxi-v3s/buildroot-2017.08/output/host/include conftest.c >&5
configure:8901: $? = 0
configure:8916: /usr/bin/gcc -shared  -fPIC -DPIC conftest.o  -v -Wl,-soname -Wl,conftest -o conftest 2\>\&1 \| /bin/grep  -lc  \>/dev/null 2\>\&1
configure:8919: $? = 0
configure:8933: result: no
configure:9093: checking dynamic linker characteristics
configure:9604: /usr/bin/gcc -o conftest -O2 -I/home/dean/sunxi-v3s/buildroot-2017.08/output/host/include -I/home/dean/sunxi-v3s/buildroot-2017.08/output/host/include -L/home/dean/sunxi-v3s/buildroot-2017.08/output/host/lib -Wl,-rpath,/home/dean/sunxi-v3s/buildroot-2017.08/output/host/lib -Wl,-rpath -Wl,/foo conftest.c  >&5
configure:9604: $? = 0
configure:9830: result: GNU/Linux ld.so
configure:9937: checking how to hardcode library paths into programs
configure:9962: result: immediate
configure:10502: checking whether stripping libraries is possible
configure:10507: result: yes
configure:10542: checking if libtool supports shared libraries
configure:10544: result: yes
configure:10547: checking whether to build shared libraries
configure:10568: result: yes
configure:10571: checking whether to build static libraries
configure:10575: result: no
configure:10691: checking for gcc
configure:10718: result: /usr/bin/gcc
configure:10947: checking for C compiler version
configure:10956: /usr/bin/gcc --version >&5
gcc (Ubuntu 7.2.0-8ubuntu3.2) 7.2.0
Copyright (C) 2017 Free Software Foundation, Inc.
This is free software; see the source for copying conditions.  There is NO
warranty; not even for MERCHANTABILITY or FITNESS FOR A PARTICULAR PURPOSE.

configure:10967: $? = 0
configure:10956: /usr/bin/gcc -v >&5
Using built-in specs.
COLLECT_GCC=/usr/bin/gcc
COLLECT_LTO_WRAPPER=/usr/lib/gcc/x86_64-linux-gnu/7/lto-wrapper
OFFLOAD_TARGET_NAMES=nvptx-none
OFFLOAD_TARGET_DEFAULT=1
Target: x86_64-linux-gnu
Configured with: ../src/configure -v --with-pkgversion='Ubuntu 7.2.0-8ubuntu3.2' --with-bugurl=file:///usr/share/doc/gcc-7/README.Bugs --enable-languages=c,ada,c++,go,brig,d,fortran,objc,obj-c++ --prefix=/usr --with-gcc-major-version-only --program-suffix=-7 --program-prefix=x86_64-linux-gnu- --enable-shared --enable-linker-build-id --libexecdir=/usr/lib --without-included-gettext --enable-threads=posix --libdir=/usr/lib --enable-nls --with-sysroot=/ --enable-clocale=gnu --enable-libstdcxx-debug --enable-libstdcxx-time=yes --with-default-libstdcxx-abi=new --enable-gnu-unique-object --disable-vtable-verify --enable-libmpx --enable-plugin --enable-default-pie --with-system-zlib --with-target-system-zlib --enable-objc-gc=auto --enable-multiarch --disable-werror --with-arch-32=i686 --with-abi=m64 --with-multilib-list=m32,m64,mx32 --enable-multilib --with-tune=generic --enable-offload-targets=nvptx-none --without-cuda-driver --enable-checking=release --build=x86_64-linux-gnu --host=x86_64-linux-gnu --target=x86_64-linux-gnu
Thread model: posix
gcc version 7.2.0 (Ubuntu 7.2.0-8ubuntu3.2) 
configure:10967: $? = 0
configure:10956: /usr/bin/gcc -V >&5
gcc: error: unrecognized command line option '-V'
gcc: fatal error: no input files
compilation terminated.
configure:10967: $? = 1
configure:10956: /usr/bin/gcc -qversion >&5
gcc: error: unrecognized command line option '-qversion'; did you mean '--version'?
gcc: fatal error: no input files
compilation terminated.
configure:10967: $? = 1
configure:10971: checking whether we are using the GNU C compiler
configure:10999: result: yes
configure:11008: checking whether /usr/bin/gcc accepts -g
configure:11069: result: yes
configure:11086: checking for /usr/bin/gcc option to accept ISO C89
configure:11162: result: none needed
configure:11264: checking for gcc
configure:11291: result: /usr/bin/gcc
configure:11520: checking for C compiler version
configure:11529: /usr/bin/gcc --version >&5
gcc (Ubuntu 7.2.0-8ubuntu3.2) 7.2.0
Copyright (C) 2017 Free Software Foundation, Inc.
This is free software; see the source for copying conditions.  There is NO
warranty; not even for MERCHANTABILITY or FITNESS FOR A PARTICULAR PURPOSE.

configure:11540: $? = 0
configure:11529: /usr/bin/gcc -v >&5
Using built-in specs.
COLLECT_GCC=/usr/bin/gcc
COLLECT_LTO_WRAPPER=/usr/lib/gcc/x86_64-linux-gnu/7/lto-wrapper
OFFLOAD_TARGET_NAMES=nvptx-none
OFFLOAD_TARGET_DEFAULT=1
Target: x86_64-linux-gnu
Configured with: ../src/configure -v --with-pkgversion='Ubuntu 7.2.0-8ubuntu3.2' --with-bugurl=file:///usr/share/doc/gcc-7/README.Bugs --enable-languages=c,ada,c++,go,brig,d,fortran,objc,obj-c++ --prefix=/usr --with-gcc-major-version-only --program-suffix=-7 --program-prefix=x86_64-linux-gnu- --enable-shared --enable-linker-build-id --libexecdir=/usr/lib --without-included-gettext --enable-threads=posix --libdir=/usr/lib --enable-nls --with-sysroot=/ --enable-clocale=gnu --enable-libstdcxx-debug --enable-libstdcxx-time=yes --with-default-libstdcxx-abi=new --enable-gnu-unique-object --disable-vtable-verify --enable-libmpx --enable-plugin --enable-default-pie --with-system-zlib --with-target-system-zlib --enable-objc-gc=auto --enable-multiarch --disable-werror --with-arch-32=i686 --with-abi=m64 --with-multilib-list=m32,m64,mx32 --enable-multilib --with-tune=generic --enable-offload-targets=nvptx-none --without-cuda-driver --enable-checking=release --build=x86_64-linux-gnu --host=x86_64-linux-gnu --target=x86_64-linux-gnu
Thread model: posix
gcc version 7.2.0 (Ubuntu 7.2.0-8ubuntu3.2) 
configure:11540: $? = 0
configure:11529: /usr/bin/gcc -V >&5
gcc: error: unrecognized command line option '-V'
gcc: fatal error: no input files
compilation terminated.
configure:11540: $? = 1
configure:11529: /usr/bin/gcc -qversion >&5
gcc: error: unrecognized command line option '-qversion'; did you mean '--version'?
gcc: fatal error: no input files
compilation terminated.
configure:11540: $? = 1
configure:11544: checking whether we are using the GNU C compiler
configure:11572: result: yes
configure:11581: checking whether /usr/bin/gcc accepts -g
configure:11642: result: yes
configure:11659: checking for /usr/bin/gcc option to accept ISO C89
configure:11735: result: none needed
configure:11771: checking for gmake
configure:11804: result: no
configure:11771: checking for make
configure:11789: found /usr/bin/make
configure:11801: result: /usr/bin/make
configure:11824: checking for tar
configure:11842: found /bin/tar
configure:11854: result: /bin/tar
configure:11867: checking for gzip
configure:11885: found /bin/gzip
configure:11897: result: /bin/gzip
configure:11910: checking for makedepend
configure:11941: result: /bin/true
configure:11954: checking for awk
configure:11972: found /usr/bin/awk
configure:11984: result: /usr/bin/awk
configure:11997: checking for sed
configure:12027: result: /bin/sed
configure:12040: checking for echo
configure:12058: found /bin/echo
configure:12070: result: /bin/echo
configure:12083: checking for sort
configure:12101: found /usr/bin/sort
configure:12113: result: /usr/bin/sort
configure:12124: checking whether ln -s works
configure:12128: result: yes
configure:12294: checking for rpm
configure:12327: result: no
configure:12418: checking for an ANSI C-conforming const
configure:12484: /usr/bin/gcc -c -O2 -I/home/dean/sunxi-v3s/buildroot-2017.08/output/host/include -I/home/dean/sunxi-v3s/buildroot-2017.08/output/host/include conftest.c >&5
configure:12484: $? = 0
configure:12491: result: yes
configure:12499: checking for mode_t
configure:12499: /usr/bin/gcc -c -O2 -I/home/dean/sunxi-v3s/buildroot-2017.08/output/host/include -I/home/dean/sunxi-v3s/buildroot-2017.08/output/host/include conftest.c >&5
configure:12499: $? = 0
configure:12499: /usr/bin/gcc -c -O2 -I/home/dean/sunxi-v3s/buildroot-2017.08/output/host/include -I/home/dean/sunxi-v3s/buildroot-2017.08/output/host/include conftest.c >&5
conftest.c: In function 'main':
conftest.c:57:21: error: expected expression before ')' token
 if (sizeof ((mode_t)))
                     ^
configure:12499: $? = 1
configure: failed program was:
| /* confdefs.h */
| #define PACKAGE_NAME ""
| #define PACKAGE_TARNAME ""
| #define PACKAGE_VERSION ""
| #define PACKAGE_STRING ""
| #define PACKAGE_BUGREPORT ""
| #define PACKAGE_URL ""
| #define STDC_HEADERS 1
| #define HAVE_SYS_TYPES_H 1
| #define HAVE_SYS_STAT_H 1
| #define HAVE_STDLIB_H 1
| #define HAVE_STRING_H 1
| #define HAVE_MEMORY_H 1
| #define HAVE_STRINGS_H 1
| #define HAVE_INTTYPES_H 1
| #define HAVE_STDINT_H 1
| #define HAVE_UNISTD_H 1
| #define HAVE_DLFCN_H 1
| #define LT_OBJDIR ".libs/"
| /* end confdefs.h.  */
| #include <stdio.h>
| #ifdef HAVE_SYS_TYPES_H
| # include <sys/types.h>
| #endif
| #ifdef HAVE_SYS_STAT_H
| # include <sys/stat.h>
| #endif
| #ifdef STDC_HEADERS
| # include <stdlib.h>
| # include <stddef.h>
| #else
| # ifdef HAVE_STDLIB_H
| #  include <stdlib.h>
| # endif
| #endif
| #ifdef HAVE_STRING_H
| # if !defined STDC_HEADERS && defined HAVE_MEMORY_H
| #  include <memory.h>
| # endif
| # include <string.h>
| #endif
| #ifdef HAVE_STRINGS_H
| # include <strings.h>
| #endif
| #ifdef HAVE_INTTYPES_H
| # include <inttypes.h>
| #endif
| #ifdef HAVE_STDINT_H
| # include <stdint.h>
| #endif
| #ifdef HAVE_UNISTD_H
| # include <unistd.h>
| #endif
| int
| main ()
| {
| if (sizeof ((mode_t)))
| 	    return 0;
|   ;
|   return 0;
| }
configure:12499: result: yes
configure:12510: checking for size_t
configure:12510: /usr/bin/gcc -c -O2 -I/home/dean/sunxi-v3s/buildroot-2017.08/output/host/include -I/home/dean/sunxi-v3s/buildroot-2017.08/output/host/include conftest.c >&5
configure:12510: $? = 0
configure:12510: /usr/bin/gcc -c -O2 -I/home/dean/sunxi-v3s/buildroot-2017.08/output/host/include -I/home/dean/sunxi-v3s/buildroot-2017.08/output/host/include conftest.c >&5
conftest.c: In function 'main':
conftest.c:57:21: error: expected expression before ')' token
 if (sizeof ((size_t)))
                     ^
configure:12510: $? = 1
configure: failed program was:
| /* confdefs.h */
| #define PACKAGE_NAME ""
| #define PACKAGE_TARNAME ""
| #define PACKAGE_VERSION ""
| #define PACKAGE_STRING ""
| #define PACKAGE_BUGREPORT ""
| #define PACKAGE_URL ""
| #define STDC_HEADERS 1
| #define HAVE_SYS_TYPES_H 1
| #define HAVE_SYS_STAT_H 1
| #define HAVE_STDLIB_H 1
| #define HAVE_STRING_H 1
| #define HAVE_MEMORY_H 1
| #define HAVE_STRINGS_H 1
| #define HAVE_INTTYPES_H 1
| #define HAVE_STDINT_H 1
| #define HAVE_UNISTD_H 1
| #define HAVE_DLFCN_H 1
| #define LT_OBJDIR ".libs/"
| /* end confdefs.h.  */
| #include <stdio.h>
| #ifdef HAVE_SYS_TYPES_H
| # include <sys/types.h>
| #endif
| #ifdef HAVE_SYS_STAT_H
| # include <sys/stat.h>
| #endif
| #ifdef STDC_HEADERS
| # include <stdlib.h>
| # include <stddef.h>
| #else
| # ifdef HAVE_STDLIB_H
| #  include <stdlib.h>
| # endif
| #endif
| #ifdef HAVE_STRING_H
| # if !defined STDC_HEADERS && defined HAVE_MEMORY_H
| #  include <memory.h>
| # endif
| # include <string.h>
| #endif
| #ifdef HAVE_STRINGS_H
| # include <strings.h>
| #endif
| #ifdef HAVE_INTTYPES_H
| # include <inttypes.h>
| #endif
| #ifdef HAVE_STDINT_H
| # include <stdint.h>
| #endif
| #ifdef HAVE_UNISTD_H
| # include <unistd.h>
| #endif
| int
| main ()
| {
| if (sizeof ((size_t)))
| 	    return 0;
|   ;
|   return 0;
| }
configure:12510: result: yes
configure:12523: checking for working alloca.h
configure:12540: /usr/bin/gcc -o conftest -O2 -I/home/dean/sunxi-v3s/buildroot-2017.08/output/host/include -I/home/dean/sunxi-v3s/buildroot-2017.08/output/host/include -L/home/dean/sunxi-v3s/buildroot-2017.08/output/host/lib -Wl,-rpath,/home/dean/sunxi-v3s/buildroot-2017.08/output/host/lib conftest.c  >&5
configure:12540: $? = 0
configure:12548: result: yes
configure:12556: checking for alloca
configure:12593: /usr/bin/gcc -o conftest -O2 -I/home/dean/sunxi-v3s/buildroot-2017.08/output/host/include -I/home/dean/sunxi-v3s/buildroot-2017.08/output/host/include -L/home/dean/sunxi-v3s/buildroot-2017.08/output/host/lib -Wl,-rpath,/home/dean/sunxi-v3s/buildroot-2017.08/output/host/lib conftest.c  >&5
configure:12593: $? = 0
configure:12601: result: yes
configure:12824: creating ./config.status

## ---------------------- ##
## Running config.status. ##
## ---------------------- ##

This file was extended by config.status, which was
generated by GNU Autoconf 2.69.  Invocation command line was

  CONFIG_FILES    = 
  CONFIG_HEADERS  = 
  CONFIG_LINKS    = 
  CONFIG_COMMANDS = 
  $ ./config.status 

on dean-ThinkPad-X100e

config.status:1081: creating include/builddefs
config.status:1081: creating include/config.h
config.status:1265: executing libtool commands
configure:14902: WARNING: unrecognized options: --disable-gtk-doc, --disable-gtk-doc-html, --disable-doc, --disable-docs, --disable-documentation, --disable-debug, --with-xmlto, --with-fop, --disable-dependency-tracking

## ---------------- ##
## Cache variables. ##
## ---------------- ##

ac_cv_build=x86_64-pc-linux-gnu
ac_cv_c_compiler_gnu=yes
ac_cv_c_const=yes
ac_cv_env_CC_set=set
ac_cv_env_CC_value=/usr/bin/gcc
ac_cv_env_CFLAGS_set=set
ac_cv_env_CFLAGS_value='-O2 -I/home/dean/sunxi-v3s/buildroot-2017.08/output/host/include'
ac_cv_env_CPPFLAGS_set=set
ac_cv_env_CPPFLAGS_value=-I/home/dean/sunxi-v3s/buildroot-2017.08/output/host/include
ac_cv_env_CPP_set=set
ac_cv_env_CPP_value=/usr/bin/cpp
ac_cv_env_LDFLAGS_set=set
ac_cv_env_LDFLAGS_value='-L/home/dean/sunxi-v3s/buildroot-2017.08/output/host/lib -Wl,-rpath,/home/dean/sunxi-v3s/buildroot-2017.08/output/host/lib'
ac_cv_env_LIBS_set=
ac_cv_env_LIBS_value=
ac_cv_env_build_alias_set=
ac_cv_env_build_alias_value=
ac_cv_env_host_alias_set=
ac_cv_env_host_alias_value=
ac_cv_env_target_alias_set=
ac_cv_env_target_alias_value=
ac_cv_func_alloca_works=yes
ac_cv_header_dlfcn_h=yes
ac_cv_header_inttypes_h=yes
ac_cv_header_memory_h=yes
ac_cv_header_stdc=yes
ac_cv_header_stdint_h=yes
ac_cv_header_stdlib_h=yes
ac_cv_header_string_h=yes
ac_cv_header_strings_h=yes
ac_cv_header_sys_stat_h=yes
ac_cv_header_sys_types_h=yes
ac_cv_header_unistd_h=yes
ac_cv_host=x86_64-pc-linux-gnu
ac_cv_objext=o
ac_cv_path_AWK=/usr/bin/awk
ac_cv_path_ECHO=/bin/echo
ac_cv_path_EGREP='/bin/grep -E'
ac_cv_path_FGREP='/bin/grep -F'
ac_cv_path_GREP=/bin/grep
ac_cv_path_MAKE=/usr/bin/make
ac_cv_path_MAKEDEPEND=/bin/true
ac_cv_path_SED=/bin/sed
ac_cv_path_SORT=/usr/bin/sort
ac_cv_path_TAR=/bin/tar
ac_cv_path_ZIP=/bin/gzip
ac_cv_prog_AWK=mawk
ac_cv_prog_CPP=/usr/bin/cpp
ac_cv_prog_ac_ct_CC=/usr/bin/gcc
ac_cv_prog_ac_ct_MANIFEST_TOOL=mt
ac_cv_prog_ac_ct_OBJDUMP=objdump
ac_cv_prog_ac_ct_RANLIB=/usr/bin/ranlib
ac_cv_prog_ac_ct_STRIP=strip
ac_cv_prog_cc_c89=
ac_cv_prog_cc_g=yes
ac_cv_type_mode_t=yes
ac_cv_type_size_t=yes
ac_cv_working_alloca_h=yes
lt_cv_ar_at_file=@
lt_cv_archive_cmds_need_lc=no
lt_cv_deplibs_check_method=pass_all
lt_cv_file_magic_cmd='$MAGIC_CMD'
lt_cv_file_magic_test_file=
lt_cv_ld_reload_flag=-r
lt_cv_nm_interface='BSD nm'
lt_cv_objdir=.libs
lt_cv_path_LD=/usr/bin/ld
lt_cv_path_NM=/usr/bin/nm
lt_cv_path_mainfest_tool=no
lt_cv_prog_compiler_c_o=yes
lt_cv_prog_compiler_pic='-fPIC -DPIC'
lt_cv_prog_compiler_pic_works=yes
lt_cv_prog_compiler_rtti_exceptions=no
lt_cv_prog_compiler_static_works=yes
lt_cv_prog_gnu_ld=yes
lt_cv_sharedlib_from_linklib_cmd='printf %s\n'
lt_cv_shlibpath_overrides_runpath=yes
lt_cv_sys_global_symbol_pipe='sed -n -e '\''s/^.*[	 ]\([ABCDGIRSTW][ABCDGIRSTW]*\)[	 ][	 ]*\([_A-Za-z][_A-Za-z0-9]*\)$/\1 \2 \2/p'\'' | sed '\''/ __gnu_lto/d'\'''
lt_cv_sys_global_symbol_to_c_name_address='sed -n -e '\''s/^: \([^ ]*\)[ ]*$/  {\"\1\", (void *) 0},/p'\'' -e '\''s/^[ABCDGIRSTW]* \([^ ]*\) \([^ ]*\)$/  {"\2", (void *) \&\2},/p'\'''
lt_cv_sys_global_symbol_to_c_name_address_lib_prefix='sed -n -e '\''s/^: \([^ ]*\)[ ]*$/  {\"\1\", (void *) 0},/p'\'' -e '\''s/^[ABCDGIRSTW]* \([^ ]*\) \(lib[^ ]*\)$/  {"\2", (void *) \&\2},/p'\'' -e '\''s/^[ABCDGIRSTW]* \([^ ]*\) \([^ ]*\)$/  {"lib\2", (void *) \&\2},/p'\'''
lt_cv_sys_global_symbol_to_cdecl='sed -n -e '\''s/^T .* \(.*\)$/extern int \1();/p'\'' -e '\''s/^[ABCDGIRSTW]* .* \(.*\)$/extern char \1;/p'\'''
lt_cv_sys_max_cmd_len=1572864
lt_cv_to_host_file_cmd=func_convert_file_noop
lt_cv_to_tool_file_cmd=func_convert_file_noop

## ----------------- ##
## Output variables. ##
## ----------------- ##

ALLOCA=''
AR='/usr/bin/ar'
AWK='/usr/bin/awk'
CC='/usr/bin/gcc'
CFLAGS='-O2 -I/home/dean/sunxi-v3s/buildroot-2017.08/output/host/include'
CPP='/usr/bin/cpp'
CPPFLAGS='-I/home/dean/sunxi-v3s/buildroot-2017.08/output/host/include'
DEFS='-DHAVE_CONFIG_H'
DLLTOOL='false'
DSYMUTIL=''
DUMPBIN=''
ECHO='/bin/echo'
ECHO_C=''
ECHO_N='-n'
ECHO_T=''
EGREP='/bin/grep -E'
EXEEXT=''
FGREP='/bin/grep -F'
GREP='/bin/grep'
LD='/usr/bin/ld -m elf_x86_64'
LDFLAGS='-L/home/dean/sunxi-v3s/buildroot-2017.08/output/host/lib -Wl,-rpath,/home/dean/sunxi-v3s/buildroot-2017.08/output/host/lib'
LIBOBJS=''
LIBS=''
LIBTOOL='$(SHELL) $(top_builddir)/libtool'
LIPO=''
LN_S='ln -s'
LTLIBOBJS=''
MAKE='/usr/bin/make'
MAKEDEPEND='/bin/true'
MANIFEST_TOOL=':'
MSGFMT=''
MSGMERGE=''
NM='/usr/bin/nm'
NMEDIT=''
OBJDUMP='objdump'
OBJEXT='o'
OTOOL64=''
OTOOL=''
PACKAGE_BUGREPORT=''
PACKAGE_NAME=''
PACKAGE_STRING=''
PACKAGE_TARNAME=''
PACKAGE_URL=''
PACKAGE_VERSION=''
PATH_SEPARATOR=':'
RANLIB='/usr/bin/ranlib'
RPM=''
RPMBUILD=''
SED='/bin/sed'
SHELL='/bin/bash'
SORT='/usr/bin/sort'
STRIP='strip'
TAR='/bin/tar'
XGETTEXT=''
ZIP='/bin/gzip'
ac_ct_AR=''
ac_ct_CC='/usr/bin/gcc'
ac_ct_DUMPBIN=''
awk='/usr/bin/awk'
bindir='${exec_prefix}/bin'
build='x86_64-pc-linux-gnu'
build_alias=''
build_cpu='x86_64'
build_os='linux-gnu'
build_vendor='pc'
cc='/usr/bin/gcc'
datadir='${datarootdir}'
datarootdir='${prefix}/share'
debug_build='-DDEBUG'
docdir='${datarootdir}/doc/${PACKAGE}'
dvidir='${docdir}'
echo='/bin/echo'
enable_gettext='no'
enable_lib64='no'
enable_shared='yes'
exec_prefix='${prefix}'
have_zipped_manpages='false'
host='x86_64-pc-linux-gnu'
host_alias=''
host_cpu='x86_64'
host_os='linux-gnu'
host_vendor='pc'
htmldir='${docdir}'
includedir='${prefix}/include'
infodir='${datarootdir}/info'
libdir='${exec_prefix}/lib'
libdirsuffix=''
libexecdir='${exec_prefix}/libexec'
localedir='${datarootdir}/locale'
localstatedir='/home/dean/sunxi-v3s/buildroot-2017.08/output/host/var'
make='/usr/bin/make'
makedepend='/bin/true'
malloc_lib=''
mandir='${datarootdir}/man'
msgfmt=''
msgmerge=''
oldincludedir='/usr/include'
opt_build='-g -O2'
pdfdir='${docdir}'
pkg_distribution='Linux'
pkg_group='dean'
pkg_name='attr'
pkg_platform='linux'
pkg_release='0'
pkg_user='dean'
pkg_version='2.4.47'
prefix='/home/dean/sunxi-v3s/buildroot-2017.08/output/host'
program_transform_name='s,x,x,'
psdir='${docdir}'
rpm=''
rpm_version='0'
rpmbuild=''
sbindir='${exec_prefix}/sbin'
sed='/bin/sed'
sharedstatedir='${prefix}/com'
sort='/usr/bin/sort'
sysconfdir='/home/dean/sunxi-v3s/buildroot-2017.08/output/host/etc'
tar='/bin/tar'
target_alias=''
xgettext=''
zip='/bin/gzip'

## ----------- ##
## confdefs.h. ##
## ----------- ##

/* confdefs.h */
#define PACKAGE_NAME ""
#define PACKAGE_TARNAME ""
#define PACKAGE_VERSION ""
#define PACKAGE_STRING ""
#define PACKAGE_BUGREPORT ""
#define PACKAGE_URL ""
#define STDC_HEADERS 1
#define HAVE_SYS_TYPES_H 1
#define HAVE_SYS_STAT_H 1
#define HAVE_STDLIB_H 1
#define HAVE_STRING_H 1
#define HAVE_MEMORY_H 1
#define HAVE_STRINGS_H 1
#define HAVE_INTTYPES_H 1
#define HAVE_STDINT_H 1
#define HAVE_UNISTD_H 1
#define HAVE_DLFCN_H 1
#define LT_OBJDIR ".libs/"
#define HAVE_ALLOCA_H 1
#define HAVE_ALLOCA 1

configure: exit 0
