This file contains any messages produced by compilers while
running configure, to aid debugging if configure makes a mistake.

It was created by configure, which was
generated by GNU Autoconf 2.68.  Invocation command line was

  $ ./configure --target=arm-buildroot-linux-gnueabihf --host=arm-buildroot-linux-gnueabihf --build=x86_64-pc-linux-gnu --prefix=/usr --exec-prefix=/usr --sysconfdir=/etc --localstatedir=/var --program-prefix= --disable-gtk-doc --disable-gtk-doc-html --disable-doc --disable-docs --disable-documentation --with-xmlto=no --with-fop=no --disable-dependency-tracking --enable-ipv6 --disable-nls --disable-static --enable-shared --with-sdl-prefix=/home/dean/sunxi-v3s/buildroot-2017.08/output/host/arm-buildroot-linux-gnueabihf/sysroot/usr --disable-sdltest --enable-static --disable-mmx

## --------- ##
## Platform. ##
## --------- ##

hostname = dean-ThinkPad-X100e
uname -m = x86_64
uname -r = 4.13.0-46-generic
uname -s = Linux
uname -v = #51-Ubuntu SMP Tue Jun 12 12:36:29 UTC 2018

/usr/bin/uname -p = unknown
/bin/uname -X     = unknown

/bin/arch              = unknown
/usr/bin/arch -k       = unknown
/usr/convex/getsysinfo = unknown
/usr/bin/hostinfo      = unknown
/bin/machine           = unknown
/usr/bin/oslevel       = unknown
/bin/universe          = unknown

PATH: /home/dean/sunxi-v3s/buildroot-2017.08/output/host/bin
PATH: /home/dean/sunxi-v3s/buildroot-2017.08/output/host/sbin
PATH: /usr/local/sbin
PATH: /usr/local/bin
PATH: /usr/sbin
PATH: /usr/bin
PATH: /sbin
PATH: /bin
PATH: /usr/games
PATH: /usr/local/games
PATH: /snap/bin
PATH: /opt/gcc-linaro-6.3.1-2017.05-x86_64_arm-linux-gnueabihf/bin


## ----------- ##
## Core tests. ##
## ----------- ##

configure:2508: checking build system type
configure:2522: result: x86_64-pc-linux-gnu
configure:2542: checking host system type
configure:2555: result: arm-buildroot-linux-gnueabihf
configure:2575: checking target system type
configure:2588: result: arm-buildroot-linux-gnueabihf
configure:2631: checking for a BSD-compatible install
configure:2699: result: /usr/bin/install -c
configure:2710: checking whether build environment is sane
configure:2760: result: yes
configure:2809: checking for arm-buildroot-linux-gnueabihf-strip
configure:2836: result: /home/dean/sunxi-v3s/buildroot-2017.08/output/host/bin/arm-linux-gnueabihf-strip
configure:2901: checking for a thread-safe mkdir -p
configure:2940: result: /bin/mkdir -p
configure:2953: checking for gawk
configure:2983: result: no
configure:2953: checking for mawk
configure:2969: found /usr/bin/mawk
configure:2980: result: mawk
configure:2991: checking whether make sets $(MAKE)
configure:3013: result: yes
configure:3443: checking how to print strings
configure:3470: result: printf
configure:3503: checking for style of include used by make
configure:3531: result: GNU
configure:3561: checking for arm-buildroot-linux-gnueabihf-gcc
configure:3588: result: /home/dean/sunxi-v3s/buildroot-2017.08/output/host/bin/arm-linux-gnueabihf-gcc
configure:3857: checking for C compiler version
configure:3866: /home/dean/sunxi-v3s/buildroot-2017.08/output/host/bin/arm-linux-gnueabihf-gcc --version >&5
arm-linux-gnueabihf-gcc (Linaro GCC 6.3-2017.05) 6.3.1 20170404
Copyright (C) 2016 Free Software Foundation, Inc.
This is free software; see the source for copying conditions.  There is NO
warranty; not even for MERCHANTABILITY or FITNESS FOR A PARTICULAR PURPOSE.

configure:3877: $? = 0
configure:3866: /home/dean/sunxi-v3s/buildroot-2017.08/output/host/bin/arm-linux-gnueabihf-gcc -v >&5
Using built-in specs.
COLLECT_GCC=/opt/gcc-linaro-6.3.1-2017.05-x86_64_arm-linux-gnueabihf/bin/arm-linux-gnueabihf-gcc
COLLECT_LTO_WRAPPER=/opt/gcc-linaro-6.3.1-2017.05-x86_64_arm-linux-gnueabihf/bin/../libexec/gcc/arm-linux-gnueabihf/6.3.1/lto-wrapper
Target: arm-linux-gnueabihf
Configured with: '/home/tcwg-buildslave/workspace/tcwg-make-release/builder_arch/amd64/label/tcwg-x86_64-build/target/arm-linux-gnueabihf/snapshots/gcc.git~linaro-6.3-2017.05/configure' SHELL=/bin/bash --with-mpc=/home/tcwg-buildslave/workspace/tcwg-make-release/builder_arch/amd64/label/tcwg-x86_64-build/target/arm-linux-gnueabihf/_build/builds/destdir/x86_64-unknown-linux-gnu --with-mpfr=/home/tcwg-buildslave/workspace/tcwg-make-release/builder_arch/amd64/label/tcwg-x86_64-build/target/arm-linux-gnueabihf/_build/builds/destdir/x86_64-unknown-linux-gnu --with-gmp=/home/tcwg-buildslave/workspace/tcwg-make-release/builder_arch/amd64/label/tcwg-x86_64-build/target/arm-linux-gnueabihf/_build/builds/destdir/x86_64-unknown-linux-gnu --with-gnu-as --with-gnu-ld --disable-libmudflap --enable-lto --enable-shared --without-included-gettext --enable-nls --disable-sjlj-exceptions --enable-gnu-unique-object --enable-linker-build-id --disable-libstdcxx-pch --enable-c99 --enable-clocale=gnu --enable-libstdcxx-debug --enable-long-long --with-cloog=no --with-ppl=no --with-isl=no --disable-multilib --with-float=hard --with-fpu=vfpv3-d16 --with-mode=thumb --with-tune=cortex-a9 --with-arch=armv7-a --enable-threads=posix --enable-multiarch --enable-libstdcxx-time=yes --enable-gnu-indirect-function --with-build-sysroot=/home/tcwg-buildslave/workspace/tcwg-make-release/builder_arch/amd64/label/tcwg-x86_64-build/target/arm-linux-gnueabihf/_build/sysroots/arm-linux-gnueabihf --with-sysroot=/home/tcwg-buildslave/workspace/tcwg-make-release/builder_arch/amd64/label/tcwg-x86_64-build/target/arm-linux-gnueabihf/_build/builds/destdir/x86_64-unknown-linux-gnu/arm-linux-gnueabihf/libc --enable-checking=release --disable-bootstrap --enable-languages=c,c++,fortran,lto --build=x86_64-unknown-linux-gnu --host=x86_64-unknown-linux-gnu --target=arm-linux-gnueabihf --prefix=/home/tcwg-buildslave/workspace/tcwg-make-release/builder_arch/amd64/label/tcwg-x86_64-build/target/arm-linux-gnueabihf/_build/builds/destdir/x86_64-unknown-linux-gnu
Thread model: posix
gcc version 6.3.1 20170404 (Linaro GCC 6.3-2017.05) 
configure:3877: $? = 0
configure:3866: /home/dean/sunxi-v3s/buildroot-2017.08/output/host/bin/arm-linux-gnueabihf-gcc -V >&5
arm-linux-gnueabihf-gcc: error: unrecognized command line option '-V'
arm-linux-gnueabihf-gcc: fatal error: no input files
compilation terminated.
configure:3877: $? = 1
configure:3866: /home/dean/sunxi-v3s/buildroot-2017.08/output/host/bin/arm-linux-gnueabihf-gcc -qversion >&5
arm-linux-gnueabihf-gcc: error: unrecognized command line option '-qversion'; did you mean '--version'?
arm-linux-gnueabihf-gcc: fatal error: no input files
compilation terminated.
configure:3877: $? = 1
configure:3897: checking whether the C compiler works
configure:3919: /home/dean/sunxi-v3s/buildroot-2017.08/output/host/bin/arm-linux-gnueabihf-gcc -D_LARGEFILE_SOURCE -D_LARGEFILE64_SOURCE -D_FILE_OFFSET_BITS=64  -Os  -D_LARGEFILE_SOURCE -D_LARGEFILE64_SOURCE -D_FILE_OFFSET_BITS=64  conftest.c  >&5
configure:3923: $? = 0
configure:3971: result: yes
configure:3974: checking for C compiler default output file name
configure:3976: result: a.out
configure:3982: checking for suffix of executables
configure:3989: /home/dean/sunxi-v3s/buildroot-2017.08/output/host/bin/arm-linux-gnueabihf-gcc -o conftest -D_LARGEFILE_SOURCE -D_LARGEFILE64_SOURCE -D_FILE_OFFSET_BITS=64  -Os  -D_LARGEFILE_SOURCE -D_LARGEFILE64_SOURCE -D_FILE_OFFSET_BITS=64  conftest.c  >&5
configure:3993: $? = 0
configure:4015: result: 
configure:4037: checking whether we are cross compiling
configure:4075: result: yes
configure:4080: checking for suffix of object files
configure:4102: /home/dean/sunxi-v3s/buildroot-2017.08/output/host/bin/arm-linux-gnueabihf-gcc -c -D_LARGEFILE_SOURCE -D_LARGEFILE64_SOURCE -D_FILE_OFFSET_BITS=64  -Os  -D_LARGEFILE_SOURCE -D_LARGEFILE64_SOURCE -D_FILE_OFFSET_BITS=64 conftest.c >&5
configure:4106: $? = 0
configure:4127: result: o
configure:4131: checking whether we are using the GNU C compiler
configure:4150: /home/dean/sunxi-v3s/buildroot-2017.08/output/host/bin/arm-linux-gnueabihf-gcc -c -D_LARGEFILE_SOURCE -D_LARGEFILE64_SOURCE -D_FILE_OFFSET_BITS=64  -Os  -D_LARGEFILE_SOURCE -D_LARGEFILE64_SOURCE -D_FILE_OFFSET_BITS=64 conftest.c >&5
configure:4150: $? = 0
configure:4159: result: yes
configure:4168: checking whether /home/dean/sunxi-v3s/buildroot-2017.08/output/host/bin/arm-linux-gnueabihf-gcc accepts -g
configure:4188: /home/dean/sunxi-v3s/buildroot-2017.08/output/host/bin/arm-linux-gnueabihf-gcc -c -g -D_LARGEFILE_SOURCE -D_LARGEFILE64_SOURCE -D_FILE_OFFSET_BITS=64 conftest.c >&5
configure:4188: $? = 0
configure:4229: result: yes
configure:4246: checking for /home/dean/sunxi-v3s/buildroot-2017.08/output/host/bin/arm-linux-gnueabihf-gcc option to accept ISO C89
configure:4310: /home/dean/sunxi-v3s/buildroot-2017.08/output/host/bin/arm-linux-gnueabihf-gcc  -c -D_LARGEFILE_SOURCE -D_LARGEFILE64_SOURCE -D_FILE_OFFSET_BITS=64  -Os  -D_LARGEFILE_SOURCE -D_LARGEFILE64_SOURCE -D_FILE_OFFSET_BITS=64 conftest.c >&5
configure:4310: $? = 0
configure:4323: result: none needed
configure:4345: checking dependency style of /home/dean/sunxi-v3s/buildroot-2017.08/output/host/bin/arm-linux-gnueabihf-gcc
configure:4455: result: none
configure:4470: checking for a sed that does not truncate output
configure:4534: result: /bin/sed
configure:4552: checking for grep that handles long lines and -e
configure:4610: result: /bin/grep
configure:4615: checking for egrep
configure:4677: result: /bin/grep -E
configure:4682: checking for fgrep
configure:4744: result: /bin/grep -F
configure:4779: checking for ld used by /home/dean/sunxi-v3s/buildroot-2017.08/output/host/bin/arm-linux-gnueabihf-gcc
configure:4846: result: /home/dean/sunxi-v3s/buildroot-2017.08/output/host/bin/arm-linux-gnueabihf-ld
configure:4853: checking if the linker (/home/dean/sunxi-v3s/buildroot-2017.08/output/host/bin/arm-linux-gnueabihf-ld) is GNU ld
configure:4868: result: yes
configure:4880: checking for BSD- or MS-compatible name lister (nm)
configure:4929: result: /home/dean/sunxi-v3s/buildroot-2017.08/output/host/bin/arm-linux-gnueabihf-nm
configure:5059: checking the name lister (/home/dean/sunxi-v3s/buildroot-2017.08/output/host/bin/arm-linux-gnueabihf-nm) interface
configure:5066: /home/dean/sunxi-v3s/buildroot-2017.08/output/host/bin/arm-linux-gnueabihf-gcc -c -D_LARGEFILE_SOURCE -D_LARGEFILE64_SOURCE -D_FILE_OFFSET_BITS=64  -Os  -D_LARGEFILE_SOURCE -D_LARGEFILE64_SOURCE -D_FILE_OFFSET_BITS=64 conftest.c >&5
configure:5069: /home/dean/sunxi-v3s/buildroot-2017.08/output/host/bin/arm-linux-gnueabihf-nm "conftest.o"
configure:5072: output
00000000 B some_variable
configure:5079: result: BSD nm
configure:5082: checking whether ln -s works
configure:5086: result: yes
configure:5094: checking the maximum length of command line arguments
configure:5224: result: 1572864
configure:5241: checking whether the shell understands some XSI constructs
configure:5251: result: yes
configure:5255: checking whether the shell understands "+="
configure:5261: result: no
configure:5296: checking how to convert x86_64-pc-linux-gnu file names to arm-buildroot-linux-gnueabihf format
configure:5336: result: func_convert_file_noop
configure:5343: checking how to convert x86_64-pc-linux-gnu file names to toolchain format
configure:5363: result: func_convert_file_noop
configure:5370: checking for /home/dean/sunxi-v3s/buildroot-2017.08/output/host/bin/arm-linux-gnueabihf-ld option to reload object files
configure:5377: result: -r
configure:5411: checking for arm-buildroot-linux-gnueabihf-objdump
configure:5438: result: /home/dean/sunxi-v3s/buildroot-2017.08/output/host/bin/arm-linux-gnueabihf-objdump
configure:5507: checking how to recognize dependent libraries
configure:5709: result: pass_all
configure:5754: checking for arm-buildroot-linux-gnueabihf-dlltool
configure:5781: result: dlltool
configure:5851: checking how to associate runtime and link libraries
configure:5878: result: printf %s\n
configure:5895: checking for arm-buildroot-linux-gnueabihf-ar
configure:5922: result: /home/dean/sunxi-v3s/buildroot-2017.08/output/host/bin/arm-linux-gnueabihf-ar
configure:6003: checking for archiver @FILE support
configure:6020: /home/dean/sunxi-v3s/buildroot-2017.08/output/host/bin/arm-linux-gnueabihf-gcc -c -D_LARGEFILE_SOURCE -D_LARGEFILE64_SOURCE -D_FILE_OFFSET_BITS=64  -Os  -D_LARGEFILE_SOURCE -D_LARGEFILE64_SOURCE -D_FILE_OFFSET_BITS=64 conftest.c >&5
configure:6020: $? = 0
configure:6023: /home/dean/sunxi-v3s/buildroot-2017.08/output/host/bin/arm-linux-gnueabihf-ar cru libconftest.a @conftest.lst >&5
configure:6026: $? = 0
configure:6031: /home/dean/sunxi-v3s/buildroot-2017.08/output/host/bin/arm-linux-gnueabihf-ar cru libconftest.a @conftest.lst >&5
/home/dean/sunxi-v3s/buildroot-2017.08/output/host/bin/arm-linux-gnueabihf-ar: conftest.o: No such file or directory
configure:6034: $? = 1
configure:6046: result: @
configure:6064: checking for arm-buildroot-linux-gnueabihf-strip
configure:6091: result: /home/dean/sunxi-v3s/buildroot-2017.08/output/host/bin/arm-linux-gnueabihf-strip
configure:6163: checking for arm-buildroot-linux-gnueabihf-ranlib
configure:6190: result: /home/dean/sunxi-v3s/buildroot-2017.08/output/host/bin/arm-linux-gnueabihf-ranlib
configure:6332: checking command to parse /home/dean/sunxi-v3s/buildroot-2017.08/output/host/bin/arm-linux-gnueabihf-nm output from /home/dean/sunxi-v3s/buildroot-2017.08/output/host/bin/arm-linux-gnueabihf-gcc object
configure:6452: /home/dean/sunxi-v3s/buildroot-2017.08/output/host/bin/arm-linux-gnueabihf-gcc -c -D_LARGEFILE_SOURCE -D_LARGEFILE64_SOURCE -D_FILE_OFFSET_BITS=64  -Os  -D_LARGEFILE_SOURCE -D_LARGEFILE64_SOURCE -D_FILE_OFFSET_BITS=64 conftest.c >&5
configure:6455: $? = 0
configure:6459: /home/dean/sunxi-v3s/buildroot-2017.08/output/host/bin/arm-linux-gnueabihf-nm conftest.o \| sed -n -e 's/^.*[ ]\([ABCDGIRSTW][ABCDGIRSTW]*\)[ ][ ]*\([_A-Za-z][_A-Za-z0-9]*\)$/  /p' | sed '/ __gnu_lto/d' \> conftest.nm
configure:6462: $? = 0
configure:6528: /home/dean/sunxi-v3s/buildroot-2017.08/output/host/bin/arm-linux-gnueabihf-gcc -o conftest -D_LARGEFILE_SOURCE -D_LARGEFILE64_SOURCE -D_FILE_OFFSET_BITS=64  -Os  -D_LARGEFILE_SOURCE -D_LARGEFILE64_SOURCE -D_FILE_OFFSET_BITS=64  conftest.c conftstm.o >&5
configure:6531: $? = 0
configure:6569: result: ok
configure:6606: checking for sysroot
configure:6636: result: no
configure:6852: checking for arm-buildroot-linux-gnueabihf-mt
configure:6882: result: no
configure:6892: checking for mt
configure:6908: found /bin/mt
configure:6919: result: mt
configure:6931: WARNING: using cross tools not prefixed with host triplet
configure:6942: checking if mt is a manifest tool
configure:6948: mt '-?'
configure:6956: result: no
configure:7598: checking how to run the C preprocessor
configure:7668: result: /home/dean/sunxi-v3s/buildroot-2017.08/output/host/bin/arm-linux-gnueabihf-cpp
configure:7688: /home/dean/sunxi-v3s/buildroot-2017.08/output/host/bin/arm-linux-gnueabihf-cpp -D_LARGEFILE_SOURCE -D_LARGEFILE64_SOURCE -D_FILE_OFFSET_BITS=64 conftest.c
configure:7688: $? = 0
configure:7702: /home/dean/sunxi-v3s/buildroot-2017.08/output/host/bin/arm-linux-gnueabihf-cpp -D_LARGEFILE_SOURCE -D_LARGEFILE64_SOURCE -D_FILE_OFFSET_BITS=64 conftest.c
conftest.c:11:28: fatal error: ac_nonexistent.h: No such file or directory
 #include <ac_nonexistent.h>
                            ^
compilation terminated.
configure:7702: $? = 1
configure: failed program was:
| /* confdefs.h */
| #define PACKAGE_NAME ""
| #define PACKAGE_TARNAME ""
| #define PACKAGE_VERSION ""
| #define PACKAGE_STRING ""
| #define PACKAGE_BUGREPORT ""
| #define PACKAGE_URL ""
| #define PACKAGE "SDL_gfx"
| #define VERSION "2.0.23"
| /* end confdefs.h.  */
| #include <ac_nonexistent.h>
configure:7731: checking for ANSI C header files
configure:7751: /home/dean/sunxi-v3s/buildroot-2017.08/output/host/bin/arm-linux-gnueabihf-gcc -c -D_LARGEFILE_SOURCE -D_LARGEFILE64_SOURCE -D_FILE_OFFSET_BITS=64  -Os  -D_LARGEFILE_SOURCE -D_LARGEFILE64_SOURCE -D_FILE_OFFSET_BITS=64 conftest.c >&5
configure:7751: $? = 0
configure:7835: result: yes
configure:7848: checking for sys/types.h
configure:7848: /home/dean/sunxi-v3s/buildroot-2017.08/output/host/bin/arm-linux-gnueabihf-gcc -c -D_LARGEFILE_SOURCE -D_LARGEFILE64_SOURCE -D_FILE_OFFSET_BITS=64  -Os  -D_LARGEFILE_SOURCE -D_LARGEFILE64_SOURCE -D_FILE_OFFSET_BITS=64 conftest.c >&5
configure:7848: $? = 0
configure:7848: result: yes
configure:7848: checking for sys/stat.h
configure:7848: /home/dean/sunxi-v3s/buildroot-2017.08/output/host/bin/arm-linux-gnueabihf-gcc -c -D_LARGEFILE_SOURCE -D_LARGEFILE64_SOURCE -D_FILE_OFFSET_BITS=64  -Os  -D_LARGEFILE_SOURCE -D_LARGEFILE64_SOURCE -D_FILE_OFFSET_BITS=64 conftest.c >&5
configure:7848: $? = 0
configure:7848: result: yes
configure:7848: checking for stdlib.h
configure:7848: /home/dean/sunxi-v3s/buildroot-2017.08/output/host/bin/arm-linux-gnueabihf-gcc -c -D_LARGEFILE_SOURCE -D_LARGEFILE64_SOURCE -D_FILE_OFFSET_BITS=64  -Os  -D_LARGEFILE_SOURCE -D_LARGEFILE64_SOURCE -D_FILE_OFFSET_BITS=64 conftest.c >&5
configure:7848: $? = 0
configure:7848: result: yes
configure:7848: checking for string.h
configure:7848: /home/dean/sunxi-v3s/buildroot-2017.08/output/host/bin/arm-linux-gnueabihf-gcc -c -D_LARGEFILE_SOURCE -D_LARGEFILE64_SOURCE -D_FILE_OFFSET_BITS=64  -Os  -D_LARGEFILE_SOURCE -D_LARGEFILE64_SOURCE -D_FILE_OFFSET_BITS=64 conftest.c >&5
configure:7848: $? = 0
configure:7848: result: yes
configure:7848: checking for memory.h
configure:7848: /home/dean/sunxi-v3s/buildroot-2017.08/output/host/bin/arm-linux-gnueabihf-gcc -c -D_LARGEFILE_SOURCE -D_LARGEFILE64_SOURCE -D_FILE_OFFSET_BITS=64  -Os  -D_LARGEFILE_SOURCE -D_LARGEFILE64_SOURCE -D_FILE_OFFSET_BITS=64 conftest.c >&5
configure:7848: $? = 0
configure:7848: result: yes
configure:7848: checking for strings.h
configure:7848: /home/dean/sunxi-v3s/buildroot-2017.08/output/host/bin/arm-linux-gnueabihf-gcc -c -D_LARGEFILE_SOURCE -D_LARGEFILE64_SOURCE -D_FILE_OFFSET_BITS=64  -Os  -D_LARGEFILE_SOURCE -D_LARGEFILE64_SOURCE -D_FILE_OFFSET_BITS=64 conftest.c >&5
configure:7848: $? = 0
configure:7848: result: yes
configure:7848: checking for inttypes.h
configure:7848: /home/dean/sunxi-v3s/buildroot-2017.08/output/host/bin/arm-linux-gnueabihf-gcc -c -D_LARGEFILE_SOURCE -D_LARGEFILE64_SOURCE -D_FILE_OFFSET_BITS=64  -Os  -D_LARGEFILE_SOURCE -D_LARGEFILE64_SOURCE -D_FILE_OFFSET_BITS=64 conftest.c >&5
configure:7848: $? = 0
configure:7848: result: yes
configure:7848: checking for stdint.h
configure:7848: /home/dean/sunxi-v3s/buildroot-2017.08/output/host/bin/arm-linux-gnueabihf-gcc -c -D_LARGEFILE_SOURCE -D_LARGEFILE64_SOURCE -D_FILE_OFFSET_BITS=64  -Os  -D_LARGEFILE_SOURCE -D_LARGEFILE64_SOURCE -D_FILE_OFFSET_BITS=64 conftest.c >&5
configure:7848: $? = 0
configure:7848: result: yes
configure:7848: checking for unistd.h
configure:7848: /home/dean/sunxi-v3s/buildroot-2017.08/output/host/bin/arm-linux-gnueabihf-gcc -c -D_LARGEFILE_SOURCE -D_LARGEFILE64_SOURCE -D_FILE_OFFSET_BITS=64  -Os  -D_LARGEFILE_SOURCE -D_LARGEFILE64_SOURCE -D_FILE_OFFSET_BITS=64 conftest.c >&5
configure:7848: $? = 0
configure:7848: result: yes
configure:7862: checking for dlfcn.h
configure:7862: /home/dean/sunxi-v3s/buildroot-2017.08/output/host/bin/arm-linux-gnueabihf-gcc -c -D_LARGEFILE_SOURCE -D_LARGEFILE64_SOURCE -D_FILE_OFFSET_BITS=64  -Os  -D_LARGEFILE_SOURCE -D_LARGEFILE64_SOURCE -D_FILE_OFFSET_BITS=64 conftest.c >&5
configure:7862: $? = 0
configure:7862: result: yes
configure:8066: checking for objdir
configure:8081: result: .libs
configure:8348: checking if /home/dean/sunxi-v3s/buildroot-2017.08/output/host/bin/arm-linux-gnueabihf-gcc supports -fno-rtti -fno-exceptions
configure:8366: /home/dean/sunxi-v3s/buildroot-2017.08/output/host/bin/arm-linux-gnueabihf-gcc -c -D_LARGEFILE_SOURCE -D_LARGEFILE64_SOURCE -D_FILE_OFFSET_BITS=64  -Os  -D_LARGEFILE_SOURCE -D_LARGEFILE64_SOURCE -D_FILE_OFFSET_BITS=64 -fno-rtti -fno-exceptions conftest.c >&5
cc1: warning: command line option '-fno-rtti' is valid for C++/ObjC++ but not for C
configure:8370: $? = 0
configure:8383: result: no
configure:8710: checking for /home/dean/sunxi-v3s/buildroot-2017.08/output/host/bin/arm-linux-gnueabihf-gcc option to produce PIC
configure:8717: result: -fPIC -DPIC
configure:8725: checking if /home/dean/sunxi-v3s/buildroot-2017.08/output/host/bin/arm-linux-gnueabihf-gcc PIC flag -fPIC -DPIC works
configure:8743: /home/dean/sunxi-v3s/buildroot-2017.08/output/host/bin/arm-linux-gnueabihf-gcc -c -D_LARGEFILE_SOURCE -D_LARGEFILE64_SOURCE -D_FILE_OFFSET_BITS=64  -Os  -D_LARGEFILE_SOURCE -D_LARGEFILE64_SOURCE -D_FILE_OFFSET_BITS=64 -fPIC -DPIC -DPIC conftest.c >&5
configure:8747: $? = 0
configure:8760: result: yes
configure:8789: checking if /home/dean/sunxi-v3s/buildroot-2017.08/output/host/bin/arm-linux-gnueabihf-gcc static flag -static works
configure:8817: result: yes
configure:8832: checking if /home/dean/sunxi-v3s/buildroot-2017.08/output/host/bin/arm-linux-gnueabihf-gcc supports -c -o file.o
configure:8853: /home/dean/sunxi-v3s/buildroot-2017.08/output/host/bin/arm-linux-gnueabihf-gcc -c -D_LARGEFILE_SOURCE -D_LARGEFILE64_SOURCE -D_FILE_OFFSET_BITS=64  -Os  -D_LARGEFILE_SOURCE -D_LARGEFILE64_SOURCE -D_FILE_OFFSET_BITS=64 -o out/conftest2.o conftest.c >&5
configure:8857: $? = 0
configure:8879: result: yes
configure:8887: checking if /home/dean/sunxi-v3s/buildroot-2017.08/output/host/bin/arm-linux-gnueabihf-gcc supports -c -o file.o
configure:8934: result: yes
configure:8967: checking whether the /home/dean/sunxi-v3s/buildroot-2017.08/output/host/bin/arm-linux-gnueabihf-gcc linker (/home/dean/sunxi-v3s/buildroot-2017.08/output/host/bin/arm-linux-gnueabihf-ld) supports shared libraries
configure:10120: result: yes
configure:10157: checking whether -lc should be explicitly linked in
configure:10165: /home/dean/sunxi-v3s/buildroot-2017.08/output/host/bin/arm-linux-gnueabihf-gcc -c -D_LARGEFILE_SOURCE -D_LARGEFILE64_SOURCE -D_FILE_OFFSET_BITS=64  -Os  -D_LARGEFILE_SOURCE -D_LARGEFILE64_SOURCE -D_FILE_OFFSET_BITS=64 conftest.c >&5
configure:10168: $? = 0
configure:10183: /home/dean/sunxi-v3s/buildroot-2017.08/output/host/bin/arm-linux-gnueabihf-gcc -shared  -fPIC -DPIC conftest.o  -v -Wl,-soname -Wl,conftest -o conftest 2\>\&1 \| /bin/grep  -lc  \>/dev/null 2\>\&1
configure:10186: $? = 0
configure:10200: result: no
configure:10360: checking dynamic linker characteristics
configure:10871: /home/dean/sunxi-v3s/buildroot-2017.08/output/host/bin/arm-linux-gnueabihf-gcc -o conftest -D_LARGEFILE_SOURCE -D_LARGEFILE64_SOURCE -D_FILE_OFFSET_BITS=64  -Os  -D_LARGEFILE_SOURCE -D_LARGEFILE64_SOURCE -D_FILE_OFFSET_BITS=64  -Wl,-rpath -Wl,/foo conftest.c  >&5
configure:10871: $? = 0
configure:11093: result: GNU/Linux ld.so
configure:11200: checking how to hardcode library paths into programs
configure:11225: result: immediate
configure:11765: checking whether stripping libraries is possible
configure:11770: result: yes
configure:11805: checking if libtool supports shared libraries
configure:11807: result: yes
configure:11810: checking whether to build shared libraries
configure:11831: result: yes
configure:11834: checking whether to build static libraries
configure:11838: result: yes
configure:11875: checking whether make sets $(MAKE)
configure:11897: result: yes
configure:11914: checking for arm-buildroot-linux-gnueabihf-gcc
configure:11941: result: /home/dean/sunxi-v3s/buildroot-2017.08/output/host/bin/arm-linux-gnueabihf-gcc
configure:12210: checking for C compiler version
configure:12219: /home/dean/sunxi-v3s/buildroot-2017.08/output/host/bin/arm-linux-gnueabihf-gcc --version >&5
arm-linux-gnueabihf-gcc (Linaro GCC 6.3-2017.05) 6.3.1 20170404
Copyright (C) 2016 Free Software Foundation, Inc.
This is free software; see the source for copying conditions.  There is NO
warranty; not even for MERCHANTABILITY or FITNESS FOR A PARTICULAR PURPOSE.

configure:12230: $? = 0
configure:12219: /home/dean/sunxi-v3s/buildroot-2017.08/output/host/bin/arm-linux-gnueabihf-gcc -v >&5
Using built-in specs.
COLLECT_GCC=/opt/gcc-linaro-6.3.1-2017.05-x86_64_arm-linux-gnueabihf/bin/arm-linux-gnueabihf-gcc
COLLECT_LTO_WRAPPER=/opt/gcc-linaro-6.3.1-2017.05-x86_64_arm-linux-gnueabihf/bin/../libexec/gcc/arm-linux-gnueabihf/6.3.1/lto-wrapper
Target: arm-linux-gnueabihf
Configured with: '/home/tcwg-buildslave/workspace/tcwg-make-release/builder_arch/amd64/label/tcwg-x86_64-build/target/arm-linux-gnueabihf/snapshots/gcc.git~linaro-6.3-2017.05/configure' SHELL=/bin/bash --with-mpc=/home/tcwg-buildslave/workspace/tcwg-make-release/builder_arch/amd64/label/tcwg-x86_64-build/target/arm-linux-gnueabihf/_build/builds/destdir/x86_64-unknown-linux-gnu --with-mpfr=/home/tcwg-buildslave/workspace/tcwg-make-release/builder_arch/amd64/label/tcwg-x86_64-build/target/arm-linux-gnueabihf/_build/builds/destdir/x86_64-unknown-linux-gnu --with-gmp=/home/tcwg-buildslave/workspace/tcwg-make-release/builder_arch/amd64/label/tcwg-x86_64-build/target/arm-linux-gnueabihf/_build/builds/destdir/x86_64-unknown-linux-gnu --with-gnu-as --with-gnu-ld --disable-libmudflap --enable-lto --enable-shared --without-included-gettext --enable-nls --disable-sjlj-exceptions --enable-gnu-unique-object --enable-linker-build-id --disable-libstdcxx-pch --enable-c99 --enable-clocale=gnu --enable-libstdcxx-debug --enable-long-long --with-cloog=no --with-ppl=no --with-isl=no --disable-multilib --with-float=hard --with-fpu=vfpv3-d16 --with-mode=thumb --with-tune=cortex-a9 --with-arch=armv7-a --enable-threads=posix --enable-multiarch --enable-libstdcxx-time=yes --enable-gnu-indirect-function --with-build-sysroot=/home/tcwg-buildslave/workspace/tcwg-make-release/builder_arch/amd64/label/tcwg-x86_64-build/target/arm-linux-gnueabihf/_build/sysroots/arm-linux-gnueabihf --with-sysroot=/home/tcwg-buildslave/workspace/tcwg-make-release/builder_arch/amd64/label/tcwg-x86_64-build/target/arm-linux-gnueabihf/_build/builds/destdir/x86_64-unknown-linux-gnu/arm-linux-gnueabihf/libc --enable-checking=release --disable-bootstrap --enable-languages=c,c++,fortran,lto --build=x86_64-unknown-linux-gnu --host=x86_64-unknown-linux-gnu --target=arm-linux-gnueabihf --prefix=/home/tcwg-buildslave/workspace/tcwg-make-release/builder_arch/amd64/label/tcwg-x86_64-build/target/arm-linux-gnueabihf/_build/builds/destdir/x86_64-unknown-linux-gnu
Thread model: posix
gcc version 6.3.1 20170404 (Linaro GCC 6.3-2017.05) 
configure:12230: $? = 0
configure:12219: /home/dean/sunxi-v3s/buildroot-2017.08/output/host/bin/arm-linux-gnueabihf-gcc -V >&5
arm-linux-gnueabihf-gcc: error: unrecognized command line option '-V'
arm-linux-gnueabihf-gcc: fatal error: no input files
compilation terminated.
configure:12230: $? = 1
configure:12219: /home/dean/sunxi-v3s/buildroot-2017.08/output/host/bin/arm-linux-gnueabihf-gcc -qversion >&5
arm-linux-gnueabihf-gcc: error: unrecognized command line option '-qversion'; did you mean '--version'?
arm-linux-gnueabihf-gcc: fatal error: no input files
compilation terminated.
configure:12230: $? = 1
configure:12234: checking whether we are using the GNU C compiler
configure:12262: result: yes
configure:12271: checking whether /home/dean/sunxi-v3s/buildroot-2017.08/output/host/bin/arm-linux-gnueabihf-gcc accepts -g
configure:12332: result: yes
configure:12349: checking for /home/dean/sunxi-v3s/buildroot-2017.08/output/host/bin/arm-linux-gnueabihf-gcc option to accept ISO C89
configure:12426: result: none needed
configure:12448: checking dependency style of /home/dean/sunxi-v3s/buildroot-2017.08/output/host/bin/arm-linux-gnueabihf-gcc
configure:12558: result: none
configure:12685: checking for C++ compiler version
configure:12694: false --version >&5
configure:12705: $? = 1
configure:12694: false -v >&5
configure:12705: $? = 1
configure:12694: false -V >&5
configure:12705: $? = 1
configure:12694: false -qversion >&5
configure:12705: $? = 1
configure:12709: checking whether we are using the GNU C++ compiler
configure:12728: false -c -D_LARGEFILE_SOURCE -D_LARGEFILE64_SOURCE -D_FILE_OFFSET_BITS=64  -Os  -D_LARGEFILE_SOURCE -D_LARGEFILE64_SOURCE -D_FILE_OFFSET_BITS=64 conftest.cpp >&5
configure:12728: $? = 1
configure: failed program was:
| /* confdefs.h */
| #define PACKAGE_NAME ""
| #define PACKAGE_TARNAME ""
| #define PACKAGE_VERSION ""
| #define PACKAGE_STRING ""
| #define PACKAGE_BUGREPORT ""
| #define PACKAGE_URL ""
| #define PACKAGE "SDL_gfx"
| #define VERSION "2.0.23"
| #define STDC_HEADERS 1
| #define HAVE_SYS_TYPES_H 1
| #define HAVE_SYS_STAT_H 1
| #define HAVE_STDLIB_H 1
| #define HAVE_STRING_H 1
| #define HAVE_MEMORY_H 1
| #define HAVE_STRINGS_H 1
| #define HAVE_INTTYPES_H 1
| #define HAVE_STDINT_H 1
| #define HAVE_UNISTD_H 1
| #define HAVE_DLFCN_H 1
| #define LT_OBJDIR ".libs/"
| /* end confdefs.h.  */
| 
| int
| main ()
| {
| #ifndef __GNUC__
|        choke me
| #endif
| 
|   ;
|   return 0;
| }
configure:12737: result: no
configure:12746: checking whether false accepts -g
configure:12766: false -c -g -D_LARGEFILE_SOURCE -D_LARGEFILE64_SOURCE -D_FILE_OFFSET_BITS=64 conftest.cpp >&5
configure:12766: $? = 1
configure: failed program was:
| /* confdefs.h */
| #define PACKAGE_NAME ""
| #define PACKAGE_TARNAME ""
| #define PACKAGE_VERSION ""
| #define PACKAGE_STRING ""
| #define PACKAGE_BUGREPORT ""
| #define PACKAGE_URL ""
| #define PACKAGE "SDL_gfx"
| #define VERSION "2.0.23"
| #define STDC_HEADERS 1
| #define HAVE_SYS_TYPES_H 1
| #define HAVE_SYS_STAT_H 1
| #define HAVE_STDLIB_H 1
| #define HAVE_STRING_H 1
| #define HAVE_MEMORY_H 1
| #define HAVE_STRINGS_H 1
| #define HAVE_INTTYPES_H 1
| #define HAVE_STDINT_H 1
| #define HAVE_UNISTD_H 1
| #define HAVE_DLFCN_H 1
| #define LT_OBJDIR ".libs/"
| /* end confdefs.h.  */
| 
| int
| main ()
| {
| 
|   ;
|   return 0;
| }
configure:12781: false -c  -D_LARGEFILE_SOURCE -D_LARGEFILE64_SOURCE -D_FILE_OFFSET_BITS=64 conftest.cpp >&5
configure:12781: $? = 1
configure: failed program was:
| /* confdefs.h */
| #define PACKAGE_NAME ""
| #define PACKAGE_TARNAME ""
| #define PACKAGE_VERSION ""
| #define PACKAGE_STRING ""
| #define PACKAGE_BUGREPORT ""
| #define PACKAGE_URL ""
| #define PACKAGE "SDL_gfx"
| #define VERSION "2.0.23"
| #define STDC_HEADERS 1
| #define HAVE_SYS_TYPES_H 1
| #define HAVE_SYS_STAT_H 1
| #define HAVE_STDLIB_H 1
| #define HAVE_STRING_H 1
| #define HAVE_MEMORY_H 1
| #define HAVE_STRINGS_H 1
| #define HAVE_INTTYPES_H 1
| #define HAVE_STDINT_H 1
| #define HAVE_UNISTD_H 1
| #define HAVE_DLFCN_H 1
| #define LT_OBJDIR ".libs/"
| /* end confdefs.h.  */
| 
| int
| main ()
| {
| 
|   ;
|   return 0;
| }
configure:12797: false -c -g -D_LARGEFILE_SOURCE -D_LARGEFILE64_SOURCE -D_FILE_OFFSET_BITS=64 conftest.cpp >&5
configure:12797: $? = 1
configure: failed program was:
| /* confdefs.h */
| #define PACKAGE_NAME ""
| #define PACKAGE_TARNAME ""
| #define PACKAGE_VERSION ""
| #define PACKAGE_STRING ""
| #define PACKAGE_BUGREPORT ""
| #define PACKAGE_URL ""
| #define PACKAGE "SDL_gfx"
| #define VERSION "2.0.23"
| #define STDC_HEADERS 1
| #define HAVE_SYS_TYPES_H 1
| #define HAVE_SYS_STAT_H 1
| #define HAVE_STDLIB_H 1
| #define HAVE_STRING_H 1
| #define HAVE_MEMORY_H 1
| #define HAVE_STRINGS_H 1
| #define HAVE_INTTYPES_H 1
| #define HAVE_STDINT_H 1
| #define HAVE_UNISTD_H 1
| #define HAVE_DLFCN_H 1
| #define LT_OBJDIR ".libs/"
| /* end confdefs.h.  */
| 
| int
| main ()
| {
| 
|   ;
|   return 0;
| }
configure:12807: result: no
configure:12832: checking dependency style of false
configure:12942: result: none
configure:12975: checking how to run the C++ preprocessor
configure:13002: false -E -D_LARGEFILE_SOURCE -D_LARGEFILE64_SOURCE -D_FILE_OFFSET_BITS=64 conftest.cpp
configure:13002: $? = 1
configure: failed program was:
| /* confdefs.h */
| #define PACKAGE_NAME ""
| #define PACKAGE_TARNAME ""
| #define PACKAGE_VERSION ""
| #define PACKAGE_STRING ""
| #define PACKAGE_BUGREPORT ""
| #define PACKAGE_URL ""
| #define PACKAGE "SDL_gfx"
| #define VERSION "2.0.23"
| #define STDC_HEADERS 1
| #define HAVE_SYS_TYPES_H 1
| #define HAVE_SYS_STAT_H 1
| #define HAVE_STDLIB_H 1
| #define HAVE_STRING_H 1
| #define HAVE_MEMORY_H 1
| #define HAVE_STRINGS_H 1
| #define HAVE_INTTYPES_H 1
| #define HAVE_STDINT_H 1
| #define HAVE_UNISTD_H 1
| #define HAVE_DLFCN_H 1
| #define LT_OBJDIR ".libs/"
| /* end confdefs.h.  */
| #ifdef __STDC__
| # include <limits.h>
| #else
| # include <assert.h>
| #endif
| 		     Syntax error
configure:13002: false -E -D_LARGEFILE_SOURCE -D_LARGEFILE64_SOURCE -D_FILE_OFFSET_BITS=64 conftest.cpp
configure:13002: $? = 1
configure: failed program was:
| /* confdefs.h */
| #define PACKAGE_NAME ""
| #define PACKAGE_TARNAME ""
| #define PACKAGE_VERSION ""
| #define PACKAGE_STRING ""
| #define PACKAGE_BUGREPORT ""
| #define PACKAGE_URL ""
| #define PACKAGE "SDL_gfx"
| #define VERSION "2.0.23"
| #define STDC_HEADERS 1
| #define HAVE_SYS_TYPES_H 1
| #define HAVE_SYS_STAT_H 1
| #define HAVE_STDLIB_H 1
| #define HAVE_STRING_H 1
| #define HAVE_MEMORY_H 1
| #define HAVE_STRINGS_H 1
| #define HAVE_INTTYPES_H 1
| #define HAVE_STDINT_H 1
| #define HAVE_UNISTD_H 1
| #define HAVE_DLFCN_H 1
| #define LT_OBJDIR ".libs/"
| /* end confdefs.h.  */
| #ifdef __STDC__
| # include <limits.h>
| #else
| # include <assert.h>
| #endif
| 		     Syntax error
configure:13002: /lib/cpp -D_LARGEFILE_SOURCE -D_LARGEFILE64_SOURCE -D_FILE_OFFSET_BITS=64 conftest.cpp
configure:13002: $? = 0
configure:13016: /lib/cpp -D_LARGEFILE_SOURCE -D_LARGEFILE64_SOURCE -D_FILE_OFFSET_BITS=64 conftest.cpp
conftest.cpp:23:10: fatal error: ac_nonexistent.h: No such file or directory
 #include <ac_nonexistent.h>
          ^~~~~~~~~~~~~~~~~~
compilation terminated.
configure:13016: $? = 1
configure: failed program was:
| /* confdefs.h */
| #define PACKAGE_NAME ""
| #define PACKAGE_TARNAME ""
| #define PACKAGE_VERSION ""
| #define PACKAGE_STRING ""
| #define PACKAGE_BUGREPORT ""
| #define PACKAGE_URL ""
| #define PACKAGE "SDL_gfx"
| #define VERSION "2.0.23"
| #define STDC_HEADERS 1
| #define HAVE_SYS_TYPES_H 1
| #define HAVE_SYS_STAT_H 1
| #define HAVE_STDLIB_H 1
| #define HAVE_STRING_H 1
| #define HAVE_MEMORY_H 1
| #define HAVE_STRINGS_H 1
| #define HAVE_INTTYPES_H 1
| #define HAVE_STDINT_H 1
| #define HAVE_UNISTD_H 1
| #define HAVE_DLFCN_H 1
| #define LT_OBJDIR ".libs/"
| /* end confdefs.h.  */
| #include <ac_nonexistent.h>
configure:13041: result: /lib/cpp
configure:13061: /lib/cpp -D_LARGEFILE_SOURCE -D_LARGEFILE64_SOURCE -D_FILE_OFFSET_BITS=64 conftest.cpp
configure:13061: $? = 0
configure:13075: /lib/cpp -D_LARGEFILE_SOURCE -D_LARGEFILE64_SOURCE -D_FILE_OFFSET_BITS=64 conftest.cpp
conftest.cpp:23:10: fatal error: ac_nonexistent.h: No such file or directory
 #include <ac_nonexistent.h>
          ^~~~~~~~~~~~~~~~~~
compilation terminated.
configure:13075: $? = 1
configure: failed program was:
| /* confdefs.h */
| #define PACKAGE_NAME ""
| #define PACKAGE_TARNAME ""
| #define PACKAGE_VERSION ""
| #define PACKAGE_STRING ""
| #define PACKAGE_BUGREPORT ""
| #define PACKAGE_URL ""
| #define PACKAGE "SDL_gfx"
| #define VERSION "2.0.23"
| #define STDC_HEADERS 1
| #define HAVE_SYS_TYPES_H 1
| #define HAVE_SYS_STAT_H 1
| #define HAVE_STDLIB_H 1
| #define HAVE_STRING_H 1
| #define HAVE_MEMORY_H 1
| #define HAVE_STRINGS_H 1
| #define HAVE_INTTYPES_H 1
| #define HAVE_STDINT_H 1
| #define HAVE_UNISTD_H 1
| #define HAVE_DLFCN_H 1
| #define LT_OBJDIR ".libs/"
| /* end confdefs.h.  */
| #include <ac_nonexistent.h>
configure:13388: checking whether the false linker (/home/dean/sunxi-v3s/buildroot-2017.08/output/host/bin/arm-linux-gnueabihf-ld) supports shared libraries
configure:14393: result: yes
configure:14429: false -c -D_LARGEFILE_SOURCE -D_LARGEFILE64_SOURCE -D_FILE_OFFSET_BITS=64  -Os  -D_LARGEFILE_SOURCE -D_LARGEFILE64_SOURCE -D_FILE_OFFSET_BITS=64 conftest.cpp >&5
configure:14432: $? = 1
configure:14952: checking for false option to produce PIC
configure:14959: result:  -DPIC
configure:14967: checking if false PIC flag  -DPIC works
configure:14985: false -c -D_LARGEFILE_SOURCE -D_LARGEFILE64_SOURCE -D_FILE_OFFSET_BITS=64  -Os  -D_LARGEFILE_SOURCE -D_LARGEFILE64_SOURCE -D_FILE_OFFSET_BITS=64  -DPIC -DPIC conftest.cpp >&5
configure:14989: $? = 1
configure:15002: result: no
configure:15025: checking if false static flag  works
configure:15053: result: no
configure:15065: checking if false supports -c -o file.o
configure:15086: false -c -D_LARGEFILE_SOURCE -D_LARGEFILE64_SOURCE -D_FILE_OFFSET_BITS=64  -Os  -D_LARGEFILE_SOURCE -D_LARGEFILE64_SOURCE -D_FILE_OFFSET_BITS=64 -o out/conftest2.o conftest.cpp >&5
configure:15090: $? = 1
configure:15112: result: no
configure:15117: checking if false supports -c -o file.o
configure:15164: result: no
configure:15194: checking whether the false linker (/home/dean/sunxi-v3s/buildroot-2017.08/output/host/bin/arm-linux-gnueabihf-ld) supports shared libraries
configure:15230: result: yes
configure:15371: checking dynamic linker characteristics
configure:16038: result: GNU/Linux ld.so
configure:16091: checking how to hardcode library paths into programs
configure:16116: result: unsupported
configure:16158: checking for an ANSI C-conforming const
configure:16223: /home/dean/sunxi-v3s/buildroot-2017.08/output/host/bin/arm-linux-gnueabihf-gcc -c -D_LARGEFILE_SOURCE -D_LARGEFILE64_SOURCE -D_FILE_OFFSET_BITS=64  -Os  -D_LARGEFILE_SOURCE -D_LARGEFILE64_SOURCE -D_FILE_OFFSET_BITS=64 conftest.c >&5
configure:16223: $? = 0
configure:16230: result: yes
configure:16275: checking for X
configure:16383: /home/dean/sunxi-v3s/buildroot-2017.08/output/host/bin/arm-linux-gnueabihf-cpp -D_LARGEFILE_SOURCE -D_LARGEFILE64_SOURCE -D_FILE_OFFSET_BITS=64 conftest.c
conftest.c:23:22: fatal error: X11/Xlib.h: No such file or directory
 #include <X11/Xlib.h>
                      ^
compilation terminated.
configure:16383: $? = 1
configure: failed program was:
| /* confdefs.h */
| #define PACKAGE_NAME ""
| #define PACKAGE_TARNAME ""
| #define PACKAGE_VERSION ""
| #define PACKAGE_STRING ""
| #define PACKAGE_BUGREPORT ""
| #define PACKAGE_URL ""
| #define PACKAGE "SDL_gfx"
| #define VERSION "2.0.23"
| #define STDC_HEADERS 1
| #define HAVE_SYS_TYPES_H 1
| #define HAVE_SYS_STAT_H 1
| #define HAVE_STDLIB_H 1
| #define HAVE_STRING_H 1
| #define HAVE_MEMORY_H 1
| #define HAVE_STRINGS_H 1
| #define HAVE_INTTYPES_H 1
| #define HAVE_STDINT_H 1
| #define HAVE_UNISTD_H 1
| #define HAVE_DLFCN_H 1
| #define LT_OBJDIR ".libs/"
| /* end confdefs.h.  */
| #include <X11/Xlib.h>
configure:16414: /home/dean/sunxi-v3s/buildroot-2017.08/output/host/bin/arm-linux-gnueabihf-gcc -o conftest -D_LARGEFILE_SOURCE -D_LARGEFILE64_SOURCE -D_FILE_OFFSET_BITS=64  -Os  -D_LARGEFILE_SOURCE -D_LARGEFILE64_SOURCE -D_FILE_OFFSET_BITS=64  conftest.c -lX11  >&5
conftest.c:23:22: fatal error: X11/Xlib.h: No such file or directory
 #include <X11/Xlib.h>
                      ^
compilation terminated.
configure:16414: $? = 1
configure: failed program was:
| /* confdefs.h */
| #define PACKAGE_NAME ""
| #define PACKAGE_TARNAME ""
| #define PACKAGE_VERSION ""
| #define PACKAGE_STRING ""
| #define PACKAGE_BUGREPORT ""
| #define PACKAGE_URL ""
| #define PACKAGE "SDL_gfx"
| #define VERSION "2.0.23"
| #define STDC_HEADERS 1
| #define HAVE_SYS_TYPES_H 1
| #define HAVE_SYS_STAT_H 1
| #define HAVE_STDLIB_H 1
| #define HAVE_STRING_H 1
| #define HAVE_MEMORY_H 1
| #define HAVE_STRINGS_H 1
| #define HAVE_INTTYPES_H 1
| #define HAVE_STDINT_H 1
| #define HAVE_UNISTD_H 1
| #define HAVE_DLFCN_H 1
| #define LT_OBJDIR ".libs/"
| /* end confdefs.h.  */
| #include <X11/Xlib.h>
| int
| main ()
| {
| XrmInitialize ()
|   ;
|   return 0;
| }
configure:16453: result: no
configure:16975: checking size of long
configure:16980: /home/dean/sunxi-v3s/buildroot-2017.08/output/host/bin/arm-linux-gnueabihf-gcc -c -D_LARGEFILE_SOURCE -D_LARGEFILE64_SOURCE -D_FILE_OFFSET_BITS=64  -Os  -D_LARGEFILE_SOURCE -D_LARGEFILE64_SOURCE -D_FILE_OFFSET_BITS=64 conftest.c >&5
configure:16980: $? = 0
configure:16980: /home/dean/sunxi-v3s/buildroot-2017.08/output/host/bin/arm-linux-gnueabihf-gcc -c -D_LARGEFILE_SOURCE -D_LARGEFILE64_SOURCE -D_FILE_OFFSET_BITS=64  -Os  -D_LARGEFILE_SOURCE -D_LARGEFILE64_SOURCE -D_FILE_OFFSET_BITS=64 conftest.c >&5
conftest.c: In function 'main':
conftest.c:60:12: error: size of array 'test_array' is negative
 static int test_array [1 - 2 * !(((long int) (sizeof (long))) <= 0)];
            ^~~~~~~~~~
configure:16980: $? = 1
configure: failed program was:
| /* confdefs.h */
| #define PACKAGE_NAME ""
| #define PACKAGE_TARNAME ""
| #define PACKAGE_VERSION ""
| #define PACKAGE_STRING ""
| #define PACKAGE_BUGREPORT ""
| #define PACKAGE_URL ""
| #define PACKAGE "SDL_gfx"
| #define VERSION "2.0.23"
| #define STDC_HEADERS 1
| #define HAVE_SYS_TYPES_H 1
| #define HAVE_SYS_STAT_H 1
| #define HAVE_STDLIB_H 1
| #define HAVE_STRING_H 1
| #define HAVE_MEMORY_H 1
| #define HAVE_STRINGS_H 1
| #define HAVE_INTTYPES_H 1
| #define HAVE_STDINT_H 1
| #define HAVE_UNISTD_H 1
| #define HAVE_DLFCN_H 1
| #define LT_OBJDIR ".libs/"
| #define X_DISPLAY_MISSING 1
| /* end confdefs.h.  */
| #include <stdio.h>
| #ifdef HAVE_SYS_TYPES_H
| # include <sys/types.h>
| #endif
| #ifdef HAVE_SYS_STAT_H
| # include <sys/stat.h>
| #endif
| #ifdef STDC_HEADERS
| # include <stdlib.h>
| # include <stddef.h>
| #else
| # ifdef HAVE_STDLIB_H
| #  include <stdlib.h>
| # endif
| #endif
| #ifdef HAVE_STRING_H
| # if !defined STDC_HEADERS && defined HAVE_MEMORY_H
| #  include <memory.h>
| # endif
| # include <string.h>
| #endif
| #ifdef HAVE_STRINGS_H
| # include <strings.h>
| #endif
| #ifdef HAVE_INTTYPES_H
| # include <inttypes.h>
| #endif
| #ifdef HAVE_STDINT_H
| # include <stdint.h>
| #endif
| #ifdef HAVE_UNISTD_H
| # include <unistd.h>
| #endif
| int
| main ()
| {
| static int test_array [1 - 2 * !(((long int) (sizeof (long))) <= 0)];
| test_array [0] = 0
| 
|   ;
|   return 0;
| }
configure:16980: /home/dean/sunxi-v3s/buildroot-2017.08/output/host/bin/arm-linux-gnueabihf-gcc -c -D_LARGEFILE_SOURCE -D_LARGEFILE64_SOURCE -D_FILE_OFFSET_BITS=64  -Os  -D_LARGEFILE_SOURCE -D_LARGEFILE64_SOURCE -D_FILE_OFFSET_BITS=64 conftest.c >&5
conftest.c: In function 'main':
conftest.c:60:12: error: size of array 'test_array' is negative
 static int test_array [1 - 2 * !(((long int) (sizeof (long))) <= 1)];
            ^~~~~~~~~~
configure:16980: $? = 1
configure: failed program was:
| /* confdefs.h */
| #define PACKAGE_NAME ""
| #define PACKAGE_TARNAME ""
| #define PACKAGE_VERSION ""
| #define PACKAGE_STRING ""
| #define PACKAGE_BUGREPORT ""
| #define PACKAGE_URL ""
| #define PACKAGE "SDL_gfx"
| #define VERSION "2.0.23"
| #define STDC_HEADERS 1
| #define HAVE_SYS_TYPES_H 1
| #define HAVE_SYS_STAT_H 1
| #define HAVE_STDLIB_H 1
| #define HAVE_STRING_H 1
| #define HAVE_MEMORY_H 1
| #define HAVE_STRINGS_H 1
| #define HAVE_INTTYPES_H 1
| #define HAVE_STDINT_H 1
| #define HAVE_UNISTD_H 1
| #define HAVE_DLFCN_H 1
| #define LT_OBJDIR ".libs/"
| #define X_DISPLAY_MISSING 1
| /* end confdefs.h.  */
| #include <stdio.h>
| #ifdef HAVE_SYS_TYPES_H
| # include <sys/types.h>
| #endif
| #ifdef HAVE_SYS_STAT_H
| # include <sys/stat.h>
| #endif
| #ifdef STDC_HEADERS
| # include <stdlib.h>
| # include <stddef.h>
| #else
| # ifdef HAVE_STDLIB_H
| #  include <stdlib.h>
| # endif
| #endif
| #ifdef HAVE_STRING_H
| # if !defined STDC_HEADERS && defined HAVE_MEMORY_H
| #  include <memory.h>
| # endif
| # include <string.h>
| #endif
| #ifdef HAVE_STRINGS_H
| # include <strings.h>
| #endif
| #ifdef HAVE_INTTYPES_H
| # include <inttypes.h>
| #endif
| #ifdef HAVE_STDINT_H
| # include <stdint.h>
| #endif
| #ifdef HAVE_UNISTD_H
| # include <unistd.h>
| #endif
| int
| main ()
| {
| static int test_array [1 - 2 * !(((long int) (sizeof (long))) <= 1)];
| test_array [0] = 0
| 
|   ;
|   return 0;
| }
configure:16980: /home/dean/sunxi-v3s/buildroot-2017.08/output/host/bin/arm-linux-gnueabihf-gcc -c -D_LARGEFILE_SOURCE -D_LARGEFILE64_SOURCE -D_FILE_OFFSET_BITS=64  -Os  -D_LARGEFILE_SOURCE -D_LARGEFILE64_SOURCE -D_FILE_OFFSET_BITS=64 conftest.c >&5
conftest.c: In function 'main':
conftest.c:60:12: error: size of array 'test_array' is negative
 static int test_array [1 - 2 * !(((long int) (sizeof (long))) <= 3)];
            ^~~~~~~~~~
configure:16980: $? = 1
configure: failed program was:
| /* confdefs.h */
| #define PACKAGE_NAME ""
| #define PACKAGE_TARNAME ""
| #define PACKAGE_VERSION ""
| #define PACKAGE_STRING ""
| #define PACKAGE_BUGREPORT ""
| #define PACKAGE_URL ""
| #define PACKAGE "SDL_gfx"
| #define VERSION "2.0.23"
| #define STDC_HEADERS 1
| #define HAVE_SYS_TYPES_H 1
| #define HAVE_SYS_STAT_H 1
| #define HAVE_STDLIB_H 1
| #define HAVE_STRING_H 1
| #define HAVE_MEMORY_H 1
| #define HAVE_STRINGS_H 1
| #define HAVE_INTTYPES_H 1
| #define HAVE_STDINT_H 1
| #define HAVE_UNISTD_H 1
| #define HAVE_DLFCN_H 1
| #define LT_OBJDIR ".libs/"
| #define X_DISPLAY_MISSING 1
| /* end confdefs.h.  */
| #include <stdio.h>
| #ifdef HAVE_SYS_TYPES_H
| # include <sys/types.h>
| #endif
| #ifdef HAVE_SYS_STAT_H
| # include <sys/stat.h>
| #endif
| #ifdef STDC_HEADERS
| # include <stdlib.h>
| # include <stddef.h>
| #else
| # ifdef HAVE_STDLIB_H
| #  include <stdlib.h>
| # endif
| #endif
| #ifdef HAVE_STRING_H
| # if !defined STDC_HEADERS && defined HAVE_MEMORY_H
| #  include <memory.h>
| # endif
| # include <string.h>
| #endif
| #ifdef HAVE_STRINGS_H
| # include <strings.h>
| #endif
| #ifdef HAVE_INTTYPES_H
| # include <inttypes.h>
| #endif
| #ifdef HAVE_STDINT_H
| # include <stdint.h>
| #endif
| #ifdef HAVE_UNISTD_H
| # include <unistd.h>
| #endif
| int
| main ()
| {
| static int test_array [1 - 2 * !(((long int) (sizeof (long))) <= 3)];
| test_array [0] = 0
| 
|   ;
|   return 0;
| }
configure:16980: /home/dean/sunxi-v3s/buildroot-2017.08/output/host/bin/arm-linux-gnueabihf-gcc -c -D_LARGEFILE_SOURCE -D_LARGEFILE64_SOURCE -D_FILE_OFFSET_BITS=64  -Os  -D_LARGEFILE_SOURCE -D_LARGEFILE64_SOURCE -D_FILE_OFFSET_BITS=64 conftest.c >&5
configure:16980: $? = 0
configure:16980: /home/dean/sunxi-v3s/buildroot-2017.08/output/host/bin/arm-linux-gnueabihf-gcc -c -D_LARGEFILE_SOURCE -D_LARGEFILE64_SOURCE -D_FILE_OFFSET_BITS=64  -Os  -D_LARGEFILE_SOURCE -D_LARGEFILE64_SOURCE -D_FILE_OFFSET_BITS=64 conftest.c >&5
configure:16980: $? = 0
configure:16980: /home/dean/sunxi-v3s/buildroot-2017.08/output/host/bin/arm-linux-gnueabihf-gcc -c -D_LARGEFILE_SOURCE -D_LARGEFILE64_SOURCE -D_FILE_OFFSET_BITS=64  -Os  -D_LARGEFILE_SOURCE -D_LARGEFILE64_SOURCE -D_FILE_OFFSET_BITS=64 conftest.c >&5
configure:16980: $? = 0
configure:16994: result: 4
configure:17055: checking for sdl-config
configure:17086: result: /home/dean/sunxi-v3s/buildroot-2017.08/output/host/arm-buildroot-linux-gnueabihf/sysroot/usr/bin/sdl-config
configure:17096: checking for SDL - version >= 1.2.0
configure:17198: result: yes
configure:17450: creating ./config.status

## ---------------------- ##
## Running config.status. ##
## ---------------------- ##

This file was extended by config.status, which was
generated by GNU Autoconf 2.68.  Invocation command line was

  CONFIG_FILES    = 
  CONFIG_HEADERS  = 
  CONFIG_LINKS    = 
  CONFIG_COMMANDS = 
  $ ./config.status 

on dean-ThinkPad-X100e

config.status:18662: creating Makefile
config.status:18662: creating SDL_gfx.pc
config.status:18832: executing depfiles commands
config.status:18832: executing libtool commands
configure:19768: WARNING: unrecognized options: --disable-gtk-doc, --disable-gtk-doc-html, --disable-doc, --disable-docs, --disable-documentation, --with-xmlto, --with-fop, --enable-ipv6, --disable-nls

## ---------------- ##
## Cache variables. ##
## ---------------- ##

ac_cv_build='x86_64-pc-linux-gnu'
ac_cv_c_bigendian='no'
ac_cv_c_compiler_gnu='yes'
ac_cv_c_const='yes'
ac_cv_cxx_compiler_gnu='no'
ac_cv_env_CCC_set=''
ac_cv_env_CCC_value=''
ac_cv_env_CC_set='set'
ac_cv_env_CC_value='/home/dean/sunxi-v3s/buildroot-2017.08/output/host/bin/arm-linux-gnueabihf-gcc'
ac_cv_env_CFLAGS_set='set'
ac_cv_env_CFLAGS_value='-D_LARGEFILE_SOURCE -D_LARGEFILE64_SOURCE -D_FILE_OFFSET_BITS=64  -Os '
ac_cv_env_CPPFLAGS_set='set'
ac_cv_env_CPPFLAGS_value='-D_LARGEFILE_SOURCE -D_LARGEFILE64_SOURCE -D_FILE_OFFSET_BITS=64'
ac_cv_env_CPP_set='set'
ac_cv_env_CPP_value='/home/dean/sunxi-v3s/buildroot-2017.08/output/host/bin/arm-linux-gnueabihf-cpp'
ac_cv_env_CXXCPP_set=''
ac_cv_env_CXXCPP_value=''
ac_cv_env_CXXFLAGS_set='set'
ac_cv_env_CXXFLAGS_value='-D_LARGEFILE_SOURCE -D_LARGEFILE64_SOURCE -D_FILE_OFFSET_BITS=64  -Os '
ac_cv_env_CXX_set='set'
ac_cv_env_CXX_value='false'
ac_cv_env_LDFLAGS_set='set'
ac_cv_env_LDFLAGS_value=''
ac_cv_env_LIBS_set=''
ac_cv_env_LIBS_value=''
ac_cv_env_XMKMF_set=''
ac_cv_env_XMKMF_value=''
ac_cv_env_build_alias_set='set'
ac_cv_env_build_alias_value='x86_64-pc-linux-gnu'
ac_cv_env_host_alias_set='set'
ac_cv_env_host_alias_value='arm-buildroot-linux-gnueabihf'
ac_cv_env_target_alias_set='set'
ac_cv_env_target_alias_value='arm-buildroot-linux-gnueabihf'
ac_cv_func_calloc_0_nonnull='yes'
ac_cv_func_malloc_0_nonnull='yes'
ac_cv_func_memcmp_working='yes'
ac_cv_func_mmap_fixed_mapped='yes'
ac_cv_func_realloc_0_nonnull='yes'
ac_cv_have_decl_malloc='yes'
ac_cv_have_x='have_x=no'
ac_cv_header_dlfcn_h='yes'
ac_cv_header_inttypes_h='yes'
ac_cv_header_memory_h='yes'
ac_cv_header_stdc='yes'
ac_cv_header_stdint_h='yes'
ac_cv_header_stdlib_h='yes'
ac_cv_header_string_h='yes'
ac_cv_header_strings_h='yes'
ac_cv_header_sys_stat_h='yes'
ac_cv_header_sys_types_h='yes'
ac_cv_header_unistd_h='yes'
ac_cv_host='arm-buildroot-linux-gnueabihf'
ac_cv_lbl_unaligned_fail='yes'
ac_cv_objext='o'
ac_cv_path_EGREP='/bin/grep -E'
ac_cv_path_FGREP='/bin/grep -F'
ac_cv_path_GREP='/bin/grep'
ac_cv_path_SDL_CONFIG='/home/dean/sunxi-v3s/buildroot-2017.08/output/host/arm-buildroot-linux-gnueabihf/sysroot/usr/bin/sdl-config'
ac_cv_path_SED='/bin/sed'
ac_cv_path_install='/usr/bin/install -c'
ac_cv_path_mkdir='/bin/mkdir'
ac_cv_prog_AR='/home/dean/sunxi-v3s/buildroot-2017.08/output/host/bin/arm-linux-gnueabihf-ar'
ac_cv_prog_AWK='mawk'
ac_cv_prog_CC='/home/dean/sunxi-v3s/buildroot-2017.08/output/host/bin/arm-linux-gnueabihf-gcc'
ac_cv_prog_CPP='/home/dean/sunxi-v3s/buildroot-2017.08/output/host/bin/arm-linux-gnueabihf-cpp'
ac_cv_prog_CXXCPP='/lib/cpp'
ac_cv_prog_DLLTOOL='dlltool'
ac_cv_prog_OBJDUMP='/home/dean/sunxi-v3s/buildroot-2017.08/output/host/bin/arm-linux-gnueabihf-objdump'
ac_cv_prog_RANLIB='/home/dean/sunxi-v3s/buildroot-2017.08/output/host/bin/arm-linux-gnueabihf-ranlib'
ac_cv_prog_STRIP='/home/dean/sunxi-v3s/buildroot-2017.08/output/host/bin/arm-linux-gnueabihf-strip'
ac_cv_prog_ac_ct_MANIFEST_TOOL='mt'
ac_cv_prog_cc_c89=''
ac_cv_prog_cc_g='yes'
ac_cv_prog_cxx_g='no'
ac_cv_prog_make_make_set='yes'
ac_cv_sizeof_long='4'
ac_cv_target='arm-buildroot-linux-gnueabihf'
am_cv_CC_dependencies_compiler_type='none'
am_cv_CXX_dependencies_compiler_type='none'
gl_cv_func_malloc_0_nonnull='yes'
lt_cv_ar_at_file='@'
lt_cv_archive_cmds_need_lc='no'
lt_cv_deplibs_check_method='pass_all'
lt_cv_file_magic_cmd='$MAGIC_CMD'
lt_cv_file_magic_test_file=''
lt_cv_ld_reload_flag='-r'
lt_cv_nm_interface='BSD nm'
lt_cv_objdir='.libs'
lt_cv_path_LD='/home/dean/sunxi-v3s/buildroot-2017.08/output/host/bin/arm-linux-gnueabihf-ld'
lt_cv_path_LDCXX=''
lt_cv_path_NM='/home/dean/sunxi-v3s/buildroot-2017.08/output/host/bin/arm-linux-gnueabihf-nm'
lt_cv_path_mainfest_tool='no'
lt_cv_prog_compiler_c_o='yes'
lt_cv_prog_compiler_c_o_CXX='no'
lt_cv_prog_compiler_pic='-fPIC -DPIC'
lt_cv_prog_compiler_pic_CXX=' -DPIC'
lt_cv_prog_compiler_pic_works='yes'
lt_cv_prog_compiler_pic_works_CXX='no'
lt_cv_prog_compiler_rtti_exceptions='no'
lt_cv_prog_compiler_static_works='yes'
lt_cv_prog_compiler_static_works_CXX='no'
lt_cv_prog_gnu_ld='yes'
lt_cv_prog_gnu_ldcxx=''
lt_cv_sharedlib_from_linklib_cmd='printf %s\n'
lt_cv_shlibpath_overrides_runpath='no'
lt_cv_sys_global_symbol_pipe='sed -n -e '"'"'s/^.*[	 ]\([ABCDGIRSTW][ABCDGIRSTW]*\)[	 ][	 ]*\([_A-Za-z][_A-Za-z0-9]*\)$/\1 \2 \2/p'"'"' | sed '"'"'/ __gnu_lto/d'"'"
lt_cv_sys_global_symbol_to_c_name_address='sed -n -e '"'"'s/^: \([^ ]*\)[ ]*$/  {\"\1\", (void *) 0},/p'"'"' -e '"'"'s/^[ABCDGIRSTW]* \([^ ]*\) \([^ ]*\)$/  {"\2", (void *) \&\2},/p'"'"
lt_cv_sys_global_symbol_to_c_name_address_lib_prefix='sed -n -e '"'"'s/^: \([^ ]*\)[ ]*$/  {\"\1\", (void *) 0},/p'"'"' -e '"'"'s/^[ABCDGIRSTW]* \([^ ]*\) \(lib[^ ]*\)$/  {"\2", (void *) \&\2},/p'"'"' -e '"'"'s/^[ABCDGIRSTW]* \([^ ]*\) \([^ ]*\)$/  {"lib\2", (void *) \&\2},/p'"'"
lt_cv_sys_global_symbol_to_cdecl='sed -n -e '"'"'s/^T .* \(.*\)$/extern int \1();/p'"'"' -e '"'"'s/^[ABCDGIRSTW]* .* \(.*\)$/extern char \1;/p'"'"
lt_cv_sys_lib_search_path_spec=''
lt_cv_sys_max_cmd_len='1572864'
lt_cv_to_host_file_cmd='func_convert_file_noop'
lt_cv_to_tool_file_cmd='func_convert_file_noop'

## ----------------- ##
## Output variables. ##
## ----------------- ##

ACLOCAL='${SHELL} /home/dean/sunxi-v3s/buildroot-2017.08/output/build/sdl_gfx-2.0.23/missing --run aclocal-1.11'
AMDEPBACKSLASH=''
AMDEP_FALSE=''
AMDEP_TRUE='#'
AMTAR='${SHELL} /home/dean/sunxi-v3s/buildroot-2017.08/output/build/sdl_gfx-2.0.23/missing --run tar'
AR='/home/dean/sunxi-v3s/buildroot-2017.08/output/host/bin/arm-linux-gnueabihf-ar'
AS='/home/dean/sunxi-v3s/buildroot-2017.08/output/host/bin/arm-linux-gnueabihf-as'
AUTOCONF='${SHELL} /home/dean/sunxi-v3s/buildroot-2017.08/output/build/sdl_gfx-2.0.23/missing --run autoconf'
AUTOHEADER='${SHELL} /home/dean/sunxi-v3s/buildroot-2017.08/output/build/sdl_gfx-2.0.23/missing --run autoheader'
AUTOMAKE='${SHELL} /home/dean/sunxi-v3s/buildroot-2017.08/output/build/sdl_gfx-2.0.23/missing --run automake-1.11'
AWK='mawk'
BINARY_AGE='10'
CC='/home/dean/sunxi-v3s/buildroot-2017.08/output/host/bin/arm-linux-gnueabihf-gcc'
CCDEPMODE='depmode=none'
CFLAGS='-D_LARGEFILE_SOURCE -D_LARGEFILE64_SOURCE -D_FILE_OFFSET_BITS=64  -Os  -I/home/dean/sunxi-v3s/buildroot-2017.08/output/host/arm-buildroot-linux-gnueabihf/sysroot/usr/include/SDL -D_GNU_SOURCE=1 -D_REENTRANT'
CPP='/home/dean/sunxi-v3s/buildroot-2017.08/output/host/bin/arm-linux-gnueabihf-cpp'
CPPFLAGS='-D_LARGEFILE_SOURCE -D_LARGEFILE64_SOURCE -D_FILE_OFFSET_BITS=64'
CXX='false'
CXXCPP='/lib/cpp'
CXXDEPMODE='depmode=none'
CXXFLAGS='-D_LARGEFILE_SOURCE -D_LARGEFILE64_SOURCE -D_FILE_OFFSET_BITS=64  -Os '
CYGPATH_W='echo'
DEFS='-DPACKAGE_NAME=\"\" -DPACKAGE_TARNAME=\"\" -DPACKAGE_VERSION=\"\" -DPACKAGE_STRING=\"\" -DPACKAGE_BUGREPORT=\"\" -DPACKAGE_URL=\"\" -DPACKAGE=\"SDL_gfx\" -DVERSION=\"2.0.23\" -DSTDC_HEADERS=1 -DHAVE_SYS_TYPES_H=1 -DHAVE_SYS_STAT_H=1 -DHAVE_STDLIB_H=1 -DHAVE_STRING_H=1 -DHAVE_MEMORY_H=1 -DHAVE_STRINGS_H=1 -DHAVE_INTTYPES_H=1 -DHAVE_STDINT_H=1 -DHAVE_UNISTD_H=1 -DHAVE_DLFCN_H=1 -DLT_OBJDIR=\".libs/\" -DX_DISPLAY_MISSING=1 -DSIZEOF_LONG=4'
DEPDIR='.deps'
DLLTOOL='dlltool'
DSYMUTIL=''
DUMPBIN=''
ECHO_C=''
ECHO_N='-n'
ECHO_T=''
EGREP='/bin/grep -E'
EXEEXT=''
FGREP='/bin/grep -F'
GREP='/bin/grep'
INSTALL_DATA='${INSTALL} -m 644'
INSTALL_PROGRAM='${INSTALL}'
INSTALL_SCRIPT='${INSTALL}'
INSTALL_STRIP_PROGRAM='$(install_sh) -c -s'
INTERFACE_AGE='1'
LD='/home/dean/sunxi-v3s/buildroot-2017.08/output/host/bin/arm-linux-gnueabihf-ld'
LDFLAGS=''
LIBOBJS=''
LIBS=' -lm -L/home/dean/sunxi-v3s/buildroot-2017.08/output/host/arm-buildroot-linux-gnueabihf/sysroot/usr/lib -lSDL -lpthread'
LIBTOOL='$(SHELL) $(top_builddir)/libtool'
LIPO=''
LN_S='ln -s'
LTLIBOBJS=''
LT_AGE='9'
LT_CURRENT='22'
LT_RELEASE='2.0'
LT_REVISION='1'
MAJOR_VERSION='2'
MAKEINFO='${SHELL} /home/dean/sunxi-v3s/buildroot-2017.08/output/build/sdl_gfx-2.0.23/missing --run makeinfo'
MANIFEST_TOOL=':'
MATHLIB='-lm'
MICRO_VERSION='23'
MINOR_VERSION='0'
MKDIR_P='/bin/mkdir -p'
NM='/home/dean/sunxi-v3s/buildroot-2017.08/output/host/bin/arm-linux-gnueabihf-nm'
NMEDIT=''
OBJDUMP='/home/dean/sunxi-v3s/buildroot-2017.08/output/host/bin/arm-linux-gnueabihf-objdump'
OBJEXT='o'
OTOOL64=''
OTOOL=''
PACKAGE='SDL_gfx'
PACKAGE_BUGREPORT=''
PACKAGE_NAME=''
PACKAGE_STRING=''
PACKAGE_TARNAME=''
PACKAGE_URL=''
PACKAGE_VERSION=''
PATH_SEPARATOR=':'
RANLIB='/home/dean/sunxi-v3s/buildroot-2017.08/output/host/bin/arm-linux-gnueabihf-ranlib'
SDL_CFLAGS='-I/home/dean/sunxi-v3s/buildroot-2017.08/output/host/arm-buildroot-linux-gnueabihf/sysroot/usr/include/SDL -D_GNU_SOURCE=1 -D_REENTRANT'
SDL_CONFIG='/home/dean/sunxi-v3s/buildroot-2017.08/output/host/arm-buildroot-linux-gnueabihf/sysroot/usr/bin/sdl-config'
SDL_LIBS='-L/home/dean/sunxi-v3s/buildroot-2017.08/output/host/arm-buildroot-linux-gnueabihf/sysroot/usr/lib -lSDL -lpthread'
SDL_VERSION='1.2.0'
SED='/bin/sed'
SET_MAKE=''
SHELL='/bin/bash'
STRIP='/home/dean/sunxi-v3s/buildroot-2017.08/output/host/bin/arm-linux-gnueabihf-strip'
VERSION='2.0.23'
XMKMF=''
X_CFLAGS=''
X_EXTRA_LIBS=''
X_LIBS=''
X_PRE_LIBS=''
ac_ct_AR=''
ac_ct_CC=''
ac_ct_CXX=''
ac_ct_DUMPBIN=''
am__EXEEXT_FALSE=''
am__EXEEXT_TRUE='#'
am__fastdepCC_FALSE=''
am__fastdepCC_TRUE='#'
am__fastdepCXX_FALSE=''
am__fastdepCXX_TRUE='#'
am__include='include'
am__isrc=''
am__leading_dot='.'
am__quote=''
am__tar='${AMTAR} chof - "$$tardir"'
am__untar='${AMTAR} xf -'
bindir='${exec_prefix}/bin'
build='x86_64-pc-linux-gnu'
build_alias='x86_64-pc-linux-gnu'
build_cpu='x86_64'
build_os='linux-gnu'
build_vendor='pc'
datadir='${datarootdir}'
datarootdir='${prefix}/share'
docdir='${datarootdir}/doc/${PACKAGE}'
dvidir='${docdir}'
exec_prefix='/usr'
host='arm-buildroot-linux-gnueabihf'
host_alias='arm-buildroot-linux-gnueabihf'
host_cpu='arm'
host_os='linux-gnueabihf'
host_vendor='buildroot'
htmldir='${docdir}'
includedir='${prefix}/include'
infodir='${datarootdir}/info'
install_sh='${SHELL} /home/dean/sunxi-v3s/buildroot-2017.08/output/build/sdl_gfx-2.0.23/install-sh'
libdir='${exec_prefix}/lib'
libexecdir='${exec_prefix}/libexec'
localedir='${datarootdir}/locale'
localstatedir='/var'
mandir='${datarootdir}/man'
mkdir_p='/bin/mkdir -p'
oldincludedir='/usr/include'
pdfdir='${docdir}'
prefix='/usr'
program_transform_name='s&^&&'
psdir='${docdir}'
sbindir='${exec_prefix}/sbin'
sharedstatedir='${prefix}/com'
sysconfdir='/etc'
target='arm-buildroot-linux-gnueabihf'
target_alias='arm-buildroot-linux-gnueabihf'
target_cpu='arm'
target_os='linux-gnueabihf'
target_vendor='buildroot'

## ----------- ##
## confdefs.h. ##
## ----------- ##

/* confdefs.h */
#define PACKAGE_NAME ""
#define PACKAGE_TARNAME ""
#define PACKAGE_VERSION ""
#define PACKAGE_STRING ""
#define PACKAGE_BUGREPORT ""
#define PACKAGE_URL ""
#define PACKAGE "SDL_gfx"
#define VERSION "2.0.23"
#define STDC_HEADERS 1
#define HAVE_SYS_TYPES_H 1
#define HAVE_SYS_STAT_H 1
#define HAVE_STDLIB_H 1
#define HAVE_STRING_H 1
#define HAVE_MEMORY_H 1
#define HAVE_STRINGS_H 1
#define HAVE_INTTYPES_H 1
#define HAVE_STDINT_H 1
#define HAVE_UNISTD_H 1
#define HAVE_DLFCN_H 1
#define LT_OBJDIR ".libs/"
#define X_DISPLAY_MISSING 1
#define SIZEOF_LONG 4

configure: exit 0
