This file contains any messages produced by compilers while
running configure, to aid debugging if configure makes a mistake.

It was created by configure, which was
generated by GNU Autoconf 2.69.  Invocation command line was

  $ ./configure --prefix=/home/dean/sunxi-v3s/buildroot-2017.08/output/host --sysconfdir=/home/dean/sunxi-v3s/buildroot-2017.08/output/host/etc --localstatedir=/home/dean/sunxi-v3s/buildroot-2017.08/output/host/var --enable-shared --disable-static --disable-gtk-doc --disable-gtk-doc-html --disable-doc --disable-docs --disable-documentation --disable-debug --with-xmlto=no --with-fop=no --disable-dependency-tracking --enable-gettext=no

## --------- ##
## Platform. ##
## --------- ##

hostname = dean-ThinkPad-X100e
uname -m = x86_64
uname -r = 4.13.0-46-generic
uname -s = Linux
uname -v = #51-Ubuntu SMP Tue Jun 12 12:36:29 UTC 2018

/usr/bin/uname -p = unknown
/bin/uname -X     = unknown

/bin/arch              = unknown
/usr/bin/arch -k       = unknown
/usr/convex/getsysinfo = unknown
/usr/bin/hostinfo      = unknown
/bin/machine           = unknown
/usr/bin/oslevel       = unknown
/bin/universe          = unknown

PATH: /home/dean/sunxi-v3s/buildroot-2017.08/output/host/bin
PATH: /home/dean/sunxi-v3s/buildroot-2017.08/output/host/sbin
PATH: /usr/local/sbin
PATH: /usr/local/bin
PATH: /usr/sbin
PATH: /usr/bin
PATH: /sbin
PATH: /bin
PATH: /usr/games
PATH: /usr/local/games
PATH: /snap/bin
PATH: /opt/gcc-linaro-6.3.1-2017.05-x86_64_arm-linux-gnueabihf/bin


## ----------- ##
## Core tests. ##
## ----------- ##

configure:2257: checking build system type
configure:2271: result: x86_64-pc-linux-gnu
configure:2291: checking host system type
configure:2304: result: x86_64-pc-linux-gnu
configure:2345: checking how to print strings
configure:2372: result: printf
configure:2441: checking for gcc
configure:2468: result: /usr/bin/gcc
configure:2697: checking for C compiler version
configure:2706: /usr/bin/gcc --version >&5
gcc (Ubuntu 7.2.0-8ubuntu3.2) 7.2.0
Copyright (C) 2017 Free Software Foundation, Inc.
This is free software; see the source for copying conditions.  There is NO
warranty; not even for MERCHANTABILITY or FITNESS FOR A PARTICULAR PURPOSE.

configure:2717: $? = 0
configure:2706: /usr/bin/gcc -v >&5
Using built-in specs.
COLLECT_GCC=/usr/bin/gcc
COLLECT_LTO_WRAPPER=/usr/lib/gcc/x86_64-linux-gnu/7/lto-wrapper
OFFLOAD_TARGET_NAMES=nvptx-none
OFFLOAD_TARGET_DEFAULT=1
Target: x86_64-linux-gnu
Configured with: ../src/configure -v --with-pkgversion='Ubuntu 7.2.0-8ubuntu3.2' --with-bugurl=file:///usr/share/doc/gcc-7/README.Bugs --enable-languages=c,ada,c++,go,brig,d,fortran,objc,obj-c++ --prefix=/usr --with-gcc-major-version-only --program-suffix=-7 --program-prefix=x86_64-linux-gnu- --enable-shared --enable-linker-build-id --libexecdir=/usr/lib --without-included-gettext --enable-threads=posix --libdir=/usr/lib --enable-nls --with-sysroot=/ --enable-clocale=gnu --enable-libstdcxx-debug --enable-libstdcxx-time=yes --with-default-libstdcxx-abi=new --enable-gnu-unique-object --disable-vtable-verify --enable-libmpx --enable-plugin --enable-default-pie --with-system-zlib --with-target-system-zlib --enable-objc-gc=auto --enable-multiarch --disable-werror --with-arch-32=i686 --with-abi=m64 --with-multilib-list=m32,m64,mx32 --enable-multilib --with-tune=generic --enable-offload-targets=nvptx-none --without-cuda-driver --enable-checking=release --build=x86_64-linux-gnu --host=x86_64-linux-gnu --target=x86_64-linux-gnu
Thread model: posix
gcc version 7.2.0 (Ubuntu 7.2.0-8ubuntu3.2) 
configure:2717: $? = 0
configure:2706: /usr/bin/gcc -V >&5
gcc: error: unrecognized command line option '-V'
gcc: fatal error: no input files
compilation terminated.
configure:2717: $? = 1
configure:2706: /usr/bin/gcc -qversion >&5
gcc: error: unrecognized command line option '-qversion'; did you mean '--version'?
gcc: fatal error: no input files
compilation terminated.
configure:2717: $? = 1
configure:2737: checking whether the C compiler works
configure:2759: /usr/bin/gcc -O2 -I/home/dean/sunxi-v3s/buildroot-2017.08/output/host/include -I/home/dean/sunxi-v3s/buildroot-2017.08/output/host/include -L/home/dean/sunxi-v3s/buildroot-2017.08/output/host/lib -Wl,-rpath,/home/dean/sunxi-v3s/buildroot-2017.08/output/host/lib conftest.c  >&5
configure:2763: $? = 0
configure:2811: result: yes
configure:2814: checking for C compiler default output file name
configure:2816: result: a.out
configure:2822: checking for suffix of executables
configure:2829: /usr/bin/gcc -o conftest -O2 -I/home/dean/sunxi-v3s/buildroot-2017.08/output/host/include -I/home/dean/sunxi-v3s/buildroot-2017.08/output/host/include -L/home/dean/sunxi-v3s/buildroot-2017.08/output/host/lib -Wl,-rpath,/home/dean/sunxi-v3s/buildroot-2017.08/output/host/lib conftest.c  >&5
configure:2833: $? = 0
configure:2855: result: 
configure:2877: checking whether we are cross compiling
configure:2885: /usr/bin/gcc -o conftest -O2 -I/home/dean/sunxi-v3s/buildroot-2017.08/output/host/include -I/home/dean/sunxi-v3s/buildroot-2017.08/output/host/include -L/home/dean/sunxi-v3s/buildroot-2017.08/output/host/lib -Wl,-rpath,/home/dean/sunxi-v3s/buildroot-2017.08/output/host/lib conftest.c  >&5
configure:2889: $? = 0
configure:2896: ./conftest
configure:2900: $? = 0
configure:2915: result: no
configure:2920: checking for suffix of object files
configure:2942: /usr/bin/gcc -c -O2 -I/home/dean/sunxi-v3s/buildroot-2017.08/output/host/include -I/home/dean/sunxi-v3s/buildroot-2017.08/output/host/include conftest.c >&5
configure:2946: $? = 0
configure:2967: result: o
configure:2971: checking whether we are using the GNU C compiler
configure:2990: /usr/bin/gcc -c -O2 -I/home/dean/sunxi-v3s/buildroot-2017.08/output/host/include -I/home/dean/sunxi-v3s/buildroot-2017.08/output/host/include conftest.c >&5
configure:2990: $? = 0
configure:2999: result: yes
configure:3008: checking whether /usr/bin/gcc accepts -g
configure:3028: /usr/bin/gcc -c -g -I/home/dean/sunxi-v3s/buildroot-2017.08/output/host/include conftest.c >&5
configure:3028: $? = 0
configure:3069: result: yes
configure:3086: checking for /usr/bin/gcc option to accept ISO C89
configure:3149: /usr/bin/gcc  -c -O2 -I/home/dean/sunxi-v3s/buildroot-2017.08/output/host/include -I/home/dean/sunxi-v3s/buildroot-2017.08/output/host/include conftest.c >&5
configure:3149: $? = 0
configure:3162: result: none needed
configure:3182: checking for a sed that does not truncate output
configure:3246: result: /bin/sed
configure:3264: checking for grep that handles long lines and -e
configure:3322: result: /bin/grep
configure:3327: checking for egrep
configure:3389: result: /bin/grep -E
configure:3394: checking for fgrep
configure:3456: result: /bin/grep -F
configure:3491: checking for ld used by /usr/bin/gcc
configure:3558: result: /usr/bin/ld
configure:3565: checking if the linker (/usr/bin/ld) is GNU ld
configure:3580: result: yes
configure:3592: checking for BSD- or MS-compatible name lister (nm)
configure:3641: result: /usr/bin/nm
configure:3771: checking the name lister (/usr/bin/nm) interface
configure:3778: /usr/bin/gcc -c -O2 -I/home/dean/sunxi-v3s/buildroot-2017.08/output/host/include -I/home/dean/sunxi-v3s/buildroot-2017.08/output/host/include conftest.c >&5
configure:3781: /usr/bin/nm "conftest.o"
configure:3784: output
0000000000000000 B some_variable
configure:3791: result: BSD nm
configure:3794: checking whether ln -s works
configure:3798: result: yes
configure:3806: checking the maximum length of command line arguments
configure:3936: result: 1572864
configure:3953: checking whether the shell understands some XSI constructs
configure:3963: result: yes
configure:3967: checking whether the shell understands "+="
configure:3973: result: yes
configure:4008: checking how to convert x86_64-pc-linux-gnu file names to x86_64-pc-linux-gnu format
configure:4048: result: func_convert_file_noop
configure:4055: checking how to convert x86_64-pc-linux-gnu file names to toolchain format
configure:4075: result: func_convert_file_noop
configure:4082: checking for /usr/bin/ld option to reload object files
configure:4089: result: -r
configure:4163: checking for objdump
configure:4179: found /usr/bin/objdump
configure:4190: result: objdump
configure:4222: checking how to recognize dependent libraries
configure:4424: result: pass_all
configure:4509: checking for dlltool
configure:4539: result: no
configure:4569: checking how to associate runtime and link libraries
configure:4596: result: printf %s\n
configure:4721: checking for archiver @FILE support
configure:4738: /usr/bin/gcc -c -O2 -I/home/dean/sunxi-v3s/buildroot-2017.08/output/host/include -I/home/dean/sunxi-v3s/buildroot-2017.08/output/host/include conftest.c >&5
configure:4738: $? = 0
configure:4741: /usr/bin/ar cru libconftest.a @conftest.lst >&5
/usr/bin/ar: `u' modifier ignored since `D' is the default (see `U')
configure:4744: $? = 0
configure:4749: /usr/bin/ar cru libconftest.a @conftest.lst >&5
/usr/bin/ar: `u' modifier ignored since `D' is the default (see `U')
/usr/bin/ar: conftest.o: No such file or directory
configure:4752: $? = 1
configure:4764: result: @
configure:4822: checking for strip
configure:4838: found /usr/bin/strip
configure:4849: result: strip
configure:4921: checking for ranlib
configure:4948: result: /usr/bin/ranlib
configure:5025: checking for gawk
configure:5055: result: no
configure:5025: checking for mawk
configure:5041: found /usr/bin/mawk
configure:5052: result: mawk
configure:5092: checking command to parse /usr/bin/nm output from /usr/bin/gcc object
configure:5212: /usr/bin/gcc -c -O2 -I/home/dean/sunxi-v3s/buildroot-2017.08/output/host/include -I/home/dean/sunxi-v3s/buildroot-2017.08/output/host/include conftest.c >&5
configure:5215: $? = 0
configure:5219: /usr/bin/nm conftest.o \| sed -n -e 's/^.*[ ]\([ABCDGIRSTW][ABCDGIRSTW]*\)[ ][ ]*\([_A-Za-z][_A-Za-z0-9]*\)$/\1 \2 \2/p' | sed '/ __gnu_lto/d' \> conftest.nm
configure:5222: $? = 0
configure:5288: /usr/bin/gcc -o conftest -O2 -I/home/dean/sunxi-v3s/buildroot-2017.08/output/host/include -I/home/dean/sunxi-v3s/buildroot-2017.08/output/host/include -L/home/dean/sunxi-v3s/buildroot-2017.08/output/host/lib -Wl,-rpath,/home/dean/sunxi-v3s/buildroot-2017.08/output/host/lib conftest.c conftstm.o >&5
configure:5291: $? = 0
configure:5329: result: ok
configure:5366: checking for sysroot
configure:5396: result: no
configure:5473: /usr/bin/gcc -c -O2 -I/home/dean/sunxi-v3s/buildroot-2017.08/output/host/include -I/home/dean/sunxi-v3s/buildroot-2017.08/output/host/include conftest.c >&5
configure:5476: $? = 0
configure:5652: checking for mt
configure:5668: found /bin/mt
configure:5679: result: mt
configure:5702: checking if mt is a manifest tool
configure:5708: mt '-?'
configure:5716: result: no
configure:6358: checking how to run the C preprocessor
configure:6428: result: /usr/bin/cpp
configure:6448: /usr/bin/cpp -I/home/dean/sunxi-v3s/buildroot-2017.08/output/host/include conftest.c
configure:6448: $? = 0
configure:6462: /usr/bin/cpp -I/home/dean/sunxi-v3s/buildroot-2017.08/output/host/include conftest.c
conftest.c:9:10: fatal error: ac_nonexistent.h: No such file or directory
 #include <ac_nonexistent.h>
          ^~~~~~~~~~~~~~~~~~
compilation terminated.
configure:6462: $? = 1
configure: failed program was:
| /* confdefs.h */
| #define PACKAGE_NAME ""
| #define PACKAGE_TARNAME ""
| #define PACKAGE_VERSION ""
| #define PACKAGE_STRING ""
| #define PACKAGE_BUGREPORT ""
| #define PACKAGE_URL ""
| /* end confdefs.h.  */
| #include <ac_nonexistent.h>
configure:6491: checking for ANSI C header files
configure:6511: /usr/bin/gcc -c -O2 -I/home/dean/sunxi-v3s/buildroot-2017.08/output/host/include -I/home/dean/sunxi-v3s/buildroot-2017.08/output/host/include conftest.c >&5
configure:6511: $? = 0
configure:6584: /usr/bin/gcc -o conftest -O2 -I/home/dean/sunxi-v3s/buildroot-2017.08/output/host/include -I/home/dean/sunxi-v3s/buildroot-2017.08/output/host/include -L/home/dean/sunxi-v3s/buildroot-2017.08/output/host/lib -Wl,-rpath,/home/dean/sunxi-v3s/buildroot-2017.08/output/host/lib conftest.c  >&5
configure:6584: $? = 0
configure:6584: ./conftest
configure:6584: $? = 0
configure:6595: result: yes
configure:6608: checking for sys/types.h
configure:6608: /usr/bin/gcc -c -O2 -I/home/dean/sunxi-v3s/buildroot-2017.08/output/host/include -I/home/dean/sunxi-v3s/buildroot-2017.08/output/host/include conftest.c >&5
configure:6608: $? = 0
configure:6608: result: yes
configure:6608: checking for sys/stat.h
configure:6608: /usr/bin/gcc -c -O2 -I/home/dean/sunxi-v3s/buildroot-2017.08/output/host/include -I/home/dean/sunxi-v3s/buildroot-2017.08/output/host/include conftest.c >&5
configure:6608: $? = 0
configure:6608: result: yes
configure:6608: checking for stdlib.h
configure:6608: /usr/bin/gcc -c -O2 -I/home/dean/sunxi-v3s/buildroot-2017.08/output/host/include -I/home/dean/sunxi-v3s/buildroot-2017.08/output/host/include conftest.c >&5
configure:6608: $? = 0
configure:6608: result: yes
configure:6608: checking for string.h
configure:6608: /usr/bin/gcc -c -O2 -I/home/dean/sunxi-v3s/buildroot-2017.08/output/host/include -I/home/dean/sunxi-v3s/buildroot-2017.08/output/host/include conftest.c >&5
configure:6608: $? = 0
configure:6608: result: yes
configure:6608: checking for memory.h
configure:6608: /usr/bin/gcc -c -O2 -I/home/dean/sunxi-v3s/buildroot-2017.08/output/host/include -I/home/dean/sunxi-v3s/buildroot-2017.08/output/host/include conftest.c >&5
configure:6608: $? = 0
configure:6608: result: yes
configure:6608: checking for strings.h
configure:6608: /usr/bin/gcc -c -O2 -I/home/dean/sunxi-v3s/buildroot-2017.08/output/host/include -I/home/dean/sunxi-v3s/buildroot-2017.08/output/host/include conftest.c >&5
configure:6608: $? = 0
configure:6608: result: yes
configure:6608: checking for inttypes.h
configure:6608: /usr/bin/gcc -c -O2 -I/home/dean/sunxi-v3s/buildroot-2017.08/output/host/include -I/home/dean/sunxi-v3s/buildroot-2017.08/output/host/include conftest.c >&5
configure:6608: $? = 0
configure:6608: result: yes
configure:6608: checking for stdint.h
configure:6608: /usr/bin/gcc -c -O2 -I/home/dean/sunxi-v3s/buildroot-2017.08/output/host/include -I/home/dean/sunxi-v3s/buildroot-2017.08/output/host/include conftest.c >&5
configure:6608: $? = 0
configure:6608: result: yes
configure:6608: checking for unistd.h
configure:6608: /usr/bin/gcc -c -O2 -I/home/dean/sunxi-v3s/buildroot-2017.08/output/host/include -I/home/dean/sunxi-v3s/buildroot-2017.08/output/host/include conftest.c >&5
configure:6608: $? = 0
configure:6608: result: yes
configure:6622: checking for dlfcn.h
configure:6622: /usr/bin/gcc -c -O2 -I/home/dean/sunxi-v3s/buildroot-2017.08/output/host/include -I/home/dean/sunxi-v3s/buildroot-2017.08/output/host/include conftest.c >&5
configure:6622: $? = 0
configure:6622: result: yes
configure:6828: checking for objdir
configure:6843: result: .libs
configure:7114: checking if /usr/bin/gcc supports -fno-rtti -fno-exceptions
configure:7132: /usr/bin/gcc -c -O2 -I/home/dean/sunxi-v3s/buildroot-2017.08/output/host/include -I/home/dean/sunxi-v3s/buildroot-2017.08/output/host/include -fno-rtti -fno-exceptions conftest.c >&5
cc1: warning: command line option '-fno-rtti' is valid for C++/ObjC++ but not for C
configure:7136: $? = 0
configure:7149: result: no
configure:7476: checking for /usr/bin/gcc option to produce PIC
configure:7483: result: -fPIC -DPIC
configure:7491: checking if /usr/bin/gcc PIC flag -fPIC -DPIC works
configure:7509: /usr/bin/gcc -c -O2 -I/home/dean/sunxi-v3s/buildroot-2017.08/output/host/include -I/home/dean/sunxi-v3s/buildroot-2017.08/output/host/include -fPIC -DPIC -DPIC conftest.c >&5
configure:7513: $? = 0
configure:7526: result: yes
configure:7555: checking if /usr/bin/gcc static flag -static works
configure:7583: result: yes
configure:7598: checking if /usr/bin/gcc supports -c -o file.o
configure:7619: /usr/bin/gcc -c -O2 -I/home/dean/sunxi-v3s/buildroot-2017.08/output/host/include -I/home/dean/sunxi-v3s/buildroot-2017.08/output/host/include -o out/conftest2.o conftest.c >&5
configure:7623: $? = 0
configure:7645: result: yes
configure:7653: checking if /usr/bin/gcc supports -c -o file.o
configure:7700: result: yes
configure:7733: checking whether the /usr/bin/gcc linker (/usr/bin/ld -m elf_x86_64) supports shared libraries
configure:8886: result: yes
configure:8923: checking whether -lc should be explicitly linked in
configure:8931: /usr/bin/gcc -c -O2 -I/home/dean/sunxi-v3s/buildroot-2017.08/output/host/include -I/home/dean/sunxi-v3s/buildroot-2017.08/output/host/include conftest.c >&5
configure:8934: $? = 0
configure:8949: /usr/bin/gcc -shared  -fPIC -DPIC conftest.o  -v -Wl,-soname -Wl,conftest -o conftest 2\>\&1 \| /bin/grep  -lc  \>/dev/null 2\>\&1
configure:8952: $? = 0
configure:8966: result: no
configure:9126: checking dynamic linker characteristics
configure:9637: /usr/bin/gcc -o conftest -O2 -I/home/dean/sunxi-v3s/buildroot-2017.08/output/host/include -I/home/dean/sunxi-v3s/buildroot-2017.08/output/host/include -L/home/dean/sunxi-v3s/buildroot-2017.08/output/host/lib -Wl,-rpath,/home/dean/sunxi-v3s/buildroot-2017.08/output/host/lib -Wl,-rpath -Wl,/foo conftest.c  >&5
configure:9637: $? = 0
configure:9863: result: GNU/Linux ld.so
configure:9970: checking how to hardcode library paths into programs
configure:9995: result: immediate
configure:10535: checking whether stripping libraries is possible
configure:10540: result: yes
configure:10575: checking if libtool supports shared libraries
configure:10577: result: yes
configure:10580: checking whether to build shared libraries
configure:10601: result: yes
configure:10604: checking whether to build static libraries
configure:10608: result: no
configure:10724: checking for gcc
configure:10751: result: /usr/bin/gcc
configure:10980: checking for C compiler version
configure:10989: /usr/bin/gcc --version >&5
gcc (Ubuntu 7.2.0-8ubuntu3.2) 7.2.0
Copyright (C) 2017 Free Software Foundation, Inc.
This is free software; see the source for copying conditions.  There is NO
warranty; not even for MERCHANTABILITY or FITNESS FOR A PARTICULAR PURPOSE.

configure:11000: $? = 0
configure:10989: /usr/bin/gcc -v >&5
Using built-in specs.
COLLECT_GCC=/usr/bin/gcc
COLLECT_LTO_WRAPPER=/usr/lib/gcc/x86_64-linux-gnu/7/lto-wrapper
OFFLOAD_TARGET_NAMES=nvptx-none
OFFLOAD_TARGET_DEFAULT=1
Target: x86_64-linux-gnu
Configured with: ../src/configure -v --with-pkgversion='Ubuntu 7.2.0-8ubuntu3.2' --with-bugurl=file:///usr/share/doc/gcc-7/README.Bugs --enable-languages=c,ada,c++,go,brig,d,fortran,objc,obj-c++ --prefix=/usr --with-gcc-major-version-only --program-suffix=-7 --program-prefix=x86_64-linux-gnu- --enable-shared --enable-linker-build-id --libexecdir=/usr/lib --without-included-gettext --enable-threads=posix --libdir=/usr/lib --enable-nls --with-sysroot=/ --enable-clocale=gnu --enable-libstdcxx-debug --enable-libstdcxx-time=yes --with-default-libstdcxx-abi=new --enable-gnu-unique-object --disable-vtable-verify --enable-libmpx --enable-plugin --enable-default-pie --with-system-zlib --with-target-system-zlib --enable-objc-gc=auto --enable-multiarch --disable-werror --with-arch-32=i686 --with-abi=m64 --with-multilib-list=m32,m64,mx32 --enable-multilib --with-tune=generic --enable-offload-targets=nvptx-none --without-cuda-driver --enable-checking=release --build=x86_64-linux-gnu --host=x86_64-linux-gnu --target=x86_64-linux-gnu
Thread model: posix
gcc version 7.2.0 (Ubuntu 7.2.0-8ubuntu3.2) 
configure:11000: $? = 0
configure:10989: /usr/bin/gcc -V >&5
gcc: error: unrecognized command line option '-V'
gcc: fatal error: no input files
compilation terminated.
configure:11000: $? = 1
configure:10989: /usr/bin/gcc -qversion >&5
gcc: error: unrecognized command line option '-qversion'; did you mean '--version'?
gcc: fatal error: no input files
compilation terminated.
configure:11000: $? = 1
configure:11004: checking whether we are using the GNU C compiler
configure:11032: result: yes
configure:11041: checking whether /usr/bin/gcc accepts -g
configure:11102: result: yes
configure:11119: checking for /usr/bin/gcc option to accept ISO C89
configure:11195: result: none needed
configure:11297: checking for gcc
configure:11324: result: /usr/bin/gcc
configure:11553: checking for C compiler version
configure:11562: /usr/bin/gcc --version >&5
gcc (Ubuntu 7.2.0-8ubuntu3.2) 7.2.0
Copyright (C) 2017 Free Software Foundation, Inc.
This is free software; see the source for copying conditions.  There is NO
warranty; not even for MERCHANTABILITY or FITNESS FOR A PARTICULAR PURPOSE.

configure:11573: $? = 0
configure:11562: /usr/bin/gcc -v >&5
Using built-in specs.
COLLECT_GCC=/usr/bin/gcc
COLLECT_LTO_WRAPPER=/usr/lib/gcc/x86_64-linux-gnu/7/lto-wrapper
OFFLOAD_TARGET_NAMES=nvptx-none
OFFLOAD_TARGET_DEFAULT=1
Target: x86_64-linux-gnu
Configured with: ../src/configure -v --with-pkgversion='Ubuntu 7.2.0-8ubuntu3.2' --with-bugurl=file:///usr/share/doc/gcc-7/README.Bugs --enable-languages=c,ada,c++,go,brig,d,fortran,objc,obj-c++ --prefix=/usr --with-gcc-major-version-only --program-suffix=-7 --program-prefix=x86_64-linux-gnu- --enable-shared --enable-linker-build-id --libexecdir=/usr/lib --without-included-gettext --enable-threads=posix --libdir=/usr/lib --enable-nls --with-sysroot=/ --enable-clocale=gnu --enable-libstdcxx-debug --enable-libstdcxx-time=yes --with-default-libstdcxx-abi=new --enable-gnu-unique-object --disable-vtable-verify --enable-libmpx --enable-plugin --enable-default-pie --with-system-zlib --with-target-system-zlib --enable-objc-gc=auto --enable-multiarch --disable-werror --with-arch-32=i686 --with-abi=m64 --with-multilib-list=m32,m64,mx32 --enable-multilib --with-tune=generic --enable-offload-targets=nvptx-none --without-cuda-driver --enable-checking=release --build=x86_64-linux-gnu --host=x86_64-linux-gnu --target=x86_64-linux-gnu
Thread model: posix
gcc version 7.2.0 (Ubuntu 7.2.0-8ubuntu3.2) 
configure:11573: $? = 0
configure:11562: /usr/bin/gcc -V >&5
gcc: error: unrecognized command line option '-V'
gcc: fatal error: no input files
compilation terminated.
configure:11573: $? = 1
configure:11562: /usr/bin/gcc -qversion >&5
gcc: error: unrecognized command line option '-qversion'; did you mean '--version'?
gcc: fatal error: no input files
compilation terminated.
configure:11573: $? = 1
configure:11577: checking whether we are using the GNU C compiler
configure:11605: result: yes
configure:11614: checking whether /usr/bin/gcc accepts -g
configure:11675: result: yes
configure:11692: checking for /usr/bin/gcc option to accept ISO C89
configure:11768: result: none needed
configure:11804: checking for gmake
configure:11837: result: no
configure:11804: checking for make
configure:11822: found /usr/bin/make
configure:11834: result: /usr/bin/make
configure:11857: checking for tar
configure:11875: found /bin/tar
configure:11887: result: /bin/tar
configure:11900: checking for gzip
configure:11918: found /bin/gzip
configure:11930: result: /bin/gzip
configure:11943: checking for makedepend
configure:11974: result: /bin/true
configure:11987: checking for awk
configure:12005: found /usr/bin/awk
configure:12017: result: /usr/bin/awk
configure:12030: checking for sed
configure:12060: result: /bin/sed
configure:12073: checking for echo
configure:12091: found /bin/echo
configure:12103: result: /bin/echo
configure:12116: checking for sort
configure:12134: found /usr/bin/sort
configure:12146: result: /usr/bin/sort
configure:12157: checking whether ln -s works
configure:12161: result: yes
configure:12327: checking for rpm
configure:12360: result: no
configure:12421: checking attr/xattr.h usability
configure:12421: /usr/bin/gcc -c -O2 -I/home/dean/sunxi-v3s/buildroot-2017.08/output/host/include -I/home/dean/sunxi-v3s/buildroot-2017.08/output/host/include conftest.c >&5
configure:12421: $? = 0
configure:12421: result: yes
configure:12421: checking attr/xattr.h presence
configure:12421: /usr/bin/cpp -I/home/dean/sunxi-v3s/buildroot-2017.08/output/host/include conftest.c
configure:12421: $? = 0
configure:12421: result: yes
configure:12421: checking for attr/xattr.h
configure:12421: result: yes
configure:12441: checking attr/error_context.h usability
configure:12441: /usr/bin/gcc -c -O2 -I/home/dean/sunxi-v3s/buildroot-2017.08/output/host/include -I/home/dean/sunxi-v3s/buildroot-2017.08/output/host/include conftest.c >&5
configure:12441: $? = 0
configure:12441: result: yes
configure:12441: checking attr/error_context.h presence
configure:12441: /usr/bin/cpp -I/home/dean/sunxi-v3s/buildroot-2017.08/output/host/include conftest.c
configure:12441: $? = 0
configure:12441: result: yes
configure:12441: checking for attr/error_context.h
configure:12441: result: yes
configure:12480: checking for getxattr in -lattr
configure:12505: /usr/bin/gcc -o conftest -O2 -I/home/dean/sunxi-v3s/buildroot-2017.08/output/host/include -I/home/dean/sunxi-v3s/buildroot-2017.08/output/host/include -L/home/dean/sunxi-v3s/buildroot-2017.08/output/host/lib -Wl,-rpath,/home/dean/sunxi-v3s/buildroot-2017.08/output/host/lib conftest.c -lattr   >&5
configure:12505: $? = 0
configure:12514: result: yes
configure:12549: checking whether __attribute__((visibility())) is supported
configure:12570: result: yes
configure:12695: creating ./config.status

## ---------------------- ##
## Running config.status. ##
## ---------------------- ##

This file was extended by config.status, which was
generated by GNU Autoconf 2.69.  Invocation command line was

  CONFIG_FILES    = 
  CONFIG_HEADERS  = 
  CONFIG_LINKS    = 
  CONFIG_COMMANDS = 
  $ ./config.status 

on dean-ThinkPad-X100e

config.status:1083: creating include/builddefs
config.status:1083: creating include/config.h
config.status:1267: executing libtool commands
configure:14773: WARNING: unrecognized options: --disable-gtk-doc, --disable-gtk-doc-html, --disable-doc, --disable-docs, --disable-documentation, --disable-debug, --with-xmlto, --with-fop, --disable-dependency-tracking

## ---------------- ##
## Cache variables. ##
## ---------------- ##

ac_cv_build=x86_64-pc-linux-gnu
ac_cv_c_compiler_gnu=yes
ac_cv_env_CC_set=set
ac_cv_env_CC_value=/usr/bin/gcc
ac_cv_env_CFLAGS_set=set
ac_cv_env_CFLAGS_value='-O2 -I/home/dean/sunxi-v3s/buildroot-2017.08/output/host/include'
ac_cv_env_CPPFLAGS_set=set
ac_cv_env_CPPFLAGS_value=-I/home/dean/sunxi-v3s/buildroot-2017.08/output/host/include
ac_cv_env_CPP_set=set
ac_cv_env_CPP_value=/usr/bin/cpp
ac_cv_env_LDFLAGS_set=set
ac_cv_env_LDFLAGS_value='-L/home/dean/sunxi-v3s/buildroot-2017.08/output/host/lib -Wl,-rpath,/home/dean/sunxi-v3s/buildroot-2017.08/output/host/lib'
ac_cv_env_LIBS_set=
ac_cv_env_LIBS_value=
ac_cv_env_build_alias_set=
ac_cv_env_build_alias_value=
ac_cv_env_host_alias_set=
ac_cv_env_host_alias_value=
ac_cv_env_target_alias_set=
ac_cv_env_target_alias_value=
ac_cv_header_attr_error_context_h=yes
ac_cv_header_attr_xattr_h=yes
ac_cv_header_dlfcn_h=yes
ac_cv_header_inttypes_h=yes
ac_cv_header_memory_h=yes
ac_cv_header_stdc=yes
ac_cv_header_stdint_h=yes
ac_cv_header_stdlib_h=yes
ac_cv_header_string_h=yes
ac_cv_header_strings_h=yes
ac_cv_header_sys_stat_h=yes
ac_cv_header_sys_types_h=yes
ac_cv_header_unistd_h=yes
ac_cv_host=x86_64-pc-linux-gnu
ac_cv_lib_attr_getxattr=yes
ac_cv_objext=o
ac_cv_path_AWK=/usr/bin/awk
ac_cv_path_ECHO=/bin/echo
ac_cv_path_EGREP='/bin/grep -E'
ac_cv_path_FGREP='/bin/grep -F'
ac_cv_path_GREP=/bin/grep
ac_cv_path_MAKE=/usr/bin/make
ac_cv_path_MAKEDEPEND=/bin/true
ac_cv_path_SED=/bin/sed
ac_cv_path_SORT=/usr/bin/sort
ac_cv_path_TAR=/bin/tar
ac_cv_path_ZIP=/bin/gzip
ac_cv_prog_AWK=mawk
ac_cv_prog_CPP=/usr/bin/cpp
ac_cv_prog_ac_ct_CC=/usr/bin/gcc
ac_cv_prog_ac_ct_MANIFEST_TOOL=mt
ac_cv_prog_ac_ct_OBJDUMP=objdump
ac_cv_prog_ac_ct_RANLIB=/usr/bin/ranlib
ac_cv_prog_ac_ct_STRIP=strip
ac_cv_prog_cc_c89=
ac_cv_prog_cc_g=yes
libc_cv_visibility_attribute=yes
lt_cv_ar_at_file=@
lt_cv_archive_cmds_need_lc=no
lt_cv_deplibs_check_method=pass_all
lt_cv_file_magic_cmd='$MAGIC_CMD'
lt_cv_file_magic_test_file=
lt_cv_ld_reload_flag=-r
lt_cv_nm_interface='BSD nm'
lt_cv_objdir=.libs
lt_cv_path_LD=/usr/bin/ld
lt_cv_path_NM=/usr/bin/nm
lt_cv_path_mainfest_tool=no
lt_cv_prog_compiler_c_o=yes
lt_cv_prog_compiler_pic='-fPIC -DPIC'
lt_cv_prog_compiler_pic_works=yes
lt_cv_prog_compiler_rtti_exceptions=no
lt_cv_prog_compiler_static_works=yes
lt_cv_prog_gnu_ld=yes
lt_cv_sharedlib_from_linklib_cmd='printf %s\n'
lt_cv_shlibpath_overrides_runpath=yes
lt_cv_sys_global_symbol_pipe='sed -n -e '\''s/^.*[	 ]\([ABCDGIRSTW][ABCDGIRSTW]*\)[	 ][	 ]*\([_A-Za-z][_A-Za-z0-9]*\)$/\1 \2 \2/p'\'' | sed '\''/ __gnu_lto/d'\'''
lt_cv_sys_global_symbol_to_c_name_address='sed -n -e '\''s/^: \([^ ]*\)[ ]*$/  {\"\1\", (void *) 0},/p'\'' -e '\''s/^[ABCDGIRSTW]* \([^ ]*\) \([^ ]*\)$/  {"\2", (void *) \&\2},/p'\'''
lt_cv_sys_global_symbol_to_c_name_address_lib_prefix='sed -n -e '\''s/^: \([^ ]*\)[ ]*$/  {\"\1\", (void *) 0},/p'\'' -e '\''s/^[ABCDGIRSTW]* \([^ ]*\) \(lib[^ ]*\)$/  {"\2", (void *) \&\2},/p'\'' -e '\''s/^[ABCDGIRSTW]* \([^ ]*\) \([^ ]*\)$/  {"lib\2", (void *) \&\2},/p'\'''
lt_cv_sys_global_symbol_to_cdecl='sed -n -e '\''s/^T .* \(.*\)$/extern int \1();/p'\'' -e '\''s/^[ABCDGIRSTW]* .* \(.*\)$/extern char \1;/p'\'''
lt_cv_sys_max_cmd_len=1572864
lt_cv_to_host_file_cmd=func_convert_file_noop
lt_cv_to_tool_file_cmd=func_convert_file_noop

## ----------------- ##
## Output variables. ##
## ----------------- ##

AR='/usr/bin/ar'
AWK='/usr/bin/awk'
CC='/usr/bin/gcc'
CFLAGS='-O2 -I/home/dean/sunxi-v3s/buildroot-2017.08/output/host/include'
CPP='/usr/bin/cpp'
CPPFLAGS='-I/home/dean/sunxi-v3s/buildroot-2017.08/output/host/include'
DEFS='-DHAVE_CONFIG_H'
DLLTOOL='false'
DSYMUTIL=''
DUMPBIN=''
ECHO='/bin/echo'
ECHO_C=''
ECHO_N='-n'
ECHO_T=''
EGREP='/bin/grep -E'
EXEEXT=''
FGREP='/bin/grep -F'
GREP='/bin/grep'
LD='/usr/bin/ld -m elf_x86_64'
LDFLAGS='-L/home/dean/sunxi-v3s/buildroot-2017.08/output/host/lib -Wl,-rpath,/home/dean/sunxi-v3s/buildroot-2017.08/output/host/lib'
LIBOBJS=''
LIBS='-lattr '
LIBTOOL='$(SHELL) $(top_builddir)/libtool'
LIPO=''
LN_S='ln -s'
LTLIBOBJS=''
MAKE='/usr/bin/make'
MAKEDEPEND='/bin/true'
MANIFEST_TOOL=':'
MSGFMT=''
MSGMERGE=''
NM='/usr/bin/nm'
NMEDIT=''
OBJDUMP='objdump'
OBJEXT='o'
OTOOL64=''
OTOOL=''
PACKAGE_BUGREPORT=''
PACKAGE_NAME=''
PACKAGE_STRING=''
PACKAGE_TARNAME=''
PACKAGE_URL=''
PACKAGE_VERSION=''
PATH_SEPARATOR=':'
RANLIB='/usr/bin/ranlib'
RPM=''
RPMBUILD=''
SED='/bin/sed'
SHELL='/bin/bash'
SORT='/usr/bin/sort'
STRIP='strip'
TAR='/bin/tar'
XGETTEXT=''
ZIP='/bin/gzip'
ac_ct_AR=''
ac_ct_CC='/usr/bin/gcc'
ac_ct_DUMPBIN=''
awk='/usr/bin/awk'
bindir='${exec_prefix}/bin'
build='x86_64-pc-linux-gnu'
build_alias=''
build_cpu='x86_64'
build_os='linux-gnu'
build_vendor='pc'
cc='/usr/bin/gcc'
datadir='${datarootdir}'
datarootdir='${prefix}/share'
debug_build='-DDEBUG'
docdir='${datarootdir}/doc/${PACKAGE}'
dvidir='${docdir}'
echo='/bin/echo'
enable_gettext='no'
enable_lib64='no'
enable_shared='yes'
exec_prefix='${prefix}'
have_zipped_manpages='false'
host='x86_64-pc-linux-gnu'
host_alias=''
host_cpu='x86_64'
host_os='linux-gnu'
host_vendor='pc'
htmldir='${docdir}'
includedir='${prefix}/include'
infodir='${datarootdir}/info'
libattr='-lattr'
libdir='${exec_prefix}/lib'
libdirsuffix=''
libexecdir='${exec_prefix}/libexec'
localedir='${datarootdir}/locale'
localstatedir='/home/dean/sunxi-v3s/buildroot-2017.08/output/host/var'
make='/usr/bin/make'
makedepend='/bin/true'
malloc_lib=''
mandir='${datarootdir}/man'
msgfmt=''
msgmerge=''
oldincludedir='/usr/include'
opt_build='-g -O2'
pdfdir='${docdir}'
pkg_distribution='Linux'
pkg_group='dean'
pkg_name='acl'
pkg_platform='linux'
pkg_release='1'
pkg_user='dean'
pkg_version='2.2.52'
prefix='/home/dean/sunxi-v3s/buildroot-2017.08/output/host'
program_transform_name='s,x,x,'
psdir='${docdir}'
rpm=''
rpm_version='0'
rpmbuild=''
sbindir='${exec_prefix}/sbin'
sed='/bin/sed'
sharedstatedir='${prefix}/com'
sort='/usr/bin/sort'
sysconfdir='/home/dean/sunxi-v3s/buildroot-2017.08/output/host/etc'
tar='/bin/tar'
target_alias=''
xgettext=''
zip='/bin/gzip'

## ----------- ##
## confdefs.h. ##
## ----------- ##

/* confdefs.h */
#define PACKAGE_NAME ""
#define PACKAGE_TARNAME ""
#define PACKAGE_VERSION ""
#define PACKAGE_STRING ""
#define PACKAGE_BUGREPORT ""
#define PACKAGE_URL ""
#define STDC_HEADERS 1
#define HAVE_SYS_TYPES_H 1
#define HAVE_SYS_STAT_H 1
#define HAVE_STDLIB_H 1
#define HAVE_STRING_H 1
#define HAVE_MEMORY_H 1
#define HAVE_STRINGS_H 1
#define HAVE_INTTYPES_H 1
#define HAVE_STDINT_H 1
#define HAVE_UNISTD_H 1
#define HAVE_DLFCN_H 1
#define LT_OBJDIR ".libs/"
#define HAVE_ATTR_XATTR_H 1
#define HAVE_ATTR_ERROR_CONTEXT_H 1
#define HAVE_LIBATTR 1
#define HAVE_VISIBILITY_ATTRIBUTE /**/

configure: exit 0
