This file contains any messages produced by compilers while
running configure, to aid debugging if configure makes a mistake.

It was created by Chocolate Doom configure 2.3.0, which was
generated by GNU Autoconf 2.69.  Invocation command line was

  $ ./configure --target=arm-buildroot-linux-gnueabihf --host=arm-buildroot-linux-gnueabihf --build=x86_64-pc-linux-gnu --prefix=/usr --exec-prefix=/usr --sysconfdir=/etc --localstatedir=/var --program-prefix= --disable-gtk-doc --disable-gtk-doc-html --disable-doc --disable-docs --disable-documentation --with-xmlto=no --with-fop=no --disable-dependency-tracking --enable-ipv6 --disable-nls --disable-static --enable-shared --disable-sdltest --with-sdl-prefix=/home/dean/sunxi-v3s/buildroot-2017.08/output/host/arm-buildroot-linux-gnueabihf/sysroot/usr --with-sdl-exec-prefix=/home/dean/sunxi-v3s/buildroot-2017.08/output/host/arm-buildroot-linux-gnueabihf/sysroot/usr --with-libpng --without-libsamplerate

## --------- ##
## Platform. ##
## --------- ##

hostname = dean-ThinkPad-X100e
uname -m = x86_64
uname -r = 4.13.0-46-generic
uname -s = Linux
uname -v = #51-Ubuntu SMP Tue Jun 12 12:36:29 UTC 2018

/usr/bin/uname -p = unknown
/bin/uname -X     = unknown

/bin/arch              = unknown
/usr/bin/arch -k       = unknown
/usr/convex/getsysinfo = unknown
/usr/bin/hostinfo      = unknown
/bin/machine           = unknown
/usr/bin/oslevel       = unknown
/bin/universe          = unknown

PATH: /home/dean/sunxi-v3s/buildroot-2017.08/output/host/bin
PATH: /home/dean/sunxi-v3s/buildroot-2017.08/output/host/sbin
PATH: /usr/local/sbin
PATH: /usr/local/bin
PATH: /usr/sbin
PATH: /usr/bin
PATH: /sbin
PATH: /bin
PATH: /usr/games
PATH: /usr/local/games
PATH: /snap/bin
PATH: /opt/gcc-linaro-6.3.1-2017.05-x86_64_arm-linux-gnueabihf/bin


## ----------- ##
## Core tests. ##
## ----------- ##

configure:2270: checking build system type
configure:2284: result: x86_64-pc-linux-gnu
configure:2304: checking host system type
configure:2317: result: arm-buildroot-linux-gnueabihf
configure:2348: checking for arm-buildroot-linux-gnueabihf-gcc
configure:2375: result: /home/dean/sunxi-v3s/buildroot-2017.08/output/host/bin/arm-linux-gnueabihf-gcc
configure:2644: checking for C compiler version
configure:2653: /home/dean/sunxi-v3s/buildroot-2017.08/output/host/bin/arm-linux-gnueabihf-gcc --version >&5
arm-linux-gnueabihf-gcc (Linaro GCC 6.3-2017.05) 6.3.1 20170404
Copyright (C) 2016 Free Software Foundation, Inc.
This is free software; see the source for copying conditions.  There is NO
warranty; not even for MERCHANTABILITY or FITNESS FOR A PARTICULAR PURPOSE.

configure:2664: $? = 0
configure:2653: /home/dean/sunxi-v3s/buildroot-2017.08/output/host/bin/arm-linux-gnueabihf-gcc -v >&5
Using built-in specs.
COLLECT_GCC=/opt/gcc-linaro-6.3.1-2017.05-x86_64_arm-linux-gnueabihf/bin/arm-linux-gnueabihf-gcc
COLLECT_LTO_WRAPPER=/opt/gcc-linaro-6.3.1-2017.05-x86_64_arm-linux-gnueabihf/bin/../libexec/gcc/arm-linux-gnueabihf/6.3.1/lto-wrapper
Target: arm-linux-gnueabihf
Configured with: '/home/tcwg-buildslave/workspace/tcwg-make-release/builder_arch/amd64/label/tcwg-x86_64-build/target/arm-linux-gnueabihf/snapshots/gcc.git~linaro-6.3-2017.05/configure' SHELL=/bin/bash --with-mpc=/home/tcwg-buildslave/workspace/tcwg-make-release/builder_arch/amd64/label/tcwg-x86_64-build/target/arm-linux-gnueabihf/_build/builds/destdir/x86_64-unknown-linux-gnu --with-mpfr=/home/tcwg-buildslave/workspace/tcwg-make-release/builder_arch/amd64/label/tcwg-x86_64-build/target/arm-linux-gnueabihf/_build/builds/destdir/x86_64-unknown-linux-gnu --with-gmp=/home/tcwg-buildslave/workspace/tcwg-make-release/builder_arch/amd64/label/tcwg-x86_64-build/target/arm-linux-gnueabihf/_build/builds/destdir/x86_64-unknown-linux-gnu --with-gnu-as --with-gnu-ld --disable-libmudflap --enable-lto --enable-shared --without-included-gettext --enable-nls --disable-sjlj-exceptions --enable-gnu-unique-object --enable-linker-build-id --disable-libstdcxx-pch --enable-c99 --enable-clocale=gnu --enable-libstdcxx-debug --enable-long-long --with-cloog=no --with-ppl=no --with-isl=no --disable-multilib --with-float=hard --with-fpu=vfpv3-d16 --with-mode=thumb --with-tune=cortex-a9 --with-arch=armv7-a --enable-threads=posix --enable-multiarch --enable-libstdcxx-time=yes --enable-gnu-indirect-function --with-build-sysroot=/home/tcwg-buildslave/workspace/tcwg-make-release/builder_arch/amd64/label/tcwg-x86_64-build/target/arm-linux-gnueabihf/_build/sysroots/arm-linux-gnueabihf --with-sysroot=/home/tcwg-buildslave/workspace/tcwg-make-release/builder_arch/amd64/label/tcwg-x86_64-build/target/arm-linux-gnueabihf/_build/builds/destdir/x86_64-unknown-linux-gnu/arm-linux-gnueabihf/libc --enable-checking=release --disable-bootstrap --enable-languages=c,c++,fortran,lto --build=x86_64-unknown-linux-gnu --host=x86_64-unknown-linux-gnu --target=arm-linux-gnueabihf --prefix=/home/tcwg-buildslave/workspace/tcwg-make-release/builder_arch/amd64/label/tcwg-x86_64-build/target/arm-linux-gnueabihf/_build/builds/destdir/x86_64-unknown-linux-gnu
Thread model: posix
gcc version 6.3.1 20170404 (Linaro GCC 6.3-2017.05) 
configure:2664: $? = 0
configure:2653: /home/dean/sunxi-v3s/buildroot-2017.08/output/host/bin/arm-linux-gnueabihf-gcc -V >&5
arm-linux-gnueabihf-gcc: error: unrecognized command line option '-V'
arm-linux-gnueabihf-gcc: fatal error: no input files
compilation terminated.
configure:2664: $? = 1
configure:2653: /home/dean/sunxi-v3s/buildroot-2017.08/output/host/bin/arm-linux-gnueabihf-gcc -qversion >&5
arm-linux-gnueabihf-gcc: error: unrecognized command line option '-qversion'; did you mean '--version'?
arm-linux-gnueabihf-gcc: fatal error: no input files
compilation terminated.
configure:2664: $? = 1
configure:2684: checking whether the C compiler works
configure:2706: /home/dean/sunxi-v3s/buildroot-2017.08/output/host/bin/arm-linux-gnueabihf-gcc -D_LARGEFILE_SOURCE -D_LARGEFILE64_SOURCE -D_FILE_OFFSET_BITS=64  -Os  -D_LARGEFILE_SOURCE -D_LARGEFILE64_SOURCE -D_FILE_OFFSET_BITS=64  conftest.c  >&5
configure:2710: $? = 0
configure:2758: result: yes
configure:2761: checking for C compiler default output file name
configure:2763: result: a.out
configure:2769: checking for suffix of executables
configure:2776: /home/dean/sunxi-v3s/buildroot-2017.08/output/host/bin/arm-linux-gnueabihf-gcc -o conftest -D_LARGEFILE_SOURCE -D_LARGEFILE64_SOURCE -D_FILE_OFFSET_BITS=64  -Os  -D_LARGEFILE_SOURCE -D_LARGEFILE64_SOURCE -D_FILE_OFFSET_BITS=64  conftest.c  >&5
configure:2780: $? = 0
configure:2802: result: 
configure:2824: checking whether we are cross compiling
configure:2862: result: yes
configure:2867: checking for suffix of object files
configure:2889: /home/dean/sunxi-v3s/buildroot-2017.08/output/host/bin/arm-linux-gnueabihf-gcc -c -D_LARGEFILE_SOURCE -D_LARGEFILE64_SOURCE -D_FILE_OFFSET_BITS=64  -Os  -D_LARGEFILE_SOURCE -D_LARGEFILE64_SOURCE -D_FILE_OFFSET_BITS=64 conftest.c >&5
configure:2893: $? = 0
configure:2914: result: o
configure:2918: checking whether we are using the GNU C compiler
configure:2937: /home/dean/sunxi-v3s/buildroot-2017.08/output/host/bin/arm-linux-gnueabihf-gcc -c -D_LARGEFILE_SOURCE -D_LARGEFILE64_SOURCE -D_FILE_OFFSET_BITS=64  -Os  -D_LARGEFILE_SOURCE -D_LARGEFILE64_SOURCE -D_FILE_OFFSET_BITS=64 conftest.c >&5
configure:2937: $? = 0
configure:2946: result: yes
configure:2955: checking whether /home/dean/sunxi-v3s/buildroot-2017.08/output/host/bin/arm-linux-gnueabihf-gcc accepts -g
configure:2975: /home/dean/sunxi-v3s/buildroot-2017.08/output/host/bin/arm-linux-gnueabihf-gcc -c -g -D_LARGEFILE_SOURCE -D_LARGEFILE64_SOURCE -D_FILE_OFFSET_BITS=64 conftest.c >&5
configure:2975: $? = 0
configure:3016: result: yes
configure:3033: checking for /home/dean/sunxi-v3s/buildroot-2017.08/output/host/bin/arm-linux-gnueabihf-gcc option to accept ISO C89
configure:3096: /home/dean/sunxi-v3s/buildroot-2017.08/output/host/bin/arm-linux-gnueabihf-gcc  -c -D_LARGEFILE_SOURCE -D_LARGEFILE64_SOURCE -D_FILE_OFFSET_BITS=64  -Os  -D_LARGEFILE_SOURCE -D_LARGEFILE64_SOURCE -D_FILE_OFFSET_BITS=64 conftest.c >&5
configure:3096: $? = 0
configure:3109: result: none needed
configure:3137: checking whether /home/dean/sunxi-v3s/buildroot-2017.08/output/host/bin/arm-linux-gnueabihf-gcc understands -c and -o together
configure:3159: /home/dean/sunxi-v3s/buildroot-2017.08/output/host/bin/arm-linux-gnueabihf-gcc -c conftest.c -o conftest2.o
configure:3162: $? = 0
configure:3159: /home/dean/sunxi-v3s/buildroot-2017.08/output/host/bin/arm-linux-gnueabihf-gcc -c conftest.c -o conftest2.o
configure:3162: $? = 0
configure:3174: result: yes
configure:3194: checking for arm-buildroot-linux-gnueabihf-ranlib
configure:3221: result: /home/dean/sunxi-v3s/buildroot-2017.08/output/host/bin/arm-linux-gnueabihf-ranlib
configure:3285: checking for python
configure:3301: found /usr/bin/python
configure:3313: result: true
configure:3442: checking pkg-config is at least version 0.9.0
configure:3445: result: yes
configure:3455: checking for SDL
configure:3462: $PKG_CONFIG --exists --print-errors "sdl"
configure:3465: $? = 0
configure:3479: $PKG_CONFIG --exists --print-errors "sdl"
configure:3482: $? = 0
configure:3540: result: yes
configure:3546: checking for SDLMIXER
configure:3553: $PKG_CONFIG --exists --print-errors "SDL_mixer"
configure:3556: $? = 0
configure:3570: $PKG_CONFIG --exists --print-errors "SDL_mixer"
configure:3573: $? = 0
configure:3631: result: yes
configure:3637: checking for SDLNET
configure:3644: $PKG_CONFIG --exists --print-errors "SDL_net"
configure:3647: $? = 0
configure:3661: $PKG_CONFIG --exists --print-errors "SDL_net"
configure:3664: $? = 0
configure:3722: result: yes
configure:3848: checking for PNG
configure:3855: $PKG_CONFIG --exists --print-errors "libpng >= 1.6.10"
configure:3858: $? = 0
configure:3872: $PKG_CONFIG --exists --print-errors "libpng >= 1.6.10"
configure:3875: $? = 0
configure:3929: result: yes
configure:3940: checking for log in -lm
configure:3965: /home/dean/sunxi-v3s/buildroot-2017.08/output/host/bin/arm-linux-gnueabihf-gcc -o conftest -O2 -g -Wall -Wdeclaration-after-statement -Wredundant-decls -D_LARGEFILE_SOURCE -D_LARGEFILE64_SOURCE -D_FILE_OFFSET_BITS=64  -Os  -D_LARGEFILE_SOURCE -D_LARGEFILE64_SOURCE -D_FILE_OFFSET_BITS=64  conftest.c -lm   >&5
conftest.c:17:6: warning: conflicting types for built-in function 'log'
 char log ();
      ^~~
configure:3965: $? = 0
configure:3974: result: yes
configure:3991: checking how to run the C preprocessor
configure:4061: result: /home/dean/sunxi-v3s/buildroot-2017.08/output/host/bin/arm-linux-gnueabihf-cpp
configure:4081: /home/dean/sunxi-v3s/buildroot-2017.08/output/host/bin/arm-linux-gnueabihf-cpp -D_LARGEFILE_SOURCE -D_LARGEFILE64_SOURCE -D_FILE_OFFSET_BITS=64 conftest.c
configure:4081: $? = 0
configure:4095: /home/dean/sunxi-v3s/buildroot-2017.08/output/host/bin/arm-linux-gnueabihf-cpp -D_LARGEFILE_SOURCE -D_LARGEFILE64_SOURCE -D_FILE_OFFSET_BITS=64 conftest.c
conftest.c:11:28: fatal error: ac_nonexistent.h: No such file or directory
 #include <ac_nonexistent.h>
                            ^
compilation terminated.
configure:4095: $? = 1
configure: failed program was:
| /* confdefs.h */
| #define PACKAGE_NAME "Chocolate Doom"
| #define PACKAGE_TARNAME "chocolate-doom"
| #define PACKAGE_VERSION "2.3.0"
| #define PACKAGE_STRING "Chocolate Doom 2.3.0"
| #define PACKAGE_BUGREPORT "chocolate-doom-dev-list@chocolate-doom.org"
| #define PACKAGE_URL ""
| #define HAVE_LIBPNG 1
| #define HAVE_LIBM 1
| /* end confdefs.h.  */
| #include <ac_nonexistent.h>
configure:4124: checking for grep that handles long lines and -e
configure:4182: result: /bin/grep
configure:4187: checking for egrep
configure:4249: result: /bin/grep -E
configure:4254: checking for ANSI C header files
configure:4274: /home/dean/sunxi-v3s/buildroot-2017.08/output/host/bin/arm-linux-gnueabihf-gcc -c -O2 -g -Wall -Wdeclaration-after-statement -Wredundant-decls -D_LARGEFILE_SOURCE -D_LARGEFILE64_SOURCE -D_FILE_OFFSET_BITS=64  -Os  -D_LARGEFILE_SOURCE -D_LARGEFILE64_SOURCE -D_FILE_OFFSET_BITS=64 conftest.c >&5
configure:4274: $? = 0
configure:4358: result: yes
configure:4371: checking for sys/types.h
configure:4371: /home/dean/sunxi-v3s/buildroot-2017.08/output/host/bin/arm-linux-gnueabihf-gcc -c -O2 -g -Wall -Wdeclaration-after-statement -Wredundant-decls -D_LARGEFILE_SOURCE -D_LARGEFILE64_SOURCE -D_FILE_OFFSET_BITS=64  -Os  -D_LARGEFILE_SOURCE -D_LARGEFILE64_SOURCE -D_FILE_OFFSET_BITS=64 conftest.c >&5
configure:4371: $? = 0
configure:4371: result: yes
configure:4371: checking for sys/stat.h
configure:4371: /home/dean/sunxi-v3s/buildroot-2017.08/output/host/bin/arm-linux-gnueabihf-gcc -c -O2 -g -Wall -Wdeclaration-after-statement -Wredundant-decls -D_LARGEFILE_SOURCE -D_LARGEFILE64_SOURCE -D_FILE_OFFSET_BITS=64  -Os  -D_LARGEFILE_SOURCE -D_LARGEFILE64_SOURCE -D_FILE_OFFSET_BITS=64 conftest.c >&5
configure:4371: $? = 0
configure:4371: result: yes
configure:4371: checking for stdlib.h
configure:4371: /home/dean/sunxi-v3s/buildroot-2017.08/output/host/bin/arm-linux-gnueabihf-gcc -c -O2 -g -Wall -Wdeclaration-after-statement -Wredundant-decls -D_LARGEFILE_SOURCE -D_LARGEFILE64_SOURCE -D_FILE_OFFSET_BITS=64  -Os  -D_LARGEFILE_SOURCE -D_LARGEFILE64_SOURCE -D_FILE_OFFSET_BITS=64 conftest.c >&5
configure:4371: $? = 0
configure:4371: result: yes
configure:4371: checking for string.h
configure:4371: /home/dean/sunxi-v3s/buildroot-2017.08/output/host/bin/arm-linux-gnueabihf-gcc -c -O2 -g -Wall -Wdeclaration-after-statement -Wredundant-decls -D_LARGEFILE_SOURCE -D_LARGEFILE64_SOURCE -D_FILE_OFFSET_BITS=64  -Os  -D_LARGEFILE_SOURCE -D_LARGEFILE64_SOURCE -D_FILE_OFFSET_BITS=64 conftest.c >&5
configure:4371: $? = 0
configure:4371: result: yes
configure:4371: checking for memory.h
configure:4371: /home/dean/sunxi-v3s/buildroot-2017.08/output/host/bin/arm-linux-gnueabihf-gcc -c -O2 -g -Wall -Wdeclaration-after-statement -Wredundant-decls -D_LARGEFILE_SOURCE -D_LARGEFILE64_SOURCE -D_FILE_OFFSET_BITS=64  -Os  -D_LARGEFILE_SOURCE -D_LARGEFILE64_SOURCE -D_FILE_OFFSET_BITS=64 conftest.c >&5
configure:4371: $? = 0
configure:4371: result: yes
configure:4371: checking for strings.h
configure:4371: /home/dean/sunxi-v3s/buildroot-2017.08/output/host/bin/arm-linux-gnueabihf-gcc -c -O2 -g -Wall -Wdeclaration-after-statement -Wredundant-decls -D_LARGEFILE_SOURCE -D_LARGEFILE64_SOURCE -D_FILE_OFFSET_BITS=64  -Os  -D_LARGEFILE_SOURCE -D_LARGEFILE64_SOURCE -D_FILE_OFFSET_BITS=64 conftest.c >&5
configure:4371: $? = 0
configure:4371: result: yes
configure:4371: checking for inttypes.h
configure:4371: /home/dean/sunxi-v3s/buildroot-2017.08/output/host/bin/arm-linux-gnueabihf-gcc -c -O2 -g -Wall -Wdeclaration-after-statement -Wredundant-decls -D_LARGEFILE_SOURCE -D_LARGEFILE64_SOURCE -D_FILE_OFFSET_BITS=64  -Os  -D_LARGEFILE_SOURCE -D_LARGEFILE64_SOURCE -D_FILE_OFFSET_BITS=64 conftest.c >&5
configure:4371: $? = 0
configure:4371: result: yes
configure:4371: checking for stdint.h
configure:4371: /home/dean/sunxi-v3s/buildroot-2017.08/output/host/bin/arm-linux-gnueabihf-gcc -c -O2 -g -Wall -Wdeclaration-after-statement -Wredundant-decls -D_LARGEFILE_SOURCE -D_LARGEFILE64_SOURCE -D_FILE_OFFSET_BITS=64  -Os  -D_LARGEFILE_SOURCE -D_LARGEFILE64_SOURCE -D_FILE_OFFSET_BITS=64 conftest.c >&5
configure:4371: $? = 0
configure:4371: result: yes
configure:4371: checking for unistd.h
configure:4371: /home/dean/sunxi-v3s/buildroot-2017.08/output/host/bin/arm-linux-gnueabihf-gcc -c -O2 -g -Wall -Wdeclaration-after-statement -Wredundant-decls -D_LARGEFILE_SOURCE -D_LARGEFILE64_SOURCE -D_FILE_OFFSET_BITS=64  -Os  -D_LARGEFILE_SOURCE -D_LARGEFILE64_SOURCE -D_FILE_OFFSET_BITS=64 conftest.c >&5
configure:4371: $? = 0
configure:4371: result: yes
configure:4386: checking linux/kd.h usability
configure:4386: /home/dean/sunxi-v3s/buildroot-2017.08/output/host/bin/arm-linux-gnueabihf-gcc -c -O2 -g -Wall -Wdeclaration-after-statement -Wredundant-decls -D_LARGEFILE_SOURCE -D_LARGEFILE64_SOURCE -D_FILE_OFFSET_BITS=64  -Os  -D_LARGEFILE_SOURCE -D_LARGEFILE64_SOURCE -D_FILE_OFFSET_BITS=64 conftest.c >&5
configure:4386: $? = 0
configure:4386: result: yes
configure:4386: checking linux/kd.h presence
configure:4386: /home/dean/sunxi-v3s/buildroot-2017.08/output/host/bin/arm-linux-gnueabihf-cpp -D_LARGEFILE_SOURCE -D_LARGEFILE64_SOURCE -D_FILE_OFFSET_BITS=64 conftest.c
configure:4386: $? = 0
configure:4386: result: yes
configure:4386: checking for linux/kd.h
configure:4386: result: yes
configure:4386: checking dev/isa/spkrio.h usability
configure:4386: /home/dean/sunxi-v3s/buildroot-2017.08/output/host/bin/arm-linux-gnueabihf-gcc -c -O2 -g -Wall -Wdeclaration-after-statement -Wredundant-decls -D_LARGEFILE_SOURCE -D_LARGEFILE64_SOURCE -D_FILE_OFFSET_BITS=64  -Os  -D_LARGEFILE_SOURCE -D_LARGEFILE64_SOURCE -D_FILE_OFFSET_BITS=64 conftest.c >&5
conftest.c:55:28: fatal error: dev/isa/spkrio.h: No such file or directory
 #include <dev/isa/spkrio.h>
                            ^
compilation terminated.
configure:4386: $? = 1
configure: failed program was:
| /* confdefs.h */
| #define PACKAGE_NAME "Chocolate Doom"
| #define PACKAGE_TARNAME "chocolate-doom"
| #define PACKAGE_VERSION "2.3.0"
| #define PACKAGE_STRING "Chocolate Doom 2.3.0"
| #define PACKAGE_BUGREPORT "chocolate-doom-dev-list@chocolate-doom.org"
| #define PACKAGE_URL ""
| #define HAVE_LIBPNG 1
| #define HAVE_LIBM 1
| #define STDC_HEADERS 1
| #define HAVE_SYS_TYPES_H 1
| #define HAVE_SYS_STAT_H 1
| #define HAVE_STDLIB_H 1
| #define HAVE_STRING_H 1
| #define HAVE_MEMORY_H 1
| #define HAVE_STRINGS_H 1
| #define HAVE_INTTYPES_H 1
| #define HAVE_STDINT_H 1
| #define HAVE_UNISTD_H 1
| #define HAVE_LINUX_KD_H 1
| /* end confdefs.h.  */
| #include <stdio.h>
| #ifdef HAVE_SYS_TYPES_H
| # include <sys/types.h>
| #endif
| #ifdef HAVE_SYS_STAT_H
| # include <sys/stat.h>
| #endif
| #ifdef STDC_HEADERS
| # include <stdlib.h>
| # include <stddef.h>
| #else
| # ifdef HAVE_STDLIB_H
| #  include <stdlib.h>
| # endif
| #endif
| #ifdef HAVE_STRING_H
| # if !defined STDC_HEADERS && defined HAVE_MEMORY_H
| #  include <memory.h>
| # endif
| # include <string.h>
| #endif
| #ifdef HAVE_STRINGS_H
| # include <strings.h>
| #endif
| #ifdef HAVE_INTTYPES_H
| # include <inttypes.h>
| #endif
| #ifdef HAVE_STDINT_H
| # include <stdint.h>
| #endif
| #ifdef HAVE_UNISTD_H
| # include <unistd.h>
| #endif
| #include <dev/isa/spkrio.h>
configure:4386: result: no
configure:4386: checking dev/isa/spkrio.h presence
configure:4386: /home/dean/sunxi-v3s/buildroot-2017.08/output/host/bin/arm-linux-gnueabihf-cpp -D_LARGEFILE_SOURCE -D_LARGEFILE64_SOURCE -D_FILE_OFFSET_BITS=64 conftest.c
conftest.c:22:28: fatal error: dev/isa/spkrio.h: No such file or directory
 #include <dev/isa/spkrio.h>
                            ^
compilation terminated.
configure:4386: $? = 1
configure: failed program was:
| /* confdefs.h */
| #define PACKAGE_NAME "Chocolate Doom"
| #define PACKAGE_TARNAME "chocolate-doom"
| #define PACKAGE_VERSION "2.3.0"
| #define PACKAGE_STRING "Chocolate Doom 2.3.0"
| #define PACKAGE_BUGREPORT "chocolate-doom-dev-list@chocolate-doom.org"
| #define PACKAGE_URL ""
| #define HAVE_LIBPNG 1
| #define HAVE_LIBM 1
| #define STDC_HEADERS 1
| #define HAVE_SYS_TYPES_H 1
| #define HAVE_SYS_STAT_H 1
| #define HAVE_STDLIB_H 1
| #define HAVE_STRING_H 1
| #define HAVE_MEMORY_H 1
| #define HAVE_STRINGS_H 1
| #define HAVE_INTTYPES_H 1
| #define HAVE_STDINT_H 1
| #define HAVE_UNISTD_H 1
| #define HAVE_LINUX_KD_H 1
| /* end confdefs.h.  */
| #include <dev/isa/spkrio.h>
configure:4386: result: no
configure:4386: checking for dev/isa/spkrio.h
configure:4386: result: no
configure:4386: checking dev/speaker/speaker.h usability
configure:4386: /home/dean/sunxi-v3s/buildroot-2017.08/output/host/bin/arm-linux-gnueabihf-gcc -c -O2 -g -Wall -Wdeclaration-after-statement -Wredundant-decls -D_LARGEFILE_SOURCE -D_LARGEFILE64_SOURCE -D_FILE_OFFSET_BITS=64  -Os  -D_LARGEFILE_SOURCE -D_LARGEFILE64_SOURCE -D_FILE_OFFSET_BITS=64 conftest.c >&5
conftest.c:55:33: fatal error: dev/speaker/speaker.h: No such file or directory
 #include <dev/speaker/speaker.h>
                                 ^
compilation terminated.
configure:4386: $? = 1
configure: failed program was:
| /* confdefs.h */
| #define PACKAGE_NAME "Chocolate Doom"
| #define PACKAGE_TARNAME "chocolate-doom"
| #define PACKAGE_VERSION "2.3.0"
| #define PACKAGE_STRING "Chocolate Doom 2.3.0"
| #define PACKAGE_BUGREPORT "chocolate-doom-dev-list@chocolate-doom.org"
| #define PACKAGE_URL ""
| #define HAVE_LIBPNG 1
| #define HAVE_LIBM 1
| #define STDC_HEADERS 1
| #define HAVE_SYS_TYPES_H 1
| #define HAVE_SYS_STAT_H 1
| #define HAVE_STDLIB_H 1
| #define HAVE_STRING_H 1
| #define HAVE_MEMORY_H 1
| #define HAVE_STRINGS_H 1
| #define HAVE_INTTYPES_H 1
| #define HAVE_STDINT_H 1
| #define HAVE_UNISTD_H 1
| #define HAVE_LINUX_KD_H 1
| /* end confdefs.h.  */
| #include <stdio.h>
| #ifdef HAVE_SYS_TYPES_H
| # include <sys/types.h>
| #endif
| #ifdef HAVE_SYS_STAT_H
| # include <sys/stat.h>
| #endif
| #ifdef STDC_HEADERS
| # include <stdlib.h>
| # include <stddef.h>
| #else
| # ifdef HAVE_STDLIB_H
| #  include <stdlib.h>
| # endif
| #endif
| #ifdef HAVE_STRING_H
| # if !defined STDC_HEADERS && defined HAVE_MEMORY_H
| #  include <memory.h>
| # endif
| # include <string.h>
| #endif
| #ifdef HAVE_STRINGS_H
| # include <strings.h>
| #endif
| #ifdef HAVE_INTTYPES_H
| # include <inttypes.h>
| #endif
| #ifdef HAVE_STDINT_H
| # include <stdint.h>
| #endif
| #ifdef HAVE_UNISTD_H
| # include <unistd.h>
| #endif
| #include <dev/speaker/speaker.h>
configure:4386: result: no
configure:4386: checking dev/speaker/speaker.h presence
configure:4386: /home/dean/sunxi-v3s/buildroot-2017.08/output/host/bin/arm-linux-gnueabihf-cpp -D_LARGEFILE_SOURCE -D_LARGEFILE64_SOURCE -D_FILE_OFFSET_BITS=64 conftest.c
conftest.c:22:33: fatal error: dev/speaker/speaker.h: No such file or directory
 #include <dev/speaker/speaker.h>
                                 ^
compilation terminated.
configure:4386: $? = 1
configure: failed program was:
| /* confdefs.h */
| #define PACKAGE_NAME "Chocolate Doom"
| #define PACKAGE_TARNAME "chocolate-doom"
| #define PACKAGE_VERSION "2.3.0"
| #define PACKAGE_STRING "Chocolate Doom 2.3.0"
| #define PACKAGE_BUGREPORT "chocolate-doom-dev-list@chocolate-doom.org"
| #define PACKAGE_URL ""
| #define HAVE_LIBPNG 1
| #define HAVE_LIBM 1
| #define STDC_HEADERS 1
| #define HAVE_SYS_TYPES_H 1
| #define HAVE_SYS_STAT_H 1
| #define HAVE_STDLIB_H 1
| #define HAVE_STRING_H 1
| #define HAVE_MEMORY_H 1
| #define HAVE_STRINGS_H 1
| #define HAVE_INTTYPES_H 1
| #define HAVE_STDINT_H 1
| #define HAVE_UNISTD_H 1
| #define HAVE_LINUX_KD_H 1
| /* end confdefs.h.  */
| #include <dev/speaker/speaker.h>
configure:4386: result: no
configure:4386: checking for dev/speaker/speaker.h
configure:4386: result: no
configure:4399: checking for mmap
configure:4399: /home/dean/sunxi-v3s/buildroot-2017.08/output/host/bin/arm-linux-gnueabihf-gcc -o conftest -O2 -g -Wall -Wdeclaration-after-statement -Wredundant-decls -D_LARGEFILE_SOURCE -D_LARGEFILE64_SOURCE -D_FILE_OFFSET_BITS=64  -Os  -D_LARGEFILE_SOURCE -D_LARGEFILE64_SOURCE -D_FILE_OFFSET_BITS=64  conftest.c -lm  >&5
configure:4399: $? = 0
configure:4399: result: yes
configure:4399: checking for ioperm
configure:4399: /home/dean/sunxi-v3s/buildroot-2017.08/output/host/bin/arm-linux-gnueabihf-gcc -o conftest -O2 -g -Wall -Wdeclaration-after-statement -Wredundant-decls -D_LARGEFILE_SOURCE -D_LARGEFILE64_SOURCE -D_FILE_OFFSET_BITS=64  -Os  -D_LARGEFILE_SOURCE -D_LARGEFILE64_SOURCE -D_FILE_OFFSET_BITS=64  conftest.c -lm  >&5
configure:4399: $? = 0
configure:4399: result: yes
configure:4412: checking for i386_iopl in -li386
configure:4437: /home/dean/sunxi-v3s/buildroot-2017.08/output/host/bin/arm-linux-gnueabihf-gcc -o conftest -O2 -g -Wall -Wdeclaration-after-statement -Wredundant-decls -D_LARGEFILE_SOURCE -D_LARGEFILE64_SOURCE -D_FILE_OFFSET_BITS=64  -Os  -D_LARGEFILE_SOURCE -D_LARGEFILE64_SOURCE -D_FILE_OFFSET_BITS=64  conftest.c -li386  -lm  >&5
/opt/gcc-linaro-6.3.1-2017.05-x86_64_arm-linux-gnueabihf/bin/../lib/gcc/arm-linux-gnueabihf/6.3.1/../../../../arm-linux-gnueabihf/bin/ld: cannot find -li386
collect2: error: ld returned 1 exit status
configure:4437: $? = 1
configure: failed program was:
| /* confdefs.h */
| #define PACKAGE_NAME "Chocolate Doom"
| #define PACKAGE_TARNAME "chocolate-doom"
| #define PACKAGE_VERSION "2.3.0"
| #define PACKAGE_STRING "Chocolate Doom 2.3.0"
| #define PACKAGE_BUGREPORT "chocolate-doom-dev-list@chocolate-doom.org"
| #define PACKAGE_URL ""
| #define HAVE_LIBPNG 1
| #define HAVE_LIBM 1
| #define STDC_HEADERS 1
| #define HAVE_SYS_TYPES_H 1
| #define HAVE_SYS_STAT_H 1
| #define HAVE_STDLIB_H 1
| #define HAVE_STRING_H 1
| #define HAVE_MEMORY_H 1
| #define HAVE_STRINGS_H 1
| #define HAVE_INTTYPES_H 1
| #define HAVE_STDINT_H 1
| #define HAVE_UNISTD_H 1
| #define HAVE_LINUX_KD_H 1
| #define HAVE_MMAP 1
| #define HAVE_IOPERM 1
| /* end confdefs.h.  */
| 
| /* Override any GCC internal prototype to avoid an error.
|    Use char because int might match the return type of a GCC
|    builtin and then its argument prototype would still apply.  */
| #ifdef __cplusplus
| extern "C"
| #endif
| char i386_iopl ();
| int
| main ()
| {
| return i386_iopl ();
|   ;
|   return 0;
| }
configure:4446: result: no
configure:4457: checking for amd64_iopl in -lamd64
configure:4482: /home/dean/sunxi-v3s/buildroot-2017.08/output/host/bin/arm-linux-gnueabihf-gcc -o conftest -O2 -g -Wall -Wdeclaration-after-statement -Wredundant-decls -D_LARGEFILE_SOURCE -D_LARGEFILE64_SOURCE -D_FILE_OFFSET_BITS=64  -Os  -D_LARGEFILE_SOURCE -D_LARGEFILE64_SOURCE -D_FILE_OFFSET_BITS=64  conftest.c -lamd64  -lm  >&5
/opt/gcc-linaro-6.3.1-2017.05-x86_64_arm-linux-gnueabihf/bin/../lib/gcc/arm-linux-gnueabihf/6.3.1/../../../../arm-linux-gnueabihf/bin/ld: cannot find -lamd64
collect2: error: ld returned 1 exit status
configure:4482: $? = 1
configure: failed program was:
| /* confdefs.h */
| #define PACKAGE_NAME "Chocolate Doom"
| #define PACKAGE_TARNAME "chocolate-doom"
| #define PACKAGE_VERSION "2.3.0"
| #define PACKAGE_STRING "Chocolate Doom 2.3.0"
| #define PACKAGE_BUGREPORT "chocolate-doom-dev-list@chocolate-doom.org"
| #define PACKAGE_URL ""
| #define HAVE_LIBPNG 1
| #define HAVE_LIBM 1
| #define STDC_HEADERS 1
| #define HAVE_SYS_TYPES_H 1
| #define HAVE_SYS_STAT_H 1
| #define HAVE_STDLIB_H 1
| #define HAVE_STRING_H 1
| #define HAVE_MEMORY_H 1
| #define HAVE_STRINGS_H 1
| #define HAVE_INTTYPES_H 1
| #define HAVE_STDINT_H 1
| #define HAVE_UNISTD_H 1
| #define HAVE_LINUX_KD_H 1
| #define HAVE_MMAP 1
| #define HAVE_IOPERM 1
| /* end confdefs.h.  */
| 
| /* Override any GCC internal prototype to avoid an error.
|    Use char because int might match the return type of a GCC
|    builtin and then its argument prototype would still apply.  */
| #ifdef __cplusplus
| extern "C"
| #endif
| char amd64_iopl ();
| int
| main ()
| {
| return amd64_iopl ();
|   ;
|   return 0;
| }
configure:4491: result: no
configure:4619: checking for arm-buildroot-linux-gnueabihf-strip
configure:4646: result: /home/dean/sunxi-v3s/buildroot-2017.08/output/host/bin/arm-linux-gnueabihf-strip
configure:4743: checking for a BSD-compatible install
configure:4811: result: /usr/bin/install -c
configure:4822: checking whether build environment is sane
configure:4877: result: yes
configure:4933: checking for arm-buildroot-linux-gnueabihf-strip
configure:4960: result: /home/dean/sunxi-v3s/buildroot-2017.08/output/host/bin/arm-linux-gnueabihf-strip
configure:5025: checking for a thread-safe mkdir -p
configure:5064: result: /bin/mkdir -p
configure:5071: checking for gawk
configure:5101: result: no
configure:5071: checking for mawk
configure:5087: found /usr/bin/mawk
configure:5098: result: mawk
configure:5109: checking whether make sets $(MAKE)
configure:5131: result: yes
configure:5161: checking for style of include used by make
configure:5189: result: GNU
configure:5223: checking whether make supports nested variables
configure:5240: result: yes
configure:5325: checking dependency style of /home/dean/sunxi-v3s/buildroot-2017.08/output/host/bin/arm-linux-gnueabihf-gcc
configure:5436: result: none
configure:5505: checking whether make supports nested variables
configure:5522: result: yes
configure:5691: checking that generated files are newer than configure
configure:5697: result: done
configure:5720: creating ./config.status

## ---------------------- ##
## Running config.status. ##
## ---------------------- ##

This file was extended by Chocolate Doom config.status 2.3.0, which was
generated by GNU Autoconf 2.69.  Invocation command line was

  CONFIG_FILES    = 
  CONFIG_HEADERS  = 
  CONFIG_LINKS    = 
  CONFIG_COMMANDS = 
  $ ./config.status 

on dean-ThinkPad-X100e

config.status:929: creating Makefile
config.status:929: creating man/Makefile
config.status:929: creating man/bash-completion/Makefile
config.status:929: creating opl/Makefile
config.status:929: creating opl/examples/Makefile
config.status:929: creating pcsound/Makefile
config.status:929: creating pkg/Makefile
config.status:929: creating pkg/config.make
config.status:929: creating pkg/osx/Info-gnustep.plist
config.status:929: creating pkg/osx/Info.plist
config.status:929: creating rpm.spec
config.status:929: creating data/Makefile
config.status:929: creating src/Makefile
config.status:929: creating src/doom.appdata.xml
config.status:929: creating src/doom.desktop
config.status:929: creating src/doom-screensaver.desktop
config.status:929: creating src/doom/Makefile
config.status:929: creating src/heretic.appdata.xml
config.status:929: creating src/heretic.desktop
config.status:929: creating src/heretic/Makefile
config.status:929: creating src/hexen.appdata.xml
config.status:929: creating src/hexen.desktop
config.status:929: creating src/hexen/Makefile
config.status:929: creating src/resource.rc
config.status:929: creating src/setup-res.rc
config.status:929: creating src/setup/Makefile
config.status:929: creating src/setup/setup.desktop
config.status:929: creating src/setup/setup-manifest.xml
config.status:929: creating src/strife.appdata.xml
config.status:929: creating src/strife.desktop
config.status:929: creating src/strife/Makefile
config.status:929: creating textscreen/Makefile
config.status:929: creating textscreen/examples/Makefile
config.status:929: creating config.h
config.status:1123: executing depfiles commands
configure:7025: WARNING: unrecognized options: --disable-gtk-doc, --disable-gtk-doc-html, --disable-doc, --disable-docs, --disable-documentation, --with-xmlto, --with-fop, --enable-ipv6, --disable-nls, --disable-static, --enable-shared, --disable-sdltest, --with-sdl-prefix, --with-sdl-exec-prefix

## ---------------- ##
## Cache variables. ##
## ---------------- ##

ac_cv_build=x86_64-pc-linux-gnu
ac_cv_c_bigendian=no
ac_cv_c_compiler_gnu=yes
ac_cv_env_CC_set=set
ac_cv_env_CC_value=/home/dean/sunxi-v3s/buildroot-2017.08/output/host/bin/arm-linux-gnueabihf-gcc
ac_cv_env_CFLAGS_set=set
ac_cv_env_CFLAGS_value='-D_LARGEFILE_SOURCE -D_LARGEFILE64_SOURCE -D_FILE_OFFSET_BITS=64  -Os '
ac_cv_env_CPPFLAGS_set=set
ac_cv_env_CPPFLAGS_value='-D_LARGEFILE_SOURCE -D_LARGEFILE64_SOURCE -D_FILE_OFFSET_BITS=64'
ac_cv_env_CPP_set=set
ac_cv_env_CPP_value=/home/dean/sunxi-v3s/buildroot-2017.08/output/host/bin/arm-linux-gnueabihf-cpp
ac_cv_env_LDFLAGS_set=set
ac_cv_env_LDFLAGS_value=
ac_cv_env_LIBS_set=
ac_cv_env_LIBS_value=
ac_cv_env_PKG_CONFIG_LIBDIR_set=
ac_cv_env_PKG_CONFIG_LIBDIR_value=
ac_cv_env_PKG_CONFIG_PATH_set=
ac_cv_env_PKG_CONFIG_PATH_value=
ac_cv_env_PKG_CONFIG_set=set
ac_cv_env_PKG_CONFIG_value=/home/dean/sunxi-v3s/buildroot-2017.08/output/host/bin/pkg-config
ac_cv_env_PNG_CFLAGS_set=
ac_cv_env_PNG_CFLAGS_value=
ac_cv_env_PNG_LIBS_set=
ac_cv_env_PNG_LIBS_value=
ac_cv_env_SAMPLERATE_CFLAGS_set=
ac_cv_env_SAMPLERATE_CFLAGS_value=
ac_cv_env_SAMPLERATE_LIBS_set=
ac_cv_env_SAMPLERATE_LIBS_value=
ac_cv_env_SDLMIXER_CFLAGS_set=
ac_cv_env_SDLMIXER_CFLAGS_value=
ac_cv_env_SDLMIXER_LIBS_set=
ac_cv_env_SDLMIXER_LIBS_value=
ac_cv_env_SDLNET_CFLAGS_set=
ac_cv_env_SDLNET_CFLAGS_value=
ac_cv_env_SDLNET_LIBS_set=
ac_cv_env_SDLNET_LIBS_value=
ac_cv_env_SDL_CFLAGS_set=
ac_cv_env_SDL_CFLAGS_value=
ac_cv_env_SDL_LIBS_set=
ac_cv_env_SDL_LIBS_value=
ac_cv_env_build_alias_set=set
ac_cv_env_build_alias_value=x86_64-pc-linux-gnu
ac_cv_env_host_alias_set=set
ac_cv_env_host_alias_value=arm-buildroot-linux-gnueabihf
ac_cv_env_target_alias_set=set
ac_cv_env_target_alias_value=arm-buildroot-linux-gnueabihf
ac_cv_func_calloc_0_nonnull=yes
ac_cv_func_ioperm=yes
ac_cv_func_malloc_0_nonnull=yes
ac_cv_func_memcmp_working=yes
ac_cv_func_mmap=yes
ac_cv_func_mmap_fixed_mapped=yes
ac_cv_func_realloc_0_nonnull=yes
ac_cv_have_decl_malloc=yes
ac_cv_header_dev_isa_spkrio_h=no
ac_cv_header_dev_speaker_speaker_h=no
ac_cv_header_inttypes_h=yes
ac_cv_header_linux_kd_h=yes
ac_cv_header_memory_h=yes
ac_cv_header_stdc=yes
ac_cv_header_stdint_h=yes
ac_cv_header_stdlib_h=yes
ac_cv_header_string_h=yes
ac_cv_header_strings_h=yes
ac_cv_header_sys_stat_h=yes
ac_cv_header_sys_types_h=yes
ac_cv_header_unistd_h=yes
ac_cv_host=arm-buildroot-linux-gnueabihf
ac_cv_lbl_unaligned_fail=yes
ac_cv_lib_amd64_amd64_iopl=no
ac_cv_lib_i386_i386_iopl=no
ac_cv_lib_m_log=yes
ac_cv_objext=o
ac_cv_path_EGREP='/bin/grep -E'
ac_cv_path_GREP=/bin/grep
ac_cv_path_install='/usr/bin/install -c'
ac_cv_path_mkdir=/bin/mkdir
ac_cv_prog_AWK=mawk
ac_cv_prog_CC=/home/dean/sunxi-v3s/buildroot-2017.08/output/host/bin/arm-linux-gnueabihf-gcc
ac_cv_prog_CPP=/home/dean/sunxi-v3s/buildroot-2017.08/output/host/bin/arm-linux-gnueabihf-cpp
ac_cv_prog_HAVE_PYTHON=true
ac_cv_prog_RANLIB=/home/dean/sunxi-v3s/buildroot-2017.08/output/host/bin/arm-linux-gnueabihf-ranlib
ac_cv_prog_STRIP=/home/dean/sunxi-v3s/buildroot-2017.08/output/host/bin/arm-linux-gnueabihf-strip
ac_cv_prog_cc_c89=
ac_cv_prog_cc_g=yes
ac_cv_prog_make_make_set=yes
am_cv_CC_dependencies_compiler_type=none
am_cv_make_support_nested_variables=yes
am_cv_prog_cc_c_o=yes
gl_cv_func_malloc_0_nonnull=yes
lt_cv_sys_lib_search_path_spec=
pkg_cv_PNG_CFLAGS='-I/home/dean/sunxi-v3s/buildroot-2017.08/output/host/arm-buildroot-linux-gnueabihf/sysroot/usr/include/libpng16 -I/home/dean/sunxi-v3s/buildroot-2017.08/output/host/arm-buildroot-linux-gnueabihf/sysroot/usr/include  '
pkg_cv_PNG_LIBS='-L/home/dean/sunxi-v3s/buildroot-2017.08/output/host/arm-buildroot-linux-gnueabihf/sysroot/usr/lib -lpng16 -lz  '
pkg_cv_SDLMIXER_CFLAGS='-I/home/dean/sunxi-v3s/buildroot-2017.08/output/host/arm-buildroot-linux-gnueabihf/sysroot/usr/include/SDL -D_GNU_SOURCE=1 -D_REENTRANT  '
pkg_cv_SDLMIXER_LIBS='-L/home/dean/sunxi-v3s/buildroot-2017.08/output/host/arm-buildroot-linux-gnueabihf/sysroot/usr/lib -lSDL_mixer -lSDL  -lpthread  '
pkg_cv_SDLNET_CFLAGS='-I/home/dean/sunxi-v3s/buildroot-2017.08/output/host/arm-buildroot-linux-gnueabihf/sysroot/usr/include/SDL -D_GNU_SOURCE=1 -D_REENTRANT  '
pkg_cv_SDLNET_LIBS='-L/home/dean/sunxi-v3s/buildroot-2017.08/output/host/arm-buildroot-linux-gnueabihf/sysroot/usr/lib -lSDL_net -lSDL  -lpthread  '
pkg_cv_SDL_CFLAGS='-I/home/dean/sunxi-v3s/buildroot-2017.08/output/host/arm-buildroot-linux-gnueabihf/sysroot/usr/include/SDL -D_GNU_SOURCE=1 -D_REENTRANT  '
pkg_cv_SDL_LIBS='-L/home/dean/sunxi-v3s/buildroot-2017.08/output/host/arm-buildroot-linux-gnueabihf/sysroot/usr/lib -lSDL  -lpthread  '

## ----------------- ##
## Output variables. ##
## ----------------- ##

ACLOCAL='${SHELL} /home/dean/sunxi-v3s/buildroot-2017.08/output/build/chocolate-doom-2.3.0/autotools/missing aclocal-1.15'
AMDEPBACKSLASH=''
AMDEP_FALSE=''
AMDEP_TRUE='#'
AMTAR='$${TAR-tar}'
AM_BACKSLASH='\'
AM_DEFAULT_V='$(AM_DEFAULT_VERBOSITY)'
AM_DEFAULT_VERBOSITY='0'
AM_V='$(V)'
AUTOCONF='${SHELL} /home/dean/sunxi-v3s/buildroot-2017.08/output/build/chocolate-doom-2.3.0/autotools/missing autoconf'
AUTOHEADER='${SHELL} /home/dean/sunxi-v3s/buildroot-2017.08/output/build/chocolate-doom-2.3.0/autotools/missing autoheader'
AUTOMAKE='${SHELL} /home/dean/sunxi-v3s/buildroot-2017.08/output/build/chocolate-doom-2.3.0/autotools/missing automake-1.15'
AWK='mawk'
CC='/home/dean/sunxi-v3s/buildroot-2017.08/output/host/bin/arm-linux-gnueabihf-gcc'
CCDEPMODE='depmode=none'
CFLAGS='-O2 -g -Wall -Wdeclaration-after-statement -Wredundant-decls -D_LARGEFILE_SOURCE -D_LARGEFILE64_SOURCE -D_FILE_OFFSET_BITS=64  -Os '
CPP='/home/dean/sunxi-v3s/buildroot-2017.08/output/host/bin/arm-linux-gnueabihf-cpp'
CPPFLAGS='-D_LARGEFILE_SOURCE -D_LARGEFILE64_SOURCE -D_FILE_OFFSET_BITS=64'
CYGPATH_W='echo'
DEFS='-DHAVE_CONFIG_H'
DEPDIR='.deps'
ECHO_C=''
ECHO_N='-n'
ECHO_T=''
EGREP='/bin/grep -E'
EXEEXT=''
GREP='/bin/grep'
HAVE_PYTHON='true'
HAVE_PYTHON_FALSE='#'
HAVE_PYTHON_TRUE=''
HAVE_WINDRES_FALSE=''
HAVE_WINDRES_TRUE='#'
INSTALL_DATA='${INSTALL} -m 644'
INSTALL_PROGRAM='${INSTALL}'
INSTALL_SCRIPT='${INSTALL}'
INSTALL_STRIP_PROGRAM='$(install_sh) -c -s'
LDFLAGS=''
LIBOBJS=''
LIBS='-lm '
LTLIBOBJS=''
MAKEINFO='${SHELL} /home/dean/sunxi-v3s/buildroot-2017.08/output/build/chocolate-doom-2.3.0/autotools/missing makeinfo'
MKDIR_P='/bin/mkdir -p'
OBJEXT='o'
PACKAGE='chocolate-doom'
PACKAGE_BUGREPORT='chocolate-doom-dev-list@chocolate-doom.org'
PACKAGE_COPYRIGHT='Copyright (C) 1993-2015'
PACKAGE_ISSUES='https://github.com/chocolate-doom/chocolate-doom/issues'
PACKAGE_LICENSE='GNU General Public License, version 2'
PACKAGE_MAINTAINER='Simon Howard'
PACKAGE_NAME='Chocolate Doom'
PACKAGE_SHORTDESC='Conservative source port'
PACKAGE_SHORTNAME='Chocolate'
PACKAGE_STRING='Chocolate Doom 2.3.0'
PACKAGE_TARNAME='chocolate-doom'
PACKAGE_URL='https://www.chocolate-doom.org/'
PACKAGE_VERSION='2.3.0'
PATH_SEPARATOR=':'
PKG_CONFIG='/home/dean/sunxi-v3s/buildroot-2017.08/output/host/bin/pkg-config'
PKG_CONFIG_LIBDIR=''
PKG_CONFIG_PATH=''
PNG_CFLAGS='-I/home/dean/sunxi-v3s/buildroot-2017.08/output/host/arm-buildroot-linux-gnueabihf/sysroot/usr/include/libpng16 -I/home/dean/sunxi-v3s/buildroot-2017.08/output/host/arm-buildroot-linux-gnueabihf/sysroot/usr/include  '
PNG_LIBS='-L/home/dean/sunxi-v3s/buildroot-2017.08/output/host/arm-buildroot-linux-gnueabihf/sysroot/usr/lib -lpng16 -lz  '
PROGRAM_PREFIX='chocolate-'
RANLIB='/home/dean/sunxi-v3s/buildroot-2017.08/output/host/bin/arm-linux-gnueabihf-ranlib'
SAMPLERATE_CFLAGS=''
SAMPLERATE_LIBS=''
SDLMIXER_CFLAGS='-I/home/dean/sunxi-v3s/buildroot-2017.08/output/host/arm-buildroot-linux-gnueabihf/sysroot/usr/include/SDL -D_GNU_SOURCE=1 -D_REENTRANT  '
SDLMIXER_LIBS='-L/home/dean/sunxi-v3s/buildroot-2017.08/output/host/arm-buildroot-linux-gnueabihf/sysroot/usr/lib -lSDL_mixer -lSDL  -lpthread  '
SDLNET_CFLAGS='-I/home/dean/sunxi-v3s/buildroot-2017.08/output/host/arm-buildroot-linux-gnueabihf/sysroot/usr/include/SDL -D_GNU_SOURCE=1 -D_REENTRANT  '
SDLNET_LIBS='-L/home/dean/sunxi-v3s/buildroot-2017.08/output/host/arm-buildroot-linux-gnueabihf/sysroot/usr/lib -lSDL_net -lSDL  -lpthread  '
SDL_CFLAGS='-I/home/dean/sunxi-v3s/buildroot-2017.08/output/host/arm-buildroot-linux-gnueabihf/sysroot/usr/include/SDL -D_GNU_SOURCE=1 -D_REENTRANT  '
SDL_LIBS='-L/home/dean/sunxi-v3s/buildroot-2017.08/output/host/arm-buildroot-linux-gnueabihf/sysroot/usr/lib -lSDL  -lpthread  '
SET_MAKE=''
SHELL='/bin/bash'
STRIP='/home/dean/sunxi-v3s/buildroot-2017.08/output/host/bin/arm-linux-gnueabihf-strip'
VERSION='2.3.0'
WINDOWS_RC_VERSION='2, 3, 0, 0'
WINDRES=''
ac_aux_dir='autotools'
ac_ct_CC=''
am__EXEEXT_FALSE=''
am__EXEEXT_TRUE='#'
am__fastdepCC_FALSE=''
am__fastdepCC_TRUE='#'
am__include='include'
am__isrc=''
am__leading_dot='.'
am__nodep=''
am__quote=''
am__tar='$${TAR-tar} chof - "$$tardir"'
am__untar='$${TAR-tar} xf -'
bashcompletiondir='${datarootdir}/bash-completion/completions'
bindir='${exec_prefix}/bin'
build='x86_64-pc-linux-gnu'
build_alias='x86_64-pc-linux-gnu'
build_cpu='x86_64'
build_os='linux-gnu'
build_vendor='pc'
datadir='${datarootdir}'
datarootdir='${prefix}/share'
docdir='${datarootdir}/doc/${PACKAGE_TARNAME}'
dvidir='${docdir}'
exec_prefix='/usr'
host='arm-buildroot-linux-gnueabihf'
host_alias='arm-buildroot-linux-gnueabihf'
host_cpu='arm'
host_os='linux-gnueabihf'
host_vendor='buildroot'
htmldir='${docdir}'
includedir='${prefix}/include'
infodir='${datarootdir}/info'
install_sh='${SHELL} /home/dean/sunxi-v3s/buildroot-2017.08/output/build/chocolate-doom-2.3.0/autotools/install-sh'
libdir='${exec_prefix}/lib'
libexecdir='${exec_prefix}/libexec'
localedir='${datarootdir}/locale'
localstatedir='/var'
mandir='${datarootdir}/man'
mkdir_p='$(MKDIR_P)'
oldincludedir='/usr/include'
pdfdir='${docdir}'
prefix='/usr'
program_transform_name='s&^&&'
psdir='${docdir}'
sbindir='${exec_prefix}/sbin'
sharedstatedir='${prefix}/com'
sysconfdir='/etc'
target_alias='arm-buildroot-linux-gnueabihf'

## ----------- ##
## confdefs.h. ##
## ----------- ##

/* confdefs.h */
#define PACKAGE_NAME "Chocolate Doom"
#define PACKAGE_TARNAME "chocolate-doom"
#define PACKAGE_VERSION "2.3.0"
#define PACKAGE_STRING "Chocolate Doom 2.3.0"
#define PACKAGE_BUGREPORT "chocolate-doom-dev-list@chocolate-doom.org"
#define PACKAGE_URL ""
#define HAVE_LIBPNG 1
#define HAVE_LIBM 1
#define STDC_HEADERS 1
#define HAVE_SYS_TYPES_H 1
#define HAVE_SYS_STAT_H 1
#define HAVE_STDLIB_H 1
#define HAVE_STRING_H 1
#define HAVE_MEMORY_H 1
#define HAVE_STRINGS_H 1
#define HAVE_INTTYPES_H 1
#define HAVE_STDINT_H 1
#define HAVE_UNISTD_H 1
#define HAVE_LINUX_KD_H 1
#define HAVE_MMAP 1
#define HAVE_IOPERM 1
#define PACKAGE "chocolate-doom"
#define VERSION "2.3.0"
#define PROGRAM_PREFIX "chocolate-"

configure: exit 0
