This file contains any messages produced by compilers while
running configure, to aid debugging if configure makes a mistake.

It was created by libwebp configure 0.5.2, which was
generated by GNU Autoconf 2.69.  Invocation command line was

  $ ./configure --target=arm-buildroot-linux-gnueabihf --host=arm-buildroot-linux-gnueabihf --build=x86_64-pc-linux-gnu --prefix=/usr --exec-prefix=/usr --sysconfdir=/etc --localstatedir=/var --program-prefix= --disable-gtk-doc --disable-gtk-doc-html --disable-doc --disable-docs --disable-documentation --with-xmlto=no --with-fop=no --disable-dependency-tracking --enable-ipv6 --disable-nls --disable-static --enable-shared --with-jpegincludedir=/home/dean/sunxi-v3s/buildroot-2017.08/output/host/arm-buildroot-linux-gnueabihf/sysroot/usr/include --with-jpeglibdir=/home/dean/sunxi-v3s/buildroot-2017.08/output/host/arm-buildroot-linux-gnueabihf/sysroot/usr/lib --with-tiffincludedir=/home/dean/sunxi-v3s/buildroot-2017.08/output/host/arm-buildroot-linux-gnueabihf/sysroot/usr/include --with-tifflibdir=/home/dean/sunxi-v3s/buildroot-2017.08/output/host/arm-buildroot-linux-gnueabihf/sysroot/usr/lib --disable-libwebpdemux

## --------- ##
## Platform. ##
## --------- ##

hostname = dean-ThinkPad-X100e
uname -m = x86_64
uname -r = 4.13.0-46-generic
uname -s = Linux
uname -v = #51-Ubuntu SMP Tue Jun 12 12:36:29 UTC 2018

/usr/bin/uname -p = unknown
/bin/uname -X     = unknown

/bin/arch              = unknown
/usr/bin/arch -k       = unknown
/usr/convex/getsysinfo = unknown
/usr/bin/hostinfo      = unknown
/bin/machine           = unknown
/usr/bin/oslevel       = unknown
/bin/universe          = unknown

PATH: /home/dean/sunxi-v3s/buildroot-2017.08/output/host/bin
PATH: /home/dean/sunxi-v3s/buildroot-2017.08/output/host/sbin
PATH: /usr/local/sbin
PATH: /usr/local/bin
PATH: /usr/sbin
PATH: /usr/bin
PATH: /sbin
PATH: /bin
PATH: /usr/games
PATH: /usr/local/games
PATH: /snap/bin
PATH: /opt/gcc-linaro-6.3.1-2017.05-x86_64_arm-linux-gnueabihf/bin


## ----------- ##
## Core tests. ##
## ----------- ##

configure:2352: checking build system type
configure:2366: result: x86_64-pc-linux-gnu
configure:2386: checking host system type
configure:2399: result: arm-buildroot-linux-gnueabihf
configure:2436: checking for a BSD-compatible install
configure:2504: result: /usr/bin/install -c
configure:2515: checking whether build environment is sane
configure:2570: result: yes
configure:2629: checking for arm-buildroot-linux-gnueabihf-strip
configure:2656: result: /home/dean/sunxi-v3s/buildroot-2017.08/output/host/bin/arm-linux-gnueabihf-strip
configure:2721: checking for a thread-safe mkdir -p
configure:2760: result: /bin/mkdir -p
configure:2767: checking for gawk
configure:2797: result: no
configure:2767: checking for mawk
configure:2783: found /usr/bin/mawk
configure:2794: result: mawk
configure:2805: checking whether make sets $(MAKE)
configure:2827: result: yes
configure:2856: checking whether make supports nested variables
configure:2873: result: yes
configure:3011: checking for style of include used by make
configure:3039: result: GNU
configure:3070: checking for arm-buildroot-linux-gnueabihf-gcc
configure:3097: result: /home/dean/sunxi-v3s/buildroot-2017.08/output/host/bin/arm-linux-gnueabihf-gcc
configure:3366: checking for C compiler version
configure:3375: /home/dean/sunxi-v3s/buildroot-2017.08/output/host/bin/arm-linux-gnueabihf-gcc --version >&5
arm-linux-gnueabihf-gcc (Linaro GCC 6.3-2017.05) 6.3.1 20170404
Copyright (C) 2016 Free Software Foundation, Inc.
This is free software; see the source for copying conditions.  There is NO
warranty; not even for MERCHANTABILITY or FITNESS FOR A PARTICULAR PURPOSE.

configure:3386: $? = 0
configure:3375: /home/dean/sunxi-v3s/buildroot-2017.08/output/host/bin/arm-linux-gnueabihf-gcc -v >&5
Using built-in specs.
COLLECT_GCC=/opt/gcc-linaro-6.3.1-2017.05-x86_64_arm-linux-gnueabihf/bin/arm-linux-gnueabihf-gcc
COLLECT_LTO_WRAPPER=/opt/gcc-linaro-6.3.1-2017.05-x86_64_arm-linux-gnueabihf/bin/../libexec/gcc/arm-linux-gnueabihf/6.3.1/lto-wrapper
Target: arm-linux-gnueabihf
Configured with: '/home/tcwg-buildslave/workspace/tcwg-make-release/builder_arch/amd64/label/tcwg-x86_64-build/target/arm-linux-gnueabihf/snapshots/gcc.git~linaro-6.3-2017.05/configure' SHELL=/bin/bash --with-mpc=/home/tcwg-buildslave/workspace/tcwg-make-release/builder_arch/amd64/label/tcwg-x86_64-build/target/arm-linux-gnueabihf/_build/builds/destdir/x86_64-unknown-linux-gnu --with-mpfr=/home/tcwg-buildslave/workspace/tcwg-make-release/builder_arch/amd64/label/tcwg-x86_64-build/target/arm-linux-gnueabihf/_build/builds/destdir/x86_64-unknown-linux-gnu --with-gmp=/home/tcwg-buildslave/workspace/tcwg-make-release/builder_arch/amd64/label/tcwg-x86_64-build/target/arm-linux-gnueabihf/_build/builds/destdir/x86_64-unknown-linux-gnu --with-gnu-as --with-gnu-ld --disable-libmudflap --enable-lto --enable-shared --without-included-gettext --enable-nls --disable-sjlj-exceptions --enable-gnu-unique-object --enable-linker-build-id --disable-libstdcxx-pch --enable-c99 --enable-clocale=gnu --enable-libstdcxx-debug --enable-long-long --with-cloog=no --with-ppl=no --with-isl=no --disable-multilib --with-float=hard --with-fpu=vfpv3-d16 --with-mode=thumb --with-tune=cortex-a9 --with-arch=armv7-a --enable-threads=posix --enable-multiarch --enable-libstdcxx-time=yes --enable-gnu-indirect-function --with-build-sysroot=/home/tcwg-buildslave/workspace/tcwg-make-release/builder_arch/amd64/label/tcwg-x86_64-build/target/arm-linux-gnueabihf/_build/sysroots/arm-linux-gnueabihf --with-sysroot=/home/tcwg-buildslave/workspace/tcwg-make-release/builder_arch/amd64/label/tcwg-x86_64-build/target/arm-linux-gnueabihf/_build/builds/destdir/x86_64-unknown-linux-gnu/arm-linux-gnueabihf/libc --enable-checking=release --disable-bootstrap --enable-languages=c,c++,fortran,lto --build=x86_64-unknown-linux-gnu --host=x86_64-unknown-linux-gnu --target=arm-linux-gnueabihf --prefix=/home/tcwg-buildslave/workspace/tcwg-make-release/builder_arch/amd64/label/tcwg-x86_64-build/target/arm-linux-gnueabihf/_build/builds/destdir/x86_64-unknown-linux-gnu
Thread model: posix
gcc version 6.3.1 20170404 (Linaro GCC 6.3-2017.05) 
configure:3386: $? = 0
configure:3375: /home/dean/sunxi-v3s/buildroot-2017.08/output/host/bin/arm-linux-gnueabihf-gcc -V >&5
arm-linux-gnueabihf-gcc: error: unrecognized command line option '-V'
arm-linux-gnueabihf-gcc: fatal error: no input files
compilation terminated.
configure:3386: $? = 1
configure:3375: /home/dean/sunxi-v3s/buildroot-2017.08/output/host/bin/arm-linux-gnueabihf-gcc -qversion >&5
arm-linux-gnueabihf-gcc: error: unrecognized command line option '-qversion'; did you mean '--version'?
arm-linux-gnueabihf-gcc: fatal error: no input files
compilation terminated.
configure:3386: $? = 1
configure:3406: checking whether the C compiler works
configure:3428: /home/dean/sunxi-v3s/buildroot-2017.08/output/host/bin/arm-linux-gnueabihf-gcc -D_LARGEFILE_SOURCE -D_LARGEFILE64_SOURCE -D_FILE_OFFSET_BITS=64  -Os  -D_LARGEFILE_SOURCE -D_LARGEFILE64_SOURCE -D_FILE_OFFSET_BITS=64  conftest.c  >&5
configure:3432: $? = 0
configure:3480: result: yes
configure:3483: checking for C compiler default output file name
configure:3485: result: a.out
configure:3491: checking for suffix of executables
configure:3498: /home/dean/sunxi-v3s/buildroot-2017.08/output/host/bin/arm-linux-gnueabihf-gcc -o conftest -D_LARGEFILE_SOURCE -D_LARGEFILE64_SOURCE -D_FILE_OFFSET_BITS=64  -Os  -D_LARGEFILE_SOURCE -D_LARGEFILE64_SOURCE -D_FILE_OFFSET_BITS=64  conftest.c  >&5
configure:3502: $? = 0
configure:3524: result: 
configure:3546: checking whether we are cross compiling
configure:3584: result: yes
configure:3589: checking for suffix of object files
configure:3611: /home/dean/sunxi-v3s/buildroot-2017.08/output/host/bin/arm-linux-gnueabihf-gcc -c -D_LARGEFILE_SOURCE -D_LARGEFILE64_SOURCE -D_FILE_OFFSET_BITS=64  -Os  -D_LARGEFILE_SOURCE -D_LARGEFILE64_SOURCE -D_FILE_OFFSET_BITS=64 conftest.c >&5
configure:3615: $? = 0
configure:3636: result: o
configure:3640: checking whether we are using the GNU C compiler
configure:3659: /home/dean/sunxi-v3s/buildroot-2017.08/output/host/bin/arm-linux-gnueabihf-gcc -c -D_LARGEFILE_SOURCE -D_LARGEFILE64_SOURCE -D_FILE_OFFSET_BITS=64  -Os  -D_LARGEFILE_SOURCE -D_LARGEFILE64_SOURCE -D_FILE_OFFSET_BITS=64 conftest.c >&5
configure:3659: $? = 0
configure:3668: result: yes
configure:3677: checking whether /home/dean/sunxi-v3s/buildroot-2017.08/output/host/bin/arm-linux-gnueabihf-gcc accepts -g
configure:3697: /home/dean/sunxi-v3s/buildroot-2017.08/output/host/bin/arm-linux-gnueabihf-gcc -c -g -D_LARGEFILE_SOURCE -D_LARGEFILE64_SOURCE -D_FILE_OFFSET_BITS=64 conftest.c >&5
configure:3697: $? = 0
configure:3738: result: yes
configure:3755: checking for /home/dean/sunxi-v3s/buildroot-2017.08/output/host/bin/arm-linux-gnueabihf-gcc option to accept ISO C89
configure:3818: /home/dean/sunxi-v3s/buildroot-2017.08/output/host/bin/arm-linux-gnueabihf-gcc  -c -D_LARGEFILE_SOURCE -D_LARGEFILE64_SOURCE -D_FILE_OFFSET_BITS=64  -Os  -D_LARGEFILE_SOURCE -D_LARGEFILE64_SOURCE -D_FILE_OFFSET_BITS=64 conftest.c >&5
configure:3818: $? = 0
configure:3831: result: none needed
configure:3856: checking whether /home/dean/sunxi-v3s/buildroot-2017.08/output/host/bin/arm-linux-gnueabihf-gcc understands -c and -o together
configure:3878: /home/dean/sunxi-v3s/buildroot-2017.08/output/host/bin/arm-linux-gnueabihf-gcc -c conftest.c -o conftest2.o
configure:3881: $? = 0
configure:3878: /home/dean/sunxi-v3s/buildroot-2017.08/output/host/bin/arm-linux-gnueabihf-gcc -c conftest.c -o conftest2.o
configure:3881: $? = 0
configure:3893: result: yes
configure:3912: checking dependency style of /home/dean/sunxi-v3s/buildroot-2017.08/output/host/bin/arm-linux-gnueabihf-gcc
configure:4023: result: none
configure:4044: checking for arm-buildroot-linux-gnueabihf-ar
configure:4071: result: /home/dean/sunxi-v3s/buildroot-2017.08/output/host/bin/arm-linux-gnueabihf-ar
configure:4141: checking the archiver (/home/dean/sunxi-v3s/buildroot-2017.08/output/host/bin/arm-linux-gnueabihf-ar) interface
configure:4157: /home/dean/sunxi-v3s/buildroot-2017.08/output/host/bin/arm-linux-gnueabihf-gcc -c -D_LARGEFILE_SOURCE -D_LARGEFILE64_SOURCE -D_FILE_OFFSET_BITS=64  -Os  -D_LARGEFILE_SOURCE -D_LARGEFILE64_SOURCE -D_FILE_OFFSET_BITS=64 conftest.c >&5
configure:4157: $? = 0
configure:4159: /home/dean/sunxi-v3s/buildroot-2017.08/output/host/bin/arm-linux-gnueabihf-ar cru libconftest.a conftest.o >&5
configure:4162: $? = 0
configure:4190: result: ar
configure:4257: checking how to print strings
configure:4284: result: printf
configure:4305: checking for a sed that does not truncate output
configure:4369: result: /bin/sed
configure:4387: checking for grep that handles long lines and -e
configure:4445: result: /bin/grep
configure:4450: checking for egrep
configure:4512: result: /bin/grep -E
configure:4517: checking for fgrep
configure:4579: result: /bin/grep -F
configure:4614: checking for ld used by /home/dean/sunxi-v3s/buildroot-2017.08/output/host/bin/arm-linux-gnueabihf-gcc
configure:4681: result: /home/dean/sunxi-v3s/buildroot-2017.08/output/host/bin/arm-linux-gnueabihf-ld
configure:4688: checking if the linker (/home/dean/sunxi-v3s/buildroot-2017.08/output/host/bin/arm-linux-gnueabihf-ld) is GNU ld
configure:4703: result: yes
configure:4715: checking for BSD- or MS-compatible name lister (nm)
configure:4764: result: /home/dean/sunxi-v3s/buildroot-2017.08/output/host/bin/arm-linux-gnueabihf-nm
configure:4894: checking the name lister (/home/dean/sunxi-v3s/buildroot-2017.08/output/host/bin/arm-linux-gnueabihf-nm) interface
configure:4901: /home/dean/sunxi-v3s/buildroot-2017.08/output/host/bin/arm-linux-gnueabihf-gcc -c -D_LARGEFILE_SOURCE -D_LARGEFILE64_SOURCE -D_FILE_OFFSET_BITS=64  -Os  -D_LARGEFILE_SOURCE -D_LARGEFILE64_SOURCE -D_FILE_OFFSET_BITS=64 conftest.c >&5
configure:4904: /home/dean/sunxi-v3s/buildroot-2017.08/output/host/bin/arm-linux-gnueabihf-nm "conftest.o"
configure:4907: output
00000000 B some_variable
configure:4914: result: BSD nm
configure:4917: checking whether ln -s works
configure:4921: result: yes
configure:4929: checking the maximum length of command line arguments
configure:5060: result: 1572864
configure:5077: checking whether the shell understands some XSI constructs
configure:5087: result: yes
configure:5091: checking whether the shell understands "+="
configure:5097: result: yes
configure:5132: checking how to convert x86_64-pc-linux-gnu file names to arm-buildroot-linux-gnueabihf format
configure:5172: result: func_convert_file_noop
configure:5179: checking how to convert x86_64-pc-linux-gnu file names to toolchain format
configure:5199: result: func_convert_file_noop
configure:5206: checking for /home/dean/sunxi-v3s/buildroot-2017.08/output/host/bin/arm-linux-gnueabihf-ld option to reload object files
configure:5213: result: -r
configure:5247: checking for arm-buildroot-linux-gnueabihf-objdump
configure:5274: result: /home/dean/sunxi-v3s/buildroot-2017.08/output/host/bin/arm-linux-gnueabihf-objdump
configure:5346: checking how to recognize dependent libraries
configure:5544: result: pass_all
configure:5589: checking for arm-buildroot-linux-gnueabihf-dlltool
configure:5619: result: no
configure:5629: checking for dlltool
configure:5659: result: no
configure:5689: checking how to associate runtime and link libraries
configure:5716: result: printf %s\n
configure:5732: checking for arm-buildroot-linux-gnueabihf-ar
configure:5759: result: /home/dean/sunxi-v3s/buildroot-2017.08/output/host/bin/arm-linux-gnueabihf-ar
configure:5840: checking for archiver @FILE support
configure:5857: /home/dean/sunxi-v3s/buildroot-2017.08/output/host/bin/arm-linux-gnueabihf-gcc -c -D_LARGEFILE_SOURCE -D_LARGEFILE64_SOURCE -D_FILE_OFFSET_BITS=64  -Os  -D_LARGEFILE_SOURCE -D_LARGEFILE64_SOURCE -D_FILE_OFFSET_BITS=64 conftest.c >&5
configure:5857: $? = 0
configure:5860: /home/dean/sunxi-v3s/buildroot-2017.08/output/host/bin/arm-linux-gnueabihf-ar cru libconftest.a @conftest.lst >&5
configure:5863: $? = 0
configure:5868: /home/dean/sunxi-v3s/buildroot-2017.08/output/host/bin/arm-linux-gnueabihf-ar cru libconftest.a @conftest.lst >&5
/home/dean/sunxi-v3s/buildroot-2017.08/output/host/bin/arm-linux-gnueabihf-ar: conftest.o: No such file or directory
configure:5871: $? = 1
configure:5883: result: @
configure:5901: checking for arm-buildroot-linux-gnueabihf-strip
configure:5928: result: /home/dean/sunxi-v3s/buildroot-2017.08/output/host/bin/arm-linux-gnueabihf-strip
configure:6000: checking for arm-buildroot-linux-gnueabihf-ranlib
configure:6027: result: /home/dean/sunxi-v3s/buildroot-2017.08/output/host/bin/arm-linux-gnueabihf-ranlib
configure:6169: checking command to parse /home/dean/sunxi-v3s/buildroot-2017.08/output/host/bin/arm-linux-gnueabihf-nm output from /home/dean/sunxi-v3s/buildroot-2017.08/output/host/bin/arm-linux-gnueabihf-gcc object
configure:6289: /home/dean/sunxi-v3s/buildroot-2017.08/output/host/bin/arm-linux-gnueabihf-gcc -c -D_LARGEFILE_SOURCE -D_LARGEFILE64_SOURCE -D_FILE_OFFSET_BITS=64  -Os  -D_LARGEFILE_SOURCE -D_LARGEFILE64_SOURCE -D_FILE_OFFSET_BITS=64 conftest.c >&5
configure:6292: $? = 0
configure:6296: /home/dean/sunxi-v3s/buildroot-2017.08/output/host/bin/arm-linux-gnueabihf-nm conftest.o \| sed -n -e 's/^.*[ ]\([ABCDGIRSTW][ABCDGIRSTW]*\)[ ][ ]*\([_A-Za-z][_A-Za-z0-9]*\)$/\1 \2 \2/p' | sed '/ __gnu_lto/d' \> conftest.nm
configure:6299: $? = 0
configure:6365: /home/dean/sunxi-v3s/buildroot-2017.08/output/host/bin/arm-linux-gnueabihf-gcc -o conftest -D_LARGEFILE_SOURCE -D_LARGEFILE64_SOURCE -D_FILE_OFFSET_BITS=64  -Os  -D_LARGEFILE_SOURCE -D_LARGEFILE64_SOURCE -D_FILE_OFFSET_BITS=64  conftest.c conftstm.o >&5
configure:6368: $? = 0
configure:6406: result: ok
configure:6443: checking for sysroot
configure:6473: result: no
configure:6702: checking for arm-buildroot-linux-gnueabihf-mt
configure:6732: result: no
configure:6742: checking for mt
configure:6758: found /bin/mt
configure:6769: result: mt
configure:6781: WARNING: using cross tools not prefixed with host triplet
configure:6792: checking if mt is a manifest tool
configure:6798: mt '-?'
configure:6806: result: no
configure:7448: checking how to run the C preprocessor
configure:7518: result: /home/dean/sunxi-v3s/buildroot-2017.08/output/host/bin/arm-linux-gnueabihf-cpp
configure:7538: /home/dean/sunxi-v3s/buildroot-2017.08/output/host/bin/arm-linux-gnueabihf-cpp -D_LARGEFILE_SOURCE -D_LARGEFILE64_SOURCE -D_FILE_OFFSET_BITS=64 conftest.c
configure:7538: $? = 0
configure:7552: /home/dean/sunxi-v3s/buildroot-2017.08/output/host/bin/arm-linux-gnueabihf-cpp -D_LARGEFILE_SOURCE -D_LARGEFILE64_SOURCE -D_FILE_OFFSET_BITS=64 conftest.c
conftest.c:11:28: fatal error: ac_nonexistent.h: No such file or directory
 #include <ac_nonexistent.h>
                            ^
compilation terminated.
configure:7552: $? = 1
configure: failed program was:
| /* confdefs.h */
| #define PACKAGE_NAME "libwebp"
| #define PACKAGE_TARNAME "libwebp"
| #define PACKAGE_VERSION "0.5.2"
| #define PACKAGE_STRING "libwebp 0.5.2"
| #define PACKAGE_BUGREPORT "https://bugs.chromium.org/p/webp"
| #define PACKAGE_URL "http://developers.google.com/speed/webp"
| #define PACKAGE "libwebp"
| #define VERSION "0.5.2"
| /* end confdefs.h.  */
| #include <ac_nonexistent.h>
configure:7581: checking for ANSI C header files
configure:7601: /home/dean/sunxi-v3s/buildroot-2017.08/output/host/bin/arm-linux-gnueabihf-gcc -c -D_LARGEFILE_SOURCE -D_LARGEFILE64_SOURCE -D_FILE_OFFSET_BITS=64  -Os  -D_LARGEFILE_SOURCE -D_LARGEFILE64_SOURCE -D_FILE_OFFSET_BITS=64 conftest.c >&5
configure:7601: $? = 0
configure:7685: result: yes
configure:7698: checking for sys/types.h
configure:7698: /home/dean/sunxi-v3s/buildroot-2017.08/output/host/bin/arm-linux-gnueabihf-gcc -c -D_LARGEFILE_SOURCE -D_LARGEFILE64_SOURCE -D_FILE_OFFSET_BITS=64  -Os  -D_LARGEFILE_SOURCE -D_LARGEFILE64_SOURCE -D_FILE_OFFSET_BITS=64 conftest.c >&5
configure:7698: $? = 0
configure:7698: result: yes
configure:7698: checking for sys/stat.h
configure:7698: /home/dean/sunxi-v3s/buildroot-2017.08/output/host/bin/arm-linux-gnueabihf-gcc -c -D_LARGEFILE_SOURCE -D_LARGEFILE64_SOURCE -D_FILE_OFFSET_BITS=64  -Os  -D_LARGEFILE_SOURCE -D_LARGEFILE64_SOURCE -D_FILE_OFFSET_BITS=64 conftest.c >&5
configure:7698: $? = 0
configure:7698: result: yes
configure:7698: checking for stdlib.h
configure:7698: /home/dean/sunxi-v3s/buildroot-2017.08/output/host/bin/arm-linux-gnueabihf-gcc -c -D_LARGEFILE_SOURCE -D_LARGEFILE64_SOURCE -D_FILE_OFFSET_BITS=64  -Os  -D_LARGEFILE_SOURCE -D_LARGEFILE64_SOURCE -D_FILE_OFFSET_BITS=64 conftest.c >&5
configure:7698: $? = 0
configure:7698: result: yes
configure:7698: checking for string.h
configure:7698: /home/dean/sunxi-v3s/buildroot-2017.08/output/host/bin/arm-linux-gnueabihf-gcc -c -D_LARGEFILE_SOURCE -D_LARGEFILE64_SOURCE -D_FILE_OFFSET_BITS=64  -Os  -D_LARGEFILE_SOURCE -D_LARGEFILE64_SOURCE -D_FILE_OFFSET_BITS=64 conftest.c >&5
configure:7698: $? = 0
configure:7698: result: yes
configure:7698: checking for memory.h
configure:7698: /home/dean/sunxi-v3s/buildroot-2017.08/output/host/bin/arm-linux-gnueabihf-gcc -c -D_LARGEFILE_SOURCE -D_LARGEFILE64_SOURCE -D_FILE_OFFSET_BITS=64  -Os  -D_LARGEFILE_SOURCE -D_LARGEFILE64_SOURCE -D_FILE_OFFSET_BITS=64 conftest.c >&5
configure:7698: $? = 0
configure:7698: result: yes
configure:7698: checking for strings.h
configure:7698: /home/dean/sunxi-v3s/buildroot-2017.08/output/host/bin/arm-linux-gnueabihf-gcc -c -D_LARGEFILE_SOURCE -D_LARGEFILE64_SOURCE -D_FILE_OFFSET_BITS=64  -Os  -D_LARGEFILE_SOURCE -D_LARGEFILE64_SOURCE -D_FILE_OFFSET_BITS=64 conftest.c >&5
configure:7698: $? = 0
configure:7698: result: yes
configure:7698: checking for inttypes.h
configure:7698: /home/dean/sunxi-v3s/buildroot-2017.08/output/host/bin/arm-linux-gnueabihf-gcc -c -D_LARGEFILE_SOURCE -D_LARGEFILE64_SOURCE -D_FILE_OFFSET_BITS=64  -Os  -D_LARGEFILE_SOURCE -D_LARGEFILE64_SOURCE -D_FILE_OFFSET_BITS=64 conftest.c >&5
configure:7698: $? = 0
configure:7698: result: yes
configure:7698: checking for stdint.h
configure:7698: /home/dean/sunxi-v3s/buildroot-2017.08/output/host/bin/arm-linux-gnueabihf-gcc -c -D_LARGEFILE_SOURCE -D_LARGEFILE64_SOURCE -D_FILE_OFFSET_BITS=64  -Os  -D_LARGEFILE_SOURCE -D_LARGEFILE64_SOURCE -D_FILE_OFFSET_BITS=64 conftest.c >&5
configure:7698: $? = 0
configure:7698: result: yes
configure:7698: checking for unistd.h
configure:7698: /home/dean/sunxi-v3s/buildroot-2017.08/output/host/bin/arm-linux-gnueabihf-gcc -c -D_LARGEFILE_SOURCE -D_LARGEFILE64_SOURCE -D_FILE_OFFSET_BITS=64  -Os  -D_LARGEFILE_SOURCE -D_LARGEFILE64_SOURCE -D_FILE_OFFSET_BITS=64 conftest.c >&5
configure:7698: $? = 0
configure:7698: result: yes
configure:7712: checking for dlfcn.h
configure:7712: /home/dean/sunxi-v3s/buildroot-2017.08/output/host/bin/arm-linux-gnueabihf-gcc -c -D_LARGEFILE_SOURCE -D_LARGEFILE64_SOURCE -D_FILE_OFFSET_BITS=64  -Os  -D_LARGEFILE_SOURCE -D_LARGEFILE64_SOURCE -D_FILE_OFFSET_BITS=64 conftest.c >&5
configure:7712: $? = 0
configure:7712: result: yes
configure:7918: checking for objdir
configure:7933: result: .libs
configure:8204: checking if /home/dean/sunxi-v3s/buildroot-2017.08/output/host/bin/arm-linux-gnueabihf-gcc supports -fno-rtti -fno-exceptions
configure:8222: /home/dean/sunxi-v3s/buildroot-2017.08/output/host/bin/arm-linux-gnueabihf-gcc -c -D_LARGEFILE_SOURCE -D_LARGEFILE64_SOURCE -D_FILE_OFFSET_BITS=64  -Os  -D_LARGEFILE_SOURCE -D_LARGEFILE64_SOURCE -D_FILE_OFFSET_BITS=64 -fno-rtti -fno-exceptions conftest.c >&5
cc1: warning: command line option '-fno-rtti' is valid for C++/ObjC++ but not for C
configure:8226: $? = 0
configure:8239: result: no
configure:8566: checking for /home/dean/sunxi-v3s/buildroot-2017.08/output/host/bin/arm-linux-gnueabihf-gcc option to produce PIC
configure:8573: result: -fPIC -DPIC
configure:8581: checking if /home/dean/sunxi-v3s/buildroot-2017.08/output/host/bin/arm-linux-gnueabihf-gcc PIC flag -fPIC -DPIC works
configure:8599: /home/dean/sunxi-v3s/buildroot-2017.08/output/host/bin/arm-linux-gnueabihf-gcc -c -D_LARGEFILE_SOURCE -D_LARGEFILE64_SOURCE -D_FILE_OFFSET_BITS=64  -Os  -D_LARGEFILE_SOURCE -D_LARGEFILE64_SOURCE -D_FILE_OFFSET_BITS=64 -fPIC -DPIC -DPIC conftest.c >&5
configure:8603: $? = 0
configure:8616: result: yes
configure:8645: checking if /home/dean/sunxi-v3s/buildroot-2017.08/output/host/bin/arm-linux-gnueabihf-gcc static flag -static works
configure:8673: result: yes
configure:8688: checking if /home/dean/sunxi-v3s/buildroot-2017.08/output/host/bin/arm-linux-gnueabihf-gcc supports -c -o file.o
configure:8709: /home/dean/sunxi-v3s/buildroot-2017.08/output/host/bin/arm-linux-gnueabihf-gcc -c -D_LARGEFILE_SOURCE -D_LARGEFILE64_SOURCE -D_FILE_OFFSET_BITS=64  -Os  -D_LARGEFILE_SOURCE -D_LARGEFILE64_SOURCE -D_FILE_OFFSET_BITS=64 -o out/conftest2.o conftest.c >&5
configure:8713: $? = 0
configure:8735: result: yes
configure:8743: checking if /home/dean/sunxi-v3s/buildroot-2017.08/output/host/bin/arm-linux-gnueabihf-gcc supports -c -o file.o
configure:8790: result: yes
configure:8823: checking whether the /home/dean/sunxi-v3s/buildroot-2017.08/output/host/bin/arm-linux-gnueabihf-gcc linker (/home/dean/sunxi-v3s/buildroot-2017.08/output/host/bin/arm-linux-gnueabihf-ld) supports shared libraries
configure:9980: result: yes
configure:10017: checking whether -lc should be explicitly linked in
configure:10025: /home/dean/sunxi-v3s/buildroot-2017.08/output/host/bin/arm-linux-gnueabihf-gcc -c -D_LARGEFILE_SOURCE -D_LARGEFILE64_SOURCE -D_FILE_OFFSET_BITS=64  -Os  -D_LARGEFILE_SOURCE -D_LARGEFILE64_SOURCE -D_FILE_OFFSET_BITS=64 conftest.c >&5
configure:10028: $? = 0
configure:10043: /home/dean/sunxi-v3s/buildroot-2017.08/output/host/bin/arm-linux-gnueabihf-gcc -shared  -fPIC -DPIC conftest.o  -v -Wl,-soname -Wl,conftest -o conftest 2\>\&1 \| /bin/grep  -lc  \>/dev/null 2\>\&1
configure:10046: $? = 0
configure:10060: result: no
configure:10220: checking dynamic linker characteristics
configure:10720: /home/dean/sunxi-v3s/buildroot-2017.08/output/host/bin/arm-linux-gnueabihf-gcc -o conftest -D_LARGEFILE_SOURCE -D_LARGEFILE64_SOURCE -D_FILE_OFFSET_BITS=64  -Os  -D_LARGEFILE_SOURCE -D_LARGEFILE64_SOURCE -D_FILE_OFFSET_BITS=64  -Wl,-rpath -Wl,/foo conftest.c  >&5
configure:10720: $? = 0
configure:10954: result: GNU/Linux ld.so
configure:11061: checking how to hardcode library paths into programs
configure:11086: result: immediate
configure:11626: checking whether stripping libraries is possible
configure:11631: result: yes
configure:11666: checking if libtool supports shared libraries
configure:11668: result: yes
configure:11671: checking whether to build shared libraries
configure:11692: result: yes
configure:11695: checking whether to build static libraries
configure:11699: result: no
configure:11736: checking for a sed that does not truncate output
configure:11800: result: /bin/sed
configure:11818: checking whether make supports nested variables
configure:11835: result: yes
configure:11847: checking whether byte ordering is bigendian
configure:12053: result: no
configure:12084: checking whether asserts are enabled
configure:12094: result: no
configure:12111: checking whether /home/dean/sunxi-v3s/buildroot-2017.08/output/host/bin/arm-linux-gnueabihf-gcc supports -fvisibility=hidden
configure:12117: /home/dean/sunxi-v3s/buildroot-2017.08/output/host/bin/arm-linux-gnueabihf-gcc -c -Werror -fvisibility=hidden -D_LARGEFILE_SOURCE -D_LARGEFILE64_SOURCE -D_FILE_OFFSET_BITS=64 conftest.c >&5
configure:12117: $? = 0
configure:12118: result: yes
configure:12129: checking whether /home/dean/sunxi-v3s/buildroot-2017.08/output/host/bin/arm-linux-gnueabihf-gcc supports -Wall
configure:12135: /home/dean/sunxi-v3s/buildroot-2017.08/output/host/bin/arm-linux-gnueabihf-gcc -c -Werror -Wall -D_LARGEFILE_SOURCE -D_LARGEFILE64_SOURCE -D_FILE_OFFSET_BITS=64 conftest.c >&5
configure:12135: $? = 0
configure:12136: result: yes
configure:12147: checking whether /home/dean/sunxi-v3s/buildroot-2017.08/output/host/bin/arm-linux-gnueabihf-gcc supports -Wdeclaration-after-statement
configure:12153: /home/dean/sunxi-v3s/buildroot-2017.08/output/host/bin/arm-linux-gnueabihf-gcc -c -Werror -Wdeclaration-after-statement -D_LARGEFILE_SOURCE -D_LARGEFILE64_SOURCE -D_FILE_OFFSET_BITS=64 conftest.c >&5
configure:12153: $? = 0
configure:12154: result: yes
configure:12165: checking whether /home/dean/sunxi-v3s/buildroot-2017.08/output/host/bin/arm-linux-gnueabihf-gcc supports -Wextra
configure:12171: /home/dean/sunxi-v3s/buildroot-2017.08/output/host/bin/arm-linux-gnueabihf-gcc -c -Werror -Wextra -D_LARGEFILE_SOURCE -D_LARGEFILE64_SOURCE -D_FILE_OFFSET_BITS=64 conftest.c >&5
configure:12171: $? = 0
configure:12172: result: yes
configure:12183: checking whether /home/dean/sunxi-v3s/buildroot-2017.08/output/host/bin/arm-linux-gnueabihf-gcc supports -Wfloat-conversion
configure:12189: /home/dean/sunxi-v3s/buildroot-2017.08/output/host/bin/arm-linux-gnueabihf-gcc -c -Werror -Wfloat-conversion -D_LARGEFILE_SOURCE -D_LARGEFILE64_SOURCE -D_FILE_OFFSET_BITS=64 conftest.c >&5
configure:12189: $? = 0
configure:12190: result: yes
configure:12201: checking whether /home/dean/sunxi-v3s/buildroot-2017.08/output/host/bin/arm-linux-gnueabihf-gcc supports -Wformat -Wformat-nonliteral
configure:12207: /home/dean/sunxi-v3s/buildroot-2017.08/output/host/bin/arm-linux-gnueabihf-gcc -c -Werror -Wformat -Wformat-nonliteral -D_LARGEFILE_SOURCE -D_LARGEFILE64_SOURCE -D_FILE_OFFSET_BITS=64 conftest.c >&5
configure:12207: $? = 0
configure:12208: result: yes
configure:12219: checking whether /home/dean/sunxi-v3s/buildroot-2017.08/output/host/bin/arm-linux-gnueabihf-gcc supports -Wformat -Wformat-security
configure:12225: /home/dean/sunxi-v3s/buildroot-2017.08/output/host/bin/arm-linux-gnueabihf-gcc -c -Werror -Wformat -Wformat-security -D_LARGEFILE_SOURCE -D_LARGEFILE64_SOURCE -D_FILE_OFFSET_BITS=64 conftest.c >&5
configure:12225: $? = 0
configure:12226: result: yes
configure:12237: checking whether /home/dean/sunxi-v3s/buildroot-2017.08/output/host/bin/arm-linux-gnueabihf-gcc supports -Wmissing-declarations
configure:12243: /home/dean/sunxi-v3s/buildroot-2017.08/output/host/bin/arm-linux-gnueabihf-gcc -c -Werror -Wmissing-declarations -D_LARGEFILE_SOURCE -D_LARGEFILE64_SOURCE -D_FILE_OFFSET_BITS=64 conftest.c >&5
configure:12243: $? = 0
configure:12244: result: yes
configure:12255: checking whether /home/dean/sunxi-v3s/buildroot-2017.08/output/host/bin/arm-linux-gnueabihf-gcc supports -Wmissing-prototypes
configure:12261: /home/dean/sunxi-v3s/buildroot-2017.08/output/host/bin/arm-linux-gnueabihf-gcc -c -Werror -Wmissing-prototypes -D_LARGEFILE_SOURCE -D_LARGEFILE64_SOURCE -D_FILE_OFFSET_BITS=64 conftest.c >&5
configure:12261: $? = 0
configure:12262: result: yes
configure:12273: checking whether /home/dean/sunxi-v3s/buildroot-2017.08/output/host/bin/arm-linux-gnueabihf-gcc supports -Wold-style-definition
configure:12279: /home/dean/sunxi-v3s/buildroot-2017.08/output/host/bin/arm-linux-gnueabihf-gcc -c -Werror -Wold-style-definition -D_LARGEFILE_SOURCE -D_LARGEFILE64_SOURCE -D_FILE_OFFSET_BITS=64 conftest.c >&5
configure:12279: $? = 0
configure:12280: result: yes
configure:12291: checking whether /home/dean/sunxi-v3s/buildroot-2017.08/output/host/bin/arm-linux-gnueabihf-gcc supports -Wshadow
configure:12297: /home/dean/sunxi-v3s/buildroot-2017.08/output/host/bin/arm-linux-gnueabihf-gcc -c -Werror -Wshadow -D_LARGEFILE_SOURCE -D_LARGEFILE64_SOURCE -D_FILE_OFFSET_BITS=64 conftest.c >&5
configure:12297: $? = 0
configure:12298: result: yes
configure:12309: checking whether /home/dean/sunxi-v3s/buildroot-2017.08/output/host/bin/arm-linux-gnueabihf-gcc supports -Wshorten-64-to-32
configure:12315: /home/dean/sunxi-v3s/buildroot-2017.08/output/host/bin/arm-linux-gnueabihf-gcc -c -Werror -Wshorten-64-to-32 -D_LARGEFILE_SOURCE -D_LARGEFILE64_SOURCE -D_FILE_OFFSET_BITS=64 conftest.c >&5
arm-linux-gnueabihf-gcc: error: unrecognized command line option '-Wshorten-64-to-32'
configure:12315: $? = 1
configure: failed program was:
| /* confdefs.h */
| #define PACKAGE_NAME "libwebp"
| #define PACKAGE_TARNAME "libwebp"
| #define PACKAGE_VERSION "0.5.2"
| #define PACKAGE_STRING "libwebp 0.5.2"
| #define PACKAGE_BUGREPORT "https://bugs.chromium.org/p/webp"
| #define PACKAGE_URL "http://developers.google.com/speed/webp"
| #define PACKAGE "libwebp"
| #define VERSION "0.5.2"
| #define STDC_HEADERS 1
| #define HAVE_SYS_TYPES_H 1
| #define HAVE_SYS_STAT_H 1
| #define HAVE_STDLIB_H 1
| #define HAVE_STRING_H 1
| #define HAVE_MEMORY_H 1
| #define HAVE_STRINGS_H 1
| #define HAVE_INTTYPES_H 1
| #define HAVE_STDINT_H 1
| #define HAVE_UNISTD_H 1
| #define HAVE_DLFCN_H 1
| #define LT_OBJDIR ".libs/"
| /* end confdefs.h.  */
| int main(void) { return 0; }
configure:12320: result: no
configure:12327: checking whether /home/dean/sunxi-v3s/buildroot-2017.08/output/host/bin/arm-linux-gnueabihf-gcc supports -Wunreachable-code
configure:12333: /home/dean/sunxi-v3s/buildroot-2017.08/output/host/bin/arm-linux-gnueabihf-gcc -c -Werror -Wunreachable-code -D_LARGEFILE_SOURCE -D_LARGEFILE64_SOURCE -D_FILE_OFFSET_BITS=64 conftest.c >&5
configure:12333: $? = 0
configure:12334: result: yes
configure:12345: checking whether /home/dean/sunxi-v3s/buildroot-2017.08/output/host/bin/arm-linux-gnueabihf-gcc supports -Wunused-but-set-variable
configure:12351: /home/dean/sunxi-v3s/buildroot-2017.08/output/host/bin/arm-linux-gnueabihf-gcc -c -Werror -Wunused-but-set-variable -D_LARGEFILE_SOURCE -D_LARGEFILE64_SOURCE -D_FILE_OFFSET_BITS=64 conftest.c >&5
configure:12351: $? = 0
configure:12352: result: yes
configure:12363: checking whether /home/dean/sunxi-v3s/buildroot-2017.08/output/host/bin/arm-linux-gnueabihf-gcc supports -Wunused
configure:12369: /home/dean/sunxi-v3s/buildroot-2017.08/output/host/bin/arm-linux-gnueabihf-gcc -c -Werror -Wunused -D_LARGEFILE_SOURCE -D_LARGEFILE64_SOURCE -D_FILE_OFFSET_BITS=64 conftest.c >&5
configure:12369: $? = 0
configure:12370: result: yes
configure:12381: checking whether /home/dean/sunxi-v3s/buildroot-2017.08/output/host/bin/arm-linux-gnueabihf-gcc supports -Wvla
configure:12387: /home/dean/sunxi-v3s/buildroot-2017.08/output/host/bin/arm-linux-gnueabihf-gcc -c -Werror -Wvla -D_LARGEFILE_SOURCE -D_LARGEFILE64_SOURCE -D_FILE_OFFSET_BITS=64 conftest.c >&5
configure:12387: $? = 0
configure:12388: result: yes
configure:12490: checking whether /home/dean/sunxi-v3s/buildroot-2017.08/output/host/bin/arm-linux-gnueabihf-gcc supports -mavx2
configure:12496: /home/dean/sunxi-v3s/buildroot-2017.08/output/host/bin/arm-linux-gnueabihf-gcc -c -Werror -mavx2 -D_LARGEFILE_SOURCE -D_LARGEFILE64_SOURCE -D_FILE_OFFSET_BITS=64 conftest.c >&5
arm-linux-gnueabihf-gcc: error: unrecognized command line option '-mavx2'
configure:12496: $? = 1
configure: failed program was:
| /* confdefs.h */
| #define PACKAGE_NAME "libwebp"
| #define PACKAGE_TARNAME "libwebp"
| #define PACKAGE_VERSION "0.5.2"
| #define PACKAGE_STRING "libwebp 0.5.2"
| #define PACKAGE_BUGREPORT "https://bugs.chromium.org/p/webp"
| #define PACKAGE_URL "http://developers.google.com/speed/webp"
| #define PACKAGE "libwebp"
| #define VERSION "0.5.2"
| #define STDC_HEADERS 1
| #define HAVE_SYS_TYPES_H 1
| #define HAVE_SYS_STAT_H 1
| #define HAVE_STDLIB_H 1
| #define HAVE_STRING_H 1
| #define HAVE_MEMORY_H 1
| #define HAVE_STRINGS_H 1
| #define HAVE_INTTYPES_H 1
| #define HAVE_STDINT_H 1
| #define HAVE_UNISTD_H 1
| #define HAVE_DLFCN_H 1
| #define LT_OBJDIR ".libs/"
| /* end confdefs.h.  */
| int main(void) { return 0; }
configure:12501: result: no
configure:12540: checking whether /home/dean/sunxi-v3s/buildroot-2017.08/output/host/bin/arm-linux-gnueabihf-gcc supports -msse4.1
configure:12546: /home/dean/sunxi-v3s/buildroot-2017.08/output/host/bin/arm-linux-gnueabihf-gcc -c -Werror -msse4.1 -D_LARGEFILE_SOURCE -D_LARGEFILE64_SOURCE -D_FILE_OFFSET_BITS=64 conftest.c >&5
arm-linux-gnueabihf-gcc: error: unrecognized command line option '-msse4.1'
configure:12546: $? = 1
configure: failed program was:
| /* confdefs.h */
| #define PACKAGE_NAME "libwebp"
| #define PACKAGE_TARNAME "libwebp"
| #define PACKAGE_VERSION "0.5.2"
| #define PACKAGE_STRING "libwebp 0.5.2"
| #define PACKAGE_BUGREPORT "https://bugs.chromium.org/p/webp"
| #define PACKAGE_URL "http://developers.google.com/speed/webp"
| #define PACKAGE "libwebp"
| #define VERSION "0.5.2"
| #define STDC_HEADERS 1
| #define HAVE_SYS_TYPES_H 1
| #define HAVE_SYS_STAT_H 1
| #define HAVE_STDLIB_H 1
| #define HAVE_STRING_H 1
| #define HAVE_MEMORY_H 1
| #define HAVE_STRINGS_H 1
| #define HAVE_INTTYPES_H 1
| #define HAVE_STDINT_H 1
| #define HAVE_UNISTD_H 1
| #define HAVE_DLFCN_H 1
| #define LT_OBJDIR ".libs/"
| /* end confdefs.h.  */
| int main(void) { return 0; }
configure:12551: result: no
configure:12560: checking smmintrin.h usability
configure:12560: /home/dean/sunxi-v3s/buildroot-2017.08/output/host/bin/arm-linux-gnueabihf-gcc -c -D_LARGEFILE_SOURCE -D_LARGEFILE64_SOURCE -D_FILE_OFFSET_BITS=64  -Os    -D_LARGEFILE_SOURCE -D_LARGEFILE64_SOURCE -D_FILE_OFFSET_BITS=64 conftest.c >&5
conftest.c:56:23: fatal error: smmintrin.h: No such file or directory
 #include <smmintrin.h>
                       ^
compilation terminated.
configure:12560: $? = 1
configure: failed program was:
| /* confdefs.h */
| #define PACKAGE_NAME "libwebp"
| #define PACKAGE_TARNAME "libwebp"
| #define PACKAGE_VERSION "0.5.2"
| #define PACKAGE_STRING "libwebp 0.5.2"
| #define PACKAGE_BUGREPORT "https://bugs.chromium.org/p/webp"
| #define PACKAGE_URL "http://developers.google.com/speed/webp"
| #define PACKAGE "libwebp"
| #define VERSION "0.5.2"
| #define STDC_HEADERS 1
| #define HAVE_SYS_TYPES_H 1
| #define HAVE_SYS_STAT_H 1
| #define HAVE_STDLIB_H 1
| #define HAVE_STRING_H 1
| #define HAVE_MEMORY_H 1
| #define HAVE_STRINGS_H 1
| #define HAVE_INTTYPES_H 1
| #define HAVE_STDINT_H 1
| #define HAVE_UNISTD_H 1
| #define HAVE_DLFCN_H 1
| #define LT_OBJDIR ".libs/"
| /* end confdefs.h.  */
| #include <stdio.h>
| #ifdef HAVE_SYS_TYPES_H
| # include <sys/types.h>
| #endif
| #ifdef HAVE_SYS_STAT_H
| # include <sys/stat.h>
| #endif
| #ifdef STDC_HEADERS
| # include <stdlib.h>
| # include <stddef.h>
| #else
| # ifdef HAVE_STDLIB_H
| #  include <stdlib.h>
| # endif
| #endif
| #ifdef HAVE_STRING_H
| # if !defined STDC_HEADERS && defined HAVE_MEMORY_H
| #  include <memory.h>
| # endif
| # include <string.h>
| #endif
| #ifdef HAVE_STRINGS_H
| # include <strings.h>
| #endif
| #ifdef HAVE_INTTYPES_H
| # include <inttypes.h>
| #endif
| #ifdef HAVE_STDINT_H
| # include <stdint.h>
| #endif
| #ifdef HAVE_UNISTD_H
| # include <unistd.h>
| #endif
| #include <smmintrin.h>
configure:12560: result: no
configure:12560: checking smmintrin.h presence
configure:12560: /home/dean/sunxi-v3s/buildroot-2017.08/output/host/bin/arm-linux-gnueabihf-cpp -D_LARGEFILE_SOURCE -D_LARGEFILE64_SOURCE -D_FILE_OFFSET_BITS=64 conftest.c
conftest.c:23:23: fatal error: smmintrin.h: No such file or directory
 #include <smmintrin.h>
                       ^
compilation terminated.
configure:12560: $? = 1
configure: failed program was:
| /* confdefs.h */
| #define PACKAGE_NAME "libwebp"
| #define PACKAGE_TARNAME "libwebp"
| #define PACKAGE_VERSION "0.5.2"
| #define PACKAGE_STRING "libwebp 0.5.2"
| #define PACKAGE_BUGREPORT "https://bugs.chromium.org/p/webp"
| #define PACKAGE_URL "http://developers.google.com/speed/webp"
| #define PACKAGE "libwebp"
| #define VERSION "0.5.2"
| #define STDC_HEADERS 1
| #define HAVE_SYS_TYPES_H 1
| #define HAVE_SYS_STAT_H 1
| #define HAVE_STDLIB_H 1
| #define HAVE_STRING_H 1
| #define HAVE_MEMORY_H 1
| #define HAVE_STRINGS_H 1
| #define HAVE_INTTYPES_H 1
| #define HAVE_STDINT_H 1
| #define HAVE_UNISTD_H 1
| #define HAVE_DLFCN_H 1
| #define LT_OBJDIR ".libs/"
| /* end confdefs.h.  */
| #include <smmintrin.h>
configure:12560: result: no
configure:12560: checking for smmintrin.h
configure:12560: result: no
configure:12586: checking whether /home/dean/sunxi-v3s/buildroot-2017.08/output/host/bin/arm-linux-gnueabihf-gcc supports -msse2
configure:12592: /home/dean/sunxi-v3s/buildroot-2017.08/output/host/bin/arm-linux-gnueabihf-gcc -c -Werror -msse2 -D_LARGEFILE_SOURCE -D_LARGEFILE64_SOURCE -D_FILE_OFFSET_BITS=64 conftest.c >&5
arm-linux-gnueabihf-gcc: error: unrecognized command line option '-msse2'
configure:12592: $? = 1
configure: failed program was:
| /* confdefs.h */
| #define PACKAGE_NAME "libwebp"
| #define PACKAGE_TARNAME "libwebp"
| #define PACKAGE_VERSION "0.5.2"
| #define PACKAGE_STRING "libwebp 0.5.2"
| #define PACKAGE_BUGREPORT "https://bugs.chromium.org/p/webp"
| #define PACKAGE_URL "http://developers.google.com/speed/webp"
| #define PACKAGE "libwebp"
| #define VERSION "0.5.2"
| #define STDC_HEADERS 1
| #define HAVE_SYS_TYPES_H 1
| #define HAVE_SYS_STAT_H 1
| #define HAVE_STDLIB_H 1
| #define HAVE_STRING_H 1
| #define HAVE_MEMORY_H 1
| #define HAVE_STRINGS_H 1
| #define HAVE_INTTYPES_H 1
| #define HAVE_STDINT_H 1
| #define HAVE_UNISTD_H 1
| #define HAVE_DLFCN_H 1
| #define LT_OBJDIR ".libs/"
| /* end confdefs.h.  */
| int main(void) { return 0; }
configure:12597: result: no
configure:12606: checking emmintrin.h usability
configure:12606: /home/dean/sunxi-v3s/buildroot-2017.08/output/host/bin/arm-linux-gnueabihf-gcc -c -D_LARGEFILE_SOURCE -D_LARGEFILE64_SOURCE -D_FILE_OFFSET_BITS=64  -Os    -D_LARGEFILE_SOURCE -D_LARGEFILE64_SOURCE -D_FILE_OFFSET_BITS=64 conftest.c >&5
conftest.c:56:23: fatal error: emmintrin.h: No such file or directory
 #include <emmintrin.h>
                       ^
compilation terminated.
configure:12606: $? = 1
configure: failed program was:
| /* confdefs.h */
| #define PACKAGE_NAME "libwebp"
| #define PACKAGE_TARNAME "libwebp"
| #define PACKAGE_VERSION "0.5.2"
| #define PACKAGE_STRING "libwebp 0.5.2"
| #define PACKAGE_BUGREPORT "https://bugs.chromium.org/p/webp"
| #define PACKAGE_URL "http://developers.google.com/speed/webp"
| #define PACKAGE "libwebp"
| #define VERSION "0.5.2"
| #define STDC_HEADERS 1
| #define HAVE_SYS_TYPES_H 1
| #define HAVE_SYS_STAT_H 1
| #define HAVE_STDLIB_H 1
| #define HAVE_STRING_H 1
| #define HAVE_MEMORY_H 1
| #define HAVE_STRINGS_H 1
| #define HAVE_INTTYPES_H 1
| #define HAVE_STDINT_H 1
| #define HAVE_UNISTD_H 1
| #define HAVE_DLFCN_H 1
| #define LT_OBJDIR ".libs/"
| /* end confdefs.h.  */
| #include <stdio.h>
| #ifdef HAVE_SYS_TYPES_H
| # include <sys/types.h>
| #endif
| #ifdef HAVE_SYS_STAT_H
| # include <sys/stat.h>
| #endif
| #ifdef STDC_HEADERS
| # include <stdlib.h>
| # include <stddef.h>
| #else
| # ifdef HAVE_STDLIB_H
| #  include <stdlib.h>
| # endif
| #endif
| #ifdef HAVE_STRING_H
| # if !defined STDC_HEADERS && defined HAVE_MEMORY_H
| #  include <memory.h>
| # endif
| # include <string.h>
| #endif
| #ifdef HAVE_STRINGS_H
| # include <strings.h>
| #endif
| #ifdef HAVE_INTTYPES_H
| # include <inttypes.h>
| #endif
| #ifdef HAVE_STDINT_H
| # include <stdint.h>
| #endif
| #ifdef HAVE_UNISTD_H
| # include <unistd.h>
| #endif
| #include <emmintrin.h>
configure:12606: result: no
configure:12606: checking emmintrin.h presence
configure:12606: /home/dean/sunxi-v3s/buildroot-2017.08/output/host/bin/arm-linux-gnueabihf-cpp -D_LARGEFILE_SOURCE -D_LARGEFILE64_SOURCE -D_FILE_OFFSET_BITS=64 conftest.c
conftest.c:23:23: fatal error: emmintrin.h: No such file or directory
 #include <emmintrin.h>
                       ^
compilation terminated.
configure:12606: $? = 1
configure: failed program was:
| /* confdefs.h */
| #define PACKAGE_NAME "libwebp"
| #define PACKAGE_TARNAME "libwebp"
| #define PACKAGE_VERSION "0.5.2"
| #define PACKAGE_STRING "libwebp 0.5.2"
| #define PACKAGE_BUGREPORT "https://bugs.chromium.org/p/webp"
| #define PACKAGE_URL "http://developers.google.com/speed/webp"
| #define PACKAGE "libwebp"
| #define VERSION "0.5.2"
| #define STDC_HEADERS 1
| #define HAVE_SYS_TYPES_H 1
| #define HAVE_SYS_STAT_H 1
| #define HAVE_STDLIB_H 1
| #define HAVE_STRING_H 1
| #define HAVE_MEMORY_H 1
| #define HAVE_STRINGS_H 1
| #define HAVE_INTTYPES_H 1
| #define HAVE_STDINT_H 1
| #define HAVE_UNISTD_H 1
| #define HAVE_DLFCN_H 1
| #define LT_OBJDIR ".libs/"
| /* end confdefs.h.  */
| #include <emmintrin.h>
configure:12606: result: no
configure:12606: checking for emmintrin.h
configure:12606: result: no
configure:12644: checking whether /home/dean/sunxi-v3s/buildroot-2017.08/output/host/bin/arm-linux-gnueabihf-gcc supports 
configure:12650: /home/dean/sunxi-v3s/buildroot-2017.08/output/host/bin/arm-linux-gnueabihf-gcc -c -Werror  -D_LARGEFILE_SOURCE -D_LARGEFILE64_SOURCE -D_FILE_OFFSET_BITS=64 conftest.c >&5
configure:12650: $? = 0
configure:12651: result: yes
configure:12673: /home/dean/sunxi-v3s/buildroot-2017.08/output/host/bin/arm-linux-gnueabihf-gcc -c -D_LARGEFILE_SOURCE -D_LARGEFILE64_SOURCE -D_FILE_OFFSET_BITS=64  -Os     -D_LARGEFILE_SOURCE -D_LARGEFILE64_SOURCE -D_FILE_OFFSET_BITS=64 conftest.c >&5
configure:12673: $? = 0
configure:12744: checking for __builtin_bswap16
configure:12757: /home/dean/sunxi-v3s/buildroot-2017.08/output/host/bin/arm-linux-gnueabihf-gcc -o conftest -D_LARGEFILE_SOURCE -D_LARGEFILE64_SOURCE -D_FILE_OFFSET_BITS=64  -Os  -D_LARGEFILE_SOURCE -D_LARGEFILE64_SOURCE -D_FILE_OFFSET_BITS=64  conftest.c  >&5
configure:12757: $? = 0
configure:12758: result: yes
configure:12781: checking for __builtin_bswap32
configure:12794: /home/dean/sunxi-v3s/buildroot-2017.08/output/host/bin/arm-linux-gnueabihf-gcc -o conftest -D_LARGEFILE_SOURCE -D_LARGEFILE64_SOURCE -D_FILE_OFFSET_BITS=64  -Os  -D_LARGEFILE_SOURCE -D_LARGEFILE64_SOURCE -D_FILE_OFFSET_BITS=64  conftest.c  >&5
configure:12794: $? = 0
configure:12795: result: yes
configure:12818: checking for __builtin_bswap64
configure:12831: /home/dean/sunxi-v3s/buildroot-2017.08/output/host/bin/arm-linux-gnueabihf-gcc -o conftest -D_LARGEFILE_SOURCE -D_LARGEFILE64_SOURCE -D_FILE_OFFSET_BITS=64  -Os  -D_LARGEFILE_SOURCE -D_LARGEFILE64_SOURCE -D_FILE_OFFSET_BITS=64  conftest.c  >&5
configure:12831: $? = 0
configure:12832: result: yes
configure:12858: checking for threading support...
configure:12972: checking if compiler needs -Werror to reject unknown flags
configure:12988: /home/dean/sunxi-v3s/buildroot-2017.08/output/host/bin/arm-linux-gnueabihf-gcc -c -D_LARGEFILE_SOURCE -D_LARGEFILE64_SOURCE -D_FILE_OFFSET_BITS=64  -Os  -Werror -Wunknown-warning-option -Wsizeof-array-argument -D_LARGEFILE_SOURCE -D_LARGEFILE64_SOURCE -D_FILE_OFFSET_BITS=64 conftest.c >&5
arm-linux-gnueabihf-gcc: error: unrecognized command line option '-Wunknown-warning-option'; did you mean '-Wno-warning-token'?
configure:12988: $? = 1
configure: failed program was:
| /* confdefs.h */
| #define PACKAGE_NAME "libwebp"
| #define PACKAGE_TARNAME "libwebp"
| #define PACKAGE_VERSION "0.5.2"
| #define PACKAGE_STRING "libwebp 0.5.2"
| #define PACKAGE_BUGREPORT "https://bugs.chromium.org/p/webp"
| #define PACKAGE_URL "http://developers.google.com/speed/webp"
| #define PACKAGE "libwebp"
| #define VERSION "0.5.2"
| #define STDC_HEADERS 1
| #define HAVE_SYS_TYPES_H 1
| #define HAVE_SYS_STAT_H 1
| #define HAVE_STDLIB_H 1
| #define HAVE_STRING_H 1
| #define HAVE_MEMORY_H 1
| #define HAVE_STRINGS_H 1
| #define HAVE_INTTYPES_H 1
| #define HAVE_STDINT_H 1
| #define HAVE_UNISTD_H 1
| #define HAVE_DLFCN_H 1
| #define LT_OBJDIR ".libs/"
| #define WEBP_HAVE_NEON 1
| #define HAVE_BUILTIN_BSWAP16 1
| #define HAVE_BUILTIN_BSWAP32 1
| #define HAVE_BUILTIN_BSWAP64 1
| /* end confdefs.h.  */
| int foo(void);
| int
| main ()
| {
| foo()
|   ;
|   return 0;
| }
configure:12993: result: no
configure:13059: checking for the pthreads library -lpthreads
configure:13097: /home/dean/sunxi-v3s/buildroot-2017.08/output/host/bin/arm-linux-gnueabihf-gcc -o conftest -D_LARGEFILE_SOURCE -D_LARGEFILE64_SOURCE -D_FILE_OFFSET_BITS=64  -Os    -D_LARGEFILE_SOURCE -D_LARGEFILE64_SOURCE -D_FILE_OFFSET_BITS=64  conftest.c -lpthreads  >&5
/opt/gcc-linaro-6.3.1-2017.05-x86_64_arm-linux-gnueabihf/bin/../lib/gcc/arm-linux-gnueabihf/6.3.1/../../../../arm-linux-gnueabihf/bin/ld: cannot find -lpthreads
collect2: error: ld returned 1 exit status
configure:13097: $? = 1
configure: failed program was:
| /* confdefs.h */
| #define PACKAGE_NAME "libwebp"
| #define PACKAGE_TARNAME "libwebp"
| #define PACKAGE_VERSION "0.5.2"
| #define PACKAGE_STRING "libwebp 0.5.2"
| #define PACKAGE_BUGREPORT "https://bugs.chromium.org/p/webp"
| #define PACKAGE_URL "http://developers.google.com/speed/webp"
| #define PACKAGE "libwebp"
| #define VERSION "0.5.2"
| #define STDC_HEADERS 1
| #define HAVE_SYS_TYPES_H 1
| #define HAVE_SYS_STAT_H 1
| #define HAVE_STDLIB_H 1
| #define HAVE_STRING_H 1
| #define HAVE_MEMORY_H 1
| #define HAVE_STRINGS_H 1
| #define HAVE_INTTYPES_H 1
| #define HAVE_STDINT_H 1
| #define HAVE_UNISTD_H 1
| #define HAVE_DLFCN_H 1
| #define LT_OBJDIR ".libs/"
| #define WEBP_HAVE_NEON 1
| #define HAVE_BUILTIN_BSWAP16 1
| #define HAVE_BUILTIN_BSWAP32 1
| #define HAVE_BUILTIN_BSWAP64 1
| /* end confdefs.h.  */
| #include <pthread.h>
|                         static void routine(void *a) { a = 0; }
|                         static void *start_routine(void *a) { return a; }
| int
| main ()
| {
| pthread_t th; pthread_attr_t attr;
|                         pthread_create(&th, 0, start_routine, 0);
|                         pthread_join(th, 0);
|                         pthread_attr_init(&attr);
|                         pthread_cleanup_push(routine, 0);
|                         pthread_cleanup_pop(0) /* ; */
|   ;
|   return 0;
| }
configure:13106: result: no
configure:13004: checking whether pthreads work without any flags
configure:13097: /home/dean/sunxi-v3s/buildroot-2017.08/output/host/bin/arm-linux-gnueabihf-gcc -o conftest -D_LARGEFILE_SOURCE -D_LARGEFILE64_SOURCE -D_FILE_OFFSET_BITS=64  -Os    -D_LARGEFILE_SOURCE -D_LARGEFILE64_SOURCE -D_FILE_OFFSET_BITS=64  conftest.c   >&5
/tmp/cctB97u3.o: In function `main':
conftest.c:(.text.startup+0x18): undefined reference to `pthread_create'
conftest.c:(.text.startup+0x24): undefined reference to `pthread_join'
conftest.c:(.text.startup+0x5c): undefined reference to `__pthread_register_cancel'
conftest.c:(.text.startup+0x64): undefined reference to `__pthread_unregister_cancel'
collect2: error: ld returned 1 exit status
configure:13097: $? = 1
configure: failed program was:
| /* confdefs.h */
| #define PACKAGE_NAME "libwebp"
| #define PACKAGE_TARNAME "libwebp"
| #define PACKAGE_VERSION "0.5.2"
| #define PACKAGE_STRING "libwebp 0.5.2"
| #define PACKAGE_BUGREPORT "https://bugs.chromium.org/p/webp"
| #define PACKAGE_URL "http://developers.google.com/speed/webp"
| #define PACKAGE "libwebp"
| #define VERSION "0.5.2"
| #define STDC_HEADERS 1
| #define HAVE_SYS_TYPES_H 1
| #define HAVE_SYS_STAT_H 1
| #define HAVE_STDLIB_H 1
| #define HAVE_STRING_H 1
| #define HAVE_MEMORY_H 1
| #define HAVE_STRINGS_H 1
| #define HAVE_INTTYPES_H 1
| #define HAVE_STDINT_H 1
| #define HAVE_UNISTD_H 1
| #define HAVE_DLFCN_H 1
| #define LT_OBJDIR ".libs/"
| #define WEBP_HAVE_NEON 1
| #define HAVE_BUILTIN_BSWAP16 1
| #define HAVE_BUILTIN_BSWAP32 1
| #define HAVE_BUILTIN_BSWAP64 1
| /* end confdefs.h.  */
| #include <pthread.h>
|                         static void routine(void *a) { a = 0; }
|                         static void *start_routine(void *a) { return a; }
| int
| main ()
| {
| pthread_t th; pthread_attr_t attr;
|                         pthread_create(&th, 0, start_routine, 0);
|                         pthread_join(th, 0);
|                         pthread_attr_init(&attr);
|                         pthread_cleanup_push(routine, 0);
|                         pthread_cleanup_pop(0) /* ; */
|   ;
|   return 0;
| }
configure:13106: result: no
configure:13009: checking whether pthreads work with -Kthread
configure:13097: /home/dean/sunxi-v3s/buildroot-2017.08/output/host/bin/arm-linux-gnueabihf-gcc -o conftest -D_LARGEFILE_SOURCE -D_LARGEFILE64_SOURCE -D_FILE_OFFSET_BITS=64  -Os  -Kthread  -D_LARGEFILE_SOURCE -D_LARGEFILE64_SOURCE -D_FILE_OFFSET_BITS=64  conftest.c   >&5
arm-linux-gnueabihf-gcc: error: unrecognized command line option '-Kthread'; did you mean '-pthread'?
configure:13097: $? = 1
configure: failed program was:
| /* confdefs.h */
| #define PACKAGE_NAME "libwebp"
| #define PACKAGE_TARNAME "libwebp"
| #define PACKAGE_VERSION "0.5.2"
| #define PACKAGE_STRING "libwebp 0.5.2"
| #define PACKAGE_BUGREPORT "https://bugs.chromium.org/p/webp"
| #define PACKAGE_URL "http://developers.google.com/speed/webp"
| #define PACKAGE "libwebp"
| #define VERSION "0.5.2"
| #define STDC_HEADERS 1
| #define HAVE_SYS_TYPES_H 1
| #define HAVE_SYS_STAT_H 1
| #define HAVE_STDLIB_H 1
| #define HAVE_STRING_H 1
| #define HAVE_MEMORY_H 1
| #define HAVE_STRINGS_H 1
| #define HAVE_INTTYPES_H 1
| #define HAVE_STDINT_H 1
| #define HAVE_UNISTD_H 1
| #define HAVE_DLFCN_H 1
| #define LT_OBJDIR ".libs/"
| #define WEBP_HAVE_NEON 1
| #define HAVE_BUILTIN_BSWAP16 1
| #define HAVE_BUILTIN_BSWAP32 1
| #define HAVE_BUILTIN_BSWAP64 1
| /* end confdefs.h.  */
| #include <pthread.h>
|                         static void routine(void *a) { a = 0; }
|                         static void *start_routine(void *a) { return a; }
| int
| main ()
| {
| pthread_t th; pthread_attr_t attr;
|                         pthread_create(&th, 0, start_routine, 0);
|                         pthread_join(th, 0);
|                         pthread_attr_init(&attr);
|                         pthread_cleanup_push(routine, 0);
|                         pthread_cleanup_pop(0) /* ; */
|   ;
|   return 0;
| }
configure:13106: result: no
configure:13009: checking whether pthreads work with -kthread
configure:13097: /home/dean/sunxi-v3s/buildroot-2017.08/output/host/bin/arm-linux-gnueabihf-gcc -o conftest -D_LARGEFILE_SOURCE -D_LARGEFILE64_SOURCE -D_FILE_OFFSET_BITS=64  -Os  -kthread  -D_LARGEFILE_SOURCE -D_LARGEFILE64_SOURCE -D_FILE_OFFSET_BITS=64  conftest.c   >&5
arm-linux-gnueabihf-gcc: error: unrecognized command line option '-kthread'; did you mean '-pthread'?
configure:13097: $? = 1
configure: failed program was:
| /* confdefs.h */
| #define PACKAGE_NAME "libwebp"
| #define PACKAGE_TARNAME "libwebp"
| #define PACKAGE_VERSION "0.5.2"
| #define PACKAGE_STRING "libwebp 0.5.2"
| #define PACKAGE_BUGREPORT "https://bugs.chromium.org/p/webp"
| #define PACKAGE_URL "http://developers.google.com/speed/webp"
| #define PACKAGE "libwebp"
| #define VERSION "0.5.2"
| #define STDC_HEADERS 1
| #define HAVE_SYS_TYPES_H 1
| #define HAVE_SYS_STAT_H 1
| #define HAVE_STDLIB_H 1
| #define HAVE_STRING_H 1
| #define HAVE_MEMORY_H 1
| #define HAVE_STRINGS_H 1
| #define HAVE_INTTYPES_H 1
| #define HAVE_STDINT_H 1
| #define HAVE_UNISTD_H 1
| #define HAVE_DLFCN_H 1
| #define LT_OBJDIR ".libs/"
| #define WEBP_HAVE_NEON 1
| #define HAVE_BUILTIN_BSWAP16 1
| #define HAVE_BUILTIN_BSWAP32 1
| #define HAVE_BUILTIN_BSWAP64 1
| /* end confdefs.h.  */
| #include <pthread.h>
|                         static void routine(void *a) { a = 0; }
|                         static void *start_routine(void *a) { return a; }
| int
| main ()
| {
| pthread_t th; pthread_attr_t attr;
|                         pthread_create(&th, 0, start_routine, 0);
|                         pthread_join(th, 0);
|                         pthread_attr_init(&attr);
|                         pthread_cleanup_push(routine, 0);
|                         pthread_cleanup_pop(0) /* ; */
|   ;
|   return 0;
| }
configure:13106: result: no
configure:13059: checking for the pthreads library -llthread
configure:13097: /home/dean/sunxi-v3s/buildroot-2017.08/output/host/bin/arm-linux-gnueabihf-gcc -o conftest -D_LARGEFILE_SOURCE -D_LARGEFILE64_SOURCE -D_FILE_OFFSET_BITS=64  -Os    -D_LARGEFILE_SOURCE -D_LARGEFILE64_SOURCE -D_FILE_OFFSET_BITS=64  conftest.c -llthread  >&5
/opt/gcc-linaro-6.3.1-2017.05-x86_64_arm-linux-gnueabihf/bin/../lib/gcc/arm-linux-gnueabihf/6.3.1/../../../../arm-linux-gnueabihf/bin/ld: cannot find -llthread
collect2: error: ld returned 1 exit status
configure:13097: $? = 1
configure: failed program was:
| /* confdefs.h */
| #define PACKAGE_NAME "libwebp"
| #define PACKAGE_TARNAME "libwebp"
| #define PACKAGE_VERSION "0.5.2"
| #define PACKAGE_STRING "libwebp 0.5.2"
| #define PACKAGE_BUGREPORT "https://bugs.chromium.org/p/webp"
| #define PACKAGE_URL "http://developers.google.com/speed/webp"
| #define PACKAGE "libwebp"
| #define VERSION "0.5.2"
| #define STDC_HEADERS 1
| #define HAVE_SYS_TYPES_H 1
| #define HAVE_SYS_STAT_H 1
| #define HAVE_STDLIB_H 1
| #define HAVE_STRING_H 1
| #define HAVE_MEMORY_H 1
| #define HAVE_STRINGS_H 1
| #define HAVE_INTTYPES_H 1
| #define HAVE_STDINT_H 1
| #define HAVE_UNISTD_H 1
| #define HAVE_DLFCN_H 1
| #define LT_OBJDIR ".libs/"
| #define WEBP_HAVE_NEON 1
| #define HAVE_BUILTIN_BSWAP16 1
| #define HAVE_BUILTIN_BSWAP32 1
| #define HAVE_BUILTIN_BSWAP64 1
| /* end confdefs.h.  */
| #include <pthread.h>
|                         static void routine(void *a) { a = 0; }
|                         static void *start_routine(void *a) { return a; }
| int
| main ()
| {
| pthread_t th; pthread_attr_t attr;
|                         pthread_create(&th, 0, start_routine, 0);
|                         pthread_join(th, 0);
|                         pthread_attr_init(&attr);
|                         pthread_cleanup_push(routine, 0);
|                         pthread_cleanup_pop(0) /* ; */
|   ;
|   return 0;
| }
configure:13106: result: no
configure:13009: checking whether pthreads work with -pthread
configure:13097: /home/dean/sunxi-v3s/buildroot-2017.08/output/host/bin/arm-linux-gnueabihf-gcc -o conftest -D_LARGEFILE_SOURCE -D_LARGEFILE64_SOURCE -D_FILE_OFFSET_BITS=64  -Os  -pthread  -D_LARGEFILE_SOURCE -D_LARGEFILE64_SOURCE -D_FILE_OFFSET_BITS=64  conftest.c   >&5
configure:13097: $? = 0
configure:13106: result: yes
configure:13125: checking for joinable pthread attribute
configure:13140: /home/dean/sunxi-v3s/buildroot-2017.08/output/host/bin/arm-linux-gnueabihf-gcc -o conftest -D_LARGEFILE_SOURCE -D_LARGEFILE64_SOURCE -D_FILE_OFFSET_BITS=64  -Os  -pthread -D_LARGEFILE_SOURCE -D_LARGEFILE64_SOURCE -D_FILE_OFFSET_BITS=64  conftest.c   >&5
configure:13140: $? = 0
configure:13146: result: PTHREAD_CREATE_JOINABLE
configure:13156: checking if more special flags are required for pthreads
configure:13171: result: no
configure:13177: checking for PTHREAD_PRIO_INHERIT
configure:13194: /home/dean/sunxi-v3s/buildroot-2017.08/output/host/bin/arm-linux-gnueabihf-gcc -o conftest -D_LARGEFILE_SOURCE -D_LARGEFILE64_SOURCE -D_FILE_OFFSET_BITS=64  -Os  -pthread -D_LARGEFILE_SOURCE -D_LARGEFILE64_SOURCE -D_FILE_OFFSET_BITS=64  conftest.c   >&5
configure:13194: $? = 0
configure:13203: result: yes
configure:13315: checking if threading is enabled... yes
configure:13372: checking GL/glut.h usability
configure:13372: /home/dean/sunxi-v3s/buildroot-2017.08/output/host/bin/arm-linux-gnueabihf-gcc -c -D_LARGEFILE_SOURCE -D_LARGEFILE64_SOURCE -D_FILE_OFFSET_BITS=64  -Os  -pthread  -D_LARGEFILE_SOURCE -D_LARGEFILE64_SOURCE -D_FILE_OFFSET_BITS=64 conftest.c >&5
conftest.c:62:21: fatal error: GL/glut.h: No such file or directory
 #include <GL/glut.h>
                     ^
compilation terminated.
configure:13372: $? = 1
configure: failed program was:
| /* confdefs.h */
| #define PACKAGE_NAME "libwebp"
| #define PACKAGE_TARNAME "libwebp"
| #define PACKAGE_VERSION "0.5.2"
| #define PACKAGE_STRING "libwebp 0.5.2"
| #define PACKAGE_BUGREPORT "https://bugs.chromium.org/p/webp"
| #define PACKAGE_URL "http://developers.google.com/speed/webp"
| #define PACKAGE "libwebp"
| #define VERSION "0.5.2"
| #define STDC_HEADERS 1
| #define HAVE_SYS_TYPES_H 1
| #define HAVE_SYS_STAT_H 1
| #define HAVE_STDLIB_H 1
| #define HAVE_STRING_H 1
| #define HAVE_MEMORY_H 1
| #define HAVE_STRINGS_H 1
| #define HAVE_INTTYPES_H 1
| #define HAVE_STDINT_H 1
| #define HAVE_UNISTD_H 1
| #define HAVE_DLFCN_H 1
| #define LT_OBJDIR ".libs/"
| #define WEBP_HAVE_NEON 1
| #define HAVE_BUILTIN_BSWAP16 1
| #define HAVE_BUILTIN_BSWAP32 1
| #define HAVE_BUILTIN_BSWAP64 1
| #define HAVE_PTHREAD_PRIO_INHERIT 1
| #define WEBP_USE_THREAD 1
| /* end confdefs.h.  */
| #include <stdio.h>
| #ifdef HAVE_SYS_TYPES_H
| # include <sys/types.h>
| #endif
| #ifdef HAVE_SYS_STAT_H
| # include <sys/stat.h>
| #endif
| #ifdef STDC_HEADERS
| # include <stdlib.h>
| # include <stddef.h>
| #else
| # ifdef HAVE_STDLIB_H
| #  include <stdlib.h>
| # endif
| #endif
| #ifdef HAVE_STRING_H
| # if !defined STDC_HEADERS && defined HAVE_MEMORY_H
| #  include <memory.h>
| # endif
| # include <string.h>
| #endif
| #ifdef HAVE_STRINGS_H
| # include <strings.h>
| #endif
| #ifdef HAVE_INTTYPES_H
| # include <inttypes.h>
| #endif
| #ifdef HAVE_STDINT_H
| # include <stdint.h>
| #endif
| #ifdef HAVE_UNISTD_H
| # include <unistd.h>
| #endif
| #include <GL/glut.h>
configure:13372: result: no
configure:13372: checking GL/glut.h presence
configure:13372: /home/dean/sunxi-v3s/buildroot-2017.08/output/host/bin/arm-linux-gnueabihf-cpp  -D_LARGEFILE_SOURCE -D_LARGEFILE64_SOURCE -D_FILE_OFFSET_BITS=64 conftest.c
conftest.c:29:21: fatal error: GL/glut.h: No such file or directory
 #include <GL/glut.h>
                     ^
compilation terminated.
configure:13372: $? = 1
configure: failed program was:
| /* confdefs.h */
| #define PACKAGE_NAME "libwebp"
| #define PACKAGE_TARNAME "libwebp"
| #define PACKAGE_VERSION "0.5.2"
| #define PACKAGE_STRING "libwebp 0.5.2"
| #define PACKAGE_BUGREPORT "https://bugs.chromium.org/p/webp"
| #define PACKAGE_URL "http://developers.google.com/speed/webp"
| #define PACKAGE "libwebp"
| #define VERSION "0.5.2"
| #define STDC_HEADERS 1
| #define HAVE_SYS_TYPES_H 1
| #define HAVE_SYS_STAT_H 1
| #define HAVE_STDLIB_H 1
| #define HAVE_STRING_H 1
| #define HAVE_MEMORY_H 1
| #define HAVE_STRINGS_H 1
| #define HAVE_INTTYPES_H 1
| #define HAVE_STDINT_H 1
| #define HAVE_UNISTD_H 1
| #define HAVE_DLFCN_H 1
| #define LT_OBJDIR ".libs/"
| #define WEBP_HAVE_NEON 1
| #define HAVE_BUILTIN_BSWAP16 1
| #define HAVE_BUILTIN_BSWAP32 1
| #define HAVE_BUILTIN_BSWAP64 1
| #define HAVE_PTHREAD_PRIO_INHERIT 1
| #define WEBP_USE_THREAD 1
| /* end confdefs.h.  */
| #include <GL/glut.h>
configure:13372: result: no
configure:13372: checking for GL/glut.h
configure:13372: result: no
configure:13372: checking GLUT/glut.h usability
configure:13372: /home/dean/sunxi-v3s/buildroot-2017.08/output/host/bin/arm-linux-gnueabihf-gcc -c -D_LARGEFILE_SOURCE -D_LARGEFILE64_SOURCE -D_FILE_OFFSET_BITS=64  -Os  -pthread  -D_LARGEFILE_SOURCE -D_LARGEFILE64_SOURCE -D_FILE_OFFSET_BITS=64 conftest.c >&5
conftest.c:62:23: fatal error: GLUT/glut.h: No such file or directory
 #include <GLUT/glut.h>
                       ^
compilation terminated.
configure:13372: $? = 1
configure: failed program was:
| /* confdefs.h */
| #define PACKAGE_NAME "libwebp"
| #define PACKAGE_TARNAME "libwebp"
| #define PACKAGE_VERSION "0.5.2"
| #define PACKAGE_STRING "libwebp 0.5.2"
| #define PACKAGE_BUGREPORT "https://bugs.chromium.org/p/webp"
| #define PACKAGE_URL "http://developers.google.com/speed/webp"
| #define PACKAGE "libwebp"
| #define VERSION "0.5.2"
| #define STDC_HEADERS 1
| #define HAVE_SYS_TYPES_H 1
| #define HAVE_SYS_STAT_H 1
| #define HAVE_STDLIB_H 1
| #define HAVE_STRING_H 1
| #define HAVE_MEMORY_H 1
| #define HAVE_STRINGS_H 1
| #define HAVE_INTTYPES_H 1
| #define HAVE_STDINT_H 1
| #define HAVE_UNISTD_H 1
| #define HAVE_DLFCN_H 1
| #define LT_OBJDIR ".libs/"
| #define WEBP_HAVE_NEON 1
| #define HAVE_BUILTIN_BSWAP16 1
| #define HAVE_BUILTIN_BSWAP32 1
| #define HAVE_BUILTIN_BSWAP64 1
| #define HAVE_PTHREAD_PRIO_INHERIT 1
| #define WEBP_USE_THREAD 1
| /* end confdefs.h.  */
| #include <stdio.h>
| #ifdef HAVE_SYS_TYPES_H
| # include <sys/types.h>
| #endif
| #ifdef HAVE_SYS_STAT_H
| # include <sys/stat.h>
| #endif
| #ifdef STDC_HEADERS
| # include <stdlib.h>
| # include <stddef.h>
| #else
| # ifdef HAVE_STDLIB_H
| #  include <stdlib.h>
| # endif
| #endif
| #ifdef HAVE_STRING_H
| # if !defined STDC_HEADERS && defined HAVE_MEMORY_H
| #  include <memory.h>
| # endif
| # include <string.h>
| #endif
| #ifdef HAVE_STRINGS_H
| # include <strings.h>
| #endif
| #ifdef HAVE_INTTYPES_H
| # include <inttypes.h>
| #endif
| #ifdef HAVE_STDINT_H
| # include <stdint.h>
| #endif
| #ifdef HAVE_UNISTD_H
| # include <unistd.h>
| #endif
| #include <GLUT/glut.h>
configure:13372: result: no
configure:13372: checking GLUT/glut.h presence
configure:13372: /home/dean/sunxi-v3s/buildroot-2017.08/output/host/bin/arm-linux-gnueabihf-cpp  -D_LARGEFILE_SOURCE -D_LARGEFILE64_SOURCE -D_FILE_OFFSET_BITS=64 conftest.c
conftest.c:29:23: fatal error: GLUT/glut.h: No such file or directory
 #include <GLUT/glut.h>
                       ^
compilation terminated.
configure:13372: $? = 1
configure: failed program was:
| /* confdefs.h */
| #define PACKAGE_NAME "libwebp"
| #define PACKAGE_TARNAME "libwebp"
| #define PACKAGE_VERSION "0.5.2"
| #define PACKAGE_STRING "libwebp 0.5.2"
| #define PACKAGE_BUGREPORT "https://bugs.chromium.org/p/webp"
| #define PACKAGE_URL "http://developers.google.com/speed/webp"
| #define PACKAGE "libwebp"
| #define VERSION "0.5.2"
| #define STDC_HEADERS 1
| #define HAVE_SYS_TYPES_H 1
| #define HAVE_SYS_STAT_H 1
| #define HAVE_STDLIB_H 1
| #define HAVE_STRING_H 1
| #define HAVE_MEMORY_H 1
| #define HAVE_STRINGS_H 1
| #define HAVE_INTTYPES_H 1
| #define HAVE_STDINT_H 1
| #define HAVE_UNISTD_H 1
| #define HAVE_DLFCN_H 1
| #define LT_OBJDIR ".libs/"
| #define WEBP_HAVE_NEON 1
| #define HAVE_BUILTIN_BSWAP16 1
| #define HAVE_BUILTIN_BSWAP32 1
| #define HAVE_BUILTIN_BSWAP64 1
| #define HAVE_PTHREAD_PRIO_INHERIT 1
| #define WEBP_USE_THREAD 1
| /* end confdefs.h.  */
| #include <GLUT/glut.h>
configure:13372: result: no
configure:13372: checking for GLUT/glut.h
configure:13372: result: no
configure:13372: checking OpenGL/glut.h usability
configure:13372: /home/dean/sunxi-v3s/buildroot-2017.08/output/host/bin/arm-linux-gnueabihf-gcc -c -D_LARGEFILE_SOURCE -D_LARGEFILE64_SOURCE -D_FILE_OFFSET_BITS=64  -Os  -pthread  -D_LARGEFILE_SOURCE -D_LARGEFILE64_SOURCE -D_FILE_OFFSET_BITS=64 conftest.c >&5
conftest.c:62:25: fatal error: OpenGL/glut.h: No such file or directory
 #include <OpenGL/glut.h>
                         ^
compilation terminated.
configure:13372: $? = 1
configure: failed program was:
| /* confdefs.h */
| #define PACKAGE_NAME "libwebp"
| #define PACKAGE_TARNAME "libwebp"
| #define PACKAGE_VERSION "0.5.2"
| #define PACKAGE_STRING "libwebp 0.5.2"
| #define PACKAGE_BUGREPORT "https://bugs.chromium.org/p/webp"
| #define PACKAGE_URL "http://developers.google.com/speed/webp"
| #define PACKAGE "libwebp"
| #define VERSION "0.5.2"
| #define STDC_HEADERS 1
| #define HAVE_SYS_TYPES_H 1
| #define HAVE_SYS_STAT_H 1
| #define HAVE_STDLIB_H 1
| #define HAVE_STRING_H 1
| #define HAVE_MEMORY_H 1
| #define HAVE_STRINGS_H 1
| #define HAVE_INTTYPES_H 1
| #define HAVE_STDINT_H 1
| #define HAVE_UNISTD_H 1
| #define HAVE_DLFCN_H 1
| #define LT_OBJDIR ".libs/"
| #define WEBP_HAVE_NEON 1
| #define HAVE_BUILTIN_BSWAP16 1
| #define HAVE_BUILTIN_BSWAP32 1
| #define HAVE_BUILTIN_BSWAP64 1
| #define HAVE_PTHREAD_PRIO_INHERIT 1
| #define WEBP_USE_THREAD 1
| /* end confdefs.h.  */
| #include <stdio.h>
| #ifdef HAVE_SYS_TYPES_H
| # include <sys/types.h>
| #endif
| #ifdef HAVE_SYS_STAT_H
| # include <sys/stat.h>
| #endif
| #ifdef STDC_HEADERS
| # include <stdlib.h>
| # include <stddef.h>
| #else
| # ifdef HAVE_STDLIB_H
| #  include <stdlib.h>
| # endif
| #endif
| #ifdef HAVE_STRING_H
| # if !defined STDC_HEADERS && defined HAVE_MEMORY_H
| #  include <memory.h>
| # endif
| # include <string.h>
| #endif
| #ifdef HAVE_STRINGS_H
| # include <strings.h>
| #endif
| #ifdef HAVE_INTTYPES_H
| # include <inttypes.h>
| #endif
| #ifdef HAVE_STDINT_H
| # include <stdint.h>
| #endif
| #ifdef HAVE_UNISTD_H
| # include <unistd.h>
| #endif
| #include <OpenGL/glut.h>
configure:13372: result: no
configure:13372: checking OpenGL/glut.h presence
configure:13372: /home/dean/sunxi-v3s/buildroot-2017.08/output/host/bin/arm-linux-gnueabihf-cpp  -D_LARGEFILE_SOURCE -D_LARGEFILE64_SOURCE -D_FILE_OFFSET_BITS=64 conftest.c
conftest.c:29:25: fatal error: OpenGL/glut.h: No such file or directory
 #include <OpenGL/glut.h>
                         ^
compilation terminated.
configure:13372: $? = 1
configure: failed program was:
| /* confdefs.h */
| #define PACKAGE_NAME "libwebp"
| #define PACKAGE_TARNAME "libwebp"
| #define PACKAGE_VERSION "0.5.2"
| #define PACKAGE_STRING "libwebp 0.5.2"
| #define PACKAGE_BUGREPORT "https://bugs.chromium.org/p/webp"
| #define PACKAGE_URL "http://developers.google.com/speed/webp"
| #define PACKAGE "libwebp"
| #define VERSION "0.5.2"
| #define STDC_HEADERS 1
| #define HAVE_SYS_TYPES_H 1
| #define HAVE_SYS_STAT_H 1
| #define HAVE_STDLIB_H 1
| #define HAVE_STRING_H 1
| #define HAVE_MEMORY_H 1
| #define HAVE_STRINGS_H 1
| #define HAVE_INTTYPES_H 1
| #define HAVE_STDINT_H 1
| #define HAVE_UNISTD_H 1
| #define HAVE_DLFCN_H 1
| #define LT_OBJDIR ".libs/"
| #define WEBP_HAVE_NEON 1
| #define HAVE_BUILTIN_BSWAP16 1
| #define HAVE_BUILTIN_BSWAP32 1
| #define HAVE_BUILTIN_BSWAP64 1
| #define HAVE_PTHREAD_PRIO_INHERIT 1
| #define WEBP_USE_THREAD 1
| /* end confdefs.h.  */
| #include <OpenGL/glut.h>
configure:13372: result: no
configure:13372: checking for OpenGL/glut.h
configure:13372: result: no
configure:13555: checking for libpng-config
configure:13585: result: /home/dean/sunxi-v3s/buildroot-2017.08/output/host/arm-buildroot-linux-gnueabihf/sysroot/usr/bin/libpng-config
configure:13618: checking png.h usability
configure:13618: /home/dean/sunxi-v3s/buildroot-2017.08/output/host/bin/arm-linux-gnueabihf-gcc -c -D_LARGEFILE_SOURCE -D_LARGEFILE64_SOURCE -D_FILE_OFFSET_BITS=64  -Os  -pthread -I/home/dean/sunxi-v3s/buildroot-2017.08/output/host/arm-buildroot-linux-gnueabihf/sysroot/usr/include/libpng16 -D_LARGEFILE_SOURCE -D_LARGEFILE64_SOURCE -D_FILE_OFFSET_BITS=64 conftest.c >&5
configure:13618: $? = 0
configure:13618: result: yes
configure:13618: checking png.h presence
configure:13618: /home/dean/sunxi-v3s/buildroot-2017.08/output/host/bin/arm-linux-gnueabihf-cpp -I/home/dean/sunxi-v3s/buildroot-2017.08/output/host/arm-buildroot-linux-gnueabihf/sysroot/usr/include/libpng16 -D_LARGEFILE_SOURCE -D_LARGEFILE64_SOURCE -D_FILE_OFFSET_BITS=64 conftest.c
configure:13618: $? = 0
configure:13618: result: yes
configure:13618: checking for png.h
configure:13618: result: yes
configure:13620: checking for library containing png_get_libpng_ver
configure:13651: /home/dean/sunxi-v3s/buildroot-2017.08/output/host/bin/arm-linux-gnueabihf-gcc -o conftest -D_LARGEFILE_SOURCE -D_LARGEFILE64_SOURCE -D_FILE_OFFSET_BITS=64  -Os  -pthread -I/home/dean/sunxi-v3s/buildroot-2017.08/output/host/arm-buildroot-linux-gnueabihf/sysroot/usr/include/libpng16 -D_LARGEFILE_SOURCE -D_LARGEFILE64_SOURCE -D_FILE_OFFSET_BITS=64  conftest.c -L/home/dean/sunxi-v3s/buildroot-2017.08/output/host/arm-buildroot-linux-gnueabihf/sysroot/usr/lib -lpng16   >&5
configure:13651: $? = 0
configure:13668: result: none required
configure:13731: checking jpeglib.h usability
configure:13731: /home/dean/sunxi-v3s/buildroot-2017.08/output/host/bin/arm-linux-gnueabihf-gcc -c -D_LARGEFILE_SOURCE -D_LARGEFILE64_SOURCE -D_FILE_OFFSET_BITS=64  -Os  -pthread -I/home/dean/sunxi-v3s/buildroot-2017.08/output/host/arm-buildroot-linux-gnueabihf/sysroot/usr/include -D_LARGEFILE_SOURCE -D_LARGEFILE64_SOURCE -D_FILE_OFFSET_BITS=64 conftest.c >&5
configure:13731: $? = 0
configure:13731: result: yes
configure:13731: checking jpeglib.h presence
configure:13731: /home/dean/sunxi-v3s/buildroot-2017.08/output/host/bin/arm-linux-gnueabihf-cpp -I/home/dean/sunxi-v3s/buildroot-2017.08/output/host/arm-buildroot-linux-gnueabihf/sysroot/usr/include -D_LARGEFILE_SOURCE -D_LARGEFILE64_SOURCE -D_FILE_OFFSET_BITS=64 conftest.c
configure:13731: $? = 0
configure:13731: result: yes
configure:13731: checking for jpeglib.h
configure:13731: result: yes
configure:13733: checking for jpeg_set_defaults in -ljpeg
configure:13758: /home/dean/sunxi-v3s/buildroot-2017.08/output/host/bin/arm-linux-gnueabihf-gcc -o conftest -D_LARGEFILE_SOURCE -D_LARGEFILE64_SOURCE -D_FILE_OFFSET_BITS=64  -Os  -pthread -I/home/dean/sunxi-v3s/buildroot-2017.08/output/host/arm-buildroot-linux-gnueabihf/sysroot/usr/include -D_LARGEFILE_SOURCE -D_LARGEFILE64_SOURCE -D_FILE_OFFSET_BITS=64  conftest.c -ljpeg  -L/home/dean/sunxi-v3s/buildroot-2017.08/output/host/arm-buildroot-linux-gnueabihf/sysroot/usr/lib   >&5
configure:13758: $? = 0
configure:13767: result: yes
configure:13822: checking tiffio.h usability
configure:13822: /home/dean/sunxi-v3s/buildroot-2017.08/output/host/bin/arm-linux-gnueabihf-gcc -c -D_LARGEFILE_SOURCE -D_LARGEFILE64_SOURCE -D_FILE_OFFSET_BITS=64  -Os  -pthread -I/home/dean/sunxi-v3s/buildroot-2017.08/output/host/arm-buildroot-linux-gnueabihf/sysroot/usr/include -D_LARGEFILE_SOURCE -D_LARGEFILE64_SOURCE -D_FILE_OFFSET_BITS=64 conftest.c >&5
configure:13822: $? = 0
configure:13822: result: yes
configure:13822: checking tiffio.h presence
configure:13822: /home/dean/sunxi-v3s/buildroot-2017.08/output/host/bin/arm-linux-gnueabihf-cpp -I/home/dean/sunxi-v3s/buildroot-2017.08/output/host/arm-buildroot-linux-gnueabihf/sysroot/usr/include -D_LARGEFILE_SOURCE -D_LARGEFILE64_SOURCE -D_FILE_OFFSET_BITS=64 conftest.c
configure:13822: $? = 0
configure:13822: result: yes
configure:13822: checking for tiffio.h
configure:13822: result: yes
configure:13824: checking for TIFFGetVersion in -ltiff
configure:13849: /home/dean/sunxi-v3s/buildroot-2017.08/output/host/bin/arm-linux-gnueabihf-gcc -o conftest -D_LARGEFILE_SOURCE -D_LARGEFILE64_SOURCE -D_FILE_OFFSET_BITS=64  -Os  -pthread -I/home/dean/sunxi-v3s/buildroot-2017.08/output/host/arm-buildroot-linux-gnueabihf/sysroot/usr/include -D_LARGEFILE_SOURCE -D_LARGEFILE64_SOURCE -D_FILE_OFFSET_BITS=64  conftest.c -ltiff  -L/home/dean/sunxi-v3s/buildroot-2017.08/output/host/arm-buildroot-linux-gnueabihf/sysroot/usr/lib   >&5
configure:13849: $? = 0
configure:13858: result: yes
configure:13913: checking gif_lib.h usability
configure:13913: /home/dean/sunxi-v3s/buildroot-2017.08/output/host/bin/arm-linux-gnueabihf-gcc -c -D_LARGEFILE_SOURCE -D_LARGEFILE64_SOURCE -D_FILE_OFFSET_BITS=64  -Os  -pthread  -D_LARGEFILE_SOURCE -D_LARGEFILE64_SOURCE -D_FILE_OFFSET_BITS=64 conftest.c >&5
conftest.c:65:21: fatal error: gif_lib.h: No such file or directory
 #include <gif_lib.h>
                     ^
compilation terminated.
configure:13913: $? = 1
configure: failed program was:
| /* confdefs.h */
| #define PACKAGE_NAME "libwebp"
| #define PACKAGE_TARNAME "libwebp"
| #define PACKAGE_VERSION "0.5.2"
| #define PACKAGE_STRING "libwebp 0.5.2"
| #define PACKAGE_BUGREPORT "https://bugs.chromium.org/p/webp"
| #define PACKAGE_URL "http://developers.google.com/speed/webp"
| #define PACKAGE "libwebp"
| #define VERSION "0.5.2"
| #define STDC_HEADERS 1
| #define HAVE_SYS_TYPES_H 1
| #define HAVE_SYS_STAT_H 1
| #define HAVE_STDLIB_H 1
| #define HAVE_STRING_H 1
| #define HAVE_MEMORY_H 1
| #define HAVE_STRINGS_H 1
| #define HAVE_INTTYPES_H 1
| #define HAVE_STDINT_H 1
| #define HAVE_UNISTD_H 1
| #define HAVE_DLFCN_H 1
| #define LT_OBJDIR ".libs/"
| #define WEBP_HAVE_NEON 1
| #define HAVE_BUILTIN_BSWAP16 1
| #define HAVE_BUILTIN_BSWAP32 1
| #define HAVE_BUILTIN_BSWAP64 1
| #define HAVE_PTHREAD_PRIO_INHERIT 1
| #define WEBP_USE_THREAD 1
| #define WEBP_HAVE_PNG 1
| #define WEBP_HAVE_JPEG 1
| #define WEBP_HAVE_TIFF 1
| /* end confdefs.h.  */
| #include <stdio.h>
| #ifdef HAVE_SYS_TYPES_H
| # include <sys/types.h>
| #endif
| #ifdef HAVE_SYS_STAT_H
| # include <sys/stat.h>
| #endif
| #ifdef STDC_HEADERS
| # include <stdlib.h>
| # include <stddef.h>
| #else
| # ifdef HAVE_STDLIB_H
| #  include <stdlib.h>
| # endif
| #endif
| #ifdef HAVE_STRING_H
| # if !defined STDC_HEADERS && defined HAVE_MEMORY_H
| #  include <memory.h>
| # endif
| # include <string.h>
| #endif
| #ifdef HAVE_STRINGS_H
| # include <strings.h>
| #endif
| #ifdef HAVE_INTTYPES_H
| # include <inttypes.h>
| #endif
| #ifdef HAVE_STDINT_H
| # include <stdint.h>
| #endif
| #ifdef HAVE_UNISTD_H
| # include <unistd.h>
| #endif
| #include <gif_lib.h>
configure:13913: result: no
configure:13913: checking gif_lib.h presence
configure:13913: /home/dean/sunxi-v3s/buildroot-2017.08/output/host/bin/arm-linux-gnueabihf-cpp  -D_LARGEFILE_SOURCE -D_LARGEFILE64_SOURCE -D_FILE_OFFSET_BITS=64 conftest.c
conftest.c:32:21: fatal error: gif_lib.h: No such file or directory
 #include <gif_lib.h>
                     ^
compilation terminated.
configure:13913: $? = 1
configure: failed program was:
| /* confdefs.h */
| #define PACKAGE_NAME "libwebp"
| #define PACKAGE_TARNAME "libwebp"
| #define PACKAGE_VERSION "0.5.2"
| #define PACKAGE_STRING "libwebp 0.5.2"
| #define PACKAGE_BUGREPORT "https://bugs.chromium.org/p/webp"
| #define PACKAGE_URL "http://developers.google.com/speed/webp"
| #define PACKAGE "libwebp"
| #define VERSION "0.5.2"
| #define STDC_HEADERS 1
| #define HAVE_SYS_TYPES_H 1
| #define HAVE_SYS_STAT_H 1
| #define HAVE_STDLIB_H 1
| #define HAVE_STRING_H 1
| #define HAVE_MEMORY_H 1
| #define HAVE_STRINGS_H 1
| #define HAVE_INTTYPES_H 1
| #define HAVE_STDINT_H 1
| #define HAVE_UNISTD_H 1
| #define HAVE_DLFCN_H 1
| #define LT_OBJDIR ".libs/"
| #define WEBP_HAVE_NEON 1
| #define HAVE_BUILTIN_BSWAP16 1
| #define HAVE_BUILTIN_BSWAP32 1
| #define HAVE_BUILTIN_BSWAP64 1
| #define HAVE_PTHREAD_PRIO_INHERIT 1
| #define WEBP_USE_THREAD 1
| #define WEBP_HAVE_PNG 1
| #define WEBP_HAVE_JPEG 1
| #define WEBP_HAVE_TIFF 1
| /* end confdefs.h.  */
| #include <gif_lib.h>
configure:13913: result: no
configure:13913: checking for gif_lib.h
configure:13913: result: no
configure:13964: WARNING: gif library not available - no gif_lib.h
configure:14088: checking if --enable-aligned option is specified
configure:14100: result: no
configure:14105: checking if --enable-swap-16bit-csp option is specified
configure:14115: result: no
configure:14121: checking if --enable-experimental option is specified
configure:14134: result: no
configure:14138: checking whether libwebpmux is to be built
configure:14145: result: no
configure:14156: checking whether libwebpdemux is to be built
configure:14163: result: no
configure:14174: checking whether decoder library is to be built
configure:14181: result: no
configure:14192: checking whether libwebpextras is to be built
configure:14199: result: no
configure:14327: checking that generated files are newer than configure
configure:14333: result: done
configure:14385: creating ./config.status

## ---------------------- ##
## Running config.status. ##
## ---------------------- ##

This file was extended by libwebp config.status 0.5.2, which was
generated by GNU Autoconf 2.69.  Invocation command line was

  CONFIG_FILES    = 
  CONFIG_HEADERS  = 
  CONFIG_LINKS    = 
  CONFIG_COMMANDS = 
  $ ./config.status 

on dean-ThinkPad-X100e

config.status:1144: creating Makefile
config.status:1144: creating src/Makefile
config.status:1144: creating man/Makefile
config.status:1144: creating examples/Makefile
config.status:1144: creating src/dec/Makefile
config.status:1144: creating src/enc/Makefile
config.status:1144: creating src/dsp/Makefile
config.status:1144: creating src/demux/Makefile
config.status:1144: creating src/mux/Makefile
config.status:1144: creating src/utils/Makefile
config.status:1144: creating src/extras/Makefile
config.status:1144: creating src/libwebp.pc
config.status:1144: creating src/libwebpdecoder.pc
config.status:1144: creating src/demux/libwebpdemux.pc
config.status:1144: creating src/mux/libwebpmux.pc
config.status:1144: creating src/extras/libwebpextras.pc
config.status:1144: creating src/webp/config.h
config.status:1373: executing depfiles commands
config.status:1373: executing libtool commands
configure:16621: WARNING: unrecognized options: --disable-gtk-doc, --disable-gtk-doc-html, --disable-doc, --disable-docs, --disable-documentation, --with-xmlto, --with-fop, --enable-ipv6, --disable-nls
configure:16657:
WebP Configuration Summary
--------------------------

Shared libraries: yes
Static libraries: no
Threading support: yes
libwebp: yes
libwebpdecoder: no
libwebpdemux: no
libwebpmux: no
libwebpextras: no

Tools:
cwebp : yes
  Input format support
  ====================
  JPEG : yes
  PNG  : yes
  TIFF : yes
  WIC  : no
dwebp : yes
  Output format support
  =====================
  PNG  : yes
  WIC  : no
GIF support : no
anim_diff   : no
gif2webp    : no
webpmux     : no
vwebp       : no


## ---------------- ##
## Cache variables. ##
## ---------------- ##

ac_cv_build=x86_64-pc-linux-gnu
ac_cv_c_bigendian=no
ac_cv_c_compiler_gnu=yes
ac_cv_env_CC_set=set
ac_cv_env_CC_value=/home/dean/sunxi-v3s/buildroot-2017.08/output/host/bin/arm-linux-gnueabihf-gcc
ac_cv_env_CFLAGS_set=set
ac_cv_env_CFLAGS_value='-D_LARGEFILE_SOURCE -D_LARGEFILE64_SOURCE -D_FILE_OFFSET_BITS=64  -Os '
ac_cv_env_CPPFLAGS_set=set
ac_cv_env_CPPFLAGS_value='-D_LARGEFILE_SOURCE -D_LARGEFILE64_SOURCE -D_FILE_OFFSET_BITS=64'
ac_cv_env_CPP_set=set
ac_cv_env_CPP_value=/home/dean/sunxi-v3s/buildroot-2017.08/output/host/bin/arm-linux-gnueabihf-cpp
ac_cv_env_LDFLAGS_set=set
ac_cv_env_LDFLAGS_value=
ac_cv_env_LIBS_set=
ac_cv_env_LIBS_value=
ac_cv_env_build_alias_set=set
ac_cv_env_build_alias_value=x86_64-pc-linux-gnu
ac_cv_env_host_alias_set=set
ac_cv_env_host_alias_value=arm-buildroot-linux-gnueabihf
ac_cv_env_target_alias_set=set
ac_cv_env_target_alias_value=arm-buildroot-linux-gnueabihf
ac_cv_func_calloc_0_nonnull=yes
ac_cv_func_malloc_0_nonnull=yes
ac_cv_func_memcmp_working=yes
ac_cv_func_mmap_fixed_mapped=yes
ac_cv_func_realloc_0_nonnull=yes
ac_cv_have_decl_malloc=yes
ac_cv_header_GLUT_glut_h=no
ac_cv_header_GL_glut_h=no
ac_cv_header_OpenGL_glut_h=no
ac_cv_header_dlfcn_h=yes
ac_cv_header_emmintrin_h=no
ac_cv_header_gif_lib_h=no
ac_cv_header_inttypes_h=yes
ac_cv_header_jpeglib_h=yes
ac_cv_header_memory_h=yes
ac_cv_header_png_h=yes
ac_cv_header_smmintrin_h=no
ac_cv_header_stdc=yes
ac_cv_header_stdint_h=yes
ac_cv_header_stdlib_h=yes
ac_cv_header_string_h=yes
ac_cv_header_strings_h=yes
ac_cv_header_sys_stat_h=yes
ac_cv_header_sys_types_h=yes
ac_cv_header_tiffio_h=yes
ac_cv_header_unistd_h=yes
ac_cv_host=arm-buildroot-linux-gnueabihf
ac_cv_lbl_unaligned_fail=yes
ac_cv_lib_jpeg_jpeg_set_defaults=yes
ac_cv_lib_tiff_TIFFGetVersion=yes
ac_cv_objext=o
ac_cv_path_EGREP='/bin/grep -E'
ac_cv_path_FGREP='/bin/grep -F'
ac_cv_path_GREP=/bin/grep
ac_cv_path_LIBPNG_CONFIG=/home/dean/sunxi-v3s/buildroot-2017.08/output/host/arm-buildroot-linux-gnueabihf/sysroot/usr/bin/libpng-config
ac_cv_path_SED=/bin/sed
ac_cv_path_install='/usr/bin/install -c'
ac_cv_path_mkdir=/bin/mkdir
ac_cv_prog_AR=/home/dean/sunxi-v3s/buildroot-2017.08/output/host/bin/arm-linux-gnueabihf-ar
ac_cv_prog_AWK=mawk
ac_cv_prog_CC=/home/dean/sunxi-v3s/buildroot-2017.08/output/host/bin/arm-linux-gnueabihf-gcc
ac_cv_prog_CPP=/home/dean/sunxi-v3s/buildroot-2017.08/output/host/bin/arm-linux-gnueabihf-cpp
ac_cv_prog_OBJDUMP=/home/dean/sunxi-v3s/buildroot-2017.08/output/host/bin/arm-linux-gnueabihf-objdump
ac_cv_prog_RANLIB=/home/dean/sunxi-v3s/buildroot-2017.08/output/host/bin/arm-linux-gnueabihf-ranlib
ac_cv_prog_STRIP=/home/dean/sunxi-v3s/buildroot-2017.08/output/host/bin/arm-linux-gnueabihf-strip
ac_cv_prog_ac_ct_MANIFEST_TOOL=mt
ac_cv_prog_cc_c89=
ac_cv_prog_cc_g=yes
ac_cv_prog_make_make_set=yes
ac_cv_search_png_get_libpng_ver='none required'
am_cv_CC_dependencies_compiler_type=none
am_cv_ar_interface=ar
am_cv_make_support_nested_variables=yes
am_cv_prog_cc_c_o=yes
ax_cv_PTHREAD_PRIO_INHERIT=yes
gl_cv_func_malloc_0_nonnull=yes
lt_cv_ar_at_file=@
lt_cv_archive_cmds_need_lc=no
lt_cv_deplibs_check_method=pass_all
lt_cv_file_magic_cmd='$MAGIC_CMD'
lt_cv_file_magic_test_file=
lt_cv_ld_reload_flag=-r
lt_cv_nm_interface='BSD nm'
lt_cv_objdir=.libs
lt_cv_path_LD=/home/dean/sunxi-v3s/buildroot-2017.08/output/host/bin/arm-linux-gnueabihf-ld
lt_cv_path_NM=/home/dean/sunxi-v3s/buildroot-2017.08/output/host/bin/arm-linux-gnueabihf-nm
lt_cv_path_mainfest_tool=no
lt_cv_prog_compiler_c_o=yes
lt_cv_prog_compiler_pic='-fPIC -DPIC'
lt_cv_prog_compiler_pic_works=yes
lt_cv_prog_compiler_rtti_exceptions=no
lt_cv_prog_compiler_static_works=yes
lt_cv_prog_gnu_ld=yes
lt_cv_sharedlib_from_linklib_cmd='printf %s\n'
lt_cv_shlibpath_overrides_runpath=no
lt_cv_sys_global_symbol_pipe='sed -n -e '\''s/^.*[	 ]\([ABCDGIRSTW][ABCDGIRSTW]*\)[	 ][	 ]*\([_A-Za-z][_A-Za-z0-9]*\)$/\1 \2 \2/p'\'' | sed '\''/ __gnu_lto/d'\'''
lt_cv_sys_global_symbol_to_c_name_address='sed -n -e '\''s/^: \([^ ]*\)[ ]*$/  {\"\1\", (void *) 0},/p'\'' -e '\''s/^[ABCDGIRSTW]* \([^ ]*\) \([^ ]*\)$/  {"\2", (void *) \&\2},/p'\'''
lt_cv_sys_global_symbol_to_c_name_address_lib_prefix='sed -n -e '\''s/^: \([^ ]*\)[ ]*$/  {\"\1\", (void *) 0},/p'\'' -e '\''s/^[ABCDGIRSTW]* \([^ ]*\) \(lib[^ ]*\)$/  {"\2", (void *) \&\2},/p'\'' -e '\''s/^[ABCDGIRSTW]* \([^ ]*\) \([^ ]*\)$/  {"lib\2", (void *) \&\2},/p'\'''
lt_cv_sys_global_symbol_to_cdecl='sed -n -e '\''s/^T .* \(.*\)$/extern int \1();/p'\'' -e '\''s/^[ABCDGIRSTW]* .* \(.*\)$/extern char \1;/p'\'''
lt_cv_sys_lib_search_path_spec=
lt_cv_sys_max_cmd_len=1572864
lt_cv_to_host_file_cmd=func_convert_file_noop
lt_cv_to_tool_file_cmd=func_convert_file_noop

## ----------------- ##
## Output variables. ##
## ----------------- ##

ACLOCAL='${SHELL} /home/dean/sunxi-v3s/buildroot-2017.08/output/build/webp-0.5.2/missing aclocal-1.14'
AMDEPBACKSLASH=''
AMDEP_FALSE=''
AMDEP_TRUE='#'
AMTAR='$${TAR-tar}'
AM_BACKSLASH='\'
AM_CFLAGS=' -fvisibility=hidden -Wall -Wdeclaration-after-statement -Wextra -Wfloat-conversion -Wformat -Wformat-nonliteral -Wformat -Wformat-security -Wmissing-declarations -Wmissing-prototypes -Wold-style-definition -Wshadow -Wunreachable-code -Wunused-but-set-variable -Wunused -Wvla'
AM_CPPFLAGS=' -DNDEBUG'
AM_DEFAULT_V='$(AM_DEFAULT_VERBOSITY)'
AM_DEFAULT_VERBOSITY='0'
AM_V='$(V)'
AR='/home/dean/sunxi-v3s/buildroot-2017.08/output/host/bin/arm-linux-gnueabihf-ar'
AUTOCONF='${SHELL} /home/dean/sunxi-v3s/buildroot-2017.08/output/build/webp-0.5.2/missing autoconf'
AUTOHEADER='${SHELL} /home/dean/sunxi-v3s/buildroot-2017.08/output/build/webp-0.5.2/missing autoheader'
AUTOMAKE='${SHELL} /home/dean/sunxi-v3s/buildroot-2017.08/output/build/webp-0.5.2/missing automake-1.14'
AVX2_FLAGS=''
AWK='mawk'
BUILD_ANIMDIFF_FALSE=''
BUILD_ANIMDIFF_TRUE='#'
BUILD_GIF2WEBP_FALSE=''
BUILD_GIF2WEBP_TRUE='#'
BUILD_LIBWEBPDECODER_FALSE=''
BUILD_LIBWEBPDECODER_TRUE='#'
BUILD_VWEBP_FALSE=''
BUILD_VWEBP_TRUE='#'
CC='/home/dean/sunxi-v3s/buildroot-2017.08/output/host/bin/arm-linux-gnueabihf-gcc'
CCDEPMODE='depmode=none'
CFLAGS='-D_LARGEFILE_SOURCE -D_LARGEFILE64_SOURCE -D_FILE_OFFSET_BITS=64  -Os  -pthread'
CPP='/home/dean/sunxi-v3s/buildroot-2017.08/output/host/bin/arm-linux-gnueabihf-cpp'
CPPFLAGS='-D_LARGEFILE_SOURCE -D_LARGEFILE64_SOURCE -D_FILE_OFFSET_BITS=64'
CYGPATH_W='echo'
DEFS='-DHAVE_CONFIG_H'
DEPDIR='.deps'
DLLTOOL='false'
DSYMUTIL=''
DUMPBIN=''
ECHO_C=''
ECHO_N='-n'
ECHO_T=''
EGREP='/bin/grep -E'
EXEEXT=''
FGREP='/bin/grep -F'
GIF_INCLUDES=''
GIF_LIBS=''
GL_INCLUDES=''
GL_LIBS=''
GREP='/bin/grep'
INSTALL_DATA='${INSTALL} -m 644'
INSTALL_PROGRAM='${INSTALL}'
INSTALL_SCRIPT='${INSTALL}'
INSTALL_STRIP_PROGRAM='$(install_sh) -c -s'
JPEG_INCLUDES='-I/home/dean/sunxi-v3s/buildroot-2017.08/output/host/arm-buildroot-linux-gnueabihf/sysroot/usr/include -DWEBP_HAVE_JPEG'
JPEG_LIBS='-L/home/dean/sunxi-v3s/buildroot-2017.08/output/host/arm-buildroot-linux-gnueabihf/sysroot/usr/lib -ljpeg'
LD='/home/dean/sunxi-v3s/buildroot-2017.08/output/host/bin/arm-linux-gnueabihf-ld'
LDFLAGS=''
LIBOBJS=''
LIBPNG_CONFIG='/home/dean/sunxi-v3s/buildroot-2017.08/output/host/arm-buildroot-linux-gnueabihf/sysroot/usr/bin/libpng-config'
LIBS=' '
LIBTOOL='$(SHELL) $(top_builddir)/libtool'
LIPO=''
LN_S='ln -s'
LTLIBOBJS=''
MAKEINFO='${SHELL} /home/dean/sunxi-v3s/buildroot-2017.08/output/build/webp-0.5.2/missing makeinfo'
MANIFEST_TOOL=':'
MKDIR_P='/bin/mkdir -p'
NEON_FLAGS=''
NM='/home/dean/sunxi-v3s/buildroot-2017.08/output/host/bin/arm-linux-gnueabihf-nm'
NMEDIT=''
OBJDUMP='/home/dean/sunxi-v3s/buildroot-2017.08/output/host/bin/arm-linux-gnueabihf-objdump'
OBJEXT='o'
OTOOL64=''
OTOOL=''
PACKAGE='libwebp'
PACKAGE_BUGREPORT='https://bugs.chromium.org/p/webp'
PACKAGE_NAME='libwebp'
PACKAGE_STRING='libwebp 0.5.2'
PACKAGE_TARNAME='libwebp'
PACKAGE_URL='http://developers.google.com/speed/webp'
PACKAGE_VERSION='0.5.2'
PATH_SEPARATOR=':'
PNG_INCLUDES='-I/home/dean/sunxi-v3s/buildroot-2017.08/output/host/arm-buildroot-linux-gnueabihf/sysroot/usr/include/libpng16 -DWEBP_HAVE_PNG'
PNG_LIBS='-L/home/dean/sunxi-v3s/buildroot-2017.08/output/host/arm-buildroot-linux-gnueabihf/sysroot/usr/lib -lpng16'
PTHREAD_CC='/home/dean/sunxi-v3s/buildroot-2017.08/output/host/bin/arm-linux-gnueabihf-gcc'
PTHREAD_CFLAGS='-pthread'
PTHREAD_LIBS=''
RANLIB='/home/dean/sunxi-v3s/buildroot-2017.08/output/host/bin/arm-linux-gnueabihf-ranlib'
SED='/bin/sed'
SET_MAKE=''
SHELL='/bin/bash'
SSE2_FLAGS=''
SSE41_FLAGS=''
STRIP='/home/dean/sunxi-v3s/buildroot-2017.08/output/host/bin/arm-linux-gnueabihf-strip'
TIFF_INCLUDES='-I/home/dean/sunxi-v3s/buildroot-2017.08/output/host/arm-buildroot-linux-gnueabihf/sysroot/usr/include -DWEBP_HAVE_TIFF'
TIFF_LIBS='-L/home/dean/sunxi-v3s/buildroot-2017.08/output/host/arm-buildroot-linux-gnueabihf/sysroot/usr/lib -ltiff'
USE_EXPERIMENTAL_CODE=''
USE_SWAP_16BIT_CSP=''
VERSION='0.5.2'
WANT_DEMUX_FALSE=''
WANT_DEMUX_TRUE='#'
WANT_EXTRAS_FALSE=''
WANT_EXTRAS_TRUE='#'
WANT_MUX_FALSE=''
WANT_MUX_TRUE='#'
ac_ct_AR=''
ac_ct_CC=''
ac_ct_DUMPBIN=''
am__EXEEXT_FALSE=''
am__EXEEXT_TRUE='#'
am__fastdepCC_FALSE=''
am__fastdepCC_TRUE='#'
am__include='include'
am__isrc=''
am__leading_dot='.'
am__nodep=''
am__quote=''
am__tar='$${TAR-tar} chof - "$$tardir"'
am__untar='$${TAR-tar} xf -'
ax_pthread_config=''
bindir='${exec_prefix}/bin'
build='x86_64-pc-linux-gnu'
build_alias='x86_64-pc-linux-gnu'
build_cpu='x86_64'
build_os='linux-gnu'
build_vendor='pc'
datadir='${datarootdir}'
datarootdir='${prefix}/share'
docdir='${datarootdir}/doc/${PACKAGE_TARNAME}'
dvidir='${docdir}'
exec_prefix='/usr'
host='arm-buildroot-linux-gnueabihf'
host_alias='arm-buildroot-linux-gnueabihf'
host_cpu='arm'
host_os='linux-gnueabihf'
host_vendor='buildroot'
htmldir='${docdir}'
includedir='${prefix}/include'
infodir='${datarootdir}/info'
install_sh='${SHELL} /home/dean/sunxi-v3s/buildroot-2017.08/output/build/webp-0.5.2/install-sh'
libdir='${exec_prefix}/lib'
libexecdir='${exec_prefix}/libexec'
localedir='${datarootdir}/locale'
localstatedir='/var'
mandir='${datarootdir}/man'
mkdir_p='$(MKDIR_P)'
oldincludedir='/usr/include'
pdfdir='${docdir}'
pkgconfigdir='${libdir}/pkgconfig'
prefix='/usr'
program_transform_name='s&^&&'
psdir='${docdir}'
sbindir='${exec_prefix}/sbin'
sharedstatedir='${prefix}/com'
sysconfdir='/etc'
target_alias='arm-buildroot-linux-gnueabihf'

## ----------- ##
## confdefs.h. ##
## ----------- ##

/* confdefs.h */
#define PACKAGE_NAME "libwebp"
#define PACKAGE_TARNAME "libwebp"
#define PACKAGE_VERSION "0.5.2"
#define PACKAGE_STRING "libwebp 0.5.2"
#define PACKAGE_BUGREPORT "https://bugs.chromium.org/p/webp"
#define PACKAGE_URL "http://developers.google.com/speed/webp"
#define PACKAGE "libwebp"
#define VERSION "0.5.2"
#define STDC_HEADERS 1
#define HAVE_SYS_TYPES_H 1
#define HAVE_SYS_STAT_H 1
#define HAVE_STDLIB_H 1
#define HAVE_STRING_H 1
#define HAVE_MEMORY_H 1
#define HAVE_STRINGS_H 1
#define HAVE_INTTYPES_H 1
#define HAVE_STDINT_H 1
#define HAVE_UNISTD_H 1
#define HAVE_DLFCN_H 1
#define LT_OBJDIR ".libs/"
#define WEBP_HAVE_NEON 1
#define HAVE_BUILTIN_BSWAP16 1
#define HAVE_BUILTIN_BSWAP32 1
#define HAVE_BUILTIN_BSWAP64 1
#define HAVE_PTHREAD_PRIO_INHERIT 1
#define WEBP_USE_THREAD 1
#define WEBP_HAVE_PNG 1
#define WEBP_HAVE_JPEG 1
#define WEBP_HAVE_TIFF 1

configure: exit 0
