This file contains any messages produced by compilers while
running configure, to aid debugging if configure makes a mistake.

It was created by configure, which was
generated by GNU Autoconf 2.69.  Invocation command line was

  $ ./configure --target=arm-buildroot-linux-gnueabihf --host=arm-buildroot-linux-gnueabihf --build=x86_64-pc-linux-gnu --prefix=/usr --exec-prefix=/usr --sysconfdir=/etc --localstatedir=/var --program-prefix= --disable-gtk-doc --disable-gtk-doc-html --disable-doc --disable-docs --disable-documentation --with-xmlto=no --with-fop=no --disable-dependency-tracking --enable-ipv6 --disable-nls --disable-static --enable-shared --disable-sdltest --enable-bmp --enable-gif --enable-lbm --enable-pcx --enable-pnm --enable-tga --enable-xcf --enable-xpm --enable-xv --enable-jpg --enable-png --enable-tif --enable-webp

## --------- ##
## Platform. ##
## --------- ##

hostname = dean-ThinkPad-X100e
uname -m = x86_64
uname -r = 4.13.0-46-generic
uname -s = Linux
uname -v = #51-Ubuntu SMP Tue Jun 12 12:36:29 UTC 2018

/usr/bin/uname -p = unknown
/bin/uname -X     = unknown

/bin/arch              = unknown
/usr/bin/arch -k       = unknown
/usr/convex/getsysinfo = unknown
/usr/bin/hostinfo      = unknown
/bin/machine           = unknown
/usr/bin/oslevel       = unknown
/bin/universe          = unknown

PATH: /home/dean/sunxi-v3s/buildroot-2017.08/output/host/bin
PATH: /home/dean/sunxi-v3s/buildroot-2017.08/output/host/sbin
PATH: /usr/local/sbin
PATH: /usr/local/bin
PATH: /usr/sbin
PATH: /usr/bin
PATH: /sbin
PATH: /bin
PATH: /usr/games
PATH: /usr/local/games
PATH: /snap/bin
PATH: /opt/gcc-linaro-6.3.1-2017.05-x86_64_arm-linux-gnueabihf/bin


## ----------- ##
## Core tests. ##
## ----------- ##

configure:2547: checking build system type
configure:2561: result: x86_64-pc-linux-gnu
configure:2581: checking host system type
configure:2594: result: arm-buildroot-linux-gnueabihf
configure:2622: checking for arm-buildroot-linux-gnueabihf-gcc
configure:2649: result: /home/dean/sunxi-v3s/buildroot-2017.08/output/host/bin/arm-linux-gnueabihf-gcc
configure:2918: checking for C compiler version
configure:2927: /home/dean/sunxi-v3s/buildroot-2017.08/output/host/bin/arm-linux-gnueabihf-gcc --version >&5
arm-linux-gnueabihf-gcc (Linaro GCC 6.3-2017.05) 6.3.1 20170404
Copyright (C) 2016 Free Software Foundation, Inc.
This is free software; see the source for copying conditions.  There is NO
warranty; not even for MERCHANTABILITY or FITNESS FOR A PARTICULAR PURPOSE.

configure:2938: $? = 0
configure:2927: /home/dean/sunxi-v3s/buildroot-2017.08/output/host/bin/arm-linux-gnueabihf-gcc -v >&5
Using built-in specs.
COLLECT_GCC=/opt/gcc-linaro-6.3.1-2017.05-x86_64_arm-linux-gnueabihf/bin/arm-linux-gnueabihf-gcc
COLLECT_LTO_WRAPPER=/opt/gcc-linaro-6.3.1-2017.05-x86_64_arm-linux-gnueabihf/bin/../libexec/gcc/arm-linux-gnueabihf/6.3.1/lto-wrapper
Target: arm-linux-gnueabihf
Configured with: '/home/tcwg-buildslave/workspace/tcwg-make-release/builder_arch/amd64/label/tcwg-x86_64-build/target/arm-linux-gnueabihf/snapshots/gcc.git~linaro-6.3-2017.05/configure' SHELL=/bin/bash --with-mpc=/home/tcwg-buildslave/workspace/tcwg-make-release/builder_arch/amd64/label/tcwg-x86_64-build/target/arm-linux-gnueabihf/_build/builds/destdir/x86_64-unknown-linux-gnu --with-mpfr=/home/tcwg-buildslave/workspace/tcwg-make-release/builder_arch/amd64/label/tcwg-x86_64-build/target/arm-linux-gnueabihf/_build/builds/destdir/x86_64-unknown-linux-gnu --with-gmp=/home/tcwg-buildslave/workspace/tcwg-make-release/builder_arch/amd64/label/tcwg-x86_64-build/target/arm-linux-gnueabihf/_build/builds/destdir/x86_64-unknown-linux-gnu --with-gnu-as --with-gnu-ld --disable-libmudflap --enable-lto --enable-shared --without-included-gettext --enable-nls --disable-sjlj-exceptions --enable-gnu-unique-object --enable-linker-build-id --disable-libstdcxx-pch --enable-c99 --enable-clocale=gnu --enable-libstdcxx-debug --enable-long-long --with-cloog=no --with-ppl=no --with-isl=no --disable-multilib --with-float=hard --with-fpu=vfpv3-d16 --with-mode=thumb --with-tune=cortex-a9 --with-arch=armv7-a --enable-threads=posix --enable-multiarch --enable-libstdcxx-time=yes --enable-gnu-indirect-function --with-build-sysroot=/home/tcwg-buildslave/workspace/tcwg-make-release/builder_arch/amd64/label/tcwg-x86_64-build/target/arm-linux-gnueabihf/_build/sysroots/arm-linux-gnueabihf --with-sysroot=/home/tcwg-buildslave/workspace/tcwg-make-release/builder_arch/amd64/label/tcwg-x86_64-build/target/arm-linux-gnueabihf/_build/builds/destdir/x86_64-unknown-linux-gnu/arm-linux-gnueabihf/libc --enable-checking=release --disable-bootstrap --enable-languages=c,c++,fortran,lto --build=x86_64-unknown-linux-gnu --host=x86_64-unknown-linux-gnu --target=arm-linux-gnueabihf --prefix=/home/tcwg-buildslave/workspace/tcwg-make-release/builder_arch/amd64/label/tcwg-x86_64-build/target/arm-linux-gnueabihf/_build/builds/destdir/x86_64-unknown-linux-gnu
Thread model: posix
gcc version 6.3.1 20170404 (Linaro GCC 6.3-2017.05) 
configure:2938: $? = 0
configure:2927: /home/dean/sunxi-v3s/buildroot-2017.08/output/host/bin/arm-linux-gnueabihf-gcc -V >&5
arm-linux-gnueabihf-gcc: error: unrecognized command line option '-V'
arm-linux-gnueabihf-gcc: fatal error: no input files
compilation terminated.
configure:2938: $? = 1
configure:2927: /home/dean/sunxi-v3s/buildroot-2017.08/output/host/bin/arm-linux-gnueabihf-gcc -qversion >&5
arm-linux-gnueabihf-gcc: error: unrecognized command line option '-qversion'; did you mean '--version'?
arm-linux-gnueabihf-gcc: fatal error: no input files
compilation terminated.
configure:2938: $? = 1
configure:2958: checking whether the C compiler works
configure:2980: /home/dean/sunxi-v3s/buildroot-2017.08/output/host/bin/arm-linux-gnueabihf-gcc -D_LARGEFILE_SOURCE -D_LARGEFILE64_SOURCE -D_FILE_OFFSET_BITS=64  -Os  -D_LARGEFILE_SOURCE -D_LARGEFILE64_SOURCE -D_FILE_OFFSET_BITS=64  conftest.c  >&5
configure:2984: $? = 0
configure:3032: result: yes
configure:3035: checking for C compiler default output file name
configure:3037: result: a.out
configure:3043: checking for suffix of executables
configure:3050: /home/dean/sunxi-v3s/buildroot-2017.08/output/host/bin/arm-linux-gnueabihf-gcc -o conftest -D_LARGEFILE_SOURCE -D_LARGEFILE64_SOURCE -D_FILE_OFFSET_BITS=64  -Os  -D_LARGEFILE_SOURCE -D_LARGEFILE64_SOURCE -D_FILE_OFFSET_BITS=64  conftest.c  >&5
configure:3054: $? = 0
configure:3076: result: 
configure:3098: checking whether we are cross compiling
configure:3136: result: yes
configure:3141: checking for suffix of object files
configure:3163: /home/dean/sunxi-v3s/buildroot-2017.08/output/host/bin/arm-linux-gnueabihf-gcc -c -D_LARGEFILE_SOURCE -D_LARGEFILE64_SOURCE -D_FILE_OFFSET_BITS=64  -Os  -D_LARGEFILE_SOURCE -D_LARGEFILE64_SOURCE -D_FILE_OFFSET_BITS=64 conftest.c >&5
configure:3167: $? = 0
configure:3188: result: o
configure:3192: checking whether we are using the GNU C compiler
configure:3211: /home/dean/sunxi-v3s/buildroot-2017.08/output/host/bin/arm-linux-gnueabihf-gcc -c -D_LARGEFILE_SOURCE -D_LARGEFILE64_SOURCE -D_FILE_OFFSET_BITS=64  -Os  -D_LARGEFILE_SOURCE -D_LARGEFILE64_SOURCE -D_FILE_OFFSET_BITS=64 conftest.c >&5
configure:3211: $? = 0
configure:3220: result: yes
configure:3229: checking whether /home/dean/sunxi-v3s/buildroot-2017.08/output/host/bin/arm-linux-gnueabihf-gcc accepts -g
configure:3249: /home/dean/sunxi-v3s/buildroot-2017.08/output/host/bin/arm-linux-gnueabihf-gcc -c -g -D_LARGEFILE_SOURCE -D_LARGEFILE64_SOURCE -D_FILE_OFFSET_BITS=64 conftest.c >&5
configure:3249: $? = 0
configure:3290: result: yes
configure:3307: checking for /home/dean/sunxi-v3s/buildroot-2017.08/output/host/bin/arm-linux-gnueabihf-gcc option to accept ISO C89
configure:3370: /home/dean/sunxi-v3s/buildroot-2017.08/output/host/bin/arm-linux-gnueabihf-gcc  -c -D_LARGEFILE_SOURCE -D_LARGEFILE64_SOURCE -D_FILE_OFFSET_BITS=64  -Os  -D_LARGEFILE_SOURCE -D_LARGEFILE64_SOURCE -D_FILE_OFFSET_BITS=64 conftest.c >&5
configure:3370: $? = 0
configure:3383: result: none needed
configure:3403: checking for a sed that does not truncate output
configure:3467: result: /bin/sed
configure:3485: checking for grep that handles long lines and -e
configure:3543: result: /bin/grep
configure:3548: checking for egrep
configure:3610: result: /bin/grep -E
configure:3615: checking for fgrep
configure:3677: result: /bin/grep -F
configure:3712: checking for ld used by /home/dean/sunxi-v3s/buildroot-2017.08/output/host/bin/arm-linux-gnueabihf-gcc
configure:3779: result: /home/dean/sunxi-v3s/buildroot-2017.08/output/host/bin/arm-linux-gnueabihf-ld
configure:3786: checking if the linker (/home/dean/sunxi-v3s/buildroot-2017.08/output/host/bin/arm-linux-gnueabihf-ld) is GNU ld
configure:3801: result: yes
configure:3813: checking for BSD- or MS-compatible name lister (nm)
configure:3862: result: /home/dean/sunxi-v3s/buildroot-2017.08/output/host/bin/arm-linux-gnueabihf-nm
configure:3980: checking the name lister (/home/dean/sunxi-v3s/buildroot-2017.08/output/host/bin/arm-linux-gnueabihf-nm) interface
configure:3987: /home/dean/sunxi-v3s/buildroot-2017.08/output/host/bin/arm-linux-gnueabihf-gcc -c -D_LARGEFILE_SOURCE -D_LARGEFILE64_SOURCE -D_FILE_OFFSET_BITS=64  -Os  -D_LARGEFILE_SOURCE -D_LARGEFILE64_SOURCE -D_FILE_OFFSET_BITS=64 conftest.c >&5
configure:3990: /home/dean/sunxi-v3s/buildroot-2017.08/output/host/bin/arm-linux-gnueabihf-nm "conftest.o"
configure:3993: output
00000000 B some_variable
configure:4000: result: BSD nm
configure:4003: checking whether ln -s works
configure:4007: result: yes
configure:4015: checking the maximum length of command line arguments
configure:4141: result: 1572864
configure:4158: checking whether the shell understands some XSI constructs
configure:4168: result: yes
configure:4172: checking whether the shell understands "+="
configure:4178: result: yes
configure:4213: checking for /home/dean/sunxi-v3s/buildroot-2017.08/output/host/bin/arm-linux-gnueabihf-ld option to reload object files
configure:4220: result: -r
configure:4249: checking for arm-buildroot-linux-gnueabihf-objdump
configure:4276: result: /home/dean/sunxi-v3s/buildroot-2017.08/output/host/bin/arm-linux-gnueabihf-objdump
configure:4345: checking how to recognize dependent libraries
configure:4543: result: pass_all
configure:4563: checking for arm-buildroot-linux-gnueabihf-ar
configure:4590: result: /home/dean/sunxi-v3s/buildroot-2017.08/output/host/bin/arm-linux-gnueabihf-ar
configure:4668: checking for arm-buildroot-linux-gnueabihf-strip
configure:4695: result: /home/dean/sunxi-v3s/buildroot-2017.08/output/host/bin/arm-linux-gnueabihf-strip
configure:4767: checking for arm-buildroot-linux-gnueabihf-ranlib
configure:4794: result: /home/dean/sunxi-v3s/buildroot-2017.08/output/host/bin/arm-linux-gnueabihf-ranlib
configure:4924: checking command to parse /home/dean/sunxi-v3s/buildroot-2017.08/output/host/bin/arm-linux-gnueabihf-nm output from /home/dean/sunxi-v3s/buildroot-2017.08/output/host/bin/arm-linux-gnueabihf-gcc object
configure:5042: /home/dean/sunxi-v3s/buildroot-2017.08/output/host/bin/arm-linux-gnueabihf-gcc -c -D_LARGEFILE_SOURCE -D_LARGEFILE64_SOURCE -D_FILE_OFFSET_BITS=64  -Os  -D_LARGEFILE_SOURCE -D_LARGEFILE64_SOURCE -D_FILE_OFFSET_BITS=64 conftest.c >&5
configure:5045: $? = 0
configure:5049: /home/dean/sunxi-v3s/buildroot-2017.08/output/host/bin/arm-linux-gnueabihf-nm conftest.o \| sed -n -e 's/^.*[	 ]\([ABCDGIRSTW][ABCDGIRSTW]*\)[	 ][	 ]*\([_A-Za-z][_A-Za-z0-9]*\)$/\1 \2 \2/p' \> conftest.nm
configure:5052: $? = 0
configure:5106: /home/dean/sunxi-v3s/buildroot-2017.08/output/host/bin/arm-linux-gnueabihf-gcc -o conftest -D_LARGEFILE_SOURCE -D_LARGEFILE64_SOURCE -D_FILE_OFFSET_BITS=64  -Os  -D_LARGEFILE_SOURCE -D_LARGEFILE64_SOURCE -D_FILE_OFFSET_BITS=64  conftest.c conftstm.o >&5
configure:5109: $? = 0
configure:5147: result: ok
configure:5956: checking how to run the C preprocessor
configure:6026: result: /home/dean/sunxi-v3s/buildroot-2017.08/output/host/bin/arm-linux-gnueabihf-cpp
configure:6046: /home/dean/sunxi-v3s/buildroot-2017.08/output/host/bin/arm-linux-gnueabihf-cpp -D_LARGEFILE_SOURCE -D_LARGEFILE64_SOURCE -D_FILE_OFFSET_BITS=64 conftest.c
configure:6046: $? = 0
configure:6060: /home/dean/sunxi-v3s/buildroot-2017.08/output/host/bin/arm-linux-gnueabihf-cpp -D_LARGEFILE_SOURCE -D_LARGEFILE64_SOURCE -D_FILE_OFFSET_BITS=64 conftest.c
conftest.c:9:28: fatal error: ac_nonexistent.h: No such file or directory
 #include <ac_nonexistent.h>
                            ^
compilation terminated.
configure:6060: $? = 1
configure: failed program was:
| /* confdefs.h */
| #define PACKAGE_NAME ""
| #define PACKAGE_TARNAME ""
| #define PACKAGE_VERSION ""
| #define PACKAGE_STRING ""
| #define PACKAGE_BUGREPORT ""
| #define PACKAGE_URL ""
| /* end confdefs.h.  */
| #include <ac_nonexistent.h>
configure:6089: checking for ANSI C header files
configure:6109: /home/dean/sunxi-v3s/buildroot-2017.08/output/host/bin/arm-linux-gnueabihf-gcc -c -D_LARGEFILE_SOURCE -D_LARGEFILE64_SOURCE -D_FILE_OFFSET_BITS=64  -Os  -D_LARGEFILE_SOURCE -D_LARGEFILE64_SOURCE -D_FILE_OFFSET_BITS=64 conftest.c >&5
configure:6109: $? = 0
configure:6193: result: yes
configure:6206: checking for sys/types.h
configure:6206: /home/dean/sunxi-v3s/buildroot-2017.08/output/host/bin/arm-linux-gnueabihf-gcc -c -D_LARGEFILE_SOURCE -D_LARGEFILE64_SOURCE -D_FILE_OFFSET_BITS=64  -Os  -D_LARGEFILE_SOURCE -D_LARGEFILE64_SOURCE -D_FILE_OFFSET_BITS=64 conftest.c >&5
configure:6206: $? = 0
configure:6206: result: yes
configure:6206: checking for sys/stat.h
configure:6206: /home/dean/sunxi-v3s/buildroot-2017.08/output/host/bin/arm-linux-gnueabihf-gcc -c -D_LARGEFILE_SOURCE -D_LARGEFILE64_SOURCE -D_FILE_OFFSET_BITS=64  -Os  -D_LARGEFILE_SOURCE -D_LARGEFILE64_SOURCE -D_FILE_OFFSET_BITS=64 conftest.c >&5
configure:6206: $? = 0
configure:6206: result: yes
configure:6206: checking for stdlib.h
configure:6206: /home/dean/sunxi-v3s/buildroot-2017.08/output/host/bin/arm-linux-gnueabihf-gcc -c -D_LARGEFILE_SOURCE -D_LARGEFILE64_SOURCE -D_FILE_OFFSET_BITS=64  -Os  -D_LARGEFILE_SOURCE -D_LARGEFILE64_SOURCE -D_FILE_OFFSET_BITS=64 conftest.c >&5
configure:6206: $? = 0
configure:6206: result: yes
configure:6206: checking for string.h
configure:6206: /home/dean/sunxi-v3s/buildroot-2017.08/output/host/bin/arm-linux-gnueabihf-gcc -c -D_LARGEFILE_SOURCE -D_LARGEFILE64_SOURCE -D_FILE_OFFSET_BITS=64  -Os  -D_LARGEFILE_SOURCE -D_LARGEFILE64_SOURCE -D_FILE_OFFSET_BITS=64 conftest.c >&5
configure:6206: $? = 0
configure:6206: result: yes
configure:6206: checking for memory.h
configure:6206: /home/dean/sunxi-v3s/buildroot-2017.08/output/host/bin/arm-linux-gnueabihf-gcc -c -D_LARGEFILE_SOURCE -D_LARGEFILE64_SOURCE -D_FILE_OFFSET_BITS=64  -Os  -D_LARGEFILE_SOURCE -D_LARGEFILE64_SOURCE -D_FILE_OFFSET_BITS=64 conftest.c >&5
configure:6206: $? = 0
configure:6206: result: yes
configure:6206: checking for strings.h
configure:6206: /home/dean/sunxi-v3s/buildroot-2017.08/output/host/bin/arm-linux-gnueabihf-gcc -c -D_LARGEFILE_SOURCE -D_LARGEFILE64_SOURCE -D_FILE_OFFSET_BITS=64  -Os  -D_LARGEFILE_SOURCE -D_LARGEFILE64_SOURCE -D_FILE_OFFSET_BITS=64 conftest.c >&5
configure:6206: $? = 0
configure:6206: result: yes
configure:6206: checking for inttypes.h
configure:6206: /home/dean/sunxi-v3s/buildroot-2017.08/output/host/bin/arm-linux-gnueabihf-gcc -c -D_LARGEFILE_SOURCE -D_LARGEFILE64_SOURCE -D_FILE_OFFSET_BITS=64  -Os  -D_LARGEFILE_SOURCE -D_LARGEFILE64_SOURCE -D_FILE_OFFSET_BITS=64 conftest.c >&5
configure:6206: $? = 0
configure:6206: result: yes
configure:6206: checking for stdint.h
configure:6206: /home/dean/sunxi-v3s/buildroot-2017.08/output/host/bin/arm-linux-gnueabihf-gcc -c -D_LARGEFILE_SOURCE -D_LARGEFILE64_SOURCE -D_FILE_OFFSET_BITS=64  -Os  -D_LARGEFILE_SOURCE -D_LARGEFILE64_SOURCE -D_FILE_OFFSET_BITS=64 conftest.c >&5
configure:6206: $? = 0
configure:6206: result: yes
configure:6206: checking for unistd.h
configure:6206: /home/dean/sunxi-v3s/buildroot-2017.08/output/host/bin/arm-linux-gnueabihf-gcc -c -D_LARGEFILE_SOURCE -D_LARGEFILE64_SOURCE -D_FILE_OFFSET_BITS=64  -Os  -D_LARGEFILE_SOURCE -D_LARGEFILE64_SOURCE -D_FILE_OFFSET_BITS=64 conftest.c >&5
configure:6206: $? = 0
configure:6206: result: yes
configure:6220: checking for dlfcn.h
configure:6220: /home/dean/sunxi-v3s/buildroot-2017.08/output/host/bin/arm-linux-gnueabihf-gcc -c -D_LARGEFILE_SOURCE -D_LARGEFILE64_SOURCE -D_FILE_OFFSET_BITS=64  -Os  -D_LARGEFILE_SOURCE -D_LARGEFILE64_SOURCE -D_FILE_OFFSET_BITS=64 conftest.c >&5
configure:6220: $? = 0
configure:6220: result: yes
configure:6702: checking for objdir
configure:6717: result: .libs
configure:7013: checking if /home/dean/sunxi-v3s/buildroot-2017.08/output/host/bin/arm-linux-gnueabihf-gcc supports -fno-rtti -fno-exceptions
configure:7031: /home/dean/sunxi-v3s/buildroot-2017.08/output/host/bin/arm-linux-gnueabihf-gcc -c -D_LARGEFILE_SOURCE -D_LARGEFILE64_SOURCE -D_FILE_OFFSET_BITS=64  -Os  -D_LARGEFILE_SOURCE -D_LARGEFILE64_SOURCE -D_FILE_OFFSET_BITS=64 -fno-rtti -fno-exceptions conftest.c >&5
cc1: warning: command line option '-fno-rtti' is valid for C++/ObjC++ but not for C
configure:7035: $? = 0
configure:7048: result: no
configure:7068: checking for /home/dean/sunxi-v3s/buildroot-2017.08/output/host/bin/arm-linux-gnueabihf-gcc option to produce PIC
configure:7340: result: -fPIC -DPIC
configure:7352: checking if /home/dean/sunxi-v3s/buildroot-2017.08/output/host/bin/arm-linux-gnueabihf-gcc PIC flag -fPIC -DPIC works
configure:7370: /home/dean/sunxi-v3s/buildroot-2017.08/output/host/bin/arm-linux-gnueabihf-gcc -c -D_LARGEFILE_SOURCE -D_LARGEFILE64_SOURCE -D_FILE_OFFSET_BITS=64  -Os  -D_LARGEFILE_SOURCE -D_LARGEFILE64_SOURCE -D_FILE_OFFSET_BITS=64 -fPIC -DPIC -DPIC conftest.c >&5
configure:7374: $? = 0
configure:7387: result: yes
configure:7411: checking if /home/dean/sunxi-v3s/buildroot-2017.08/output/host/bin/arm-linux-gnueabihf-gcc static flag -static works
configure:7439: result: yes
configure:7454: checking if /home/dean/sunxi-v3s/buildroot-2017.08/output/host/bin/arm-linux-gnueabihf-gcc supports -c -o file.o
configure:7475: /home/dean/sunxi-v3s/buildroot-2017.08/output/host/bin/arm-linux-gnueabihf-gcc -c -D_LARGEFILE_SOURCE -D_LARGEFILE64_SOURCE -D_FILE_OFFSET_BITS=64  -Os  -D_LARGEFILE_SOURCE -D_LARGEFILE64_SOURCE -D_FILE_OFFSET_BITS=64 -o out/conftest2.o conftest.c >&5
configure:7479: $? = 0
configure:7501: result: yes
configure:7509: checking if /home/dean/sunxi-v3s/buildroot-2017.08/output/host/bin/arm-linux-gnueabihf-gcc supports -c -o file.o
configure:7556: result: yes
configure:7589: checking whether the /home/dean/sunxi-v3s/buildroot-2017.08/output/host/bin/arm-linux-gnueabihf-gcc linker (/home/dean/sunxi-v3s/buildroot-2017.08/output/host/bin/arm-linux-gnueabihf-ld) supports shared libraries
configure:8575: result: yes
configure:8612: checking whether -lc should be explicitly linked in
configure:8617: /home/dean/sunxi-v3s/buildroot-2017.08/output/host/bin/arm-linux-gnueabihf-gcc -c -D_LARGEFILE_SOURCE -D_LARGEFILE64_SOURCE -D_FILE_OFFSET_BITS=64  -Os  -D_LARGEFILE_SOURCE -D_LARGEFILE64_SOURCE -D_FILE_OFFSET_BITS=64 conftest.c >&5
configure:8620: $? = 0
configure:8635: /home/dean/sunxi-v3s/buildroot-2017.08/output/host/bin/arm-linux-gnueabihf-gcc -shared conftest.o  -v -Wl,-soname -Wl,conftest -o conftest 2\>\&1 \| /bin/grep  -lc  \>/dev/null 2\>\&1
configure:8638: $? = 0
configure:8650: result: no
configure:8814: checking dynamic linker characteristics
configure:9249: /home/dean/sunxi-v3s/buildroot-2017.08/output/host/bin/arm-linux-gnueabihf-gcc -o conftest -D_LARGEFILE_SOURCE -D_LARGEFILE64_SOURCE -D_FILE_OFFSET_BITS=64  -Os  -D_LARGEFILE_SOURCE -D_LARGEFILE64_SOURCE -D_FILE_OFFSET_BITS=64  -Wl,-rpath -Wl,/foo conftest.c  >&5
configure:9249: $? = 0
configure:9467: result: GNU/Linux ld.so
configure:9569: checking how to hardcode library paths into programs
configure:9594: result: immediate
configure:10114: checking whether stripping libraries is possible
configure:10119: result: yes
configure:10154: checking if libtool supports shared libraries
configure:10156: result: yes
configure:10159: checking whether to build shared libraries
configure:10180: result: yes
configure:10183: checking whether to build static libraries
configure:10187: result: no
configure:10251: checking for a BSD-compatible install
configure:10319: result: /usr/bin/install -c
configure:10330: checking whether build environment is sane
configure:10385: result: yes
configure:10444: checking for arm-buildroot-linux-gnueabihf-strip
configure:10471: result: /home/dean/sunxi-v3s/buildroot-2017.08/output/host/bin/arm-linux-gnueabihf-strip
configure:10536: checking for a thread-safe mkdir -p
configure:10575: result: /bin/mkdir -p
configure:10582: checking for gawk
configure:10612: result: no
configure:10582: checking for mawk
configure:10598: found /usr/bin/mawk
configure:10609: result: mawk
configure:10620: checking whether make sets $(MAKE)
configure:10642: result: yes
configure:10672: checking for style of include used by make
configure:10700: result: GNU
configure:10734: checking whether make supports nested variables
configure:10751: result: yes
configure:10832: checking dependency style of /home/dean/sunxi-v3s/buildroot-2017.08/output/host/bin/arm-linux-gnueabihf-gcc
configure:10943: result: none
configure:10969: checking for arm-buildroot-linux-gnueabihf-gcc
configure:10996: result: /home/dean/sunxi-v3s/buildroot-2017.08/output/host/bin/arm-linux-gnueabihf-gcc
configure:11265: checking for C compiler version
configure:11274: /home/dean/sunxi-v3s/buildroot-2017.08/output/host/bin/arm-linux-gnueabihf-gcc --version >&5
arm-linux-gnueabihf-gcc (Linaro GCC 6.3-2017.05) 6.3.1 20170404
Copyright (C) 2016 Free Software Foundation, Inc.
This is free software; see the source for copying conditions.  There is NO
warranty; not even for MERCHANTABILITY or FITNESS FOR A PARTICULAR PURPOSE.

configure:11285: $? = 0
configure:11274: /home/dean/sunxi-v3s/buildroot-2017.08/output/host/bin/arm-linux-gnueabihf-gcc -v >&5
Using built-in specs.
COLLECT_GCC=/opt/gcc-linaro-6.3.1-2017.05-x86_64_arm-linux-gnueabihf/bin/arm-linux-gnueabihf-gcc
COLLECT_LTO_WRAPPER=/opt/gcc-linaro-6.3.1-2017.05-x86_64_arm-linux-gnueabihf/bin/../libexec/gcc/arm-linux-gnueabihf/6.3.1/lto-wrapper
Target: arm-linux-gnueabihf
Configured with: '/home/tcwg-buildslave/workspace/tcwg-make-release/builder_arch/amd64/label/tcwg-x86_64-build/target/arm-linux-gnueabihf/snapshots/gcc.git~linaro-6.3-2017.05/configure' SHELL=/bin/bash --with-mpc=/home/tcwg-buildslave/workspace/tcwg-make-release/builder_arch/amd64/label/tcwg-x86_64-build/target/arm-linux-gnueabihf/_build/builds/destdir/x86_64-unknown-linux-gnu --with-mpfr=/home/tcwg-buildslave/workspace/tcwg-make-release/builder_arch/amd64/label/tcwg-x86_64-build/target/arm-linux-gnueabihf/_build/builds/destdir/x86_64-unknown-linux-gnu --with-gmp=/home/tcwg-buildslave/workspace/tcwg-make-release/builder_arch/amd64/label/tcwg-x86_64-build/target/arm-linux-gnueabihf/_build/builds/destdir/x86_64-unknown-linux-gnu --with-gnu-as --with-gnu-ld --disable-libmudflap --enable-lto --enable-shared --without-included-gettext --enable-nls --disable-sjlj-exceptions --enable-gnu-unique-object --enable-linker-build-id --disable-libstdcxx-pch --enable-c99 --enable-clocale=gnu --enable-libstdcxx-debug --enable-long-long --with-cloog=no --with-ppl=no --with-isl=no --disable-multilib --with-float=hard --with-fpu=vfpv3-d16 --with-mode=thumb --with-tune=cortex-a9 --with-arch=armv7-a --enable-threads=posix --enable-multiarch --enable-libstdcxx-time=yes --enable-gnu-indirect-function --with-build-sysroot=/home/tcwg-buildslave/workspace/tcwg-make-release/builder_arch/amd64/label/tcwg-x86_64-build/target/arm-linux-gnueabihf/_build/sysroots/arm-linux-gnueabihf --with-sysroot=/home/tcwg-buildslave/workspace/tcwg-make-release/builder_arch/amd64/label/tcwg-x86_64-build/target/arm-linux-gnueabihf/_build/builds/destdir/x86_64-unknown-linux-gnu/arm-linux-gnueabihf/libc --enable-checking=release --disable-bootstrap --enable-languages=c,c++,fortran,lto --build=x86_64-unknown-linux-gnu --host=x86_64-unknown-linux-gnu --target=arm-linux-gnueabihf --prefix=/home/tcwg-buildslave/workspace/tcwg-make-release/builder_arch/amd64/label/tcwg-x86_64-build/target/arm-linux-gnueabihf/_build/builds/destdir/x86_64-unknown-linux-gnu
Thread model: posix
gcc version 6.3.1 20170404 (Linaro GCC 6.3-2017.05) 
configure:11285: $? = 0
configure:11274: /home/dean/sunxi-v3s/buildroot-2017.08/output/host/bin/arm-linux-gnueabihf-gcc -V >&5
arm-linux-gnueabihf-gcc: error: unrecognized command line option '-V'
arm-linux-gnueabihf-gcc: fatal error: no input files
compilation terminated.
configure:11285: $? = 1
configure:11274: /home/dean/sunxi-v3s/buildroot-2017.08/output/host/bin/arm-linux-gnueabihf-gcc -qversion >&5
arm-linux-gnueabihf-gcc: error: unrecognized command line option '-qversion'; did you mean '--version'?
arm-linux-gnueabihf-gcc: fatal error: no input files
compilation terminated.
configure:11285: $? = 1
configure:11289: checking whether we are using the GNU C compiler
configure:11317: result: yes
configure:11326: checking whether /home/dean/sunxi-v3s/buildroot-2017.08/output/host/bin/arm-linux-gnueabihf-gcc accepts -g
configure:11387: result: yes
configure:11404: checking for /home/dean/sunxi-v3s/buildroot-2017.08/output/host/bin/arm-linux-gnueabihf-gcc option to accept ISO C89
configure:11480: result: none needed
configure:11510: checking for arm-buildroot-linux-gnueabihf-gcc
configure:11540: result: no
configure:11510: checking for arm-buildroot-linux-gnueabihf-objcc
configure:11540: result: no
configure:11510: checking for arm-buildroot-linux-gnueabihf-objc
configure:11540: result: no
configure:11510: checking for arm-buildroot-linux-gnueabihf-cc
configure:11540: result: no
configure:11510: checking for arm-buildroot-linux-gnueabihf-CC
configure:11540: result: no
configure:11554: checking for gcc
configure:11570: found /usr/bin/gcc
configure:11581: result: gcc
configure:11597: WARNING: using cross tools not prefixed with host triplet
configure:11606: checking for Objective C compiler version
configure:11615: gcc --version >&5
gcc (Ubuntu 7.2.0-8ubuntu3.2) 7.2.0
Copyright (C) 2017 Free Software Foundation, Inc.
This is free software; see the source for copying conditions.  There is NO
warranty; not even for MERCHANTABILITY or FITNESS FOR A PARTICULAR PURPOSE.

configure:11626: $? = 0
configure:11615: gcc -v >&5
Using built-in specs.
COLLECT_GCC=gcc
COLLECT_LTO_WRAPPER=/usr/lib/gcc/x86_64-linux-gnu/7/lto-wrapper
OFFLOAD_TARGET_NAMES=nvptx-none
OFFLOAD_TARGET_DEFAULT=1
Target: x86_64-linux-gnu
Configured with: ../src/configure -v --with-pkgversion='Ubuntu 7.2.0-8ubuntu3.2' --with-bugurl=file:///usr/share/doc/gcc-7/README.Bugs --enable-languages=c,ada,c++,go,brig,d,fortran,objc,obj-c++ --prefix=/usr --with-gcc-major-version-only --program-suffix=-7 --program-prefix=x86_64-linux-gnu- --enable-shared --enable-linker-build-id --libexecdir=/usr/lib --without-included-gettext --enable-threads=posix --libdir=/usr/lib --enable-nls --with-sysroot=/ --enable-clocale=gnu --enable-libstdcxx-debug --enable-libstdcxx-time=yes --with-default-libstdcxx-abi=new --enable-gnu-unique-object --disable-vtable-verify --enable-libmpx --enable-plugin --enable-default-pie --with-system-zlib --with-target-system-zlib --enable-objc-gc=auto --enable-multiarch --disable-werror --with-arch-32=i686 --with-abi=m64 --with-multilib-list=m32,m64,mx32 --enable-multilib --with-tune=generic --enable-offload-targets=nvptx-none --without-cuda-driver --enable-checking=release --build=x86_64-linux-gnu --host=x86_64-linux-gnu --target=x86_64-linux-gnu
Thread model: posix
gcc version 7.2.0 (Ubuntu 7.2.0-8ubuntu3.2) 
configure:11626: $? = 0
configure:11615: gcc -V >&5
gcc: error: unrecognized command line option '-V'
gcc: fatal error: no input files
compilation terminated.
configure:11626: $? = 1
configure:11615: gcc -qversion >&5
gcc: error: unrecognized command line option '-qversion'; did you mean '--version'?
gcc: fatal error: no input files
compilation terminated.
configure:11626: $? = 1
configure:11630: checking whether we are using the GNU Objective C compiler
configure:11649: gcc -c  -D_LARGEFILE_SOURCE -D_LARGEFILE64_SOURCE -D_FILE_OFFSET_BITS=64 conftest.m >&5
gcc: error trying to exec 'cc1obj': execvp: No such file or directory
configure:11649: $? = 1
configure: failed program was:
| /* confdefs.h */
| #define PACKAGE_NAME ""
| #define PACKAGE_TARNAME ""
| #define PACKAGE_VERSION ""
| #define PACKAGE_STRING ""
| #define PACKAGE_BUGREPORT ""
| #define PACKAGE_URL ""
| #define STDC_HEADERS 1
| #define HAVE_SYS_TYPES_H 1
| #define HAVE_SYS_STAT_H 1
| #define HAVE_STDLIB_H 1
| #define HAVE_STRING_H 1
| #define HAVE_MEMORY_H 1
| #define HAVE_STRINGS_H 1
| #define HAVE_INTTYPES_H 1
| #define HAVE_STDINT_H 1
| #define HAVE_UNISTD_H 1
| #define HAVE_DLFCN_H 1
| #define LT_OBJDIR ".libs/"
| #define PACKAGE "SDL2_image"
| #define VERSION "2.0.1"
| /* end confdefs.h.  */
| 
| int
| main ()
| {
| #ifndef __GNUC__
|        choke me
| #endif
| 
|   ;
|   return 0;
| }
configure:11658: result: no
configure:11667: checking whether gcc accepts -g
configure:11687: gcc -c -g -D_LARGEFILE_SOURCE -D_LARGEFILE64_SOURCE -D_FILE_OFFSET_BITS=64 conftest.m >&5
gcc: error trying to exec 'cc1obj': execvp: No such file or directory
configure:11687: $? = 1
configure: failed program was:
| /* confdefs.h */
| #define PACKAGE_NAME ""
| #define PACKAGE_TARNAME ""
| #define PACKAGE_VERSION ""
| #define PACKAGE_STRING ""
| #define PACKAGE_BUGREPORT ""
| #define PACKAGE_URL ""
| #define STDC_HEADERS 1
| #define HAVE_SYS_TYPES_H 1
| #define HAVE_SYS_STAT_H 1
| #define HAVE_STDLIB_H 1
| #define HAVE_STRING_H 1
| #define HAVE_MEMORY_H 1
| #define HAVE_STRINGS_H 1
| #define HAVE_INTTYPES_H 1
| #define HAVE_STDINT_H 1
| #define HAVE_UNISTD_H 1
| #define HAVE_DLFCN_H 1
| #define LT_OBJDIR ".libs/"
| #define PACKAGE "SDL2_image"
| #define VERSION "2.0.1"
| /* end confdefs.h.  */
| 
| int
| main ()
| {
| 
|   ;
|   return 0;
| }
configure:11702: gcc -c  -D_LARGEFILE_SOURCE -D_LARGEFILE64_SOURCE -D_FILE_OFFSET_BITS=64 conftest.m >&5
gcc: error trying to exec 'cc1obj': execvp: No such file or directory
configure:11702: $? = 1
configure: failed program was:
| /* confdefs.h */
| #define PACKAGE_NAME ""
| #define PACKAGE_TARNAME ""
| #define PACKAGE_VERSION ""
| #define PACKAGE_STRING ""
| #define PACKAGE_BUGREPORT ""
| #define PACKAGE_URL ""
| #define STDC_HEADERS 1
| #define HAVE_SYS_TYPES_H 1
| #define HAVE_SYS_STAT_H 1
| #define HAVE_STDLIB_H 1
| #define HAVE_STRING_H 1
| #define HAVE_MEMORY_H 1
| #define HAVE_STRINGS_H 1
| #define HAVE_INTTYPES_H 1
| #define HAVE_STDINT_H 1
| #define HAVE_UNISTD_H 1
| #define HAVE_DLFCN_H 1
| #define LT_OBJDIR ".libs/"
| #define PACKAGE "SDL2_image"
| #define VERSION "2.0.1"
| /* end confdefs.h.  */
| 
| int
| main ()
| {
| 
|   ;
|   return 0;
| }
configure:11718: gcc -c -g -D_LARGEFILE_SOURCE -D_LARGEFILE64_SOURCE -D_FILE_OFFSET_BITS=64 conftest.m >&5
gcc: error trying to exec 'cc1obj': execvp: No such file or directory
configure:11718: $? = 1
configure: failed program was:
| /* confdefs.h */
| #define PACKAGE_NAME ""
| #define PACKAGE_TARNAME ""
| #define PACKAGE_VERSION ""
| #define PACKAGE_STRING ""
| #define PACKAGE_BUGREPORT ""
| #define PACKAGE_URL ""
| #define STDC_HEADERS 1
| #define HAVE_SYS_TYPES_H 1
| #define HAVE_SYS_STAT_H 1
| #define HAVE_STDLIB_H 1
| #define HAVE_STRING_H 1
| #define HAVE_MEMORY_H 1
| #define HAVE_STRINGS_H 1
| #define HAVE_INTTYPES_H 1
| #define HAVE_STDINT_H 1
| #define HAVE_UNISTD_H 1
| #define HAVE_DLFCN_H 1
| #define LT_OBJDIR ".libs/"
| #define PACKAGE "SDL2_image"
| #define VERSION "2.0.1"
| /* end confdefs.h.  */
| 
| int
| main ()
| {
| 
|   ;
|   return 0;
| }
configure:11728: result: no
configure:11753: checking dependency style of gcc
configure:11862: result: none
configure:11877: checking for inline
configure:11893: /home/dean/sunxi-v3s/buildroot-2017.08/output/host/bin/arm-linux-gnueabihf-gcc -c -D_LARGEFILE_SOURCE -D_LARGEFILE64_SOURCE -D_FILE_OFFSET_BITS=64  -Os  -D_LARGEFILE_SOURCE -D_LARGEFILE64_SOURCE -D_FILE_OFFSET_BITS=64 conftest.c >&5
configure:11893: $? = 0
configure:11901: result: inline
configure:11920: checking whether make sets $(MAKE)
configure:11942: result: yes
configure:11960: checking for windres
configure:11990: result: no
configure:11960: checking for arm-buildroot-linux-gnueabihf-windres
configure:11990: result: no
configure:11960: checking for linux-gnueabihf-windres
configure:11990: result: no
configure:12176: checking pkg-config is at least version 0.9.0
configure:12179: result: yes
configure:12217: checking for SDL
configure:12225: $PKG_CONFIG --exists --print-errors "sdl2 >= $min_sdl_version"
configure:12228: $? = 0
configure:12243: $PKG_CONFIG --exists --print-errors "sdl2 >= $min_sdl_version"
configure:12246: $? = 0
configure:12282: result: yes
configure:12653: checking for ImageIO support
configure:12655: result: 
configure:12659: checking jpeglib.h usability
configure:12659: /home/dean/sunxi-v3s/buildroot-2017.08/output/host/bin/arm-linux-gnueabihf-gcc -c -D_LARGEFILE_SOURCE -D_LARGEFILE64_SOURCE -D_FILE_OFFSET_BITS=64  -Os  -I/home/dean/sunxi-v3s/buildroot-2017.08/output/host/arm-buildroot-linux-gnueabihf/sysroot/usr/include/SDL2  -D_REENTRANT   -D_LARGEFILE_SOURCE -D_LARGEFILE64_SOURCE -D_FILE_OFFSET_BITS=64 conftest.c >&5
configure:12659: $? = 0
configure:12659: result: yes
configure:12659: checking jpeglib.h presence
configure:12659: /home/dean/sunxi-v3s/buildroot-2017.08/output/host/bin/arm-linux-gnueabihf-cpp -D_LARGEFILE_SOURCE -D_LARGEFILE64_SOURCE -D_FILE_OFFSET_BITS=64 conftest.c
configure:12659: $? = 0
configure:12659: result: yes
configure:12659: checking for jpeglib.h
configure:12659: result: yes
configure:12665: checking for jpeg_CreateDecompress in -ljpeg
configure:12690: /home/dean/sunxi-v3s/buildroot-2017.08/output/host/bin/arm-linux-gnueabihf-gcc -o conftest -D_LARGEFILE_SOURCE -D_LARGEFILE64_SOURCE -D_FILE_OFFSET_BITS=64  -Os  -I/home/dean/sunxi-v3s/buildroot-2017.08/output/host/arm-buildroot-linux-gnueabihf/sysroot/usr/include/SDL2  -D_REENTRANT   -D_LARGEFILE_SOURCE -D_LARGEFILE64_SOURCE -D_FILE_OFFSET_BITS=64  conftest.c -ljpeg   -L/home/dean/sunxi-v3s/buildroot-2017.08/output/host/arm-buildroot-linux-gnueabihf/sysroot/usr/lib  -lSDL2   >&5
configure:12690: $? = 0
configure:12699: result: yes
configure:12737: checking for LIBPNG
configure:12745: $PKG_CONFIG --exists --print-errors "libpng"
configure:12748: $? = 0
configure:12763: $PKG_CONFIG --exists --print-errors "libpng"
configure:12766: $? = 0
configure:12894: result: yes
configure:12928: checking tiffio.h usability
configure:12928: /home/dean/sunxi-v3s/buildroot-2017.08/output/host/bin/arm-linux-gnueabihf-gcc -c -I/home/dean/sunxi-v3s/buildroot-2017.08/output/host/arm-buildroot-linux-gnueabihf/sysroot/usr/include/libpng16 -I/home/dean/sunxi-v3s/buildroot-2017.08/output/host/arm-buildroot-linux-gnueabihf/sysroot/usr/include   -D_LARGEFILE_SOURCE -D_LARGEFILE64_SOURCE -D_FILE_OFFSET_BITS=64  -Os  -I/home/dean/sunxi-v3s/buildroot-2017.08/output/host/arm-buildroot-linux-gnueabihf/sysroot/usr/include/SDL2  -D_REENTRANT   -D_LARGEFILE_SOURCE -D_LARGEFILE64_SOURCE -D_FILE_OFFSET_BITS=64 conftest.c >&5
configure:12928: $? = 0
configure:12928: result: yes
configure:12928: checking tiffio.h presence
configure:12928: /home/dean/sunxi-v3s/buildroot-2017.08/output/host/bin/arm-linux-gnueabihf-cpp -D_LARGEFILE_SOURCE -D_LARGEFILE64_SOURCE -D_FILE_OFFSET_BITS=64 conftest.c
configure:12928: $? = 0
configure:12928: result: yes
configure:12928: checking for tiffio.h
configure:12928: result: yes
configure:12934: checking for TIFFClientOpen in -ltiff
configure:12959: /home/dean/sunxi-v3s/buildroot-2017.08/output/host/bin/arm-linux-gnueabihf-gcc -o conftest -I/home/dean/sunxi-v3s/buildroot-2017.08/output/host/arm-buildroot-linux-gnueabihf/sysroot/usr/include/libpng16 -I/home/dean/sunxi-v3s/buildroot-2017.08/output/host/arm-buildroot-linux-gnueabihf/sysroot/usr/include   -D_LARGEFILE_SOURCE -D_LARGEFILE64_SOURCE -D_FILE_OFFSET_BITS=64  -Os  -I/home/dean/sunxi-v3s/buildroot-2017.08/output/host/arm-buildroot-linux-gnueabihf/sysroot/usr/include/SDL2  -D_REENTRANT   -D_LARGEFILE_SOURCE -D_LARGEFILE64_SOURCE -D_FILE_OFFSET_BITS=64  conftest.c -ltiff -lz -ljpeg  -L/home/dean/sunxi-v3s/buildroot-2017.08/output/host/arm-buildroot-linux-gnueabihf/sysroot/usr/lib  -lSDL2   >&5
configure:12959: $? = 0
configure:12968: result: yes
configure:13003: checking for LIBWEBP
configure:13011: $PKG_CONFIG --exists --print-errors "libwebp"
configure:13014: $? = 0
configure:13029: $PKG_CONFIG --exists --print-errors "libwebp"
configure:13032: $? = 0
configure:13160: result: yes
configure:13443: checking that generated files are newer than configure
configure:13449: result: done
configure:13484: creating ./config.status

## ---------------------- ##
## Running config.status. ##
## ---------------------- ##

This file was extended by config.status, which was
generated by GNU Autoconf 2.69.  Invocation command line was

  CONFIG_FILES    = 
  CONFIG_HEADERS  = 
  CONFIG_LINKS    = 
  CONFIG_COMMANDS = 
  $ ./config.status 

on dean-ThinkPad-X100e

config.status:1031: creating Makefile
config.status:1031: creating SDL2_image.spec
config.status:1031: creating SDL2_image.pc
config.status:1203: executing libtool commands
config.status:1203: executing depfiles commands
configure:15509: WARNING: unrecognized options: --disable-gtk-doc, --disable-gtk-doc-html, --disable-doc, --disable-docs, --disable-documentation, --with-xmlto, --with-fop, --enable-ipv6, --disable-nls

## ---------------- ##
## Cache variables. ##
## ---------------- ##

ac_cv_build=x86_64-pc-linux-gnu
ac_cv_c_bigendian=no
ac_cv_c_compiler_gnu=yes
ac_cv_c_inline=inline
ac_cv_env_CC_set=set
ac_cv_env_CC_value=/home/dean/sunxi-v3s/buildroot-2017.08/output/host/bin/arm-linux-gnueabihf-gcc
ac_cv_env_CFLAGS_set=set
ac_cv_env_CFLAGS_value='-D_LARGEFILE_SOURCE -D_LARGEFILE64_SOURCE -D_FILE_OFFSET_BITS=64  -Os '
ac_cv_env_CPPFLAGS_set=set
ac_cv_env_CPPFLAGS_value='-D_LARGEFILE_SOURCE -D_LARGEFILE64_SOURCE -D_FILE_OFFSET_BITS=64'
ac_cv_env_CPP_set=set
ac_cv_env_CPP_value=/home/dean/sunxi-v3s/buildroot-2017.08/output/host/bin/arm-linux-gnueabihf-cpp
ac_cv_env_LDFLAGS_set=set
ac_cv_env_LDFLAGS_value=
ac_cv_env_LIBPNG_CFLAGS_set=
ac_cv_env_LIBPNG_CFLAGS_value=
ac_cv_env_LIBPNG_LIBS_set=
ac_cv_env_LIBPNG_LIBS_value=
ac_cv_env_LIBS_set=
ac_cv_env_LIBS_value=
ac_cv_env_LIBWEBP_CFLAGS_set=
ac_cv_env_LIBWEBP_CFLAGS_value=
ac_cv_env_LIBWEBP_LIBS_set=
ac_cv_env_LIBWEBP_LIBS_value=
ac_cv_env_OBJCFLAGS_set=
ac_cv_env_OBJCFLAGS_value=
ac_cv_env_OBJC_set=
ac_cv_env_OBJC_value=
ac_cv_env_PKG_CONFIG_set=set
ac_cv_env_PKG_CONFIG_value=/home/dean/sunxi-v3s/buildroot-2017.08/output/host/bin/pkg-config
ac_cv_env_SDL_CFLAGS_set=
ac_cv_env_SDL_CFLAGS_value=
ac_cv_env_SDL_LIBS_set=
ac_cv_env_SDL_LIBS_value=
ac_cv_env_build_alias_set=set
ac_cv_env_build_alias_value=x86_64-pc-linux-gnu
ac_cv_env_host_alias_set=set
ac_cv_env_host_alias_value=arm-buildroot-linux-gnueabihf
ac_cv_env_target_alias_set=set
ac_cv_env_target_alias_value=arm-buildroot-linux-gnueabihf
ac_cv_func_calloc_0_nonnull=yes
ac_cv_func_malloc_0_nonnull=yes
ac_cv_func_memcmp_working=yes
ac_cv_func_mmap_fixed_mapped=yes
ac_cv_func_realloc_0_nonnull=yes
ac_cv_have_decl_malloc=yes
ac_cv_header_dlfcn_h=yes
ac_cv_header_inttypes_h=yes
ac_cv_header_jpeglib_h=yes
ac_cv_header_memory_h=yes
ac_cv_header_stdc=yes
ac_cv_header_stdint_h=yes
ac_cv_header_stdlib_h=yes
ac_cv_header_string_h=yes
ac_cv_header_strings_h=yes
ac_cv_header_sys_stat_h=yes
ac_cv_header_sys_types_h=yes
ac_cv_header_tiffio_h=yes
ac_cv_header_unistd_h=yes
ac_cv_host=arm-buildroot-linux-gnueabihf
ac_cv_lbl_unaligned_fail=yes
ac_cv_lib_jpeg_jpeg_CreateDecompress=yes
ac_cv_lib_tiff_TIFFClientOpen=yes
ac_cv_objc_compiler_gnu=no
ac_cv_objext=o
ac_cv_path_EGREP='/bin/grep -E'
ac_cv_path_FGREP='/bin/grep -F'
ac_cv_path_GREP=/bin/grep
ac_cv_path_SED=/bin/sed
ac_cv_path_install='/usr/bin/install -c'
ac_cv_path_mkdir=/bin/mkdir
ac_cv_prog_AR=/home/dean/sunxi-v3s/buildroot-2017.08/output/host/bin/arm-linux-gnueabihf-ar
ac_cv_prog_AWK=mawk
ac_cv_prog_CC=/home/dean/sunxi-v3s/buildroot-2017.08/output/host/bin/arm-linux-gnueabihf-gcc
ac_cv_prog_CPP=/home/dean/sunxi-v3s/buildroot-2017.08/output/host/bin/arm-linux-gnueabihf-cpp
ac_cv_prog_OBJDUMP=/home/dean/sunxi-v3s/buildroot-2017.08/output/host/bin/arm-linux-gnueabihf-objdump
ac_cv_prog_RANLIB=/home/dean/sunxi-v3s/buildroot-2017.08/output/host/bin/arm-linux-gnueabihf-ranlib
ac_cv_prog_STRIP=/home/dean/sunxi-v3s/buildroot-2017.08/output/host/bin/arm-linux-gnueabihf-strip
ac_cv_prog_ac_ct_OBJC=gcc
ac_cv_prog_cc_c89=
ac_cv_prog_cc_g=yes
ac_cv_prog_make_make_set=yes
ac_cv_prog_objc_g=no
am_cv_CC_dependencies_compiler_type=none
am_cv_OBJC_dependencies_compiler_type=none
am_cv_make_support_nested_variables=yes
gl_cv_func_malloc_0_nonnull=yes
lt_cv_deplibs_check_method=pass_all
lt_cv_file_magic_cmd='$MAGIC_CMD'
lt_cv_file_magic_test_file=
lt_cv_ld_reload_flag=-r
lt_cv_nm_interface='BSD nm'
lt_cv_objdir=.libs
lt_cv_path_LD=/home/dean/sunxi-v3s/buildroot-2017.08/output/host/bin/arm-linux-gnueabihf-ld
lt_cv_path_NM=/home/dean/sunxi-v3s/buildroot-2017.08/output/host/bin/arm-linux-gnueabihf-nm
lt_cv_prog_compiler_c_o=yes
lt_cv_prog_compiler_pic_works=yes
lt_cv_prog_compiler_rtti_exceptions=no
lt_cv_prog_compiler_static_works=yes
lt_cv_prog_gnu_ld=yes
lt_cv_sys_global_symbol_pipe='sed -n -e '\''s/^.*[	 ]\([ABCDGIRSTW][ABCDGIRSTW]*\)[	 ][	 ]*\([_A-Za-z][_A-Za-z0-9]*\)$/\1 \2 \2/p'\'''
lt_cv_sys_global_symbol_to_c_name_address='sed -n -e '\''s/^: \([^ ]*\) $/  {\"\1\", (void *) 0},/p'\'' -e '\''s/^[ABCDGIRSTW]* \([^ ]*\) \([^ ]*\)$/  {"\2", (void *) \&\2},/p'\'''
lt_cv_sys_global_symbol_to_c_name_address_lib_prefix='sed -n -e '\''s/^: \([^ ]*\) $/  {\"\1\", (void *) 0},/p'\'' -e '\''s/^[ABCDGIRSTW]* \([^ ]*\) \(lib[^ ]*\)$/  {"\2", (void *) \&\2},/p'\'' -e '\''s/^[ABCDGIRSTW]* \([^ ]*\) \([^ ]*\)$/  {"lib\2", (void *) \&\2},/p'\'''
lt_cv_sys_global_symbol_to_cdecl='sed -n -e '\''s/^T .* \(.*\)$/extern int \1();/p'\'' -e '\''s/^[ABCDGIRSTW]* .* \(.*\)$/extern char \1;/p'\'''
lt_cv_sys_lib_search_path_spec=
lt_cv_sys_max_cmd_len=1572864
pkg_cv_LIBPNG_CFLAGS='-I/home/dean/sunxi-v3s/buildroot-2017.08/output/host/arm-buildroot-linux-gnueabihf/sysroot/usr/include/libpng16 -I/home/dean/sunxi-v3s/buildroot-2017.08/output/host/arm-buildroot-linux-gnueabihf/sysroot/usr/include  '
pkg_cv_LIBPNG_LIBS='-L/home/dean/sunxi-v3s/buildroot-2017.08/output/host/arm-buildroot-linux-gnueabihf/sysroot/usr/lib -lpng16 -lz  '
pkg_cv_LIBWEBP_CFLAGS='-I/home/dean/sunxi-v3s/buildroot-2017.08/output/host/arm-buildroot-linux-gnueabihf/sysroot/usr/include  '
pkg_cv_LIBWEBP_LIBS='-L/home/dean/sunxi-v3s/buildroot-2017.08/output/host/arm-buildroot-linux-gnueabihf/sysroot/usr/lib -lwebp  '
pkg_cv_SDL_CFLAGS='-I/home/dean/sunxi-v3s/buildroot-2017.08/output/host/arm-buildroot-linux-gnueabihf/sysroot/usr/include/SDL2  -D_REENTRANT  '
pkg_cv_SDL_LIBS='-L/home/dean/sunxi-v3s/buildroot-2017.08/output/host/arm-buildroot-linux-gnueabihf/sysroot/usr/lib  -lSDL2  '

## ----------------- ##
## Output variables. ##
## ----------------- ##

ACLOCAL='${SHELL} /home/dean/sunxi-v3s/buildroot-2017.08/output/build/sdl2_image-2.0.1/missing aclocal-1.13'
AMDEPBACKSLASH=''
AMDEP_FALSE=''
AMDEP_TRUE='#'
AMTAR='$${TAR-tar}'
AM_BACKSLASH='\'
AM_DEFAULT_V='$(AM_DEFAULT_VERBOSITY)'
AM_DEFAULT_VERBOSITY='1'
AM_V='$(V)'
AR='/home/dean/sunxi-v3s/buildroot-2017.08/output/host/bin/arm-linux-gnueabihf-ar'
AS='/home/dean/sunxi-v3s/buildroot-2017.08/output/host/bin/arm-linux-gnueabihf-as'
AUTOCONF='${SHELL} /home/dean/sunxi-v3s/buildroot-2017.08/output/build/sdl2_image-2.0.1/missing autoconf'
AUTOHEADER='${SHELL} /home/dean/sunxi-v3s/buildroot-2017.08/output/build/sdl2_image-2.0.1/missing autoheader'
AUTOMAKE='${SHELL} /home/dean/sunxi-v3s/buildroot-2017.08/output/build/sdl2_image-2.0.1/missing automake-1.13'
AWK='mawk'
BINARY_AGE='1'
CC='/home/dean/sunxi-v3s/buildroot-2017.08/output/host/bin/arm-linux-gnueabihf-gcc'
CCDEPMODE='depmode=none'
CFLAGS='-I/home/dean/sunxi-v3s/buildroot-2017.08/output/host/arm-buildroot-linux-gnueabihf/sysroot/usr/include   -I/home/dean/sunxi-v3s/buildroot-2017.08/output/host/arm-buildroot-linux-gnueabihf/sysroot/usr/include/libpng16 -I/home/dean/sunxi-v3s/buildroot-2017.08/output/host/arm-buildroot-linux-gnueabihf/sysroot/usr/include   -D_LARGEFILE_SOURCE -D_LARGEFILE64_SOURCE -D_FILE_OFFSET_BITS=64  -Os  -I/home/dean/sunxi-v3s/buildroot-2017.08/output/host/arm-buildroot-linux-gnueabihf/sysroot/usr/include/SDL2  -D_REENTRANT  '
CPP='/home/dean/sunxi-v3s/buildroot-2017.08/output/host/bin/arm-linux-gnueabihf-cpp'
CPPFLAGS='-D_LARGEFILE_SOURCE -D_LARGEFILE64_SOURCE -D_FILE_OFFSET_BITS=64'
CYGPATH_W='echo'
DEFS='-DPACKAGE_NAME=\"\" -DPACKAGE_TARNAME=\"\" -DPACKAGE_VERSION=\"\" -DPACKAGE_STRING=\"\" -DPACKAGE_BUGREPORT=\"\" -DPACKAGE_URL=\"\" -DSTDC_HEADERS=1 -DHAVE_SYS_TYPES_H=1 -DHAVE_SYS_STAT_H=1 -DHAVE_STDLIB_H=1 -DHAVE_STRING_H=1 -DHAVE_MEMORY_H=1 -DHAVE_STRINGS_H=1 -DHAVE_INTTYPES_H=1 -DHAVE_STDINT_H=1 -DHAVE_UNISTD_H=1 -DHAVE_DLFCN_H=1 -DLT_OBJDIR=\".libs/\" -DPACKAGE=\"SDL2_image\" -DVERSION=\"2.0.1\" -DLOAD_JPG=1 -DLOAD_PNG=1 -DLOAD_TIF=1 -DLOAD_WEBP=1 -DLOAD_BMP=1 -DLOAD_GIF=1 -DLOAD_LBM=1 -DLOAD_PCX=1 -DLOAD_PNM=1 -DLOAD_TGA=1 -DLOAD_XCF=1 -DLOAD_XPM=1 -DLOAD_XV=1 -DLOAD_WEBP_DYNAMIC=\"libwebp.so.6\" -DLOAD_TIF_DYNAMIC=\"libtiff.so.5\" -DLOAD_JPG_DYNAMIC=\"libjpeg.so.8\" -DLOAD_PNG_DYNAMIC=\"libpng16.so.16\"'
DEPDIR='.deps'
DLLTOOL='dlltool'
DSYMUTIL=''
DUMPBIN=''
ECHO_C=''
ECHO_N='-n'
ECHO_T=''
EGREP='/bin/grep -E'
EXEEXT=''
FGREP='/bin/grep -F'
GREP='/bin/grep'
IMG_LIBS=''
INSTALL_DATA='${INSTALL} -m 644'
INSTALL_PROGRAM='${INSTALL}'
INSTALL_SCRIPT='${INSTALL}'
INSTALL_STRIP_PROGRAM='$(install_sh) -c -s'
INTERFACE_AGE='1'
LD='/home/dean/sunxi-v3s/buildroot-2017.08/output/host/bin/arm-linux-gnueabihf-ld'
LDFLAGS=''
LIBOBJS=''
LIBPNG_CFLAGS='-I/home/dean/sunxi-v3s/buildroot-2017.08/output/host/arm-buildroot-linux-gnueabihf/sysroot/usr/include/libpng16 -I/home/dean/sunxi-v3s/buildroot-2017.08/output/host/arm-buildroot-linux-gnueabihf/sysroot/usr/include  '
LIBPNG_LIBS='-L/home/dean/sunxi-v3s/buildroot-2017.08/output/host/arm-buildroot-linux-gnueabihf/sysroot/usr/lib -lpng16 -lz  '
LIBS=' -L/home/dean/sunxi-v3s/buildroot-2017.08/output/host/arm-buildroot-linux-gnueabihf/sysroot/usr/lib  -lSDL2  '
LIBTOOL='$(SHELL) $(top_builddir)/libtool'
LIBWEBP_CFLAGS='-I/home/dean/sunxi-v3s/buildroot-2017.08/output/host/arm-buildroot-linux-gnueabihf/sysroot/usr/include  '
LIBWEBP_LIBS='-L/home/dean/sunxi-v3s/buildroot-2017.08/output/host/arm-buildroot-linux-gnueabihf/sysroot/usr/lib -lwebp  '
LIPO=''
LN_S='ln -s'
LTLIBOBJS=''
LT_AGE='0'
LT_CURRENT='0'
LT_RELEASE='2.0'
LT_REVISION='1'
MAJOR_VERSION='2'
MAKEINFO='${SHELL} /home/dean/sunxi-v3s/buildroot-2017.08/output/build/sdl2_image-2.0.1/missing makeinfo'
MICRO_VERSION='1'
MINOR_VERSION='0'
MKDIR_P='/bin/mkdir -p'
NM='/home/dean/sunxi-v3s/buildroot-2017.08/output/host/bin/arm-linux-gnueabihf-nm'
NMEDIT=''
OBJC='gcc'
OBJCDEPMODE='depmode=none'
OBJCFLAGS='-I/home/dean/sunxi-v3s/buildroot-2017.08/output/host/arm-buildroot-linux-gnueabihf/sysroot/usr/include   -I/home/dean/sunxi-v3s/buildroot-2017.08/output/host/arm-buildroot-linux-gnueabihf/sysroot/usr/include/libpng16 -I/home/dean/sunxi-v3s/buildroot-2017.08/output/host/arm-buildroot-linux-gnueabihf/sysroot/usr/include   -D_LARGEFILE_SOURCE -D_LARGEFILE64_SOURCE -D_FILE_OFFSET_BITS=64  -Os  -I/home/dean/sunxi-v3s/buildroot-2017.08/output/host/arm-buildroot-linux-gnueabihf/sysroot/usr/include/SDL2  -D_REENTRANT  '
OBJDUMP='/home/dean/sunxi-v3s/buildroot-2017.08/output/host/bin/arm-linux-gnueabihf-objdump'
OBJEXT='o'
OTOOL64=''
OTOOL=''
PACKAGE='SDL2_image'
PACKAGE_BUGREPORT=''
PACKAGE_NAME=''
PACKAGE_STRING=''
PACKAGE_TARNAME=''
PACKAGE_URL=''
PACKAGE_VERSION=''
PATH_SEPARATOR=':'
PKG_CONFIG='/home/dean/sunxi-v3s/buildroot-2017.08/output/host/bin/pkg-config'
RANLIB='/home/dean/sunxi-v3s/buildroot-2017.08/output/host/bin/arm-linux-gnueabihf-ranlib'
SDL2_CONFIG='pkg-config sdl2'
SDL_CFLAGS='-I/home/dean/sunxi-v3s/buildroot-2017.08/output/host/arm-buildroot-linux-gnueabihf/sysroot/usr/include/SDL2  -D_REENTRANT  '
SDL_LIBS='-L/home/dean/sunxi-v3s/buildroot-2017.08/output/host/arm-buildroot-linux-gnueabihf/sysroot/usr/lib  -lSDL2  '
SDL_VERSION='2.0.0'
SED='/bin/sed'
SET_MAKE=''
SHELL='/bin/bash'
STRIP='/home/dean/sunxi-v3s/buildroot-2017.08/output/host/bin/arm-linux-gnueabihf-strip'
USE_IMAGEIO_FALSE=''
USE_IMAGEIO_TRUE='#'
USE_VERSION_RC_FALSE=''
USE_VERSION_RC_TRUE='#'
VERSION='2.0.1'
WINDRES=''
ac_ct_CC=''
ac_ct_DUMPBIN=''
ac_ct_OBJC='gcc'
am__EXEEXT_FALSE=''
am__EXEEXT_TRUE='#'
am__fastdepCC_FALSE=''
am__fastdepCC_TRUE='#'
am__fastdepOBJC_FALSE=''
am__fastdepOBJC_TRUE='#'
am__include='include'
am__isrc=''
am__leading_dot='.'
am__nodep=''
am__quote=''
am__tar='$${TAR-tar} chof - "$$tardir"'
am__untar='$${TAR-tar} xf -'
bindir='${exec_prefix}/bin'
build='x86_64-pc-linux-gnu'
build_alias='x86_64-pc-linux-gnu'
build_cpu='x86_64'
build_os='linux-gnu'
build_vendor='pc'
datadir='${datarootdir}'
datarootdir='${prefix}/share'
docdir='${datarootdir}/doc/${PACKAGE}'
dvidir='${docdir}'
exec_prefix='/usr'
host='arm-buildroot-linux-gnueabihf'
host_alias='arm-buildroot-linux-gnueabihf'
host_cpu='arm'
host_os='linux-gnueabihf'
host_vendor='buildroot'
htmldir='${docdir}'
includedir='${prefix}/include'
infodir='${datarootdir}/info'
install_sh='${SHELL} /home/dean/sunxi-v3s/buildroot-2017.08/output/build/sdl2_image-2.0.1/install-sh'
libdir='${exec_prefix}/lib'
libexecdir='${exec_prefix}/libexec'
localedir='${datarootdir}/locale'
localstatedir='/var'
lt_ECHO='echo'
mandir='${datarootdir}/man'
mkdir_p='$(MKDIR_P)'
oldincludedir='/usr/include'
pdfdir='${docdir}'
prefix='/usr'
program_transform_name='s&^&&'
psdir='${docdir}'
sbindir='${exec_prefix}/sbin'
sharedstatedir='${prefix}/com'
sysconfdir='/etc'
target_alias='arm-buildroot-linux-gnueabihf'

## ----------- ##
## confdefs.h. ##
## ----------- ##

/* confdefs.h */
#define PACKAGE_NAME ""
#define PACKAGE_TARNAME ""
#define PACKAGE_VERSION ""
#define PACKAGE_STRING ""
#define PACKAGE_BUGREPORT ""
#define PACKAGE_URL ""
#define STDC_HEADERS 1
#define HAVE_SYS_TYPES_H 1
#define HAVE_SYS_STAT_H 1
#define HAVE_STDLIB_H 1
#define HAVE_STRING_H 1
#define HAVE_MEMORY_H 1
#define HAVE_STRINGS_H 1
#define HAVE_INTTYPES_H 1
#define HAVE_STDINT_H 1
#define HAVE_UNISTD_H 1
#define HAVE_DLFCN_H 1
#define LT_OBJDIR ".libs/"
#define PACKAGE "SDL2_image"
#define VERSION "2.0.1"
#define LOAD_JPG 1
#define LOAD_PNG 1
#define LOAD_TIF 1
#define LOAD_WEBP 1
#define LOAD_BMP 1
#define LOAD_GIF 1
#define LOAD_LBM 1
#define LOAD_PCX 1
#define LOAD_PNM 1
#define LOAD_TGA 1
#define LOAD_XCF 1
#define LOAD_XPM 1
#define LOAD_XV 1
#define LOAD_WEBP_DYNAMIC "libwebp.so.6"
#define LOAD_TIF_DYNAMIC "libtiff.so.5"
#define LOAD_JPG_DYNAMIC "libjpeg.so.8"
#define LOAD_PNG_DYNAMIC "libpng16.so.16"

configure: exit 0
