This file contains any messages produced by compilers while
running configure, to aid debugging if configure makes a mistake.

It was created by the fast lexical analyser generator configure 2.6.4, which was
generated by GNU Autoconf 2.69.  Invocation command line was

  $ ./configure --prefix=/home/dean/sunxi-v3s/buildroot-2017.08/output/host --sysconfdir=/home/dean/sunxi-v3s/buildroot-2017.08/output/host/etc --localstatedir=/home/dean/sunxi-v3s/buildroot-2017.08/output/host/var --enable-shared --disable-static --disable-gtk-doc --disable-gtk-doc-html --disable-doc --disable-docs --disable-documentation --disable-debug --with-xmlto=no --with-fop=no --disable-dependency-tracking

## --------- ##
## Platform. ##
## --------- ##

hostname = dean-ThinkPad-X100e
uname -m = x86_64
uname -r = 4.13.0-46-generic
uname -s = Linux
uname -v = #51-Ubuntu SMP Tue Jun 12 12:36:29 UTC 2018

/usr/bin/uname -p = unknown
/bin/uname -X     = unknown

/bin/arch              = unknown
/usr/bin/arch -k       = unknown
/usr/convex/getsysinfo = unknown
/usr/bin/hostinfo      = unknown
/bin/machine           = unknown
/usr/bin/oslevel       = unknown
/bin/universe          = unknown

PATH: /home/dean/sunxi-v3s/buildroot-2017.08/output/host/bin
PATH: /home/dean/sunxi-v3s/buildroot-2017.08/output/host/sbin
PATH: /usr/local/sbin
PATH: /usr/local/bin
PATH: /usr/sbin
PATH: /usr/bin
PATH: /sbin
PATH: /bin
PATH: /usr/games
PATH: /usr/local/games
PATH: /snap/bin
PATH: /opt/gcc-linaro-6.3.1-2017.05-x86_64_arm-linux-gnueabihf/bin


## ----------- ##
## Core tests. ##
## ----------- ##

configure:2536: checking build system type
configure:2550: result: x86_64-pc-linux-gnu
configure:2570: checking host system type
configure:2583: result: x86_64-pc-linux-gnu
configure:2624: checking how to print strings
configure:2651: result: printf
configure:2723: checking for gcc
configure:2750: result: /usr/bin/gcc
configure:2979: checking for C compiler version
configure:2988: /usr/bin/gcc --version >&5
gcc (Ubuntu 7.2.0-8ubuntu3.2) 7.2.0
Copyright (C) 2017 Free Software Foundation, Inc.
This is free software; see the source for copying conditions.  There is NO
warranty; not even for MERCHANTABILITY or FITNESS FOR A PARTICULAR PURPOSE.

configure:2999: $? = 0
configure:2988: /usr/bin/gcc -v >&5
Using built-in specs.
COLLECT_GCC=/usr/bin/gcc
COLLECT_LTO_WRAPPER=/usr/lib/gcc/x86_64-linux-gnu/7/lto-wrapper
OFFLOAD_TARGET_NAMES=nvptx-none
OFFLOAD_TARGET_DEFAULT=1
Target: x86_64-linux-gnu
Configured with: ../src/configure -v --with-pkgversion='Ubuntu 7.2.0-8ubuntu3.2' --with-bugurl=file:///usr/share/doc/gcc-7/README.Bugs --enable-languages=c,ada,c++,go,brig,d,fortran,objc,obj-c++ --prefix=/usr --with-gcc-major-version-only --program-suffix=-7 --program-prefix=x86_64-linux-gnu- --enable-shared --enable-linker-build-id --libexecdir=/usr/lib --without-included-gettext --enable-threads=posix --libdir=/usr/lib --enable-nls --with-sysroot=/ --enable-clocale=gnu --enable-libstdcxx-debug --enable-libstdcxx-time=yes --with-default-libstdcxx-abi=new --enable-gnu-unique-object --disable-vtable-verify --enable-libmpx --enable-plugin --enable-default-pie --with-system-zlib --with-target-system-zlib --enable-objc-gc=auto --enable-multiarch --disable-werror --with-arch-32=i686 --with-abi=m64 --with-multilib-list=m32,m64,mx32 --enable-multilib --with-tune=generic --enable-offload-targets=nvptx-none --without-cuda-driver --enable-checking=release --build=x86_64-linux-gnu --host=x86_64-linux-gnu --target=x86_64-linux-gnu
Thread model: posix
gcc version 7.2.0 (Ubuntu 7.2.0-8ubuntu3.2) 
configure:2999: $? = 0
configure:2988: /usr/bin/gcc -V >&5
gcc: error: unrecognized command line option '-V'
gcc: fatal error: no input files
compilation terminated.
configure:2999: $? = 1
configure:2988: /usr/bin/gcc -qversion >&5
gcc: error: unrecognized command line option '-qversion'; did you mean '--version'?
gcc: fatal error: no input files
compilation terminated.
configure:2999: $? = 1
configure:3019: checking whether the C compiler works
configure:3041: /usr/bin/gcc -O2 -I/home/dean/sunxi-v3s/buildroot-2017.08/output/host/include -I/home/dean/sunxi-v3s/buildroot-2017.08/output/host/include -L/home/dean/sunxi-v3s/buildroot-2017.08/output/host/lib -Wl,-rpath,/home/dean/sunxi-v3s/buildroot-2017.08/output/host/lib conftest.c  >&5
configure:3045: $? = 0
configure:3093: result: yes
configure:3096: checking for C compiler default output file name
configure:3098: result: a.out
configure:3104: checking for suffix of executables
configure:3111: /usr/bin/gcc -o conftest -O2 -I/home/dean/sunxi-v3s/buildroot-2017.08/output/host/include -I/home/dean/sunxi-v3s/buildroot-2017.08/output/host/include -L/home/dean/sunxi-v3s/buildroot-2017.08/output/host/lib -Wl,-rpath,/home/dean/sunxi-v3s/buildroot-2017.08/output/host/lib conftest.c  >&5
configure:3115: $? = 0
configure:3137: result: 
configure:3159: checking whether we are cross compiling
configure:3167: /usr/bin/gcc -o conftest -O2 -I/home/dean/sunxi-v3s/buildroot-2017.08/output/host/include -I/home/dean/sunxi-v3s/buildroot-2017.08/output/host/include -L/home/dean/sunxi-v3s/buildroot-2017.08/output/host/lib -Wl,-rpath,/home/dean/sunxi-v3s/buildroot-2017.08/output/host/lib conftest.c  >&5
configure:3171: $? = 0
configure:3178: ./conftest
configure:3182: $? = 0
configure:3197: result: no
configure:3202: checking for suffix of object files
configure:3224: /usr/bin/gcc -c -O2 -I/home/dean/sunxi-v3s/buildroot-2017.08/output/host/include -I/home/dean/sunxi-v3s/buildroot-2017.08/output/host/include conftest.c >&5
configure:3228: $? = 0
configure:3249: result: o
configure:3253: checking whether we are using the GNU C compiler
configure:3272: /usr/bin/gcc -c -O2 -I/home/dean/sunxi-v3s/buildroot-2017.08/output/host/include -I/home/dean/sunxi-v3s/buildroot-2017.08/output/host/include conftest.c >&5
configure:3272: $? = 0
configure:3281: result: yes
configure:3290: checking whether /usr/bin/gcc accepts -g
configure:3310: /usr/bin/gcc -c -g -I/home/dean/sunxi-v3s/buildroot-2017.08/output/host/include conftest.c >&5
configure:3310: $? = 0
configure:3351: result: yes
configure:3368: checking for /usr/bin/gcc option to accept ISO C89
configure:3431: /usr/bin/gcc  -c -O2 -I/home/dean/sunxi-v3s/buildroot-2017.08/output/host/include -I/home/dean/sunxi-v3s/buildroot-2017.08/output/host/include conftest.c >&5
configure:3431: $? = 0
configure:3444: result: none needed
configure:3469: checking whether /usr/bin/gcc understands -c and -o together
configure:3491: /usr/bin/gcc -c conftest.c -o conftest2.o
configure:3494: $? = 0
configure:3491: /usr/bin/gcc -c conftest.c -o conftest2.o
configure:3494: $? = 0
configure:3506: result: yes
configure:3523: checking for a sed that does not truncate output
configure:3587: result: /bin/sed
configure:3605: checking for grep that handles long lines and -e
configure:3663: result: /bin/grep
configure:3668: checking for egrep
configure:3730: result: /bin/grep -E
configure:3735: checking for fgrep
configure:3797: result: /bin/grep -F
configure:3832: checking for ld used by /usr/bin/gcc
configure:3899: result: /usr/bin/ld
configure:3906: checking if the linker (/usr/bin/ld) is GNU ld
configure:3921: result: yes
configure:3933: checking for BSD- or MS-compatible name lister (nm)
configure:3987: result: /usr/bin/nm
configure:4117: checking the name lister (/usr/bin/nm) interface
configure:4124: /usr/bin/gcc -c -O2 -I/home/dean/sunxi-v3s/buildroot-2017.08/output/host/include -I/home/dean/sunxi-v3s/buildroot-2017.08/output/host/include conftest.c >&5
configure:4127: /usr/bin/nm "conftest.o"
configure:4130: output
0000000000000000 B some_variable
configure:4137: result: BSD nm
configure:4140: checking whether ln -s works
configure:4144: result: yes
configure:4152: checking the maximum length of command line arguments
configure:4283: result: 1572864
configure:4331: checking how to convert x86_64-pc-linux-gnu file names to x86_64-pc-linux-gnu format
configure:4371: result: func_convert_file_noop
configure:4378: checking how to convert x86_64-pc-linux-gnu file names to toolchain format
configure:4398: result: func_convert_file_noop
configure:4405: checking for /usr/bin/ld option to reload object files
configure:4412: result: -r
configure:4486: checking for objdump
configure:4502: found /usr/bin/objdump
configure:4513: result: objdump
configure:4545: checking how to recognize dependent libraries
configure:4745: result: pass_all
configure:4830: checking for dlltool
configure:4860: result: no
configure:4890: checking how to associate runtime and link libraries
configure:4917: result: printf %s\n
configure:5042: checking for archiver @FILE support
configure:5059: /usr/bin/gcc -c -O2 -I/home/dean/sunxi-v3s/buildroot-2017.08/output/host/include -I/home/dean/sunxi-v3s/buildroot-2017.08/output/host/include conftest.c >&5
configure:5059: $? = 0
configure:5062: /usr/bin/ar cru libconftest.a @conftest.lst >&5
/usr/bin/ar: `u' modifier ignored since `D' is the default (see `U')
configure:5065: $? = 0
configure:5070: /usr/bin/ar cru libconftest.a @conftest.lst >&5
/usr/bin/ar: `u' modifier ignored since `D' is the default (see `U')
/usr/bin/ar: conftest.o: No such file or directory
configure:5073: $? = 1
configure:5085: result: @
configure:5143: checking for strip
configure:5159: found /usr/bin/strip
configure:5170: result: strip
configure:5242: checking for ranlib
configure:5269: result: /usr/bin/ranlib
configure:5346: checking for gawk
configure:5376: result: no
configure:5346: checking for mawk
configure:5362: found /usr/bin/mawk
configure:5373: result: mawk
configure:5413: checking command to parse /usr/bin/nm output from /usr/bin/gcc object
configure:5566: /usr/bin/gcc -c -O2 -I/home/dean/sunxi-v3s/buildroot-2017.08/output/host/include -I/home/dean/sunxi-v3s/buildroot-2017.08/output/host/include conftest.c >&5
configure:5569: $? = 0
configure:5573: /usr/bin/nm conftest.o \| sed -n -e 's/^.*[ ]\([ABCDGIRSTW][ABCDGIRSTW]*\)[ ][ ]*\([_A-Za-z][_A-Za-z0-9]*\)$/\1 \2 \2/p' | sed '/ __gnu_lto/d' \> conftest.nm
configure:5576: $? = 0
configure:5642: /usr/bin/gcc -o conftest -O2 -I/home/dean/sunxi-v3s/buildroot-2017.08/output/host/include -I/home/dean/sunxi-v3s/buildroot-2017.08/output/host/include -L/home/dean/sunxi-v3s/buildroot-2017.08/output/host/lib -Wl,-rpath,/home/dean/sunxi-v3s/buildroot-2017.08/output/host/lib conftest.c conftstm.o >&5
configure:5645: $? = 0
configure:5683: result: ok
configure:5730: checking for sysroot
configure:5760: result: no
configure:5767: checking for a working dd
configure:5805: result: /bin/dd
configure:5809: checking how to truncate binary pipes
configure:5824: result: /bin/dd bs=4096 count=1
configure:5960: /usr/bin/gcc -c -O2 -I/home/dean/sunxi-v3s/buildroot-2017.08/output/host/include -I/home/dean/sunxi-v3s/buildroot-2017.08/output/host/include conftest.c >&5
configure:5963: $? = 0
configure:6153: checking for mt
configure:6169: found /bin/mt
configure:6180: result: mt
configure:6203: checking if mt is a manifest tool
configure:6209: mt '-?'
configure:6217: result: no
configure:6894: checking how to run the C preprocessor
configure:6964: result: /usr/bin/cpp
configure:6984: /usr/bin/cpp -I/home/dean/sunxi-v3s/buildroot-2017.08/output/host/include conftest.c
configure:6984: $? = 0
configure:6998: /usr/bin/cpp -I/home/dean/sunxi-v3s/buildroot-2017.08/output/host/include conftest.c
conftest.c:9:10: fatal error: ac_nonexistent.h: No such file or directory
 #include <ac_nonexistent.h>
          ^~~~~~~~~~~~~~~~~~
compilation terminated.
configure:6998: $? = 1
configure: failed program was:
| /* confdefs.h */
| #define PACKAGE_NAME "the fast lexical analyser generator"
| #define PACKAGE_TARNAME "flex"
| #define PACKAGE_VERSION "2.6.4"
| #define PACKAGE_STRING "the fast lexical analyser generator 2.6.4"
| #define PACKAGE_BUGREPORT "flex-help@lists.sourceforge.net"
| #define PACKAGE_URL ""
| /* end confdefs.h.  */
| #include <ac_nonexistent.h>
configure:7027: checking for ANSI C header files
configure:7047: /usr/bin/gcc -c -O2 -I/home/dean/sunxi-v3s/buildroot-2017.08/output/host/include -I/home/dean/sunxi-v3s/buildroot-2017.08/output/host/include conftest.c >&5
configure:7047: $? = 0
configure:7120: /usr/bin/gcc -o conftest -O2 -I/home/dean/sunxi-v3s/buildroot-2017.08/output/host/include -I/home/dean/sunxi-v3s/buildroot-2017.08/output/host/include -L/home/dean/sunxi-v3s/buildroot-2017.08/output/host/lib -Wl,-rpath,/home/dean/sunxi-v3s/buildroot-2017.08/output/host/lib conftest.c  >&5
configure:7120: $? = 0
configure:7120: ./conftest
configure:7120: $? = 0
configure:7131: result: yes
configure:7144: checking for sys/types.h
configure:7144: /usr/bin/gcc -c -O2 -I/home/dean/sunxi-v3s/buildroot-2017.08/output/host/include -I/home/dean/sunxi-v3s/buildroot-2017.08/output/host/include conftest.c >&5
configure:7144: $? = 0
configure:7144: result: yes
configure:7144: checking for sys/stat.h
configure:7144: /usr/bin/gcc -c -O2 -I/home/dean/sunxi-v3s/buildroot-2017.08/output/host/include -I/home/dean/sunxi-v3s/buildroot-2017.08/output/host/include conftest.c >&5
configure:7144: $? = 0
configure:7144: result: yes
configure:7144: checking for stdlib.h
configure:7144: /usr/bin/gcc -c -O2 -I/home/dean/sunxi-v3s/buildroot-2017.08/output/host/include -I/home/dean/sunxi-v3s/buildroot-2017.08/output/host/include conftest.c >&5
configure:7144: $? = 0
configure:7144: result: yes
configure:7144: checking for string.h
configure:7144: /usr/bin/gcc -c -O2 -I/home/dean/sunxi-v3s/buildroot-2017.08/output/host/include -I/home/dean/sunxi-v3s/buildroot-2017.08/output/host/include conftest.c >&5
configure:7144: $? = 0
configure:7144: result: yes
configure:7144: checking for memory.h
configure:7144: /usr/bin/gcc -c -O2 -I/home/dean/sunxi-v3s/buildroot-2017.08/output/host/include -I/home/dean/sunxi-v3s/buildroot-2017.08/output/host/include conftest.c >&5
configure:7144: $? = 0
configure:7144: result: yes
configure:7144: checking for strings.h
configure:7144: /usr/bin/gcc -c -O2 -I/home/dean/sunxi-v3s/buildroot-2017.08/output/host/include -I/home/dean/sunxi-v3s/buildroot-2017.08/output/host/include conftest.c >&5
configure:7144: $? = 0
configure:7144: result: yes
configure:7144: checking for inttypes.h
configure:7144: /usr/bin/gcc -c -O2 -I/home/dean/sunxi-v3s/buildroot-2017.08/output/host/include -I/home/dean/sunxi-v3s/buildroot-2017.08/output/host/include conftest.c >&5
configure:7144: $? = 0
configure:7144: result: yes
configure:7144: checking for stdint.h
configure:7144: /usr/bin/gcc -c -O2 -I/home/dean/sunxi-v3s/buildroot-2017.08/output/host/include -I/home/dean/sunxi-v3s/buildroot-2017.08/output/host/include conftest.c >&5
configure:7144: $? = 0
configure:7144: result: yes
configure:7144: checking for unistd.h
configure:7144: /usr/bin/gcc -c -O2 -I/home/dean/sunxi-v3s/buildroot-2017.08/output/host/include -I/home/dean/sunxi-v3s/buildroot-2017.08/output/host/include conftest.c >&5
configure:7144: $? = 0
configure:7144: result: yes
configure:7158: checking for dlfcn.h
configure:7158: /usr/bin/gcc -c -O2 -I/home/dean/sunxi-v3s/buildroot-2017.08/output/host/include -I/home/dean/sunxi-v3s/buildroot-2017.08/output/host/include conftest.c >&5
configure:7158: $? = 0
configure:7158: result: yes
configure:7414: checking for objdir
configure:7429: result: .libs
configure:7689: checking if /usr/bin/gcc supports -fno-rtti -fno-exceptions
configure:7707: /usr/bin/gcc -c -O2 -I/home/dean/sunxi-v3s/buildroot-2017.08/output/host/include -I/home/dean/sunxi-v3s/buildroot-2017.08/output/host/include -fno-rtti -fno-exceptions conftest.c >&5
cc1: warning: command line option '-fno-rtti' is valid for C++/ObjC++ but not for C
configure:7711: $? = 0
configure:7724: result: no
configure:8082: checking for /usr/bin/gcc option to produce PIC
configure:8089: result: -fPIC -DPIC
configure:8097: checking if /usr/bin/gcc PIC flag -fPIC -DPIC works
configure:8115: /usr/bin/gcc -c -O2 -I/home/dean/sunxi-v3s/buildroot-2017.08/output/host/include -I/home/dean/sunxi-v3s/buildroot-2017.08/output/host/include -fPIC -DPIC -DPIC conftest.c >&5
configure:8119: $? = 0
configure:8132: result: yes
configure:8161: checking if /usr/bin/gcc static flag -static works
configure:8189: result: yes
configure:8204: checking if /usr/bin/gcc supports -c -o file.o
configure:8225: /usr/bin/gcc -c -O2 -I/home/dean/sunxi-v3s/buildroot-2017.08/output/host/include -I/home/dean/sunxi-v3s/buildroot-2017.08/output/host/include -o out/conftest2.o conftest.c >&5
configure:8229: $? = 0
configure:8251: result: yes
configure:8259: checking if /usr/bin/gcc supports -c -o file.o
configure:8306: result: yes
configure:8339: checking whether the /usr/bin/gcc linker (/usr/bin/ld -m elf_x86_64) supports shared libraries
configure:9598: result: yes
configure:9635: checking whether -lc should be explicitly linked in
configure:9643: /usr/bin/gcc -c -O2 -I/home/dean/sunxi-v3s/buildroot-2017.08/output/host/include -I/home/dean/sunxi-v3s/buildroot-2017.08/output/host/include conftest.c >&5
configure:9646: $? = 0
configure:9661: /usr/bin/gcc -shared  -fPIC -DPIC conftest.o  -v -Wl,-soname -Wl,conftest -o conftest 2\>\&1 \| /bin/grep  -lc  \>/dev/null 2\>\&1
configure:9664: $? = 0
configure:9678: result: no
configure:9838: checking dynamic linker characteristics
configure:10419: /usr/bin/gcc -o conftest -O2 -I/home/dean/sunxi-v3s/buildroot-2017.08/output/host/include -I/home/dean/sunxi-v3s/buildroot-2017.08/output/host/include -L/home/dean/sunxi-v3s/buildroot-2017.08/output/host/lib -Wl,-rpath,/home/dean/sunxi-v3s/buildroot-2017.08/output/host/lib -Wl,-rpath -Wl,/foo conftest.c  >&5
configure:10419: $? = 0
configure:10656: result: GNU/Linux ld.so
configure:10778: checking how to hardcode library paths into programs
configure:10803: result: immediate
configure:11351: checking whether stripping libraries is possible
configure:11356: result: yes
configure:11391: checking if libtool supports shared libraries
configure:11393: result: yes
configure:11396: checking whether to build shared libraries
configure:11421: result: yes
configure:11424: checking whether to build static libraries
configure:11428: result: no
configure:11481: checking for a BSD-compatible install
configure:11549: result: /usr/bin/install -c
configure:11560: checking whether build environment is sane
configure:11615: result: yes
configure:11763: checking for a thread-safe mkdir -p
configure:11802: result: /bin/mkdir -p
configure:11805: checking whether make sets $(MAKE)
configure:11827: result: yes
configure:11857: checking for style of include used by make
configure:11885: result: GNU
configure:11919: checking whether make supports nested variables
configure:11936: result: yes
configure:12021: checking dependency style of /usr/bin/gcc
configure:12132: result: none
configure:12200: checking whether NLS is requested
configure:12209: result: yes
configure:12249: checking for msgfmt
configure: trying /home/dean/sunxi-v3s/buildroot-2017.08/output/host/bin/msgfmt...
0 translated messages.
configure:12281: result: /home/dean/sunxi-v3s/buildroot-2017.08/output/host/bin/msgfmt
configure:12290: checking for gmsgfmt
configure:12321: result: /home/dean/sunxi-v3s/buildroot-2017.08/output/host/bin/msgfmt
configure:12371: checking for xgettext
configure: trying /home/dean/sunxi-v3s/buildroot-2017.08/output/host/bin/xgettext...
/home/dean/sunxi-v3s/buildroot-2017.08/output/host/bin/xgettext: warning: file '/dev/null' extension '' is unknown; will try C
configure:12403: result: /home/dean/sunxi-v3s/buildroot-2017.08/output/host/bin/xgettext
configure:12448: checking for msgmerge
configure: trying /home/dean/sunxi-v3s/buildroot-2017.08/output/host/bin/msgmerge...
configure:12479: result: /home/dean/sunxi-v3s/buildroot-2017.08/output/host/bin/msgmerge
configure:12537: checking for ld used by /usr/bin/gcc
configure:12604: result: /usr/bin/ld -m elf_x86_64
configure:12611: checking if the linker (/usr/bin/ld -m elf_x86_64) is GNU ld
configure:12626: result: yes
configure:12633: checking for shared library run path origin
configure:12646: result: done
configure:13218: checking for CFPreferencesCopyAppValue
configure:13236: /usr/bin/gcc -o conftest -O2 -I/home/dean/sunxi-v3s/buildroot-2017.08/output/host/include -I/home/dean/sunxi-v3s/buildroot-2017.08/output/host/include -L/home/dean/sunxi-v3s/buildroot-2017.08/output/host/lib -Wl,-rpath,/home/dean/sunxi-v3s/buildroot-2017.08/output/host/lib conftest.c  -Wl,-framework -Wl,CoreFoundation >&5
conftest.c:23:10: fatal error: CoreFoundation/CFPreferences.h: No such file or directory
 #include <CoreFoundation/CFPreferences.h>
          ^~~~~~~~~~~~~~~~~~~~~~~~~~~~~~~~
compilation terminated.
configure:13236: $? = 1
configure: failed program was:
| /* confdefs.h */
| #define PACKAGE_NAME "the fast lexical analyser generator"
| #define PACKAGE_TARNAME "flex"
| #define PACKAGE_VERSION "2.6.4"
| #define PACKAGE_STRING "the fast lexical analyser generator 2.6.4"
| #define PACKAGE_BUGREPORT "flex-help@lists.sourceforge.net"
| #define PACKAGE_URL ""
| #define STDC_HEADERS 1
| #define HAVE_SYS_TYPES_H 1
| #define HAVE_SYS_STAT_H 1
| #define HAVE_STDLIB_H 1
| #define HAVE_STRING_H 1
| #define HAVE_MEMORY_H 1
| #define HAVE_STRINGS_H 1
| #define HAVE_INTTYPES_H 1
| #define HAVE_STDINT_H 1
| #define HAVE_UNISTD_H 1
| #define HAVE_DLFCN_H 1
| #define LT_OBJDIR ".libs/"
| #define PACKAGE "flex"
| #define VERSION "2.6.4"
| /* end confdefs.h.  */
| #include <CoreFoundation/CFPreferences.h>
| int
| main ()
| {
| CFPreferencesCopyAppValue(NULL, NULL)
|   ;
|   return 0;
| }
configure:13245: result: no
configure:13252: checking for CFLocaleCopyCurrent
configure:13270: /usr/bin/gcc -o conftest -O2 -I/home/dean/sunxi-v3s/buildroot-2017.08/output/host/include -I/home/dean/sunxi-v3s/buildroot-2017.08/output/host/include -L/home/dean/sunxi-v3s/buildroot-2017.08/output/host/lib -Wl,-rpath,/home/dean/sunxi-v3s/buildroot-2017.08/output/host/lib conftest.c  -Wl,-framework -Wl,CoreFoundation >&5
conftest.c:23:10: fatal error: CoreFoundation/CFLocale.h: No such file or directory
 #include <CoreFoundation/CFLocale.h>
          ^~~~~~~~~~~~~~~~~~~~~~~~~~~
compilation terminated.
configure:13270: $? = 1
configure: failed program was:
| /* confdefs.h */
| #define PACKAGE_NAME "the fast lexical analyser generator"
| #define PACKAGE_TARNAME "flex"
| #define PACKAGE_VERSION "2.6.4"
| #define PACKAGE_STRING "the fast lexical analyser generator 2.6.4"
| #define PACKAGE_BUGREPORT "flex-help@lists.sourceforge.net"
| #define PACKAGE_URL ""
| #define STDC_HEADERS 1
| #define HAVE_SYS_TYPES_H 1
| #define HAVE_SYS_STAT_H 1
| #define HAVE_STDLIB_H 1
| #define HAVE_STRING_H 1
| #define HAVE_MEMORY_H 1
| #define HAVE_STRINGS_H 1
| #define HAVE_INTTYPES_H 1
| #define HAVE_STDINT_H 1
| #define HAVE_UNISTD_H 1
| #define HAVE_DLFCN_H 1
| #define LT_OBJDIR ".libs/"
| #define PACKAGE "flex"
| #define VERSION "2.6.4"
| /* end confdefs.h.  */
| #include <CoreFoundation/CFLocale.h>
| int
| main ()
| {
| CFLocaleCopyCurrent();
|   ;
|   return 0;
| }
configure:13279: result: no
configure:13328: checking for GNU gettext in libc
configure:13357: /usr/bin/gcc -o conftest -O2 -I/home/dean/sunxi-v3s/buildroot-2017.08/output/host/include -I/home/dean/sunxi-v3s/buildroot-2017.08/output/host/include -L/home/dean/sunxi-v3s/buildroot-2017.08/output/host/lib -Wl,-rpath,/home/dean/sunxi-v3s/buildroot-2017.08/output/host/lib conftest.c  >&5
configure:13357: $? = 0
configure:13366: result: yes
configure:14213: checking whether to use NLS
configure:14215: result: yes
configure:14218: checking where the gettext function comes from
configure:14229: result: libc
configure:14291: checking for bison
configure:14307: found /home/dean/sunxi-v3s/buildroot-2017.08/output/host/bin/bison
configure:14318: result: bison -y
configure:14349: checking for flex
configure:14379: result: no
configure:14349: checking for lex
configure:14379: result: no
configure:14555: checking for gcc
configure:14582: result: /usr/bin/gcc
configure:14811: checking for C compiler version
configure:14820: /usr/bin/gcc --version >&5
gcc (Ubuntu 7.2.0-8ubuntu3.2) 7.2.0
Copyright (C) 2017 Free Software Foundation, Inc.
This is free software; see the source for copying conditions.  There is NO
warranty; not even for MERCHANTABILITY or FITNESS FOR A PARTICULAR PURPOSE.

configure:14831: $? = 0
configure:14820: /usr/bin/gcc -v >&5
Using built-in specs.
COLLECT_GCC=/usr/bin/gcc
COLLECT_LTO_WRAPPER=/usr/lib/gcc/x86_64-linux-gnu/7/lto-wrapper
OFFLOAD_TARGET_NAMES=nvptx-none
OFFLOAD_TARGET_DEFAULT=1
Target: x86_64-linux-gnu
Configured with: ../src/configure -v --with-pkgversion='Ubuntu 7.2.0-8ubuntu3.2' --with-bugurl=file:///usr/share/doc/gcc-7/README.Bugs --enable-languages=c,ada,c++,go,brig,d,fortran,objc,obj-c++ --prefix=/usr --with-gcc-major-version-only --program-suffix=-7 --program-prefix=x86_64-linux-gnu- --enable-shared --enable-linker-build-id --libexecdir=/usr/lib --without-included-gettext --enable-threads=posix --libdir=/usr/lib --enable-nls --with-sysroot=/ --enable-clocale=gnu --enable-libstdcxx-debug --enable-libstdcxx-time=yes --with-default-libstdcxx-abi=new --enable-gnu-unique-object --disable-vtable-verify --enable-libmpx --enable-plugin --enable-default-pie --with-system-zlib --with-target-system-zlib --enable-objc-gc=auto --enable-multiarch --disable-werror --with-arch-32=i686 --with-abi=m64 --with-multilib-list=m32,m64,mx32 --enable-multilib --with-tune=generic --enable-offload-targets=nvptx-none --without-cuda-driver --enable-checking=release --build=x86_64-linux-gnu --host=x86_64-linux-gnu --target=x86_64-linux-gnu
Thread model: posix
gcc version 7.2.0 (Ubuntu 7.2.0-8ubuntu3.2) 
configure:14831: $? = 0
configure:14820: /usr/bin/gcc -V >&5
gcc: error: unrecognized command line option '-V'
gcc: fatal error: no input files
compilation terminated.
configure:14831: $? = 1
configure:14820: /usr/bin/gcc -qversion >&5
gcc: error: unrecognized command line option '-qversion'; did you mean '--version'?
gcc: fatal error: no input files
compilation terminated.
configure:14831: $? = 1
configure:14835: checking whether we are using the GNU C compiler
configure:14863: result: yes
configure:14872: checking whether /usr/bin/gcc accepts -g
configure:14933: result: yes
configure:14950: checking for /usr/bin/gcc option to accept ISO C89
configure:15026: result: none needed
configure:15051: checking whether /usr/bin/gcc understands -c and -o together
configure:15088: result: yes
configure:15161: checking for gcc
configure:15177: found /usr/bin/gcc
configure:15188: result: gcc
configure:15417: checking for C compiler version
configure:15426: gcc --version >&5
gcc (Ubuntu 7.2.0-8ubuntu3.2) 7.2.0
Copyright (C) 2017 Free Software Foundation, Inc.
This is free software; see the source for copying conditions.  There is NO
warranty; not even for MERCHANTABILITY or FITNESS FOR A PARTICULAR PURPOSE.

configure:15437: $? = 0
configure:15426: gcc -v >&5
Using built-in specs.
COLLECT_GCC=gcc
COLLECT_LTO_WRAPPER=/usr/lib/gcc/x86_64-linux-gnu/7/lto-wrapper
OFFLOAD_TARGET_NAMES=nvptx-none
OFFLOAD_TARGET_DEFAULT=1
Target: x86_64-linux-gnu
Configured with: ../src/configure -v --with-pkgversion='Ubuntu 7.2.0-8ubuntu3.2' --with-bugurl=file:///usr/share/doc/gcc-7/README.Bugs --enable-languages=c,ada,c++,go,brig,d,fortran,objc,obj-c++ --prefix=/usr --with-gcc-major-version-only --program-suffix=-7 --program-prefix=x86_64-linux-gnu- --enable-shared --enable-linker-build-id --libexecdir=/usr/lib --without-included-gettext --enable-threads=posix --libdir=/usr/lib --enable-nls --with-sysroot=/ --enable-clocale=gnu --enable-libstdcxx-debug --enable-libstdcxx-time=yes --with-default-libstdcxx-abi=new --enable-gnu-unique-object --disable-vtable-verify --enable-libmpx --enable-plugin --enable-default-pie --with-system-zlib --with-target-system-zlib --enable-objc-gc=auto --enable-multiarch --disable-werror --with-arch-32=i686 --with-abi=m64 --with-multilib-list=m32,m64,mx32 --enable-multilib --with-tune=generic --enable-offload-targets=nvptx-none --without-cuda-driver --enable-checking=release --build=x86_64-linux-gnu --host=x86_64-linux-gnu --target=x86_64-linux-gnu
Thread model: posix
gcc version 7.2.0 (Ubuntu 7.2.0-8ubuntu3.2) 
configure:15437: $? = 0
configure:15426: gcc -V >&5
gcc: error: unrecognized command line option '-V'
gcc: fatal error: no input files
compilation terminated.
configure:15437: $? = 1
configure:15426: gcc -qversion >&5
gcc: error: unrecognized command line option '-qversion'; did you mean '--version'?
gcc: fatal error: no input files
compilation terminated.
configure:15437: $? = 1
configure:15441: checking whether we are using the GNU C compiler
configure:15469: result: yes
configure:15478: checking whether gcc accepts -g
configure:15498: /usr/bin/gcc -c -O2 -I/home/dean/sunxi-v3s/buildroot-2017.08/output/host/include -I/home/dean/sunxi-v3s/buildroot-2017.08/output/host/include conftest.c >&5
configure:15498: $? = 0
configure:15539: result: yes
configure:15556: checking for gcc option to accept ISO C89
configure:15632: result: none needed
configure:15657: checking whether gcc understands -c and -o together
configure:15694: result: yes
configure:15716: checking how to run the C preprocessor
configure:15747: /usr/bin/cpp -I/home/dean/sunxi-v3s/buildroot-2017.08/output/host/include conftest.c
configure:15747: $? = 0
configure:15761: /usr/bin/cpp -I/home/dean/sunxi-v3s/buildroot-2017.08/output/host/include conftest.c
conftest.c:26:10: fatal error: ac_nonexistent.h: No such file or directory
 #include <ac_nonexistent.h>
          ^~~~~~~~~~~~~~~~~~
compilation terminated.
configure:15761: $? = 1
configure: failed program was:
| /* confdefs.h */
| #define PACKAGE_NAME "the fast lexical analyser generator"
| #define PACKAGE_TARNAME "flex"
| #define PACKAGE_VERSION "2.6.4"
| #define PACKAGE_STRING "the fast lexical analyser generator 2.6.4"
| #define PACKAGE_BUGREPORT "flex-help@lists.sourceforge.net"
| #define PACKAGE_URL ""
| #define STDC_HEADERS 1
| #define HAVE_SYS_TYPES_H 1
| #define HAVE_SYS_STAT_H 1
| #define HAVE_STDLIB_H 1
| #define HAVE_STRING_H 1
| #define HAVE_MEMORY_H 1
| #define HAVE_STRINGS_H 1
| #define HAVE_INTTYPES_H 1
| #define HAVE_STDINT_H 1
| #define HAVE_UNISTD_H 1
| #define HAVE_DLFCN_H 1
| #define LT_OBJDIR ".libs/"
| #define PACKAGE "flex"
| #define VERSION "2.6.4"
| #define ENABLE_NLS 1
| #define HAVE_GETTEXT 1
| #define HAVE_DCGETTEXT 1
| /* end confdefs.h.  */
| #include <ac_nonexistent.h>
configure:15786: result: gcc -E
configure:15806: /usr/bin/cpp -I/home/dean/sunxi-v3s/buildroot-2017.08/output/host/include conftest.c
configure:15806: $? = 0
configure:15820: /usr/bin/cpp -I/home/dean/sunxi-v3s/buildroot-2017.08/output/host/include conftest.c
conftest.c:26:10: fatal error: ac_nonexistent.h: No such file or directory
 #include <ac_nonexistent.h>
          ^~~~~~~~~~~~~~~~~~
compilation terminated.
configure:15820: $? = 1
configure: failed program was:
| /* confdefs.h */
| #define PACKAGE_NAME "the fast lexical analyser generator"
| #define PACKAGE_TARNAME "flex"
| #define PACKAGE_VERSION "2.6.4"
| #define PACKAGE_STRING "the fast lexical analyser generator 2.6.4"
| #define PACKAGE_BUGREPORT "flex-help@lists.sourceforge.net"
| #define PACKAGE_URL ""
| #define STDC_HEADERS 1
| #define HAVE_SYS_TYPES_H 1
| #define HAVE_SYS_STAT_H 1
| #define HAVE_STDLIB_H 1
| #define HAVE_STRING_H 1
| #define HAVE_MEMORY_H 1
| #define HAVE_STRINGS_H 1
| #define HAVE_INTTYPES_H 1
| #define HAVE_STDINT_H 1
| #define HAVE_UNISTD_H 1
| #define HAVE_DLFCN_H 1
| #define LT_OBJDIR ".libs/"
| #define PACKAGE "flex"
| #define VERSION "2.6.4"
| #define ENABLE_NLS 1
| #define HAVE_GETTEXT 1
| #define HAVE_DCGETTEXT 1
| /* end confdefs.h.  */
| #include <ac_nonexistent.h>
configure:15969: checking for C++ compiler version
configure:15978: /usr/bin/g++ --version >&5
g++ (Ubuntu 7.2.0-8ubuntu3.2) 7.2.0
Copyright (C) 2017 Free Software Foundation, Inc.
This is free software; see the source for copying conditions.  There is NO
warranty; not even for MERCHANTABILITY or FITNESS FOR A PARTICULAR PURPOSE.

configure:15989: $? = 0
configure:15978: /usr/bin/g++ -v >&5
Using built-in specs.
COLLECT_GCC=/usr/bin/g++
COLLECT_LTO_WRAPPER=/usr/lib/gcc/x86_64-linux-gnu/7/lto-wrapper
OFFLOAD_TARGET_NAMES=nvptx-none
OFFLOAD_TARGET_DEFAULT=1
Target: x86_64-linux-gnu
Configured with: ../src/configure -v --with-pkgversion='Ubuntu 7.2.0-8ubuntu3.2' --with-bugurl=file:///usr/share/doc/gcc-7/README.Bugs --enable-languages=c,ada,c++,go,brig,d,fortran,objc,obj-c++ --prefix=/usr --with-gcc-major-version-only --program-suffix=-7 --program-prefix=x86_64-linux-gnu- --enable-shared --enable-linker-build-id --libexecdir=/usr/lib --without-included-gettext --enable-threads=posix --libdir=/usr/lib --enable-nls --with-sysroot=/ --enable-clocale=gnu --enable-libstdcxx-debug --enable-libstdcxx-time=yes --with-default-libstdcxx-abi=new --enable-gnu-unique-object --disable-vtable-verify --enable-libmpx --enable-plugin --enable-default-pie --with-system-zlib --with-target-system-zlib --enable-objc-gc=auto --enable-multiarch --disable-werror --with-arch-32=i686 --with-abi=m64 --with-multilib-list=m32,m64,mx32 --enable-multilib --with-tune=generic --enable-offload-targets=nvptx-none --without-cuda-driver --enable-checking=release --build=x86_64-linux-gnu --host=x86_64-linux-gnu --target=x86_64-linux-gnu
Thread model: posix
gcc version 7.2.0 (Ubuntu 7.2.0-8ubuntu3.2) 
configure:15989: $? = 0
configure:15978: /usr/bin/g++ -V >&5
g++: error: unrecognized command line option '-V'
g++: fatal error: no input files
compilation terminated.
configure:15989: $? = 1
configure:15978: /usr/bin/g++ -qversion >&5
g++: error: unrecognized command line option '-qversion'; did you mean '--version'?
g++: fatal error: no input files
compilation terminated.
configure:15989: $? = 1
configure:15993: checking whether we are using the GNU C++ compiler
configure:16012: /usr/bin/g++ -c -O2 -I/home/dean/sunxi-v3s/buildroot-2017.08/output/host/include -I/home/dean/sunxi-v3s/buildroot-2017.08/output/host/include conftest.cpp >&5
configure:16012: $? = 0
configure:16021: result: yes
configure:16030: checking whether /usr/bin/g++ accepts -g
configure:16050: /usr/bin/g++ -c -g -I/home/dean/sunxi-v3s/buildroot-2017.08/output/host/include conftest.cpp >&5
configure:16050: $? = 0
configure:16091: result: yes
configure:16132: checking how to run the C++ preprocessor
configure:16159: /usr/bin/g++ -E -I/home/dean/sunxi-v3s/buildroot-2017.08/output/host/include conftest.cpp
configure:16159: $? = 0
configure:16173: /usr/bin/g++ -E -I/home/dean/sunxi-v3s/buildroot-2017.08/output/host/include conftest.cpp
conftest.cpp:26:10: fatal error: ac_nonexistent.h: No such file or directory
 #include <ac_nonexistent.h>
          ^~~~~~~~~~~~~~~~~~
compilation terminated.
configure:16173: $? = 1
configure: failed program was:
| /* confdefs.h */
| #define PACKAGE_NAME "the fast lexical analyser generator"
| #define PACKAGE_TARNAME "flex"
| #define PACKAGE_VERSION "2.6.4"
| #define PACKAGE_STRING "the fast lexical analyser generator 2.6.4"
| #define PACKAGE_BUGREPORT "flex-help@lists.sourceforge.net"
| #define PACKAGE_URL ""
| #define STDC_HEADERS 1
| #define HAVE_SYS_TYPES_H 1
| #define HAVE_SYS_STAT_H 1
| #define HAVE_STDLIB_H 1
| #define HAVE_STRING_H 1
| #define HAVE_MEMORY_H 1
| #define HAVE_STRINGS_H 1
| #define HAVE_INTTYPES_H 1
| #define HAVE_STDINT_H 1
| #define HAVE_UNISTD_H 1
| #define HAVE_DLFCN_H 1
| #define LT_OBJDIR ".libs/"
| #define PACKAGE "flex"
| #define VERSION "2.6.4"
| #define ENABLE_NLS 1
| #define HAVE_GETTEXT 1
| #define HAVE_DCGETTEXT 1
| /* end confdefs.h.  */
| #include <ac_nonexistent.h>
configure:16198: result: /usr/bin/g++ -E
configure:16218: /usr/bin/g++ -E -I/home/dean/sunxi-v3s/buildroot-2017.08/output/host/include conftest.cpp
configure:16218: $? = 0
configure:16232: /usr/bin/g++ -E -I/home/dean/sunxi-v3s/buildroot-2017.08/output/host/include conftest.cpp
conftest.cpp:26:10: fatal error: ac_nonexistent.h: No such file or directory
 #include <ac_nonexistent.h>
          ^~~~~~~~~~~~~~~~~~
compilation terminated.
configure:16232: $? = 1
configure: failed program was:
| /* confdefs.h */
| #define PACKAGE_NAME "the fast lexical analyser generator"
| #define PACKAGE_TARNAME "flex"
| #define PACKAGE_VERSION "2.6.4"
| #define PACKAGE_STRING "the fast lexical analyser generator 2.6.4"
| #define PACKAGE_BUGREPORT "flex-help@lists.sourceforge.net"
| #define PACKAGE_URL ""
| #define STDC_HEADERS 1
| #define HAVE_SYS_TYPES_H 1
| #define HAVE_SYS_STAT_H 1
| #define HAVE_STDLIB_H 1
| #define HAVE_STRING_H 1
| #define HAVE_MEMORY_H 1
| #define HAVE_STRINGS_H 1
| #define HAVE_INTTYPES_H 1
| #define HAVE_STDINT_H 1
| #define HAVE_UNISTD_H 1
| #define HAVE_DLFCN_H 1
| #define LT_OBJDIR ".libs/"
| #define PACKAGE "flex"
| #define VERSION "2.6.4"
| #define ENABLE_NLS 1
| #define HAVE_GETTEXT 1
| #define HAVE_DCGETTEXT 1
| /* end confdefs.h.  */
| #include <ac_nonexistent.h>
configure:16394: checking for ld used by /usr/bin/g++
configure:16461: result: /usr/bin/ld -m elf_x86_64
configure:16468: checking if the linker (/usr/bin/ld -m elf_x86_64) is GNU ld
configure:16483: result: yes
configure:16538: checking whether the /usr/bin/g++ linker (/usr/bin/ld -m elf_x86_64) supports shared libraries
configure:17611: result: yes
configure:17647: /usr/bin/g++ -c -O2 -I/home/dean/sunxi-v3s/buildroot-2017.08/output/host/include -I/home/dean/sunxi-v3s/buildroot-2017.08/output/host/include conftest.cpp >&5
configure:17650: $? = 0
configure:18131: checking for /usr/bin/g++ option to produce PIC
configure:18138: result: -fPIC -DPIC
configure:18146: checking if /usr/bin/g++ PIC flag -fPIC -DPIC works
configure:18164: /usr/bin/g++ -c -O2 -I/home/dean/sunxi-v3s/buildroot-2017.08/output/host/include -I/home/dean/sunxi-v3s/buildroot-2017.08/output/host/include -fPIC -DPIC -DPIC conftest.cpp >&5
configure:18168: $? = 0
configure:18181: result: yes
configure:18204: checking if /usr/bin/g++ static flag -static works
configure:18232: result: yes
configure:18244: checking if /usr/bin/g++ supports -c -o file.o
configure:18265: /usr/bin/g++ -c -O2 -I/home/dean/sunxi-v3s/buildroot-2017.08/output/host/include -I/home/dean/sunxi-v3s/buildroot-2017.08/output/host/include -o out/conftest2.o conftest.cpp >&5
configure:18269: $? = 0
configure:18291: result: yes
configure:18296: checking if /usr/bin/g++ supports -c -o file.o
configure:18343: result: yes
configure:18373: checking whether the /usr/bin/g++ linker (/usr/bin/ld -m elf_x86_64) supports shared libraries
configure:18413: result: yes
configure:18554: checking dynamic linker characteristics
configure:19299: result: GNU/Linux ld.so
configure:19364: checking how to hardcode library paths into programs
configure:19389: result: immediate
configure:19431: checking dependency style of /usr/bin/g++
configure:19542: result: none
configure:19558: checking whether ln -s works
configure:19562: result: yes
configure:19573: checking for gawk
configure:19600: result: mawk
configure:19673: checking for help2man
configure:19691: found /usr/bin/help2man
configure:19704: result: /usr/bin/help2man
configure:19722: checking for gtexi2dvi
configure:19755: result: no
configure:19722: checking for texi2dvi
configure:19755: result: no
configure:19765: WARNING: texi2dvi: program not found: building pdf version of manual will not work
configure:19772: checking for m4 that supports -P
configure:19805: result: /home/dean/sunxi-v3s/buildroot-2017.08/output/host/bin/m4
configure:19817: checking for indent
configure:19848: result: ${top_srcdir}/build-aux/missing indent
configure:19856: checking if ${top_srcdir}/build-aux/missing indent is GNU indent
configure:19862: result: no
configure:19864: WARNING: ${top_srcdir}/build-aux/missing indent does not appear to be GNU indent; 'make indent' may not function properly
configure:19874: checking regex.h usability
configure:19874: /usr/bin/gcc -c -O2 -I/home/dean/sunxi-v3s/buildroot-2017.08/output/host/include -I/home/dean/sunxi-v3s/buildroot-2017.08/output/host/include conftest.c >&5
configure:19874: $? = 0
configure:19874: result: yes
configure:19874: checking regex.h presence
configure:19874: /usr/bin/cpp -I/home/dean/sunxi-v3s/buildroot-2017.08/output/host/include conftest.c
configure:19874: $? = 0
configure:19874: result: yes
configure:19874: checking for regex.h
configure:19874: result: yes
configure:19874: checking for strings.h
configure:19874: result: yes
configure:19874: checking for sys/stat.h
configure:19874: result: yes
configure:19874: checking sys/wait.h usability
configure:19874: /usr/bin/gcc -c -O2 -I/home/dean/sunxi-v3s/buildroot-2017.08/output/host/include -I/home/dean/sunxi-v3s/buildroot-2017.08/output/host/include conftest.c >&5
configure:19874: $? = 0
configure:19874: result: yes
configure:19874: checking sys/wait.h presence
configure:19874: /usr/bin/cpp -I/home/dean/sunxi-v3s/buildroot-2017.08/output/host/include conftest.c
configure:19874: $? = 0
configure:19874: result: yes
configure:19874: checking for sys/wait.h
configure:19874: result: yes
configure:19874: checking for unistd.h
configure:19874: result: yes
configure:19890: checking for inttypes.h
configure:19890: result: yes
configure:19890: checking libintl.h usability
configure:19890: /usr/bin/gcc -c -O2 -I/home/dean/sunxi-v3s/buildroot-2017.08/output/host/include -I/home/dean/sunxi-v3s/buildroot-2017.08/output/host/include conftest.c >&5
configure:19890: $? = 0
configure:19890: result: yes
configure:19890: checking libintl.h presence
configure:19890: /usr/bin/cpp -I/home/dean/sunxi-v3s/buildroot-2017.08/output/host/include conftest.c
configure:19890: $? = 0
configure:19890: result: yes
configure:19890: checking for libintl.h
configure:19890: result: yes
configure:19890: checking limits.h usability
configure:19890: /usr/bin/gcc -c -O2 -I/home/dean/sunxi-v3s/buildroot-2017.08/output/host/include -I/home/dean/sunxi-v3s/buildroot-2017.08/output/host/include conftest.c >&5
configure:19890: $? = 0
configure:19890: result: yes
configure:19890: checking limits.h presence
configure:19890: /usr/bin/cpp -I/home/dean/sunxi-v3s/buildroot-2017.08/output/host/include conftest.c
configure:19890: $? = 0
configure:19890: result: yes
configure:19890: checking for limits.h
configure:19890: result: yes
configure:19890: checking locale.h usability
configure:19890: /usr/bin/gcc -c -O2 -I/home/dean/sunxi-v3s/buildroot-2017.08/output/host/include -I/home/dean/sunxi-v3s/buildroot-2017.08/output/host/include conftest.c >&5
configure:19890: $? = 0
configure:19890: result: yes
configure:19890: checking locale.h presence
configure:19890: /usr/bin/cpp -I/home/dean/sunxi-v3s/buildroot-2017.08/output/host/include conftest.c
configure:19890: $? = 0
configure:19890: result: yes
configure:19890: checking for locale.h
configure:19890: result: yes
configure:19890: checking malloc.h usability
configure:19890: /usr/bin/gcc -c -O2 -I/home/dean/sunxi-v3s/buildroot-2017.08/output/host/include -I/home/dean/sunxi-v3s/buildroot-2017.08/output/host/include conftest.c >&5
configure:19890: $? = 0
configure:19890: result: yes
configure:19890: checking malloc.h presence
configure:19890: /usr/bin/cpp -I/home/dean/sunxi-v3s/buildroot-2017.08/output/host/include conftest.c
configure:19890: $? = 0
configure:19890: result: yes
configure:19890: checking for malloc.h
configure:19890: result: yes
configure:19890: checking netinet/in.h usability
configure:19890: /usr/bin/gcc -c -O2 -I/home/dean/sunxi-v3s/buildroot-2017.08/output/host/include -I/home/dean/sunxi-v3s/buildroot-2017.08/output/host/include conftest.c >&5
configure:19890: $? = 0
configure:19890: result: yes
configure:19890: checking netinet/in.h presence
configure:19890: /usr/bin/cpp -I/home/dean/sunxi-v3s/buildroot-2017.08/output/host/include conftest.c
configure:19890: $? = 0
configure:19890: result: yes
configure:19890: checking for netinet/in.h
configure:19890: result: yes
configure:19908: checking for pthread_mutex_lock in -lpthread
configure:19933: /usr/bin/gcc -o conftest -O2 -I/home/dean/sunxi-v3s/buildroot-2017.08/output/host/include -I/home/dean/sunxi-v3s/buildroot-2017.08/output/host/include -L/home/dean/sunxi-v3s/buildroot-2017.08/output/host/lib -Wl,-rpath,/home/dean/sunxi-v3s/buildroot-2017.08/output/host/lib conftest.c -lpthread   >&5
configure:19933: $? = 0
configure:19942: result: yes
configure:19947: checking pthread.h usability
configure:19947: /usr/bin/gcc -c -O2 -I/home/dean/sunxi-v3s/buildroot-2017.08/output/host/include -I/home/dean/sunxi-v3s/buildroot-2017.08/output/host/include conftest.c >&5
configure:19947: $? = 0
configure:19947: result: yes
configure:19947: checking pthread.h presence
configure:19947: /usr/bin/cpp -I/home/dean/sunxi-v3s/buildroot-2017.08/output/host/include conftest.c
configure:19947: $? = 0
configure:19947: result: yes
configure:19947: checking for pthread.h
configure:19947: result: yes
configure:19967: checking for log10 in -lm
configure:19992: /usr/bin/gcc -o conftest -O2 -I/home/dean/sunxi-v3s/buildroot-2017.08/output/host/include -I/home/dean/sunxi-v3s/buildroot-2017.08/output/host/include -L/home/dean/sunxi-v3s/buildroot-2017.08/output/host/lib -Wl,-rpath,/home/dean/sunxi-v3s/buildroot-2017.08/output/host/lib conftest.c -lm   >&5
conftest.c:46:6: warning: conflicting types for built-in function 'log10' [-Wbuiltin-declaration-mismatch]
 char log10 ();
      ^~~~~
configure:19992: $? = 0
configure:20001: result: yes
configure:20015: checking for stdbool.h that conforms to C99
configure:20082: /usr/bin/gcc -c -O2 -I/home/dean/sunxi-v3s/buildroot-2017.08/output/host/include -I/home/dean/sunxi-v3s/buildroot-2017.08/output/host/include conftest.c >&5
configure:20082: $? = 0
configure:20089: result: yes
configure:20091: checking for _Bool
configure:20091: /usr/bin/gcc -c -O2 -I/home/dean/sunxi-v3s/buildroot-2017.08/output/host/include -I/home/dean/sunxi-v3s/buildroot-2017.08/output/host/include conftest.c >&5
configure:20091: $? = 0
configure:20091: /usr/bin/gcc -c -O2 -I/home/dean/sunxi-v3s/buildroot-2017.08/output/host/include -I/home/dean/sunxi-v3s/buildroot-2017.08/output/host/include conftest.c >&5
conftest.c: In function 'main':
conftest.c:76:20: error: expected expression before ')' token
 if (sizeof ((_Bool)))
                    ^
configure:20091: $? = 1
configure: failed program was:
| /* confdefs.h */
| #define PACKAGE_NAME "the fast lexical analyser generator"
| #define PACKAGE_TARNAME "flex"
| #define PACKAGE_VERSION "2.6.4"
| #define PACKAGE_STRING "the fast lexical analyser generator 2.6.4"
| #define PACKAGE_BUGREPORT "flex-help@lists.sourceforge.net"
| #define PACKAGE_URL ""
| #define STDC_HEADERS 1
| #define HAVE_SYS_TYPES_H 1
| #define HAVE_SYS_STAT_H 1
| #define HAVE_STDLIB_H 1
| #define HAVE_STRING_H 1
| #define HAVE_MEMORY_H 1
| #define HAVE_STRINGS_H 1
| #define HAVE_INTTYPES_H 1
| #define HAVE_STDINT_H 1
| #define HAVE_UNISTD_H 1
| #define HAVE_DLFCN_H 1
| #define LT_OBJDIR ".libs/"
| #define PACKAGE "flex"
| #define VERSION "2.6.4"
| #define ENABLE_NLS 1
| #define HAVE_GETTEXT 1
| #define HAVE_DCGETTEXT 1
| #define M4 "/home/dean/sunxi-v3s/buildroot-2017.08/output/host/bin/m4"
| #define HAVE_REGEX_H 1
| #define HAVE_STRINGS_H 1
| #define HAVE_SYS_STAT_H 1
| #define HAVE_SYS_WAIT_H 1
| #define HAVE_UNISTD_H 1
| #define HAVE_INTTYPES_H 1
| #define HAVE_LIBINTL_H 1
| #define HAVE_LIMITS_H 1
| #define HAVE_LOCALE_H 1
| #define HAVE_MALLOC_H 1
| #define HAVE_NETINET_IN_H 1
| #define HAVE_PTHREAD_H 1
| #define HAVE_LIBM 1
| /* end confdefs.h.  */
| #include <stdio.h>
| #ifdef HAVE_SYS_TYPES_H
| # include <sys/types.h>
| #endif
| #ifdef HAVE_SYS_STAT_H
| # include <sys/stat.h>
| #endif
| #ifdef STDC_HEADERS
| # include <stdlib.h>
| # include <stddef.h>
| #else
| # ifdef HAVE_STDLIB_H
| #  include <stdlib.h>
| # endif
| #endif
| #ifdef HAVE_STRING_H
| # if !defined STDC_HEADERS && defined HAVE_MEMORY_H
| #  include <memory.h>
| # endif
| # include <string.h>
| #endif
| #ifdef HAVE_STRINGS_H
| # include <strings.h>
| #endif
| #ifdef HAVE_INTTYPES_H
| # include <inttypes.h>
| #endif
| #ifdef HAVE_STDINT_H
| # include <stdint.h>
| #endif
| #ifdef HAVE_UNISTD_H
| # include <unistd.h>
| #endif
| int
| main ()
| {
| if (sizeof ((_Bool)))
| 	    return 0;
|   ;
|   return 0;
| }
configure:20091: result: yes
configure:20108: checking for an ANSI C-conforming const
configure:20174: /usr/bin/gcc -c -O2 -I/home/dean/sunxi-v3s/buildroot-2017.08/output/host/include -I/home/dean/sunxi-v3s/buildroot-2017.08/output/host/include conftest.c >&5
configure:20174: $? = 0
configure:20181: result: yes
configure:20189: checking for size_t
configure:20189: /usr/bin/gcc -c -O2 -I/home/dean/sunxi-v3s/buildroot-2017.08/output/host/include -I/home/dean/sunxi-v3s/buildroot-2017.08/output/host/include conftest.c >&5
configure:20189: $? = 0
configure:20189: /usr/bin/gcc -c -O2 -I/home/dean/sunxi-v3s/buildroot-2017.08/output/host/include -I/home/dean/sunxi-v3s/buildroot-2017.08/output/host/include conftest.c >&5
conftest.c: In function 'main':
conftest.c:78:21: error: expected expression before ')' token
 if (sizeof ((size_t)))
                     ^
configure:20189: $? = 1
configure: failed program was:
| /* confdefs.h */
| #define PACKAGE_NAME "the fast lexical analyser generator"
| #define PACKAGE_TARNAME "flex"
| #define PACKAGE_VERSION "2.6.4"
| #define PACKAGE_STRING "the fast lexical analyser generator 2.6.4"
| #define PACKAGE_BUGREPORT "flex-help@lists.sourceforge.net"
| #define PACKAGE_URL ""
| #define STDC_HEADERS 1
| #define HAVE_SYS_TYPES_H 1
| #define HAVE_SYS_STAT_H 1
| #define HAVE_STDLIB_H 1
| #define HAVE_STRING_H 1
| #define HAVE_MEMORY_H 1
| #define HAVE_STRINGS_H 1
| #define HAVE_INTTYPES_H 1
| #define HAVE_STDINT_H 1
| #define HAVE_UNISTD_H 1
| #define HAVE_DLFCN_H 1
| #define LT_OBJDIR ".libs/"
| #define PACKAGE "flex"
| #define VERSION "2.6.4"
| #define ENABLE_NLS 1
| #define HAVE_GETTEXT 1
| #define HAVE_DCGETTEXT 1
| #define M4 "/home/dean/sunxi-v3s/buildroot-2017.08/output/host/bin/m4"
| #define HAVE_REGEX_H 1
| #define HAVE_STRINGS_H 1
| #define HAVE_SYS_STAT_H 1
| #define HAVE_SYS_WAIT_H 1
| #define HAVE_UNISTD_H 1
| #define HAVE_INTTYPES_H 1
| #define HAVE_LIBINTL_H 1
| #define HAVE_LIMITS_H 1
| #define HAVE_LOCALE_H 1
| #define HAVE_MALLOC_H 1
| #define HAVE_NETINET_IN_H 1
| #define HAVE_PTHREAD_H 1
| #define HAVE_LIBM 1
| #define HAVE__BOOL 1
| #define HAVE_STDBOOL_H 1
| /* end confdefs.h.  */
| #include <stdio.h>
| #ifdef HAVE_SYS_TYPES_H
| # include <sys/types.h>
| #endif
| #ifdef HAVE_SYS_STAT_H
| # include <sys/stat.h>
| #endif
| #ifdef STDC_HEADERS
| # include <stdlib.h>
| # include <stddef.h>
| #else
| # ifdef HAVE_STDLIB_H
| #  include <stdlib.h>
| # endif
| #endif
| #ifdef HAVE_STRING_H
| # if !defined STDC_HEADERS && defined HAVE_MEMORY_H
| #  include <memory.h>
| # endif
| # include <string.h>
| #endif
| #ifdef HAVE_STRINGS_H
| # include <strings.h>
| #endif
| #ifdef HAVE_INTTYPES_H
| # include <inttypes.h>
| #endif
| #ifdef HAVE_STDINT_H
| # include <stdint.h>
| #endif
| #ifdef HAVE_UNISTD_H
| # include <unistd.h>
| #endif
| int
| main ()
| {
| if (sizeof ((size_t)))
| 	    return 0;
|   ;
|   return 0;
| }
configure:20189: result: yes
configure:20205: checking for working alloca.h
configure:20222: /usr/bin/gcc -o conftest -O2 -I/home/dean/sunxi-v3s/buildroot-2017.08/output/host/include -I/home/dean/sunxi-v3s/buildroot-2017.08/output/host/include -L/home/dean/sunxi-v3s/buildroot-2017.08/output/host/lib -Wl,-rpath,/home/dean/sunxi-v3s/buildroot-2017.08/output/host/lib conftest.c -lm  >&5
configure:20222: $? = 0
configure:20230: result: yes
configure:20238: checking for alloca
configure:20275: /usr/bin/gcc -o conftest -O2 -I/home/dean/sunxi-v3s/buildroot-2017.08/output/host/include -I/home/dean/sunxi-v3s/buildroot-2017.08/output/host/include -L/home/dean/sunxi-v3s/buildroot-2017.08/output/host/lib -Wl,-rpath,/home/dean/sunxi-v3s/buildroot-2017.08/output/host/lib conftest.c -lm  >&5
configure:20275: $? = 0
configure:20283: result: yes
configure:20389: checking for pid_t
configure:20389: /usr/bin/gcc -c -O2 -I/home/dean/sunxi-v3s/buildroot-2017.08/output/host/include -I/home/dean/sunxi-v3s/buildroot-2017.08/output/host/include conftest.c >&5
configure:20389: $? = 0
configure:20389: /usr/bin/gcc -c -O2 -I/home/dean/sunxi-v3s/buildroot-2017.08/output/host/include -I/home/dean/sunxi-v3s/buildroot-2017.08/output/host/include conftest.c >&5
conftest.c: In function 'main':
conftest.c:80:20: error: expected expression before ')' token
 if (sizeof ((pid_t)))
                    ^
configure:20389: $? = 1
configure: failed program was:
| /* confdefs.h */
| #define PACKAGE_NAME "the fast lexical analyser generator"
| #define PACKAGE_TARNAME "flex"
| #define PACKAGE_VERSION "2.6.4"
| #define PACKAGE_STRING "the fast lexical analyser generator 2.6.4"
| #define PACKAGE_BUGREPORT "flex-help@lists.sourceforge.net"
| #define PACKAGE_URL ""
| #define STDC_HEADERS 1
| #define HAVE_SYS_TYPES_H 1
| #define HAVE_SYS_STAT_H 1
| #define HAVE_STDLIB_H 1
| #define HAVE_STRING_H 1
| #define HAVE_MEMORY_H 1
| #define HAVE_STRINGS_H 1
| #define HAVE_INTTYPES_H 1
| #define HAVE_STDINT_H 1
| #define HAVE_UNISTD_H 1
| #define HAVE_DLFCN_H 1
| #define LT_OBJDIR ".libs/"
| #define PACKAGE "flex"
| #define VERSION "2.6.4"
| #define ENABLE_NLS 1
| #define HAVE_GETTEXT 1
| #define HAVE_DCGETTEXT 1
| #define M4 "/home/dean/sunxi-v3s/buildroot-2017.08/output/host/bin/m4"
| #define HAVE_REGEX_H 1
| #define HAVE_STRINGS_H 1
| #define HAVE_SYS_STAT_H 1
| #define HAVE_SYS_WAIT_H 1
| #define HAVE_UNISTD_H 1
| #define HAVE_INTTYPES_H 1
| #define HAVE_LIBINTL_H 1
| #define HAVE_LIMITS_H 1
| #define HAVE_LOCALE_H 1
| #define HAVE_MALLOC_H 1
| #define HAVE_NETINET_IN_H 1
| #define HAVE_PTHREAD_H 1
| #define HAVE_LIBM 1
| #define HAVE__BOOL 1
| #define HAVE_STDBOOL_H 1
| #define HAVE_ALLOCA_H 1
| #define HAVE_ALLOCA 1
| /* end confdefs.h.  */
| #include <stdio.h>
| #ifdef HAVE_SYS_TYPES_H
| # include <sys/types.h>
| #endif
| #ifdef HAVE_SYS_STAT_H
| # include <sys/stat.h>
| #endif
| #ifdef STDC_HEADERS
| # include <stdlib.h>
| # include <stddef.h>
| #else
| # ifdef HAVE_STDLIB_H
| #  include <stdlib.h>
| # endif
| #endif
| #ifdef HAVE_STRING_H
| # if !defined STDC_HEADERS && defined HAVE_MEMORY_H
| #  include <memory.h>
| # endif
| # include <string.h>
| #endif
| #ifdef HAVE_STRINGS_H
| # include <strings.h>
| #endif
| #ifdef HAVE_INTTYPES_H
| # include <inttypes.h>
| #endif
| #ifdef HAVE_STDINT_H
| # include <stdint.h>
| #endif
| #ifdef HAVE_UNISTD_H
| # include <unistd.h>
| #endif
| int
| main ()
| {
| if (sizeof ((pid_t)))
| 	    return 0;
|   ;
|   return 0;
| }
configure:20389: result: yes
configure:20402: checking vfork.h usability
configure:20402: /usr/bin/gcc -c -O2 -I/home/dean/sunxi-v3s/buildroot-2017.08/output/host/include -I/home/dean/sunxi-v3s/buildroot-2017.08/output/host/include conftest.c >&5
conftest.c:77:10: fatal error: vfork.h: No such file or directory
 #include <vfork.h>
          ^~~~~~~~~
compilation terminated.
configure:20402: $? = 1
configure: failed program was:
| /* confdefs.h */
| #define PACKAGE_NAME "the fast lexical analyser generator"
| #define PACKAGE_TARNAME "flex"
| #define PACKAGE_VERSION "2.6.4"
| #define PACKAGE_STRING "the fast lexical analyser generator 2.6.4"
| #define PACKAGE_BUGREPORT "flex-help@lists.sourceforge.net"
| #define PACKAGE_URL ""
| #define STDC_HEADERS 1
| #define HAVE_SYS_TYPES_H 1
| #define HAVE_SYS_STAT_H 1
| #define HAVE_STDLIB_H 1
| #define HAVE_STRING_H 1
| #define HAVE_MEMORY_H 1
| #define HAVE_STRINGS_H 1
| #define HAVE_INTTYPES_H 1
| #define HAVE_STDINT_H 1
| #define HAVE_UNISTD_H 1
| #define HAVE_DLFCN_H 1
| #define LT_OBJDIR ".libs/"
| #define PACKAGE "flex"
| #define VERSION "2.6.4"
| #define ENABLE_NLS 1
| #define HAVE_GETTEXT 1
| #define HAVE_DCGETTEXT 1
| #define M4 "/home/dean/sunxi-v3s/buildroot-2017.08/output/host/bin/m4"
| #define HAVE_REGEX_H 1
| #define HAVE_STRINGS_H 1
| #define HAVE_SYS_STAT_H 1
| #define HAVE_SYS_WAIT_H 1
| #define HAVE_UNISTD_H 1
| #define HAVE_INTTYPES_H 1
| #define HAVE_LIBINTL_H 1
| #define HAVE_LIMITS_H 1
| #define HAVE_LOCALE_H 1
| #define HAVE_MALLOC_H 1
| #define HAVE_NETINET_IN_H 1
| #define HAVE_PTHREAD_H 1
| #define HAVE_LIBM 1
| #define HAVE__BOOL 1
| #define HAVE_STDBOOL_H 1
| #define HAVE_ALLOCA_H 1
| #define HAVE_ALLOCA 1
| /* end confdefs.h.  */
| #include <stdio.h>
| #ifdef HAVE_SYS_TYPES_H
| # include <sys/types.h>
| #endif
| #ifdef HAVE_SYS_STAT_H
| # include <sys/stat.h>
| #endif
| #ifdef STDC_HEADERS
| # include <stdlib.h>
| # include <stddef.h>
| #else
| # ifdef HAVE_STDLIB_H
| #  include <stdlib.h>
| # endif
| #endif
| #ifdef HAVE_STRING_H
| # if !defined STDC_HEADERS && defined HAVE_MEMORY_H
| #  include <memory.h>
| # endif
| # include <string.h>
| #endif
| #ifdef HAVE_STRINGS_H
| # include <strings.h>
| #endif
| #ifdef HAVE_INTTYPES_H
| # include <inttypes.h>
| #endif
| #ifdef HAVE_STDINT_H
| # include <stdint.h>
| #endif
| #ifdef HAVE_UNISTD_H
| # include <unistd.h>
| #endif
| #include <vfork.h>
configure:20402: result: no
configure:20402: checking vfork.h presence
configure:20402: /usr/bin/cpp -I/home/dean/sunxi-v3s/buildroot-2017.08/output/host/include conftest.c
conftest.c:44:10: fatal error: vfork.h: No such file or directory
 #include <vfork.h>
          ^~~~~~~~~
compilation terminated.
configure:20402: $? = 1
configure: failed program was:
| /* confdefs.h */
| #define PACKAGE_NAME "the fast lexical analyser generator"
| #define PACKAGE_TARNAME "flex"
| #define PACKAGE_VERSION "2.6.4"
| #define PACKAGE_STRING "the fast lexical analyser generator 2.6.4"
| #define PACKAGE_BUGREPORT "flex-help@lists.sourceforge.net"
| #define PACKAGE_URL ""
| #define STDC_HEADERS 1
| #define HAVE_SYS_TYPES_H 1
| #define HAVE_SYS_STAT_H 1
| #define HAVE_STDLIB_H 1
| #define HAVE_STRING_H 1
| #define HAVE_MEMORY_H 1
| #define HAVE_STRINGS_H 1
| #define HAVE_INTTYPES_H 1
| #define HAVE_STDINT_H 1
| #define HAVE_UNISTD_H 1
| #define HAVE_DLFCN_H 1
| #define LT_OBJDIR ".libs/"
| #define PACKAGE "flex"
| #define VERSION "2.6.4"
| #define ENABLE_NLS 1
| #define HAVE_GETTEXT 1
| #define HAVE_DCGETTEXT 1
| #define M4 "/home/dean/sunxi-v3s/buildroot-2017.08/output/host/bin/m4"
| #define HAVE_REGEX_H 1
| #define HAVE_STRINGS_H 1
| #define HAVE_SYS_STAT_H 1
| #define HAVE_SYS_WAIT_H 1
| #define HAVE_UNISTD_H 1
| #define HAVE_INTTYPES_H 1
| #define HAVE_LIBINTL_H 1
| #define HAVE_LIMITS_H 1
| #define HAVE_LOCALE_H 1
| #define HAVE_MALLOC_H 1
| #define HAVE_NETINET_IN_H 1
| #define HAVE_PTHREAD_H 1
| #define HAVE_LIBM 1
| #define HAVE__BOOL 1
| #define HAVE_STDBOOL_H 1
| #define HAVE_ALLOCA_H 1
| #define HAVE_ALLOCA 1
| /* end confdefs.h.  */
| #include <vfork.h>
configure:20402: result: no
configure:20402: checking for vfork.h
configure:20402: result: no
configure:20415: checking for fork
configure:20415: /usr/bin/gcc -o conftest -O2 -I/home/dean/sunxi-v3s/buildroot-2017.08/output/host/include -I/home/dean/sunxi-v3s/buildroot-2017.08/output/host/include -L/home/dean/sunxi-v3s/buildroot-2017.08/output/host/lib -Wl,-rpath,/home/dean/sunxi-v3s/buildroot-2017.08/output/host/lib conftest.c -lm  >&5
conftest.c:67:6: warning: conflicting types for built-in function 'fork' [-Wbuiltin-declaration-mismatch]
 char fork ();
      ^~~~
configure:20415: $? = 0
configure:20415: result: yes
configure:20415: checking for vfork
configure:20415: /usr/bin/gcc -o conftest -O2 -I/home/dean/sunxi-v3s/buildroot-2017.08/output/host/include -I/home/dean/sunxi-v3s/buildroot-2017.08/output/host/include -L/home/dean/sunxi-v3s/buildroot-2017.08/output/host/lib -Wl,-rpath,/home/dean/sunxi-v3s/buildroot-2017.08/output/host/lib conftest.c -lm  >&5
configure:20415: $? = 0
configure:20415: result: yes
configure:20425: checking for working fork
configure:20447: /usr/bin/gcc -o conftest -O2 -I/home/dean/sunxi-v3s/buildroot-2017.08/output/host/include -I/home/dean/sunxi-v3s/buildroot-2017.08/output/host/include -L/home/dean/sunxi-v3s/buildroot-2017.08/output/host/lib -Wl,-rpath,/home/dean/sunxi-v3s/buildroot-2017.08/output/host/lib conftest.c -lm  >&5
configure:20447: $? = 0
configure:20447: ./conftest
configure:20447: $? = 0
configure:20457: result: yes
configure:20478: checking for working vfork
configure:20588: result: yes
configure:20615: checking for stdlib.h
configure:20615: result: yes
configure:20625: checking for GNU libc compatible malloc
configure:20649: /usr/bin/gcc -o conftest -O2 -I/home/dean/sunxi-v3s/buildroot-2017.08/output/host/include -I/home/dean/sunxi-v3s/buildroot-2017.08/output/host/include -L/home/dean/sunxi-v3s/buildroot-2017.08/output/host/lib -Wl,-rpath,/home/dean/sunxi-v3s/buildroot-2017.08/output/host/lib conftest.c -lm  >&5
configure:20649: $? = 0
configure:20649: ./conftest
configure:20649: $? = 0
configure:20659: result: yes
configure:20686: checking for stdlib.h
configure:20686: result: yes
configure:20696: checking for GNU libc compatible realloc
configure:20720: /usr/bin/gcc -o conftest -O2 -I/home/dean/sunxi-v3s/buildroot-2017.08/output/host/include -I/home/dean/sunxi-v3s/buildroot-2017.08/output/host/include -L/home/dean/sunxi-v3s/buildroot-2017.08/output/host/lib -Wl,-rpath,/home/dean/sunxi-v3s/buildroot-2017.08/output/host/lib conftest.c -lm  >&5
configure:20720: $? = 0
configure:20720: ./conftest
configure:20720: $? = 0
configure:20730: result: yes
configure:20759: checking for dup2
configure:20759: /usr/bin/gcc -o conftest -O2 -I/home/dean/sunxi-v3s/buildroot-2017.08/output/host/include -I/home/dean/sunxi-v3s/buildroot-2017.08/output/host/include -L/home/dean/sunxi-v3s/buildroot-2017.08/output/host/lib -Wl,-rpath,/home/dean/sunxi-v3s/buildroot-2017.08/output/host/lib conftest.c -lm  >&5
configure:20759: $? = 0
configure:20759: result: yes
configure:20759: checking for memset
configure:20759: /usr/bin/gcc -o conftest -O2 -I/home/dean/sunxi-v3s/buildroot-2017.08/output/host/include -I/home/dean/sunxi-v3s/buildroot-2017.08/output/host/include -L/home/dean/sunxi-v3s/buildroot-2017.08/output/host/lib -Wl,-rpath,/home/dean/sunxi-v3s/buildroot-2017.08/output/host/lib conftest.c -lm  >&5
conftest.c:76:6: warning: conflicting types for built-in function 'memset' [-Wbuiltin-declaration-mismatch]
 char memset ();
      ^~~~~~
configure:20759: $? = 0
configure:20759: result: yes
configure:20759: checking for regcomp
configure:20759: /usr/bin/gcc -o conftest -O2 -I/home/dean/sunxi-v3s/buildroot-2017.08/output/host/include -I/home/dean/sunxi-v3s/buildroot-2017.08/output/host/include -L/home/dean/sunxi-v3s/buildroot-2017.08/output/host/lib -Wl,-rpath,/home/dean/sunxi-v3s/buildroot-2017.08/output/host/lib conftest.c -lm  >&5
configure:20759: $? = 0
configure:20759: result: yes
configure:20759: checking for strcasecmp
configure:20759: /usr/bin/gcc -o conftest -O2 -I/home/dean/sunxi-v3s/buildroot-2017.08/output/host/include -I/home/dean/sunxi-v3s/buildroot-2017.08/output/host/include -L/home/dean/sunxi-v3s/buildroot-2017.08/output/host/lib -Wl,-rpath,/home/dean/sunxi-v3s/buildroot-2017.08/output/host/lib conftest.c -lm  >&5
conftest.c:78:6: warning: conflicting types for built-in function 'strcasecmp' [-Wbuiltin-declaration-mismatch]
 char strcasecmp ();
      ^~~~~~~~~~
configure:20759: $? = 0
configure:20759: result: yes
configure:20759: checking for strchr
configure:20759: /usr/bin/gcc -o conftest -O2 -I/home/dean/sunxi-v3s/buildroot-2017.08/output/host/include -I/home/dean/sunxi-v3s/buildroot-2017.08/output/host/include -L/home/dean/sunxi-v3s/buildroot-2017.08/output/host/lib -Wl,-rpath,/home/dean/sunxi-v3s/buildroot-2017.08/output/host/lib conftest.c -lm  >&5
conftest.c:79:6: warning: conflicting types for built-in function 'strchr' [-Wbuiltin-declaration-mismatch]
 char strchr ();
      ^~~~~~
configure:20759: $? = 0
configure:20759: result: yes
configure:20759: checking for strdup
configure:20759: /usr/bin/gcc -o conftest -O2 -I/home/dean/sunxi-v3s/buildroot-2017.08/output/host/include -I/home/dean/sunxi-v3s/buildroot-2017.08/output/host/include -L/home/dean/sunxi-v3s/buildroot-2017.08/output/host/lib -Wl,-rpath,/home/dean/sunxi-v3s/buildroot-2017.08/output/host/lib conftest.c -lm  >&5
conftest.c:80:6: warning: conflicting types for built-in function 'strdup' [-Wbuiltin-declaration-mismatch]
 char strdup ();
      ^~~~~~
configure:20759: $? = 0
configure:20759: result: yes
configure:20759: checking for strtol
configure:20759: /usr/bin/gcc -o conftest -O2 -I/home/dean/sunxi-v3s/buildroot-2017.08/output/host/include -I/home/dean/sunxi-v3s/buildroot-2017.08/output/host/include -L/home/dean/sunxi-v3s/buildroot-2017.08/output/host/lib -Wl,-rpath,/home/dean/sunxi-v3s/buildroot-2017.08/output/host/lib conftest.c -lm  >&5
configure:20759: $? = 0
configure:20759: result: yes
configure:20775: checking for pow
configure:20775: /usr/bin/gcc -o conftest -O2 -I/home/dean/sunxi-v3s/buildroot-2017.08/output/host/include -I/home/dean/sunxi-v3s/buildroot-2017.08/output/host/include -L/home/dean/sunxi-v3s/buildroot-2017.08/output/host/lib -Wl,-rpath,/home/dean/sunxi-v3s/buildroot-2017.08/output/host/lib conftest.c -lm  >&5
conftest.c:82:6: warning: conflicting types for built-in function 'pow' [-Wbuiltin-declaration-mismatch]
 char pow ();
      ^~~
configure:20775: $? = 0
configure:20775: result: yes
configure:20775: checking for setlocale
configure:20775: /usr/bin/gcc -o conftest -O2 -I/home/dean/sunxi-v3s/buildroot-2017.08/output/host/include -I/home/dean/sunxi-v3s/buildroot-2017.08/output/host/include -L/home/dean/sunxi-v3s/buildroot-2017.08/output/host/lib -Wl,-rpath,/home/dean/sunxi-v3s/buildroot-2017.08/output/host/lib conftest.c -lm  >&5
configure:20775: $? = 0
configure:20775: result: yes
configure:20775: checking for reallocarray
configure:20775: /usr/bin/gcc -o conftest -O2 -I/home/dean/sunxi-v3s/buildroot-2017.08/output/host/include -I/home/dean/sunxi-v3s/buildroot-2017.08/output/host/include -L/home/dean/sunxi-v3s/buildroot-2017.08/output/host/lib -Wl,-rpath,/home/dean/sunxi-v3s/buildroot-2017.08/output/host/lib conftest.c -lm  >&5
configure:20775: $? = 0
configure:20775: result: yes
configure:20897: checking that generated files are newer than configure
configure:20903: result: done
configure:20946: creating ./config.status

## ---------------------- ##
## Running config.status. ##
## ---------------------- ##

This file was extended by the fast lexical analyser generator config.status 2.6.4, which was
generated by GNU Autoconf 2.69.  Invocation command line was

  CONFIG_FILES    = 
  CONFIG_HEADERS  = 
  CONFIG_LINKS    = 
  CONFIG_COMMANDS = 
  $ ./config.status 

on dean-ThinkPad-X100e

config.status:1247: creating Makefile
config.status:1247: creating doc/Makefile
config.status:1247: creating examples/Makefile
config.status:1247: creating examples/fastwc/Makefile
config.status:1247: creating examples/manual/Makefile
config.status:1247: creating po/Makefile.in
config.status:1247: creating src/Makefile
config.status:1247: creating tools/Makefile
config.status:1247: creating tests/Makefile
config.status:1247: creating src/config.h
config.status:1476: executing libtool commands
config.status:1476: executing depfiles commands
config.status:1476: executing po-directories commands
configure:23480: WARNING: unrecognized options: --disable-gtk-doc, --disable-gtk-doc-html, --disable-doc, --disable-docs, --disable-documentation, --disable-debug, --with-xmlto, --with-fop

## ---------------- ##
## Cache variables. ##
## ---------------- ##

ac_cv_build=x86_64-pc-linux-gnu
ac_cv_build_prog_CPP='gcc -E'
ac_cv_build_prog_cc_g=yes
ac_cv_c_compiler_gnu=yes
ac_cv_c_const=yes
ac_cv_cxx_compiler_gnu=yes
ac_cv_env_CCC_set=
ac_cv_env_CCC_value=
ac_cv_env_CC_set=set
ac_cv_env_CC_value=/usr/bin/gcc
ac_cv_env_CFLAGS_set=set
ac_cv_env_CFLAGS_value='-O2 -I/home/dean/sunxi-v3s/buildroot-2017.08/output/host/include'
ac_cv_env_CPPFLAGS_set=set
ac_cv_env_CPPFLAGS_value=-I/home/dean/sunxi-v3s/buildroot-2017.08/output/host/include
ac_cv_env_CPP_set=set
ac_cv_env_CPP_value=/usr/bin/cpp
ac_cv_env_CXXCPP_set=
ac_cv_env_CXXCPP_value=
ac_cv_env_CXXFLAGS_set=set
ac_cv_env_CXXFLAGS_value='-O2 -I/home/dean/sunxi-v3s/buildroot-2017.08/output/host/include'
ac_cv_env_CXX_set=set
ac_cv_env_CXX_value=/usr/bin/g++
ac_cv_env_LDFLAGS_set=set
ac_cv_env_LDFLAGS_value='-L/home/dean/sunxi-v3s/buildroot-2017.08/output/host/lib -Wl,-rpath,/home/dean/sunxi-v3s/buildroot-2017.08/output/host/lib'
ac_cv_env_LIBS_set=
ac_cv_env_LIBS_value=
ac_cv_env_LT_SYS_LIBRARY_PATH_set=
ac_cv_env_LT_SYS_LIBRARY_PATH_value=
ac_cv_env_YACC_set=
ac_cv_env_YACC_value=
ac_cv_env_YFLAGS_set=
ac_cv_env_YFLAGS_value=
ac_cv_env_build_alias_set=
ac_cv_env_build_alias_value=
ac_cv_env_host_alias_set=
ac_cv_env_host_alias_value=
ac_cv_env_target_alias_set=
ac_cv_env_target_alias_value=
ac_cv_func_alloca_works=yes
ac_cv_func_dup2=yes
ac_cv_func_fork=yes
ac_cv_func_fork_works=yes
ac_cv_func_malloc_0_nonnull=yes
ac_cv_func_memset=yes
ac_cv_func_pow=yes
ac_cv_func_realloc_0_nonnull=yes
ac_cv_func_reallocarray=yes
ac_cv_func_regcomp=yes
ac_cv_func_setlocale=yes
ac_cv_func_strcasecmp=yes
ac_cv_func_strchr=yes
ac_cv_func_strdup=yes
ac_cv_func_strtol=yes
ac_cv_func_vfork=yes
ac_cv_func_vfork_works=yes
ac_cv_header_dlfcn_h=yes
ac_cv_header_inttypes_h=yes
ac_cv_header_libintl_h=yes
ac_cv_header_limits_h=yes
ac_cv_header_locale_h=yes
ac_cv_header_malloc_h=yes
ac_cv_header_memory_h=yes
ac_cv_header_netinet_in_h=yes
ac_cv_header_pthread_h=yes
ac_cv_header_regex_h=yes
ac_cv_header_stdbool_h=yes
ac_cv_header_stdc=yes
ac_cv_header_stdint_h=yes
ac_cv_header_stdlib_h=yes
ac_cv_header_string_h=yes
ac_cv_header_strings_h=yes
ac_cv_header_sys_stat_h=yes
ac_cv_header_sys_types_h=yes
ac_cv_header_sys_wait_h=yes
ac_cv_header_unistd_h=yes
ac_cv_header_vfork_h=no
ac_cv_host=x86_64-pc-linux-gnu
ac_cv_lib_m_log10=yes
ac_cv_lib_pthread_pthread_mutex_lock=yes
ac_cv_objext=o
ac_cv_path_EGREP='/bin/grep -E'
ac_cv_path_FGREP='/bin/grep -F'
ac_cv_path_GMSGFMT=/home/dean/sunxi-v3s/buildroot-2017.08/output/host/bin/msgfmt
ac_cv_path_GREP=/bin/grep
ac_cv_path_HELP2MAN=/usr/bin/help2man
ac_cv_path_INDENT='${top_srcdir}/build-aux/missing indent'
ac_cv_path_M4=/home/dean/sunxi-v3s/buildroot-2017.08/output/host/bin/m4
ac_cv_path_MSGFMT=/home/dean/sunxi-v3s/buildroot-2017.08/output/host/bin/msgfmt
ac_cv_path_MSGMERGE=/home/dean/sunxi-v3s/buildroot-2017.08/output/host/bin/msgmerge
ac_cv_path_SED=/bin/sed
ac_cv_path_XGETTEXT=/home/dean/sunxi-v3s/buildroot-2017.08/output/host/bin/xgettext
ac_cv_path_install='/usr/bin/install -c'
ac_cv_path_lt_DD=/bin/dd
ac_cv_path_mkdir=/bin/mkdir
ac_cv_prog_AWK=mawk
ac_cv_prog_CPP=/usr/bin/cpp
ac_cv_prog_CXXCPP='/usr/bin/g++ -E'
ac_cv_prog_YACC='bison -y'
ac_cv_prog_ac_ct_CC=/usr/bin/gcc
ac_cv_prog_ac_ct_CC_FOR_BUILD=gcc
ac_cv_prog_ac_ct_MANIFEST_TOOL=mt
ac_cv_prog_ac_ct_OBJDUMP=objdump
ac_cv_prog_ac_ct_RANLIB=/usr/bin/ranlib
ac_cv_prog_ac_ct_STRIP=strip
ac_cv_prog_cc_c89=
ac_cv_prog_cc_g=yes
ac_cv_prog_cxx_g=yes
ac_cv_prog_make_make_set=yes
ac_cv_type__Bool=yes
ac_cv_type_pid_t=yes
ac_cv_type_size_t=yes
ac_cv_working_alloca_h=yes
acl_cv_hardcode_direct=no
acl_cv_hardcode_libdir_flag_spec='${wl}-rpath ${wl}$libdir'
acl_cv_hardcode_libdir_separator=
acl_cv_hardcode_minus_L=no
acl_cv_libext=a
acl_cv_libname_spec='lib$name'
acl_cv_library_names_spec='$libname$shrext'
acl_cv_path_LD='/usr/bin/ld -m elf_x86_64'
acl_cv_prog_gnu_ld=yes
acl_cv_rpath=done
acl_cv_shlibext=so
acl_cv_wl=-Wl,
am_cv_CC_dependencies_compiler_type=none
am_cv_CXX_dependencies_compiler_type=none
am_cv_make_support_nested_variables=yes
am_cv_prog_cc_c_o=yes
gt_cv_func_CFLocaleCopyCurrent=no
gt_cv_func_CFPreferencesCopyAppValue=no
gt_cv_func_gnugettext1_libc=yes
lt_cv_ar_at_file=@
lt_cv_archive_cmds_need_lc=no
lt_cv_deplibs_check_method=pass_all
lt_cv_file_magic_cmd='$MAGIC_CMD'
lt_cv_file_magic_test_file=
lt_cv_ld_reload_flag=-r
lt_cv_nm_interface='BSD nm'
lt_cv_objdir=.libs
lt_cv_path_LD=/usr/bin/ld
lt_cv_path_LDCXX='/usr/bin/ld -m elf_x86_64'
lt_cv_path_NM=/usr/bin/nm
lt_cv_path_mainfest_tool=no
lt_cv_prog_compiler_c_o=yes
lt_cv_prog_compiler_c_o_CXX=yes
lt_cv_prog_compiler_pic='-fPIC -DPIC'
lt_cv_prog_compiler_pic_CXX='-fPIC -DPIC'
lt_cv_prog_compiler_pic_works=yes
lt_cv_prog_compiler_pic_works_CXX=yes
lt_cv_prog_compiler_rtti_exceptions=no
lt_cv_prog_compiler_static_works=yes
lt_cv_prog_compiler_static_works_CXX=yes
lt_cv_prog_gnu_ld=yes
lt_cv_prog_gnu_ldcxx=yes
lt_cv_sharedlib_from_linklib_cmd='printf %s\n'
lt_cv_shlibpath_overrides_runpath=yes
lt_cv_sys_global_symbol_pipe='sed -n -e '\''s/^.*[	 ]\([ABCDGIRSTW][ABCDGIRSTW]*\)[	 ][	 ]*\([_A-Za-z][_A-Za-z0-9]*\)$/\1 \2 \2/p'\'' | sed '\''/ __gnu_lto/d'\'''
lt_cv_sys_global_symbol_to_c_name_address='sed -n -e '\''s/^: \(.*\) .*$/  {"\1", (void *) 0},/p'\'' -e '\''s/^[ABCDGIRSTW][ABCDGIRSTW]* .* \(.*\)$/  {"\1", (void *) \&\1},/p'\'''
lt_cv_sys_global_symbol_to_c_name_address_lib_prefix='sed -n -e '\''s/^: \(.*\) .*$/  {"\1", (void *) 0},/p'\'' -e '\''s/^[ABCDGIRSTW][ABCDGIRSTW]* .* \(lib.*\)$/  {"\1", (void *) \&\1},/p'\'' -e '\''s/^[ABCDGIRSTW][ABCDGIRSTW]* .* \(.*\)$/  {"lib\1", (void *) \&\1},/p'\'''
lt_cv_sys_global_symbol_to_cdecl='sed -n -e '\''s/^T .* \(.*\)$/extern int \1();/p'\'' -e '\''s/^[ABCDGIRSTW][ABCDGIRSTW]* .* \(.*\)$/extern char \1;/p'\'''
lt_cv_sys_global_symbol_to_import=
lt_cv_sys_max_cmd_len=1572864
lt_cv_to_host_file_cmd=func_convert_file_noop
lt_cv_to_tool_file_cmd=func_convert_file_noop
lt_cv_truncate_bin='/bin/dd bs=4096 count=1'

## ----------------- ##
## Output variables. ##
## ----------------- ##

ACLOCAL='${SHELL} /home/dean/sunxi-v3s/buildroot-2017.08/output/build/host-flex-2.6.4/build-aux/missing aclocal-1.15'
ALLOCA=''
AMDEPBACKSLASH=''
AMDEP_FALSE=''
AMDEP_TRUE='#'
AMTAR='$${TAR-tar}'
AM_BACKSLASH='\'
AM_DEFAULT_V='$(AM_DEFAULT_VERBOSITY)'
AM_DEFAULT_VERBOSITY='1'
AM_V='$(V)'
AR='/usr/bin/ar'
AUTOCONF='${SHELL} /home/dean/sunxi-v3s/buildroot-2017.08/output/build/host-flex-2.6.4/build-aux/missing autoconf'
AUTOHEADER='${SHELL} /home/dean/sunxi-v3s/buildroot-2017.08/output/build/host-flex-2.6.4/build-aux/missing autoheader'
AUTOMAKE='${SHELL} /home/dean/sunxi-v3s/buildroot-2017.08/output/build/host-flex-2.6.4/build-aux/missing automake-1.15'
AWK='mawk'
BUILD_EXEEXT=''
BUILD_OBJEXT=''
CC='/usr/bin/gcc'
CCDEPMODE='depmode=none'
CC_FOR_BUILD='gcc'
CFLAGS='-O2 -I/home/dean/sunxi-v3s/buildroot-2017.08/output/host/include'
CFLAGS_FOR_BUILD='-g -O2'
CPP='/usr/bin/cpp'
CPPFLAGS='-I/home/dean/sunxi-v3s/buildroot-2017.08/output/host/include'
CPPFLAGS_FOR_BUILD=''
CPP_FOR_BUILD='gcc -E'
CROSS_FALSE=''
CROSS_TRUE='#'
CXX='/usr/bin/g++'
CXXCPP='/usr/bin/g++ -E'
CXXDEPMODE='depmode=none'
CXXFLAGS='-O2 -I/home/dean/sunxi-v3s/buildroot-2017.08/output/host/include'
CYGPATH_W='echo'
DEFS='-DHAVE_CONFIG_H'
DEPDIR='.deps'
DLLTOOL='false'
DSYMUTIL=''
DUMPBIN=''
ECHO_C=''
ECHO_N='-n'
ECHO_T=''
EGREP='/bin/grep -E'
ENABLE_BOOTSTRAP_FALSE='#'
ENABLE_BOOTSTRAP_TRUE=''
ENABLE_LIBFL_FALSE='#'
ENABLE_LIBFL_TRUE=''
EXEEXT=''
FGREP='/bin/grep -F'
GETTEXT_MACRO_VERSION='0.19'
GMSGFMT='/home/dean/sunxi-v3s/buildroot-2017.08/output/host/bin/msgfmt'
GMSGFMT_015='/home/dean/sunxi-v3s/buildroot-2017.08/output/host/bin/msgfmt'
GREP='/bin/grep'
HAVE_BISON_FALSE='#'
HAVE_BISON_TRUE=''
HELP2MAN='/usr/bin/help2man'
INDENT='${top_srcdir}/build-aux/missing indent'
INSTALL_DATA='${INSTALL} -m 644'
INSTALL_PROGRAM='${INSTALL}'
INSTALL_SCRIPT='${INSTALL}'
INSTALL_STRIP_PROGRAM='$(install_sh) -c -s'
INTLLIBS=''
INTL_MACOSX_LIBS=''
LD='/usr/bin/ld -m elf_x86_64'
LDFLAGS='-L/home/dean/sunxi-v3s/buildroot-2017.08/output/host/lib -Wl,-rpath,/home/dean/sunxi-v3s/buildroot-2017.08/output/host/lib'
LDFLAGS_FOR_BUILD=''
LEX='${SHELL} /home/dean/sunxi-v3s/buildroot-2017.08/output/build/host-flex-2.6.4/build-aux/missing flex'
LEXLIB=''
LEX_OUTPUT_ROOT=''
LIBICONV='-liconv'
LIBINTL=''
LIBOBJS=''
LIBPTHREAD='-lpthread'
LIBS='-lm '
LIBTOOL='$(SHELL) $(top_builddir)/libtool'
LIPO=''
LN_S='ln -s'
LTLIBICONV='-liconv'
LTLIBINTL=''
LTLIBOBJS=''
LT_SYS_LIBRARY_PATH=''
M4='/home/dean/sunxi-v3s/buildroot-2017.08/output/host/bin/m4'
MAKEINFO='${SHELL} /home/dean/sunxi-v3s/buildroot-2017.08/output/build/host-flex-2.6.4/build-aux/missing makeinfo'
MANIFEST_TOOL=':'
MKDIR_P='/bin/mkdir -p'
MSGFMT='/home/dean/sunxi-v3s/buildroot-2017.08/output/host/bin/msgfmt'
MSGFMT_015='/home/dean/sunxi-v3s/buildroot-2017.08/output/host/bin/msgfmt'
MSGMERGE='/home/dean/sunxi-v3s/buildroot-2017.08/output/host/bin/msgmerge'
NM='/usr/bin/nm'
NMEDIT=''
OBJDUMP='objdump'
OBJEXT='o'
OTOOL64=''
OTOOL=''
PACKAGE='flex'
PACKAGE_BUGREPORT='flex-help@lists.sourceforge.net'
PACKAGE_NAME='the fast lexical analyser generator'
PACKAGE_STRING='the fast lexical analyser generator 2.6.4'
PACKAGE_TARNAME='flex'
PACKAGE_URL=''
PACKAGE_VERSION='2.6.4'
PATH_SEPARATOR=':'
POSUB='po'
RANLIB='/usr/bin/ranlib'
SED='/bin/sed'
SET_MAKE=''
SHARED_VERSION_INFO='2:0:0'
SHELL='/bin/bash'
STRIP='strip'
TEXI2DVI='${top_srcdir}/build-aux/missing texi2dvi'
USE_NLS='yes'
VERSION='2.6.4'
WARNINGFLAGS=''
XGETTEXT='/home/dean/sunxi-v3s/buildroot-2017.08/output/host/bin/xgettext'
XGETTEXT_015='/home/dean/sunxi-v3s/buildroot-2017.08/output/host/bin/xgettext'
XGETTEXT_EXTRA_OPTIONS=''
YACC='bison -y'
YFLAGS=''
ac_ct_AR=''
ac_ct_CC='/usr/bin/gcc'
ac_ct_CC_FOR_BUILD='gcc'
ac_ct_CXX=''
ac_ct_DUMPBIN=''
am__EXEEXT_FALSE=''
am__EXEEXT_TRUE='#'
am__fastdepCC_FALSE=''
am__fastdepCC_TRUE='#'
am__fastdepCXX_FALSE=''
am__fastdepCXX_TRUE='#'
am__include='include'
am__isrc=''
am__leading_dot='.'
am__nodep=''
am__quote=''
am__tar='$${TAR-tar} chof - "$$tardir"'
am__untar='$${TAR-tar} xf -'
bindir='${exec_prefix}/bin'
build='x86_64-pc-linux-gnu'
build_alias=''
build_cpu='x86_64'
build_os='linux-gnu'
build_vendor='pc'
datadir='${datarootdir}'
datarootdir='${prefix}/share'
docdir='${datarootdir}/doc/${PACKAGE_TARNAME}'
dvidir='${docdir}'
exec_prefix='${prefix}'
host='x86_64-pc-linux-gnu'
host_alias=''
host_cpu='x86_64'
host_os='linux-gnu'
host_vendor='pc'
htmldir='${docdir}'
includedir='${prefix}/include'
infodir='${datarootdir}/info'
install_sh='${SHELL} /home/dean/sunxi-v3s/buildroot-2017.08/output/build/host-flex-2.6.4/build-aux/install-sh'
libdir='${exec_prefix}/lib'
libexecdir='${exec_prefix}/libexec'
localedir='${datarootdir}/locale'
localstatedir='/home/dean/sunxi-v3s/buildroot-2017.08/output/host/var'
mandir='${datarootdir}/man'
mkdir_p='$(MKDIR_P)'
oldincludedir='/usr/include'
pdfdir='${docdir}'
prefix='/home/dean/sunxi-v3s/buildroot-2017.08/output/host'
program_transform_name='s,x,x,'
psdir='${docdir}'
sbindir='${exec_prefix}/sbin'
sharedstatedir='${prefix}/com'
sysconfdir='/home/dean/sunxi-v3s/buildroot-2017.08/output/host/etc'
target_alias=''

## ----------- ##
## confdefs.h. ##
## ----------- ##

/* confdefs.h */
#define PACKAGE_NAME "the fast lexical analyser generator"
#define PACKAGE_TARNAME "flex"
#define PACKAGE_VERSION "2.6.4"
#define PACKAGE_STRING "the fast lexical analyser generator 2.6.4"
#define PACKAGE_BUGREPORT "flex-help@lists.sourceforge.net"
#define PACKAGE_URL ""
#define STDC_HEADERS 1
#define HAVE_SYS_TYPES_H 1
#define HAVE_SYS_STAT_H 1
#define HAVE_STDLIB_H 1
#define HAVE_STRING_H 1
#define HAVE_MEMORY_H 1
#define HAVE_STRINGS_H 1
#define HAVE_INTTYPES_H 1
#define HAVE_STDINT_H 1
#define HAVE_UNISTD_H 1
#define HAVE_DLFCN_H 1
#define LT_OBJDIR ".libs/"
#define PACKAGE "flex"
#define VERSION "2.6.4"
#define ENABLE_NLS 1
#define HAVE_GETTEXT 1
#define HAVE_DCGETTEXT 1
#define M4 "/home/dean/sunxi-v3s/buildroot-2017.08/output/host/bin/m4"
#define HAVE_REGEX_H 1
#define HAVE_STRINGS_H 1
#define HAVE_SYS_STAT_H 1
#define HAVE_SYS_WAIT_H 1
#define HAVE_UNISTD_H 1
#define HAVE_INTTYPES_H 1
#define HAVE_LIBINTL_H 1
#define HAVE_LIMITS_H 1
#define HAVE_LOCALE_H 1
#define HAVE_MALLOC_H 1
#define HAVE_NETINET_IN_H 1
#define HAVE_PTHREAD_H 1
#define HAVE_LIBM 1
#define HAVE__BOOL 1
#define HAVE_STDBOOL_H 1
#define HAVE_ALLOCA_H 1
#define HAVE_ALLOCA 1
#define HAVE_FORK 1
#define HAVE_VFORK 1
#define HAVE_WORKING_VFORK 1
#define HAVE_WORKING_FORK 1
#define HAVE_STDLIB_H 1
#define HAVE_MALLOC 1
#define HAVE_STDLIB_H 1
#define HAVE_REALLOC 1
#define HAVE_DUP2 1
#define HAVE_MEMSET 1
#define HAVE_REGCOMP 1
#define HAVE_STRCASECMP 1
#define HAVE_STRCHR 1
#define HAVE_STRDUP 1
#define HAVE_STRTOL 1
#define HAVE_POW 1
#define HAVE_SETLOCALE 1
#define HAVE_REALLOCARRAY 1

configure: exit 0
